24/3/2020 13:51:00 SS
24/3/2020 13:51:03 ª1
24/3/2020 13:51:04 *
24/3/2020 13:51:04 *
24/3/2020 13:51:04 *
24/3/2020 13:51:05 ª3
24/3/2020 13:51:05 =
24/3/2020 13:51:05 =
24/3/2020 13:51:05 SS
24/3/2020 13:51:06 ª4
24/3/2020 13:51:06 M
24/3/2020 13:51:06 M
24/3/2020 13:51:06 M
24/3/2020 13:51:10 ª2
24/3/2020 13:51:10 +
24/3/2020 13:51:10 +
24/3/2020 13:51:10 +
24/3/2020 13:51:10 SS
24/3/2020 13:51:11 LC26,48
24/3/2020 13:51:11 +
24/3/2020 13:51:11 LC28,51
24/3/2020 13:51:12 LC28,51
24/3/2020 13:51:12 LC28,51
24/3/2020 13:51:12 ª1
24/3/2020 13:51:12 *
24/3/2020 13:51:12 LC27,49
24/3/2020 13:51:12 *
24/3/2020 13:51:12 LC27,48
24/3/2020 13:51:12 *
24/3/2020 13:51:12 LC27,47
24/3/2020 13:51:12 LC27,47
24/3/2020 13:51:12 LC28,47
24/3/2020 13:51:13 LC28,47
24/3/2020 13:51:13 LC28,48
24/3/2020 13:51:13 LC28,48
24/3/2020 13:51:13 ª3
24/3/2020 13:51:13 =
24/3/2020 13:51:14 =
24/3/2020 13:51:14 =
24/3/2020 13:51:14 ª4
24/3/2020 13:51:14 M
24/3/2020 13:51:14 M
24/3/2020 13:51:15 M
24/3/2020 13:51:15 M
24/3/2020 13:51:15 M
24/3/2020 13:51:15 M
24/3/2020 13:51:15 SS
24/3/2020 13:51:16 M
24/3/2020 13:51:16 M
24/3/2020 13:51:16 ª3
24/3/2020 13:51:16 =
24/3/2020 13:51:20 TI16,1
24/3/2020 13:51:20 ª1
24/3/2020 13:51:20 *
24/3/2020 13:51:20 SS
24/3/2020 13:51:23 TI15,1
24/3/2020 13:51:23 ª2
24/3/2020 13:51:24 +
24/3/2020 13:51:25 SS
24/3/2020 13:51:26 +
24/3/2020 13:51:26 +
24/3/2020 13:51:27 ª3
24/3/2020 13:51:27 =
24/3/2020 13:51:30 USA7
24/3/2020 13:51:30 EQUI7,O,0
24/3/2020 13:51:31 SS
24/3/2020 13:51:31 USA7
24/3/2020 13:51:31 EQUI7,O,0
24/3/2020 13:51:36 SS
28/3/2020 22:28:52 CER727
28/3/2020 22:28:53 SS
28/3/2020 22:28:54 +
28/3/2020 22:28:55 ª1
28/3/2020 22:28:55 *
28/3/2020 22:28:55 *
28/3/2020 22:28:55 ª2
28/3/2020 22:28:56 +
28/3/2020 22:28:56 +
28/3/2020 22:28:56 LC39,39
28/3/2020 22:28:56 LC39,39
28/3/2020 22:28:57 LC38,40
28/3/2020 22:28:57 LC38,40
28/3/2020 22:28:57 LC39,40
28/3/2020 22:28:57 LC40,40
28/3/2020 22:28:57 LC40,40
28/3/2020 22:28:57 LC42,40
28/3/2020 22:28:58 LC42,40
28/3/2020 22:28:58 SS
28/3/2020 22:28:58 ª1
28/3/2020 22:28:58 *
28/3/2020 22:28:58 *
28/3/2020 22:28:58 ª2
28/3/2020 22:28:59 +
28/3/2020 22:28:59 ª1
28/3/2020 22:28:59 *
28/3/2020 22:28:59 *
28/3/2020 22:28:59 *
28/3/2020 22:28:59 ª4
28/3/2020 22:28:59 M
28/3/2020 22:28:59 M
28/3/2020 22:29:00 M
28/3/2020 22:29:00 ª2
28/3/2020 22:29:00 +
28/3/2020 22:29:01 +
28/3/2020 22:29:01 ª3
28/3/2020 22:29:01 =
28/3/2020 22:29:01 ª4
28/3/2020 22:29:02 M
28/3/2020 22:29:02 M
28/3/2020 22:29:02 M
28/3/2020 22:29:03 SS
28/3/2020 22:29:05 TI16,10000
28/3/2020 22:29:05 ª2
28/3/2020 22:29:05 +
28/3/2020 22:29:08 SS
28/3/2020 22:29:08 TI22,10000
28/3/2020 22:29:08 +
28/3/2020 22:29:11 TI23,10000
28/3/2020 22:29:12 +
28/3/2020 22:29:12 /salir
31/3/2020 01:35:48 ª1
31/3/2020 01:35:48 *
31/3/2020 01:35:49 *
31/3/2020 01:35:49 SS
31/3/2020 01:35:51 TI18,100
31/3/2020 01:35:52 ª3
31/3/2020 01:35:52 =
31/3/2020 01:35:52 =
31/3/2020 01:35:54 SS
31/3/2020 01:35:57 ª4
31/3/2020 01:35:58 M
31/3/2020 01:35:58 TI19,10000
31/3/2020 01:35:59 ª2
31/3/2020 01:35:59 +
31/3/2020 01:35:59 SS
31/3/2020 01:36:00 ª3
31/3/2020 01:36:00 ª3
31/3/2020 01:36:00 ª3
31/3/2020 01:36:00 ª3
31/3/2020 01:36:00 ª3
31/3/2020 01:36:00 ª3
31/3/2020 01:36:00 ª3
31/3/2020 01:36:00 ª3
31/3/2020 01:36:00 USA7
31/3/2020 01:36:00 EQUI7,O,0
31/3/2020 01:36:02 USA7
31/3/2020 01:36:02 EQUI7,O,0
31/3/2020 01:36:04 SS
31/3/2020 01:36:06 ª1
31/3/2020 01:36:06 *
31/3/2020 01:36:06 *
31/3/2020 01:36:09 SS
31/3/2020 01:36:12 CER500
31/3/2020 01:36:14 SS
31/3/2020 01:36:15 CER744
31/3/2020 01:36:19 SS
31/3/2020 01:36:20 ª4
31/3/2020 01:36:21 M
31/3/2020 01:36:21 TI19,1
31/3/2020 01:36:22 M
31/3/2020 01:36:23 TI18,1
31/3/2020 01:36:24 M
31/3/2020 01:36:24 SS
31/3/2020 01:36:24 M
31/3/2020 01:36:26 USA7
31/3/2020 01:36:26 EQUI7,O,0
31/3/2020 01:36:26 USA7
31/3/2020 01:36:26 EQUI7,O,0
31/3/2020 01:36:29 SS
31/3/2020 01:36:29 ª1
31/3/2020 01:36:29 ª1
31/3/2020 01:36:29 ª1
31/3/2020 01:36:29 ª1
31/3/2020 01:36:29 ª1
31/3/2020 01:36:29 ª1
31/3/2020 01:36:30 ª1
31/3/2020 01:36:30 ª1
31/3/2020 01:36:30 ª1
31/3/2020 01:36:31 ª3
31/3/2020 01:36:31 =
31/3/2020 01:36:32 CER745
31/3/2020 01:36:33 ª1
31/3/2020 01:36:33 *
31/3/2020 01:36:34 SS
31/3/2020 01:36:34 ª3
31/3/2020 01:36:34 =
31/3/2020 01:36:35 CER741
31/3/2020 01:36:36 ª1
31/3/2020 01:36:36 *
31/3/2020 01:36:38 ª4
31/3/2020 01:36:38 M
31/3/2020 01:36:38 ª3
31/3/2020 01:36:38 =
31/3/2020 01:36:39 SS
31/3/2020 01:36:41 TI19,1
31/3/2020 01:36:41 ª2
31/3/2020 01:36:41 +
31/3/2020 01:36:41 +
31/3/2020 01:36:42 ª3
31/3/2020 01:36:42 ª3
31/3/2020 01:36:42 ª3
31/3/2020 01:36:42 ª3
31/3/2020 01:36:42 ª3
31/3/2020 01:36:42 ª3
31/3/2020 01:36:42 ª3
31/3/2020 01:36:42 ª3
31/3/2020 01:36:42 ª3
31/3/2020 01:36:42 ª3
31/3/2020 01:36:42 ª3
31/3/2020 01:36:42 ª3
31/3/2020 01:36:43 ª3
31/3/2020 01:36:43 ª3
31/3/2020 01:36:43 ª2
31/3/2020 01:36:43 ª2
31/3/2020 01:36:43 ª2
31/3/2020 01:36:43 ª2
31/3/2020 01:36:43 ª2
31/3/2020 01:36:43 ª2
31/3/2020 01:36:43 ª2
31/3/2020 01:36:43 ª2
31/3/2020 01:36:43 ª2
31/3/2020 01:36:43 ª2
31/3/2020 01:36:44 ª2
31/3/2020 01:36:44 ª2
31/3/2020 01:36:44 ª2
31/3/2020 01:36:44 ª2
31/3/2020 01:36:44 ª2
31/3/2020 01:36:44 ª2
31/3/2020 01:36:44 ª1
31/3/2020 01:36:44 *
31/3/2020 01:36:44 ª2
31/3/2020 01:36:44 +
31/3/2020 01:36:44 ª2
31/3/2020 01:36:44 +
31/3/2020 01:36:44 ª2
31/3/2020 01:36:44 +
31/3/2020 01:36:44 ª3
31/3/2020 01:36:45 =
31/3/2020 01:36:45 +
31/3/2020 01:36:45 ª3
31/3/2020 01:36:45 =
31/3/2020 01:36:45 SS
31/3/2020 01:36:45 +
31/3/2020 01:36:45 ª2
31/3/2020 01:36:45 +
31/3/2020 01:36:45 ª3
31/3/2020 01:36:45 =
31/3/2020 01:36:45 ª4
31/3/2020 01:36:45 M
31/3/2020 01:36:45 =
31/3/2020 01:36:45 LC28,46
31/3/2020 01:36:46 =
31/3/2020 01:36:46 LC28,46
31/3/2020 01:36:46 =
31/3/2020 01:36:46 =
31/3/2020 01:36:46 ª2
31/3/2020 01:36:46 +
31/3/2020 01:36:46 +
31/3/2020 01:36:47 +
31/3/2020 01:36:47 ª3
31/3/2020 01:36:47 =
31/3/2020 01:36:47 ª2
31/3/2020 01:36:47 +
31/3/2020 01:36:47 +
31/3/2020 01:36:48 +
31/3/2020 01:36:48 +
31/3/2020 01:36:48 +
31/3/2020 01:36:48 ª3
31/3/2020 01:36:48 =
31/3/2020 01:36:49 =
31/3/2020 01:36:49 =
31/3/2020 01:36:49 SS
31/3/2020 01:36:49 =
