23/3/2020 12:38:32 SS
23/3/2020 12:38:35 CER500
23/3/2020 12:38:37 CER500
23/3/2020 12:38:37 SS
23/3/2020 12:38:38 ª3
23/3/2020 12:38:38 =
23/3/2020 12:38:39 =
23/3/2020 12:38:40 ª1
23/3/2020 12:38:40 *
23/3/2020 12:38:41 *
23/3/2020 12:38:41 *
23/3/2020 12:38:41 *
23/3/2020 12:38:41 *
23/3/2020 12:38:42 *
23/3/2020 12:38:42 *
23/3/2020 12:38:42 *
23/3/2020 12:38:42 SS
23/3/2020 12:38:42 *
23/3/2020 12:38:43 ª4
23/3/2020 12:38:43 M
23/3/2020 12:38:44 ª1
23/3/2020 12:38:44 ª1
23/3/2020 12:38:44 ª1
23/3/2020 12:38:44 ª1
23/3/2020 12:38:44 ª1
23/3/2020 12:38:44 ª1
23/3/2020 12:38:44 ª1
23/3/2020 12:38:44 ª1
23/3/2020 12:38:44 ª3
23/3/2020 12:38:44 =
23/3/2020 12:38:47 SS
23/3/2020 12:38:52 SS
23/3/2020 12:38:57 SS
23/3/2020 12:39:02 /salir
