8/4/2020 12:49:28 SS
8/4/2020 12:49:30 TI8,8000
8/4/2020 12:49:31 ª2
8/4/2020 12:49:31 +
8/4/2020 12:49:31 ª3
8/4/2020 12:49:31 ª3
8/4/2020 12:49:31 ª3
8/4/2020 12:49:31 ª3
8/4/2020 12:49:31 ª3
8/4/2020 12:49:31 ª3
8/4/2020 12:49:31 ª3
8/4/2020 12:49:31 ª3
8/4/2020 12:49:31 ª3
8/4/2020 12:49:31 ª3
8/4/2020 12:49:31 ª3
8/4/2020 12:49:31 USA6
8/4/2020 12:49:33 SS
8/4/2020 12:49:38 SS
8/4/2020 12:49:38 CER752
8/4/2020 12:49:42 CER752
8/4/2020 12:49:42 CER752
8/4/2020 12:49:43 SS
8/4/2020 12:49:44 CER752
8/4/2020 12:49:48 SS
8/4/2020 12:49:48 ª1
8/4/2020 12:49:48 *
8/4/2020 12:49:48 ª3
8/4/2020 12:49:48 =
8/4/2020 12:49:49 CER752
8/4/2020 12:49:51 CER752
8/4/2020 12:49:53 SS
