30/3/2020 08:50:32 SS
30/3/2020 08:50:35 ª2
30/3/2020 08:50:35 +
30/3/2020 08:50:35 ª1
30/3/2020 08:50:35 *
30/3/2020 08:50:36 ª2
30/3/2020 08:50:36 +
30/3/2020 08:50:37 ª3
30/3/2020 08:50:37 =
30/3/2020 08:50:37 SS
30/3/2020 08:50:37 ª2
30/3/2020 08:50:38 +
30/3/2020 08:50:38 +
30/3/2020 08:50:38 ª1
30/3/2020 08:50:38 *
30/3/2020 08:50:38 LC34,42
30/3/2020 08:50:38 *
30/3/2020 08:50:38 LC33,40
30/3/2020 08:50:39 LC33,40
30/3/2020 08:50:39 ª2
30/3/2020 08:50:39 +
30/3/2020 08:50:39 LC36,39
30/3/2020 08:50:39 +
30/3/2020 08:50:39 LC38,38
30/3/2020 08:50:39 LC39,38
30/3/2020 08:50:39 +
30/3/2020 08:50:39 LC40,38
30/3/2020 08:50:39 +
30/3/2020 08:50:39 +
30/3/2020 08:50:40 +
30/3/2020 08:50:40 +
30/3/2020 08:50:40 +
30/3/2020 08:50:40 +
30/3/2020 08:50:41 LC61,37
30/3/2020 08:50:41 +
30/3/2020 08:50:41 +
30/3/2020 08:50:41 +
30/3/2020 08:50:41 +
30/3/2020 08:50:42 +
30/3/2020 08:50:42 +
30/3/2020 08:50:42 LC65,37
30/3/2020 08:50:42 LC65,37
30/3/2020 08:50:42 +
30/3/2020 08:50:42 LC67,37
30/3/2020 08:50:42 SS
30/3/2020 08:50:43 LC68,37
30/3/2020 08:50:43 LC68,37
30/3/2020 08:50:43 LC68,37
30/3/2020 08:50:43 LC68,37
30/3/2020 08:50:43 +
30/3/2020 08:50:44 ª1
30/3/2020 08:50:44 *
30/3/2020 08:50:44 ª2
30/3/2020 08:50:44 +
30/3/2020 08:50:46 ª4
30/3/2020 08:50:46 M
30/3/2020 08:50:46 M
30/3/2020 08:50:46 M
30/3/2020 08:50:46 M
30/3/2020 08:50:46 M
30/3/2020 08:50:47 M
30/3/2020 08:50:47 M
30/3/2020 08:50:47 M
30/3/2020 08:50:47 M
30/3/2020 08:50:47 SS
30/3/2020 08:50:48 M
30/3/2020 08:50:48 M
30/3/2020 08:50:48 M
30/3/2020 08:50:48 M
30/3/2020 08:50:49 M
30/3/2020 08:50:49 ª3
30/3/2020 08:50:49 =
30/3/2020 08:50:49 ª4
30/3/2020 08:50:49 M
30/3/2020 08:50:49 M
30/3/2020 08:50:50 M
30/3/2020 08:50:50 M
30/3/2020 08:50:50 M
30/3/2020 08:50:50 M
30/3/2020 08:50:50 M
30/3/2020 08:50:51 M
30/3/2020 08:50:51 ª3
30/3/2020 08:50:51 =
30/3/2020 08:50:51 =
30/3/2020 08:50:51 =
30/3/2020 08:50:52 =
30/3/2020 08:50:52 =
30/3/2020 08:50:52 =
30/3/2020 08:50:52 =
30/3/2020 08:50:52 SS
30/3/2020 08:50:53 =
30/3/2020 08:50:53 =
30/3/2020 08:50:53 =
30/3/2020 08:50:53 =
30/3/2020 08:50:54 =
30/3/2020 08:50:54 ª4
30/3/2020 08:50:54 M
30/3/2020 08:50:54 M
30/3/2020 08:50:54 M
30/3/2020 08:50:55 M
30/3/2020 08:50:55 M
30/3/2020 08:50:55 M
30/3/2020 08:50:55 M
30/3/2020 08:50:56 ª2
30/3/2020 08:50:56 +
30/3/2020 08:50:56 +
30/3/2020 08:50:57 SS
30/3/2020 08:51:00 +
30/3/2020 08:51:00 +
30/3/2020 08:51:01 +
30/3/2020 08:51:01 +
30/3/2020 08:51:02 +
30/3/2020 08:51:02 +
30/3/2020 08:51:02 TI1,10000
30/3/2020 08:51:02 +
30/3/2020 08:51:02 +
30/3/2020 08:51:02 SS
30/3/2020 08:51:03 +
30/3/2020 08:51:03 +
30/3/2020 08:51:03 +
30/3/2020 08:51:03 +
30/3/2020 08:51:03 +
30/3/2020 08:51:04 +
30/3/2020 08:51:04 +
30/3/2020 08:51:04 +
30/3/2020 08:51:04 +
30/3/2020 08:51:05 ª1
30/3/2020 08:51:05 *
30/3/2020 08:51:05 *
30/3/2020 08:51:05 *
30/3/2020 08:51:05 *
30/3/2020 08:51:06 *
30/3/2020 08:51:06 *
30/3/2020 08:51:06 *
