22/3/2020 22:39:06 Jugador:Joker Calzones Argentina  HD: 340950676
22/3/2020 22:41:40 Jugador:Joker Dragon Color Violeta HD: 340950676
23/3/2020 00:36:22 Jugador:Joker Cambio Color Blanco  HD: 340950676
23/3/2020 00:38:44 Jugador:Joker Dragon Color Azul  HD: 340950676
23/3/2020 00:41:51 Jugador:Joker Dragon Color Negro  HD: 340950676
23/3/2020 00:42:24 Jugador:Joker Camuflaje Todas HD: 340950676
23/3/2020 14:06:51 Jugador:Joker Dragon Color Violeta HD: 340950676
26/3/2020 03:23:28 Jugador:Joker Cambio Color Blanco  HD: 340950676
26/3/2020 03:27:21 Jugador:Joker Dragon Color Negro  HD: 340950676
26/3/2020 04:52:31 Jugador:Joker Meditar Especial HD: 340950676
26/3/2020 23:20:49 Jugador:Joker Camuflaje Pantera HD: 340950676
27/3/2020 21:49:46 Jugador:Hembra Cambio Color Blanco  HD: -1710371123
28/3/2020 18:59:08 Jugador:JMarcelo Dragon Color Negro  HD: -1796997174
28/3/2020 18:59:21 Jugador:JMarcelo Túnica Perseus Altos HD: -1796997174
29/3/2020 18:51:33 Jugador:Joker Dragon Color Violeta HD: 340950676
29/3/2020 21:38:27 Jugador:JMarcelo Túnica Perseus Bajos HD: -1796997174
29/3/2020 21:42:54 Jugador:Joker Túnica Perseus Bajos HD: 340950676
30/3/2020 20:12:54 Jugador:WanTeD Dragon Color Negro  HD: 784081665
30/3/2020 20:13:03 Jugador:WanTeD Túnica Perseus Bajos HD: 784081665
30/3/2020 21:17:27 Jugador:Gaia Dragon Color Rojo  HD: -1796997174
30/3/2020 21:17:32 Jugador:Gaia Túnica Perseus Altos HD: -1796997174
2/4/2020 02:45:38 Jugador:Joker Túnica Perseus Altos HD: 340950676
4/4/2020 16:36:38 Jugador:DiaNa Cambio Color Blanco  HD: -1796997174
4/4/2020 23:33:05 Jugador:Explinter Calzones Argentina  HD: 1345792073
4/4/2020 23:33:18 Jugador:Explinter Calzones Argentina  HD: 1345792073
4/4/2020 23:33:28 Jugador:Explinter Meditar Especial HD: 1345792073
4/4/2020 23:33:56 Jugador:Explinter Camuflaje Todas HD: 1345792073
7/4/2020 22:57:24 Jugador:Explinter Dragon Color Negro  HD: -500671557
7/4/2020 22:59:12 Jugador:Mefisto Cambio Color Blanco  HD: -1068576271
7/4/2020 22:59:59 Jugador:Mefisto Camuflaje ciervo HD: -1068576271
7/4/2020 23:00:06 Jugador:Mefisto Meditar Especial HD: -1068576271
7/4/2020 23:00:13 Jugador:Mefisto Camuflaje Pantera HD: -1068576271
7/4/2020 23:01:37 Jugador:Joker Camuflaje Todas HD: 340950676
10/4/2020 00:04:02 Jugador:Explinter Camuflaje Todas HD: -500671557
10/4/2020 00:04:08 Jugador:Explinter Meditar Especial HD: -500671557
10/4/2020 00:04:30 Jugador:Explinter Calzones Argentina  HD: -500671557
10/4/2020 00:04:40 Jugador:Explinter Unicornio Color Rojo  HD: -500671557
10/4/2020 15:09:03 Jugador:iVORY Dragon Color Negro  HD: -925671797
10/4/2020 23:33:58 Jugador:WanTeD Dragon Color Negro  HD: 784081665
11/4/2020 16:54:23 Jugador:Joker Cambio Color Blanco  HD: 340950676
11/4/2020 17:00:47 Jugador:Impoluto Cambio Color Blanco  HD: -1005136642
11/4/2020 23:53:35 Jugador:Ark Angel Dragon Color Rojo  HD: -1070069978
11/4/2020 23:53:52 Jugador:Ark Angel Nick Verde Criminal  HD: -1070069978
12/4/2020 00:01:39 Jugador:MaGicCiaN Dragon Color Negro  HD: -1801322842
12/4/2020 00:01:51 Jugador:MaGicCiaN Nick Verde Criminal  HD: -1801322842
12/4/2020 01:17:55 Jugador:StaileR Dragon Color Azul  HD: -889453438
12/4/2020 01:26:13 Jugador:Joker Nick Verde Criminal  HD: 340950676
12/4/2020 01:34:37 Jugador:Kelke Dragon Color Azul  HD: -1661399590
12/4/2020 02:10:12 Jugador:Natasha Dragon Color Violeta HD: -258272739
12/4/2020 03:30:53 Jugador:Amadeo Dragon Color Violeta HD: 553418209
12/4/2020 03:31:53 Jugador:Amadeo Nick Verde Criminal  HD: 553418209
12/4/2020 16:47:38 Jugador:LiZa Dragon Color Violeta HD: -1236763055
12/4/2020 16:58:11 Jugador:Hellboy Cambio Color Blanco  HD: -1565410955
13/4/2020 00:56:29 Jugador:ActivaT Dragon Color Violeta HD: -1710371123
13/4/2020 15:08:44 Jugador:CATALiNO Nick Verde Criminal  HD: 1081336942
14/4/2020 00:14:50 Jugador:Aldebaran Dragon Color Violeta HD: -1471209128
14/4/2020 00:15:00 Jugador:Wosito Dragon Color Azul  HD: 241738686
14/4/2020 00:17:25 Jugador:Aldebaran Camuflaje ciervo HD: -1471209128
4/15/2020 6:43:23 PM Jugador:ChaLaiLa Nick Verde Criminal  HD: 875148893
4/15/2020 6:43:38 PM Jugador:ChaLaiLa Camuflaje ciervo HD: 875148893
4/15/2020 6:57:57 PM Jugador:ChaLaiLa Dragon Color Rojo  HD: 875148893
4/15/2020 6:58:07 PM Jugador:ChaLaiLa intento estafa dragcreditos:  HD: 875148893
4/15/2020 6:59:07 PM Jugador:ChaLaiLa intento estafa dragcreditos:  HD: 875148893
4/15/2020 7:00:29 PM Jugador:ChaLaiLa intento estafa dragcreditos:  HD: 875148893
4/15/2020 10:14:18 PM Jugador:aQhna Cambio Color Blanco  HD: -420129466
4/16/2020 1:25:49 AM Jugador:Origenes Cambio Color Blanco  HD: -1772764319
4/16/2020 7:12:16 PM Jugador:ChiChoLina Dragon Color Azul  HD: -1105297886
4/16/2020 7:26:36 PM Jugador:WeeD Nick Verde Ciudadano  HD: 440492222
4/17/2020 7:02:32 PM Jugador:Drizzt Dragon Color Rojo  HD: 1789853443
4/17/2020 7:49:08 PM Jugador:WeeD Dragon Color Negro  HD: 440492222
4/19/2020 1:46:44 AM Jugador:Ruby Nick Verde Criminal  HD: 1345792073
4/19/2020 1:46:59 AM Jugador:Ruby Cambio Color Blanco  HD: 1345792073
4/19/2020 2:12:48 AM Jugador:Zabusa Cambio Color Blanco  HD: 1287769772
4/19/2020 3:01:24 AM Jugador:Wacha Alpiso Dragon Color Negro  HD: -431845257
4/19/2020 3:01:42 AM Jugador:Wacha Alpiso Nick Verde Ciudadano  HD: -431845257
4/19/2020 3:05:20 AM Jugador:Wacha Alpiso Nick Verde Criminal  HD: -431845257
4/19/2020 3:25:03 AM Jugador:Whendy Nick Verde Criminal  HD: -1562043229
4/19/2020 8:55:02 AM Jugador:Kidd Keo Dragon Color Negro  HD: 886740246
4/19/2020 11:59:32 AM Jugador:Joker Dragon Color Azul  HD: 340950676
4/19/2020 11:59:51 AM Jugador:Joker Dragon Color Violeta HD: 340950676
4/19/2020 12:00:20 PM Jugador:Joker Dragon Color Rojo  HD: 340950676
4/19/2020 8:06:22 PM Jugador:XtaTic Dragon Color Azul  HD: -923175994
4/19/2020 9:07:00 PM Jugador:Whendy Cambio Color Blanco  HD: -1562043229
4/20/2020 12:19:23 AM Jugador:WeeD Nick Verde Criminal  HD: 440492222
4/20/2020 3:41:31 AM Jugador:xBarDok Cambio Color Blanco  HD: 1054284967
4/20/2020 3:51:04 PM Jugador:SALMON Dragon Color Negro  HD: -1269028283
4/22/2020 8:45:54 PM Jugador:LiZa Calzones Argentina  HD: -1236763055
4/22/2020 8:47:01 PM Jugador:LiZa intento estafa dragcreditos:  HD: -1236763055
4/22/2020 8:48:20 PM Jugador:LiZa Nick Verde Criminal  HD: -1236763055
4/25/2020 4:42:00 AM Jugador:Jizz Aenor intento estafa dragcreditos:  HD: 244875037
4/25/2020 4:42:39 AM Jugador:Jizz Aenor Nick Verde Criminal  HD: 244875037
4/25/2020 4:47:59 AM Jugador:Jizz Aenor Nick Verde Ciudadano  HD: 244875037
4/25/2020 5:22:00 AM Jugador:Mr Love Dragon Color Negro  HD: -968024201
4/26/2020 12:01:59 AM Jugador:Feisho Dragon Color Azul  HD: -1264308016
4/26/2020 7:20:48 AM Jugador:JaBoI Cambio Color Blanco  HD: -1735366316
4/26/2020 10:05:37 PM Jugador:BLACK MAMBA Dragon Color Negro  HD: -2069423575
4/27/2020 1:08:51 AM Jugador:Nidalee Nick Verde Ciudadano  HD: 886740246
4/27/2020 10:05:30 PM Jugador:Doble Seda Dragon Color Negro  HD: -1710371123
4/28/2020 1:46:52 AM Jugador:WanTeD intento estafa dragcreditos:  HD: 784081665
4/28/2020 1:47:12 AM Jugador:WanTeD intento estafa dragcreditos:  HD: 784081665
4/28/2020 1:49:54 AM Jugador:WanTeD intento estafa dragcreditos:  HD: 784081665
4/28/2020 1:50:45 AM Jugador:WanTeD intento estafa dragcreditos:  HD: 784081665
4/28/2020 1:55:28 AM Jugador:WanTeD intento estafa dragcreditos:  HD: 784081665
4/28/2020 1:56:04 AM Jugador:Joker Unicornio Color Naranja  HD: 340950676
4/28/2020 1:56:58 AM Jugador:WanTeD intento estafa dragcreditos:  HD: 784081665
4/28/2020 1:57:06 AM Jugador:WanTeD intento estafa dragcreditos:  HD: 784081665
4/28/2020 1:57:17 AM Jugador:Joker Unicornio Color Naranja  HD: 340950676
4/28/2020 1:57:35 AM Jugador:WanTeD Unicornio Color Naranja  HD: 784081665
4/28/2020 11:14:17 PM Jugador:Arwen Cambio Color Blanco  HD: -334475952
4/28/2020 11:38:48 PM Jugador:Arwen Meditar Especial HD: -334475952
4/29/2020 8:28:30 PM Jugador:MaGicCiaN Dragon Color Negro  HD: -1801322842
4/29/2020 8:29:42 PM Jugador:Volkan Nick Verde Criminal  HD: -1801322842
4/29/2020 8:31:54 PM Jugador:Volkan intento estafa dragcreditos:  HD: -1801322842
4/29/2020 8:39:34 PM Jugador:Geralth Unicornio Color Naranja  HD: -334475952
4/29/2020 9:29:29 PM Jugador:DesTriPaDoR Dragon Color Negro  HD: -1735366316
4/29/2020 10:25:44 PM Jugador:Volkan intento estafa dragcreditos:  HD: -1801322842
4/29/2020 10:26:29 PM Jugador:Volkan intento estafa dragcreditos:  HD: -1801322842
5/2/2020 10:33:31 PM Jugador:Feisho Cambio Color Blanco  HD: -1264308016
5/5/2020 4:39:27 AM Jugador:Volkan intento estafa dragcreditos:  HD: -1801322842
5/5/2020 2:04:00 PM Jugador:Wacha Alpiso Camuflaje Hipopótamo HD: -431845257
5/5/2020 3:11:49 PM Jugador:Fernet Branca Camuflaje Hipopótamo HD: -1562043229
5/5/2020 11:49:10 PM Jugador:Troy Cambio Color Blanco  HD: 1345792073
5/7/2020 3:38:02 AM Jugador:Rhys Dragon Color Violeta HD: -431845257
5/8/2020 5:38:31 PM Jugador:Hinef Camuflaje Todas HD: 1451754846
5/8/2020 5:38:55 PM Jugador:Wacha Alpiso Camuflaje Todas HD: -431845257
5/8/2020 5:39:05 PM Jugador:Flamita Cambio Color Blanco  HD: 1652686469
5/8/2020 5:39:25 PM Jugador:Mako Dragon Color Negro  HD: -1028520827
5/8/2020 5:39:33 PM Jugador:Mako Nick Verde Criminal  HD: -1028520827
5/8/2020 5:39:43 PM Jugador:Mako Meditar Especial HD: -1028520827
5/8/2020 5:39:48 PM Jugador:Fernet Branca Camuflaje Todas HD: -1562043229
5/8/2020 5:40:02 PM Jugador:Fernet Branca Meditar Especial HD: -1562043229
5/8/2020 5:40:03 PM Jugador:qsito Nick Verde Criminal  HD: -1167735065
5/8/2020 5:40:07 PM Jugador:Hinef Nick Verde Criminal  HD: 1451754846
5/8/2020 5:40:12 PM Jugador:Flamita Nick Verde Criminal  HD: 1652686469
5/8/2020 5:40:21 PM Jugador:SALMON Nick Verde Ciudadano  HD: -1269028283
5/8/2020 5:40:27 PM Jugador:Hinef intento estafa dragcreditos:  HD: 1451754846
5/8/2020 5:40:28 PM Jugador:SALMON Camuflaje ciervo HD: -1269028283
5/8/2020 5:40:28 PM Jugador:Fernet Branca intento estafa dragcreditos:  HD: -1562043229
5/8/2020 5:40:46 PM Jugador:SALMON Camuflaje ciervo HD: -1269028283
5/8/2020 5:40:46 PM Jugador:Hinef intento estafa dragcreditos:  HD: 1451754846
5/8/2020 5:40:50 PM Jugador:qsito Dragon Color Negro  HD: -1167735065
5/8/2020 5:40:52 PM Jugador:Fernet Branca intento estafa dragcreditos:  HD: -1562043229
5/8/2020 5:40:53 PM Jugador:LuPula Dragon Color Negro  HD: -118445395
5/8/2020 5:40:57 PM Jugador:Flamita Nick Verde Ciudadano  HD: 1652686469
5/8/2020 5:40:59 PM Jugador:Mako intento estafa dragcreditos:  HD: -1028520827
5/8/2020 5:41:14 PM Jugador:Mako intento estafa dragcreditos:  HD: -1028520827
5/8/2020 5:41:18 PM Jugador:Danette Túnica Perseus Altos HD: -1668109908
5/8/2020 5:41:44 PM Jugador:Fernet Branca Calzones España  HD: -1562043229
5/8/2020 5:42:09 PM Jugador:SALMON intento estafa dragcreditos:  HD: -1269028283
5/8/2020 5:42:16 PM Jugador:LuPula Camuflaje Todas HD: -118445395
5/8/2020 5:42:22 PM Jugador:Flamita Túnica Perseus Altos HD: 1652686469
5/8/2020 5:42:28 PM Jugador:Hinef Calzones España  HD: 1451754846
5/8/2020 5:42:57 PM Jugador:LuPula intento estafa dragcreditos:  HD: -118445395
5/8/2020 5:43:02 PM Jugador:SALMON intento estafa dragcreditos:  HD: -1269028283
5/8/2020 5:43:07 PM Jugador:Danette Dragon Color Negro  HD: -1668109908
5/8/2020 5:43:11 PM Jugador:LuPula intento estafa dragcreditos:  HD: -118445395
5/8/2020 5:43:27 PM Jugador:Danette Nick Verde Ciudadano  HD: -1668109908
5/8/2020 5:43:52 PM Jugador:LuPula intento estafa dragcreditos:  HD: -118445395
5/8/2020 5:45:39 PM Jugador:DarkS Dragon Color Rojo  HD: -1673968374
5/8/2020 5:45:56 PM Jugador:Phillip Morris Calzones España  HD: -867534476
5/8/2020 5:46:00 PM Jugador:DarkS Nick Verde Ciudadano  HD: -1673968374
5/8/2020 5:46:14 PM Jugador:Russell Nick Verde Criminal  HD: -1562043229
5/8/2020 5:46:20 PM Jugador:Wacha Alpiso Meditar Especial HD: -431845257
5/8/2020 5:46:24 PM Jugador:Russell Dragon Color Negro  HD: -1562043229
5/8/2020 5:46:31 PM Jugador:Yuruichi Cambio Color Blanco  HD: 106458344
5/8/2020 5:46:46 PM Jugador:Yuruichi Cambio Color Blanco  HD: 106458344
5/8/2020 5:46:47 PM Jugador:Phillip Morris Nick Verde Criminal  HD: -867534476
5/8/2020 5:47:06 PM Jugador:Phillip Morris Camuflaje Pantera HD: -867534476
5/8/2020 5:47:10 PM Jugador:Crack Dragon Color Negro  HD: 1788007177
5/8/2020 5:47:16 PM Jugador:DarkS Nick Verde Ciudadano  HD: -1673968374
5/8/2020 5:47:17 PM Jugador:Crack Calzones Argentina  HD: 1788007177
5/8/2020 5:47:22 PM Jugador:Yuruichi Camuflaje Pantera HD: 106458344
5/8/2020 5:47:32 PM Jugador:Phillip Morris Dragon Color Rojo  HD: -867534476
5/8/2020 5:47:33 PM Jugador:Russell Calzones Argentina  HD: -1562043229
5/8/2020 5:47:40 PM Jugador:Russell intento estafa dragcreditos:  HD: -1562043229
5/8/2020 5:47:44 PM Jugador:Crack Nick Verde Ciudadano  HD: 1788007177
5/8/2020 5:48:15 PM Jugador:Yuruichi intento estafa dragcreditos:  HD: 106458344
5/8/2020 5:48:26 PM Jugador:Russell Calzones España  HD: -1562043229
5/8/2020 5:48:28 PM Jugador:Yuruichi intento estafa dragcreditos:  HD: 106458344
5/8/2020 5:48:37 PM Jugador:Crack intento estafa dragcreditos:  HD: 1788007177
5/8/2020 5:48:37 PM Jugador:Russell intento estafa dragcreditos:  HD: -1562043229
5/8/2020 5:48:50 PM Jugador:Yuruichi intento estafa dragcreditos:  HD: 106458344
5/8/2020 5:49:02 PM Jugador:Yuruichi intento estafa dragcreditos:  HD: 106458344
5/8/2020 5:49:05 PM Jugador:Crack intento estafa dragcreditos:  HD: 1788007177
5/8/2020 5:59:08 PM Jugador:Russell Calzones Argentina  HD: -1562043229
5/8/2020 6:00:25 PM Jugador:Russell Dragon Color Violeta HD: -1562043229
5/8/2020 6:08:15 PM Jugador:Yuruichi intento estafa dragcreditos:  HD: 106458344
5/8/2020 6:08:52 PM Jugador:Russell Dragon Color Negro  HD: -1562043229
5/8/2020 6:10:49 PM Jugador:Wacha Alpiso intento estafa dragcreditos:  HD: -431845257
5/8/2020 6:13:28 PM Jugador:Volkan Calzones Argentina  HD: -1801322842
5/8/2020 6:13:37 PM Jugador:Flamita Túnica Perseus Bajos HD: 1652686469
5/8/2020 6:13:40 PM Jugador:Volkan Calzones Argentina  HD: -1801322842
5/8/2020 6:13:56 PM Jugador:Volkan Camuflaje ciervo HD: -1801322842
5/8/2020 6:14:51 PM Jugador:Yuruichi intento estafa dragcreditos:  HD: 106458344
5/8/2020 6:15:21 PM Jugador:Flamita Camuflaje Todas HD: 1652686469
5/8/2020 6:26:22 PM Jugador:Russell intento estafa dragcreditos:  HD: -1562043229
5/8/2020 6:26:30 PM Jugador:Crack Meditar Especial HD: 1788007177
5/8/2020 6:26:42 PM Jugador:Mako intento estafa dragcreditos:  HD: -1028520827
5/8/2020 6:26:53 PM Jugador:Mako Calzones Argentina  HD: -1028520827
5/8/2020 7:04:16 PM Jugador:NaskeT Dragon Color Negro  HD: 1184266335
5/8/2020 7:05:02 PM Jugador:ElarQue Túnica Perseus Altos HD: 1022090112
5/8/2020 7:05:18 PM Jugador:ElarQue Dragon Color Negro  HD: 1022090112
5/8/2020 7:05:26 PM Jugador:Siggy Dragon Color Negro  HD: -1400531920
5/8/2020 7:05:29 PM Jugador:ElarQue Nick Verde Ciudadano  HD: 1022090112
5/8/2020 7:05:37 PM Jugador:Siggy Nick Verde Criminal  HD: -1400531920
5/8/2020 7:05:58 PM Jugador:Siggy Túnica Perseus Altos HD: -1400531920
5/8/2020 7:06:04 PM Jugador:ElarQue Calzones Argentina  HD: 1022090112
5/8/2020 7:06:11 PM Jugador:Siggy Túnica Perseus Altos HD: -1400531920
5/8/2020 7:06:26 PM Jugador:Siggy Camuflaje Todas HD: -1400531920
5/8/2020 7:06:34 PM Jugador:Urhea Camuflaje Todas HD: -1629754429
5/8/2020 7:06:48 PM Jugador:ElarQue Diamante Sangre HD: 1022090112
5/8/2020 7:06:53 PM Jugador:Phillip Morris Meditar Especial HD: -867534476
5/8/2020 7:07:00 PM Jugador:Phillip Morris Camuflaje Pantera HD: -867534476
5/8/2020 7:07:02 PM Jugador:Siggy intento estafa dragcreditos:  HD: -1400531920
5/8/2020 7:07:04 PM Jugador:Clawdeen Dragon Color Azul  HD: 1184266335
5/8/2020 7:07:21 PM Jugador:Clawdeen Calzones Argentina  HD: 1184266335
5/8/2020 7:07:30 PM Jugador:Clawdeen Nick Verde Criminal  HD: 1184266335
5/8/2020 7:07:39 PM Jugador:Siggy intento estafa dragcreditos:  HD: -1400531920
5/8/2020 7:07:39 PM Jugador:Clawdeen Camuflaje Pantera HD: 1184266335
5/8/2020 7:08:33 PM Jugador:Siggy intento estafa dragcreditos:  HD: -1400531920
5/8/2020 7:08:43 PM Jugador:Phillip Morris Unicornio Color Rojo  HD: -867534476
5/8/2020 7:08:57 PM Jugador:Urhea Camuflaje Todas HD: -1629754429
5/8/2020 7:09:45 PM Jugador:Falopa Nick Verde Ciudadano  HD: 1882054163
5/8/2020 7:10:01 PM Jugador:ChinWenWenCha Calzones Argentina  HD: 1022090112
5/8/2020 7:10:06 PM Jugador:ChinWenWenCha Nick Verde Criminal  HD: 1022090112
5/8/2020 7:10:11 PM Jugador:ChinWenWenCha Meditar Especial HD: 1022090112
5/8/2020 7:10:20 PM Jugador:FruTiLLiTa Dragon Color Negro  HD: 1141024701
5/8/2020 7:10:25 PM Jugador:FruTiLLiTa Nick Verde Criminal  HD: 1141024701
5/8/2020 7:10:38 PM Jugador:FrAnCoTiRaDoR Túnica Perseus Altos HD: -431845257
5/8/2020 7:10:46 PM Jugador:Falopa Túnica Perseus Altos HD: 1882054163
5/8/2020 7:10:48 PM Jugador:FrAnCoTiRaDoR Calzones Argentina  HD: -431845257
5/8/2020 7:11:00 PM Jugador:FrAnCoTiRaDoR Dragon Color Negro  HD: -431845257
5/8/2020 7:11:20 PM Jugador:FrAnCoTiRaDoR Camuflaje Todas HD: -431845257
5/8/2020 7:11:21 PM Jugador:Falopa Camuflaje Hipopótamo HD: 1882054163
5/8/2020 7:11:24 PM Jugador:Armani Dragon Color Rojo  HD: -1028520827
5/8/2020 7:11:29 PM Jugador:Thresh Nick Verde Criminal  HD: 553418209
5/8/2020 7:11:34 PM Jugador:CualKierA Cambio Color Blanco  HD: -1065707388
5/8/2020 7:11:35 PM Jugador:BOMBON Diamante Sangre HD: -836848761
5/8/2020 7:11:36 PM Jugador:Armani Nick Verde Criminal  HD: -1028520827
5/8/2020 7:11:37 PM Jugador:Clawdeen Diamante Sangre HD: 1184266335
5/8/2020 7:11:50 PM Jugador:Falopa intento estafa dragcreditos:  HD: 1882054163
5/8/2020 7:12:11 PM Jugador:Nadie Nick Verde Ciudadano  HD: 1819019855
5/8/2020 7:12:18 PM Jugador:Thresh Meditar Especial HD: 553418209
5/8/2020 7:12:29 PM Jugador:Nadie Dragon Color Violeta HD: 1819019855
5/8/2020 7:12:42 PM Jugador:Nadie Camuflaje ciervo HD: 1819019855
5/8/2020 7:12:48 PM Jugador:FrAnCoTiRaDoR Calzones Argentina  HD: -431845257
5/8/2020 7:12:52 PM Jugador:Urhea Dragon Color Negro  HD: -1629754429
5/8/2020 7:13:04 PM Jugador:Ben Yadder Calzones España  HD: 1184266335
5/8/2020 7:13:04 PM Jugador:Urhea Túnica Perseus Bajos HD: -1629754429
5/8/2020 7:13:13 PM Jugador:Thresh Túnica Perseus Altos HD: 553418209
5/8/2020 7:13:16 PM Jugador:Ben Yadder Camuflaje ciervo HD: 1184266335
5/8/2020 7:13:50 PM Jugador:FruTiLLiTa Nick Verde Criminal  HD: 1141024701
5/8/2020 7:14:01 PM Jugador:BOMBON Nick Verde Criminal  HD: -836848761
5/8/2020 7:14:15 PM Jugador:Ben Yadder Camuflaje Todas HD: 1184266335
5/8/2020 7:14:22 PM Jugador:BOMBON Calzones Argentina  HD: -836848761
5/8/2020 7:14:25 PM Jugador:FrAnCoTiRaDoR Nick Verde Ciudadano  HD: -431845257
5/8/2020 7:14:26 PM Jugador:FruTiLLiTa Camuflaje Todas HD: 1141024701
5/8/2020 7:14:48 PM Jugador:FrAnCoTiRaDoR Calzones España  HD: -431845257
5/8/2020 7:14:49 PM Jugador:BOMBON Camuflaje ciervo HD: -836848761
5/8/2020 7:14:51 PM Jugador:CualKierA Nick Verde Ciudadano  HD: -1065707388
5/8/2020 7:14:54 PM Jugador:Thresh Camuflaje Pantera HD: 553418209
5/8/2020 7:15:01 PM Jugador:FruTiLLiTa Dragon Color Violeta HD: 1141024701
5/8/2020 7:15:06 PM Jugador:FrAnCoTiRaDoR Calzones Argentina  HD: -431845257
5/8/2020 7:15:10 PM Jugador:Urhea intento estafa dragcreditos:  HD: -1629754429
5/8/2020 7:15:12 PM Jugador:FruTiLLiTa Túnica Perseus Bajos HD: 1141024701
5/8/2020 7:15:15 PM Jugador:Nadie Camuflaje ciervo HD: 1819019855
5/8/2020 7:15:27 PM Jugador:FruTiLLiTa Meditar Especial HD: 1141024701
5/8/2020 7:15:28 PM Jugador:FrAnCoTiRaDoR Calzones España  HD: -431845257
5/8/2020 7:15:30 PM Jugador:Urhea intento estafa dragcreditos:  HD: -1629754429
5/8/2020 7:15:38 PM Jugador:BOMBON Camuflaje Todas HD: -836848761
5/8/2020 7:15:50 PM Jugador:Falopa intento estafa dragcreditos:  HD: 1882054163
5/8/2020 7:15:59 PM Jugador:FruTiLLiTa Cambio Color Blanco  HD: 1141024701
5/8/2020 7:16:32 PM Jugador:Urhea intento estafa dragcreditos:  HD: -1629754429
5/8/2020 7:17:01 PM Jugador:Urhea intento estafa dragcreditos:  HD: -1629754429
5/8/2020 7:17:16 PM Jugador:Caskita Nick Verde Ciudadano  HD: -431845257
5/8/2020 7:17:30 PM Jugador:Caskita Cambio Color Blanco  HD: -431845257
5/8/2020 7:17:38 PM Jugador:Urhea intento estafa dragcreditos:  HD: -1629754429
5/8/2020 7:17:39 PM Jugador:Caskita Camuflaje Todas HD: -431845257
5/8/2020 7:17:54 PM Jugador:Urhea intento estafa dragcreditos:  HD: -1629754429
5/8/2020 7:17:54 PM Jugador:Siggy intento estafa dragcreditos:  HD: -1400531920
5/8/2020 7:18:09 PM Jugador:FrAnCoTiRaDoR Nick Verde Criminal  HD: -431845257
5/8/2020 7:18:28 PM Jugador:FrAnCoTiRaDoR Calzones Argentina  HD: -431845257
5/8/2020 7:18:41 PM Jugador:NaskeT Camuflaje Todas HD: 1184266335
5/8/2020 7:18:50 PM Jugador:NaskeT Calzones Argentina  HD: 1184266335
5/8/2020 7:18:50 PM Jugador:Urhea intento estafa dragcreditos:  HD: -1629754429
5/8/2020 7:19:49 PM Jugador:FruTiLLiTa Calzones España  HD: 1141024701
5/8/2020 7:21:44 PM Jugador:FruTiLLiTa Túnica Perseus Altos HD: 1141024701
5/8/2020 7:22:24 PM Jugador:FrAnCoTiRaDoR Nick Verde Criminal  HD: -431845257
5/8/2020 7:23:51 PM Jugador:FrAnCoTiRaDoR Nick Verde Ciudadano  HD: -431845257
5/8/2020 7:24:43 PM Jugador:NaskeT Nick Verde Criminal  HD: 1184266335
5/8/2020 7:24:49 PM Jugador:FrAnCoTiRaDoR Camuflaje Pantera HD: -431845257
5/8/2020 7:24:50 PM Jugador:NaskeT Túnica Perseus Altos HD: 1184266335
5/8/2020 7:27:07 PM Jugador:Urhea intento estafa dragcreditos:  HD: -1629754429
5/8/2020 7:27:43 PM Jugador:FrAnCoTiRaDoR Camuflaje Pantera HD: -431845257
5/8/2020 7:28:47 PM Jugador:FrAnCoTiRaDoR Calzones España  HD: -431845257
5/8/2020 7:28:58 PM Jugador:FrAnCoTiRaDoR Meditar Especial HD: -431845257
5/8/2020 7:29:45 PM Jugador:FrAnCoTiRaDoR Nick Verde Ciudadano  HD: -431845257
5/8/2020 7:30:05 PM Jugador:Urhea intento estafa dragcreditos:  HD: -1629754429
5/8/2020 7:30:06 PM Jugador:FrAnCoTiRaDoR Nick Verde Criminal  HD: -431845257
5/8/2020 7:30:46 PM Jugador:Clawdeen intento estafa dragcreditos:  HD: 1184266335
5/8/2020 7:30:53 PM Jugador:Urhea intento estafa dragcreditos:  HD: -1629754429
5/8/2020 7:32:12 PM Jugador:Urhea intento estafa dragcreditos:  HD: -1629754429
5/8/2020 7:32:27 PM Jugador:Thresh Camuflaje Hipopótamo HD: 553418209
5/8/2020 7:32:46 PM Jugador:Urhea intento estafa dragcreditos:  HD: -1629754429
5/8/2020 7:33:22 PM Jugador:Urhea intento estafa dragcreditos:  HD: -1629754429
5/8/2020 7:33:24 PM Jugador:Thresh Calzones Argentina  HD: 553418209
5/8/2020 7:37:21 PM Jugador:Urhea intento estafa dragcreditos:  HD: -1629754429
5/8/2020 7:37:34 PM Jugador:Urhea intento estafa dragcreditos:  HD: -1629754429
5/8/2020 7:37:42 PM Jugador:Urhea intento estafa dragcreditos:  HD: -1629754429
5/8/2020 7:38:01 PM Jugador:Urhea intento estafa dragcreditos:  HD: -1629754429
5/8/2020 7:38:31 PM Jugador:Urhea intento estafa dragcreditos:  HD: -1629754429
5/8/2020 7:44:29 PM Jugador:FrAnCoTiRaDoR Camuflaje Pantera HD: -431845257
5/8/2020 7:53:48 PM Jugador:Urhea intento estafa dragcreditos:  HD: -1629754429
5/8/2020 7:54:06 PM Jugador:Urhea intento estafa dragcreditos:  HD: -1629754429
5/8/2020 7:55:12 PM Jugador:Thresh Camuflaje Hipopótamo HD: 553418209
5/8/2020 7:55:28 PM Jugador:LuPula Calzones Argentina  HD: -118445395
5/8/2020 7:56:27 PM Jugador:Thresh Camuflaje Pantera HD: 553418209
5/8/2020 8:05:16 PM Jugador:Caskita Dragon Color Violeta HD: -431845257
5/8/2020 8:10:09 PM Jugador:Caskita Diamante Sangre HD: -431845257
5/8/2020 8:10:32 PM Jugador:Caskita Túnica Perseus Altos HD: -431845257
5/8/2020 8:10:41 PM Jugador:Caskita Túnica Perseus Bajos HD: -431845257
5/8/2020 8:11:42 PM Jugador:Caskita Dragon Color Negro  HD: -431845257
5/8/2020 8:11:56 PM Jugador:Caskita Dragon Color Rojo  HD: -431845257
5/8/2020 8:30:25 PM Jugador:Caskita Dragon Color Violeta HD: -431845257
5/8/2020 8:30:35 PM Jugador:Caskita Dragon Color Negro  HD: -431845257
5/8/2020 8:30:48 PM Jugador:Caskita Cambio Color Blanco  HD: -431845257
5/8/2020 9:08:56 PM Jugador:Wacha Alpiso Calzones España  HD: -431845257
5/8/2020 9:13:36 PM Jugador:Nadie Nick Verde Ciudadano  HD: 1819019855
5/8/2020 9:13:45 PM Jugador:Nadie Nick Verde Ciudadano  HD: 1819019855
5/8/2020 9:27:39 PM Jugador:Nadie Nick Verde Ciudadano  HD: 1819019855
5/8/2020 10:37:38 PM Jugador:BOMBON 1 Solicitud de clan HD: -836848761
5/8/2020 11:34:59 PM Jugador:Thresh Túnica Perseus Altos HD: 886740246
5/9/2020 12:06:53 AM Jugador:Thresh Túnica Perseus Altos HD: 553418209
5/9/2020 1:24:58 AM Jugador:Caskita Camuflaje Todas HD: -431845257
5/9/2020 2:26:02 AM Jugador:KeLzaH Dragon Color Azul  HD: -1801322842
5/9/2020 2:26:11 AM Jugador:KeLzaH Unicornio Color Rojo  HD: -1801322842
5/9/2020 2:26:33 AM Jugador:Sheldon Dragon Color Violeta HD: -431845257
5/9/2020 2:26:33 AM Jugador:KeLzaH Nick Verde Ciudadano  HD: -1801322842
5/9/2020 2:26:37 AM Jugador:Sheldon Nick Verde Ciudadano  HD: -431845257
5/9/2020 2:26:42 AM Jugador:Sheldon Camuflaje Todas HD: -431845257
5/9/2020 2:27:34 AM Jugador:KeLzaH Calzones Argentina  HD: -1801322842
5/9/2020 2:28:27 AM Jugador:BlackSoul Dragon Color Negro  HD: 1089076063
5/9/2020 2:28:38 AM Jugador:BlackSoul Calzones Argentina  HD: 1089076063
5/9/2020 2:28:48 AM Jugador:BlackSoul Meditar Especial HD: 1089076063
5/9/2020 2:29:16 AM Jugador:BlackSoul Túnica Perseus Altos HD: 1089076063
5/9/2020 2:29:40 AM Jugador:BlackSoul Nick Verde Ciudadano  HD: 1089076063
5/9/2020 2:30:02 AM Jugador:Castolo Calzones Argentina  HD: -1400531920
5/9/2020 2:30:08 AM Jugador:Castolo Nick Verde Criminal  HD: -1400531920
5/9/2020 2:30:12 AM Jugador:Castolo Meditar Especial HD: -1400531920
5/9/2020 2:30:20 AM Jugador:Castolo Unicornio Color Rojo  HD: -1400531920
5/9/2020 2:30:28 AM Jugador:BlackSoul Camuflaje Todas HD: 1089076063
5/9/2020 2:30:37 AM Jugador:Castolo Túnica Perseus Altos HD: -1400531920
5/9/2020 2:30:44 AM Jugador:KeLzaH Camuflaje Todas HD: -1801322842
5/9/2020 2:31:02 AM Jugador:Castolo Camuflaje ciervo HD: -1400531920
5/9/2020 2:31:03 AM Jugador:Mr Love Calzones Argentina  HD: -968024201
5/9/2020 2:31:08 AM Jugador:Castolo Camuflaje Todas HD: -1400531920
5/9/2020 2:31:20 AM Jugador:La Criatura Nick Verde Criminal  HD: 1882054163
5/9/2020 2:31:20 AM Jugador:Mr Love Nick Verde Criminal  HD: -968024201
5/9/2020 2:31:28 AM Jugador:La Criatura Camuflaje ciervo HD: 1882054163
5/9/2020 2:31:37 AM Jugador:La Criatura Dragon Color Violeta HD: 1882054163
5/9/2020 2:31:50 AM Jugador:La Criatura Calzones Argentina  HD: 1882054163
5/9/2020 2:32:04 AM Jugador:Mr Love Dragon Color Rojo  HD: -968024201
5/9/2020 2:32:16 AM Jugador:Mr Love Calzones España  HD: -968024201
5/9/2020 2:32:23 AM Jugador:Sheldon Calzones España  HD: -431845257
5/9/2020 2:32:46 AM Jugador:Mr Love Camuflaje Todas HD: -968024201
5/9/2020 2:33:47 AM Jugador:La Criatura Túnica Perseus Altos HD: 1882054163
5/9/2020 2:33:57 AM Jugador:La Criatura Nick Verde Ciudadano  HD: 1882054163
5/9/2020 2:34:12 AM Jugador:Mr Love Túnica Perseus Altos HD: -968024201
5/9/2020 2:35:06 AM Jugador:Mr Love Meditar Especial HD: -968024201
5/9/2020 2:35:12 AM Jugador:Siggy intento estafa dragcreditos:  HD: -1137467005
5/9/2020 2:35:26 AM Jugador:Siggy intento estafa dragcreditos:  HD: -1137467005
5/9/2020 2:36:41 AM Jugador:Sheldon Calzones Argentina  HD: -431845257
5/9/2020 2:37:50 AM Jugador:La Criatura Camuflaje ciervo HD: 1882054163
5/9/2020 2:38:12 AM Jugador:La Criatura Camuflaje Todas HD: 1882054163
5/9/2020 2:38:50 AM Jugador:Mr Love Túnica Perseus Bajos HD: -968024201
5/9/2020 2:38:52 AM Jugador:La Criatura Nick Verde Criminal  HD: 1882054163
5/9/2020 2:40:42 AM Jugador:La Criatura Meditar Especial HD: 1882054163
5/9/2020 2:40:42 AM Jugador:Sheldon Túnica Perseus Altos HD: -431845257
5/9/2020 2:45:24 AM Jugador:BlackSoul Cambio Color Blanco  HD: 1089076063
5/9/2020 2:46:25 AM Jugador:BlackSoul Dragon Color Negro  HD: 1089076063
5/9/2020 3:28:40 AM Jugador:Sheldon Calzones Argentina  HD: -431845257
5/9/2020 3:55:37 AM Jugador:BlackSoul Unicornio Color Rojo  HD: 1089076063
5/9/2020 4:51:06 AM Jugador:Mr Love Túnica Perseus Altos HD: -968024201
5/9/2020 6:05:37 AM Jugador:BlackSoul Túnica Perseus Altos HD: 1089076063
5/9/2020 6:07:43 AM Jugador:BlackSoul Nick Verde Criminal  HD: 1089076063
5/9/2020 6:08:04 AM Jugador:BlackSoul Nick Verde Ciudadano  HD: 1089076063
5/9/2020 9:36:01 AM Jugador:La Criatura Túnica Perseus Bajos HD: 1882054163
5/9/2020 9:36:14 AM Jugador:La Criatura Túnica Perseus Altos HD: 1882054163
5/9/2020 12:13:32 PM Jugador:Thresh Dragon Color Azul  HD: 553418209
5/9/2020 12:15:07 PM Jugador:DarkS intento estafa dragcreditos:  HD: -1673968374
5/9/2020 12:52:50 PM Jugador:BlackSoul Túnica Perseus Altos HD: 1089076063
5/9/2020 1:37:35 PM Jugador:Sheldon Dragon Color Negro  HD: -431845257
5/9/2020 1:37:41 PM Jugador:Sheldon Dragon Color Rojo  HD: -431845257
5/9/2020 1:37:47 PM Jugador:Sheldon Dragon Color Azul  HD: -431845257
5/9/2020 1:46:26 PM Jugador:Sheldon Dragon Color Negro  HD: -431845257
5/9/2020 1:47:03 PM Jugador:Sheldon Dragon Color Rojo  HD: -431845257
5/9/2020 1:47:36 PM Jugador:Sheldon Cambio Color Blanco  HD: -431845257
5/9/2020 1:48:12 PM Jugador:Sheldon Dragon Color Violeta HD: -431845257
5/9/2020 2:13:46 PM Jugador:FruTiLLiTa Diamante Sangre HD: 1141024701
5/9/2020 4:33:05 PM Jugador:Urhea intento estafa dragcreditos:  HD: -1629754429
5/9/2020 4:35:44 PM Jugador:Urhea Calzones Argentina  HD: -1629754429
5/9/2020 4:39:09 PM Jugador:Clawdeen intento estafa dragcreditos:  HD: 1184266335
5/9/2020 5:13:35 PM Jugador:Sheldon Nick Verde Criminal  HD: -431845257
5/9/2020 6:04:19 PM Jugador:Russell Calzones España  HD: -1562043229
5/9/2020 6:06:52 PM Jugador:Sheldon Túnica Perseus Altos HD: -431845257
5/9/2020 6:29:58 PM Jugador:Thresh Camuflaje Pantera HD: 553418209
5/9/2020 7:11:02 PM Jugador:FruTiLLiTa Dragon Color Violeta HD: 1141024701
5/9/2020 7:38:35 PM Jugador:FruTiLLiTa Túnica Perseus Altos HD: 1141024701
5/9/2020 7:54:12 PM Jugador:CualKierA Calzones Argentina  HD: -1065707388
5/9/2020 8:28:27 PM Jugador:BlackSoul Meditar Especial HD: 1089076063
5/10/2020 4:09:45 AM Jugador:NANIN intento estafa dragcreditos:  HD: -1264308016
5/10/2020 4:10:11 AM Jugador:NANIN intento estafa dragcreditos:  HD: -1264308016
5/10/2020 4:10:40 AM Jugador:NANIN intento estafa dragcreditos:  HD: -1264308016
5/10/2020 4:11:34 AM Jugador:NANIN Túnica Perseus Altos HD: -1264308016
5/10/2020 6:26:06 PM Jugador:kirasz Cambio Color Blanco  HD: 406854476
5/10/2020 6:50:01 PM Jugador:Niina Dragon Color Rojo  HD: -1710371123
5/10/2020 7:26:32 PM Jugador:Manija Dragon Color Negro  HD: 1267300832
5/10/2020 11:09:34 PM Jugador:MaRiaNa Dragon Color Rojo  HD: -420129466
5/10/2020 11:09:39 PM Jugador:MaRiaNa Nick Verde Ciudadano  HD: -420129466
5/11/2020 1:42:52 AM Jugador:Jimmy Dragon Color Negro  HD: -118445395
5/11/2020 3:15:01 AM Jugador:Jade Cambio Color Blanco  HD: -2004577091
5/11/2020 4:11:37 AM Jugador:NANIN Dragon Color Negro  HD: -1264308016
5/11/2020 6:29:11 PM Jugador:Sandmann Dragon Color Azul  HD: 1789853443
5/11/2020 7:26:10 PM Jugador:Akame Cambio Color Blanco  HD: -122946315
5/11/2020 7:41:32 PM Jugador:Susana Dragon Color Negro  HD: 1255918128
5/11/2020 11:27:20 PM Jugador:WanTeD Dragon Color Negro  HD: 784081665
5/12/2020 1:41:10 AM Jugador:La ChicHoLina Dragon Color Rojo  HD: -1105297886
5/12/2020 7:18:59 PM Jugador:Adel Dragon Color Violeta HD: -2133594351
5/12/2020 7:19:35 PM Jugador:MaFaLDa Cambio Color Blanco  HD: 1451754846
5/12/2020 7:43:43 PM Jugador:Shirlei Dragon Color Violeta HD: 747458956
5/16/2020 2:18:13 AM Jugador:STaYLeR Dragon Color Azul  HD: -889453438
5/17/2020 12:34:01 AM Jugador:Hembra Dragon Color Negro  HD: -1710371123
5/18/2020 10:41:05 PM Jugador:Hembra Dragon Color Negro  HD: -1710371123
