MagusO
QueeN
BardeO
Valtii
Valtii
Valtii
Jarl Borg
Silock
MozTazha
Inra
Corneta
Lacra
CUARENTENA
CovidDieciNueve
Vache
FanTa
Milka
FReeDy KruGGeR
Thabita
Shiva
BurgerFlipper
CATALiNA
RobinHood
BarBuni
Lilith
YGriega
Sech
Jaerz
Obito
Stultus
JMarcelo
Thabita
Shiva
ALCOHOL ENGEL
WiZEkO
Savitar
CovidDieciNueve
CONNY
Ada Shelby
Cicada
Makina
Yiselt
Lacra
Merth
eLdenGue
Reverse
DarkArrow
Jaerz
Baby Etchecopar
Nigger
BONeLess
Cicada
ApoLo
Korby
SanCoRiTo
FanTa
Spok
DarkArrow
KjiNN
WiZEkO
ALCOHOL ENGEL
Savitar
Tabaco
Silock
Marilin
Chazz
Mulancio
Beto
Saitama
MerCuSa
Ubbe
Greta
Apelios
StailoK
KaBaL
NoRDiK
RODAMOD
Owen
Maeve
EL CANIBAL
RuNNi
ShooTer
Smoke
Lord War
Jeringa
Makina
Ramon
Board
GaTillo
John
Balder
DruiDra
LEGENDARIO
Hamish
CONNY
El kakero
Board
Kaiser
Koenigseg
Cafaera
VhiOz
Gordo Autista
LayLa
HvitSark
KaBaL
AkCuarenta Full
Canayaa
Ragnarok
Askarov
GaTillo
Madara
Amadeo
MussoLiNi
NeVaDa
Shack
Jeringa
Samona
Bernardo
Doroty
Rizhel
Dalarina
Zona Ganjha
OxiPower
Milka
Naghat
Harald Finehair
NoBeWaN
Kartana
MussoLiNii
SALAMANCO
Shock
DOMEC
Niels
Sanicol
Shunita
Ve aD
Vanessa
Obito
StigmA
AKED
PorritO
Canayaa
Nathi
ZeReF
Russell
Boxerr
Perrito
Konan
Nathi
Gorda Atorranta
Meredith
JuanaDeArco
sR vIANI
Shaila
Valhalla
MaGnuM
O C B
ArKaNgElA
Andromeda
Sesshomaru
Zona Ganjha
Manuela
Swych
Apelios
Askarov
Chonita
Scorpion
Sakuse
Barita
Amorosa
Nasser
Russell
SeQue
Becky G
SwinD
Sparrow
Du Plessis
ChaLaiLa
JaMes
ErLinG
Shaila
Lo Criatura
SaLeN
Sidney
Light
AnDroId
Ashx
Mora
La Chiqui
Saimo
EL CANIBAL
Fiera
Queen
Merth
Vache
Charito
FLoKy
PlOM
WanTeD
NaMi
Sibley
Earling Halland
Belzube
MarlBoro
Hinata
Scarlett
SaBuZa
Meredith
PunK
CleoTilde
Bodhmall
MeRcA
Pucca
La Chiqui
Garu
Cogollo
RoMaNo
Quaz
EmiLia
Madison
Amnael
Hankok
Mariela
POXIRAM
EL EQUI
Wacha Alpiso
Pancuca Jr
Kapri
Dimax
Siggy
Benito Martinez
Ben Yadder
Olivert
Dashita
BoYaH
Kratos
Gran Lady
Terra
Kochina
Una Sal
Jesse Pickman
Lizzart
GraCiela
Nilia
Aquinsia
Du Plessis
Persephone
Ragnar
Olivia
CandyPerrEo
Ambar
Hernan Cattaneo
Qerusa
Ben Yadder
Dalarina
Ozay
DOMINIQUE
MobaRack
Drogocop
MeRcA
FLoKi
Pomelo Rosado
Elfica
Neither
Sigurdsson
VeNeNo
Phildora
PunK
Zabusa
Shuttle
Sigurdsson
ElcaZ
Koshiurt
Sylvanas
Tyrrell
GraCiela
ChaLiTa
Helen Chufe
ToreTTo
Ghost
Cuarentonga
Mbappe
Sun Tzu
PlayColor
Oxita
PyKee
Plum
XisKo
SmokeD
Olivia
MERCEDES
Cressyda
Popper
Super Skun
Ke Personaje
PorritO
JusTeD
Juanna
Quincey
DarkNes
SwinD
Nerzhul
Plum
Mr Rospy
JusTeD
Gekko Tokay
KormanA
Juanna
LaPiba
Elfica
Musk
Barbazul
Marshmello
Hellboy
El Negro
Walther
KiritoSAO
Lunay
Replik
Gunnhild
Replik
Asuma
Popol Vuh
AdolfitO
Cruela
Queen
Sazon
WizeouD
Obama
Rose Marie
Izzie Stevens
Marshmello
Wasito
Naya
LeyLa
El Pupi
PaTaKy
Sofia
Scarlett
devorN
LuCkY
Delfi
Parsher
Shinra
Lo Criatura
EXOTICA
BlackVelvet
La Criatura
WiNNie Poo
SkoL
LOCHENZO
Porunn
AldiTo
GabyGol
De TanGy
Aspirante
Indil
Flan
Pichichi
Lidia
Smaiker
Asuma
PASTEL
Lisa
CLEO
NiCoLs
Tony
Damisela
Zero Two
DEEN
HawKeye
WhiteBros
Noshe
Bichote
PiPiN
FiReMaN
Popol Vuh
NerZhul
LaSko
tHePlO
Aldebaran
FooK
PoPote
ANiMaL
De TanGy
LuGia
Quincey
Hellboy
MIAKHALIFA
Versace
ZxaZxa
Phillip Morris
Drizzt
LiZa
Stanley
Salgado
LuPulO
Richard
Sidney
Wosito
Cecilio
Ruby
MaGicCiaN
Shuttle
Un Nw
JaMes
Asmodeus
EXOTICA
Rose Marie
GuFFeR
Thabita
DeWalT
John McClane
CyRiuS
DaRck wInE
Clarke
Koshiurt
RinShy
Ark Angel
WanTeD
LeyLa
NeVaDa
Canaya
Cicada
Phillip Morris
Xenia
xBaTMaNx
Kagura
Smaiker
Ben Yadder
ChaLaiLa
Jaerz
Mr Love
IncreaseD
MaRiaNa
Kamaroff
La Toxii
ChinWenWenCha
OzarK
Siggy
Arjuna
ICARDI
ShowLeR
inFerno
Machine Gun
Lo Celso
JusTeD
TyRONe
KANE
Kidd Keo
Drizzt
POXIRAM
Korby
MERCEDES
KroZTy
StaileR
PiTaGoRaS
GauZe
ANTONELA
Gavinrad
BOMBON
Wacha Alpiso
Volkan
KleijN
RufuS
ISABELLA
Yiselt
ATORONA
CATALiNO
FuMaoO
Clawdeen
Russell
Admael
Prueba caos
Tokzik
Indira
Urhea
aQhna
Trezeguet
Manija
Clock
Barbazul
Akin
Armani
Extasis
Amadeo
LuGia
Raquel
Feisho
Effie
AsemeTulla
ButaKera
Whendy
FruTiLLiTa
DauT
Fernet Branca
Morfologia
LuPula
Oliver
El Negro
Castolo
Aurora
Fortunne
PewPewPew
UnCtrl
PuFLiTo
BoffeT
Pampa
SEFIROT
La Fumona
Floky
MARCELO TINELLI
Gyasi
Jahdit
Musk
KiSaMe
Wacha Alpiso
eLCanSer
Uvita
Phillip Morris
Nimrod
Baghira
Smaiker
GUILLERMO
Helena
NANIN
Ragnarok
Funky
LuKaRiO
Barbazul
Dynamic
Urhea
Lo Celso
FruTiLLiTa
Jimmy
KaTy
WallySpoK
kirasz
AmanDa
Whendy
Ark Angel
wee maN
MaFaLDa
Jade
Dunn
NeVaDa
Phillip Morris
El Negro
KRaM
STaYLeR
CATALINO
Aeterna
Pantera Rosa
Dark Shadow
Niina
SopitaQuick
Shirlei
Astrom
Karrie
Soow ball
WeeD
Blastoise
Korby
KleijN
LoReTo
NaPoLeoN
Susana
Hembra
Susanita
La ChicHoLina
BaTuSaY
KRaM
Crack
Sebadita
Azuna
Black Mamba
Walbro
TRABAJADORR
Hembra
ZaKensy
LuKaRiO
Jade
INSERT
Heineken
Hembra
Soow ball
Phillip Morris
Lewandowski
MaFaLDa
