Valti
Udolph
LA TUSA
StorM
Cementerio
Rihanna
KeLLeR
Intocable
sR vIANI
XermiX
Yiselt
Niels
Stultus
CoCo
DrMacho
CaptuRa
SeQue
Suertudo
Belzube
CITIZEN
Carmesi
TETAla
LEGENDARIO
Rocky
Konan
Neptuno
Blanquita
Frankz APA
Yairo
La Negra
Rihanna
Saitama
Dembe
Amadeo
Atenea
TuHermita
ChaLiTa
Wacha Alpiso
RobinHood
Tomadoni
Benito Martinez
HawKeye
Roark
The King
DyXy
Persephone
Oscar
SiCiLiA
ChinWenWenCha
NETFLIX
Machuca
Laika
Cachabacha
NaThaLi
ElKay
DOMINIQUE
Lucy
Shuttle
NegroSAMA
Florencio
LeChero
Lesley
Slash
Domen
Bisolvon
MaicK
PONZIO
Kaiser
SweaT
Sony
Narutox
AcnoxiN
StaileR
Steel
Rose Marie
LaRCaDe
AnDer
KinThie
Bolts
PUTITAx
Zrago
Akelarre
Slash
Whendy
Jahdit
PvPKing
MOZGASH
Renbus
Plumis
XisKo
PlayColor
Ubbe
Aioria
Impoluto
Loren
PyKee
Emilian
Mulipola
Aioria
Gudang Garam
Ilusion
Zokka
MioritmiC
Ainum
FLORENCIA
Falopa
Bardock
BROOK
Troy
SALMON
Sol Perez
RaGnaRok
Afrodita
EvolutiOn
Persephone
Akame
NaThaLy
Daphne
jaLapOwer
Dashita
eLJeFe
CENCE
FaiP
Nidalee
Erza
IxIoN
Arwen
Geralth
KhynTie
BiggieSmalls
LoReLeYy
BriTche
Aioria
Scarface
BoLsa
BLACK MAMBA
RosenroT
BeaT
KabbuTo
Rhys
Stop
Panch
ElarQue
Nueva Roma
Klener
KeLzaH
Guerrepowa
BlackSoul
Jaicy
Kliope
Cola Cola
MOYANO
Mhek
KhaleeSi
Harley Quinn
EL DOCTOR
Sandmann
YHWH
Domate
Rhys
Elendar
Nadie
INDIO
LaMuda
Bisolvon
Sheele
BoB Marley
OSLO
SALMON
BaTuX
BaTuSai
GreeN
Chicorita
Jherz
Tokyo
WallySpoK
Alpha
Aeternum
Rhys
