25/3/2020 19:02:51 Se conecto con ip:45.70.91.57 SE: -931243588
25/3/2020 19:05:09 Transporto a EL GUARRO hacia Mapa34 X:50 Y:50
25/3/2020 19:05:34 Transporto a EL GUARRO hacia Mapa48 X:50 Y:50
25/3/2020 19:05:53 /TELEPLOC a x:42 Y:56 Map:48
25/3/2020 19:06:02 /TELEPLOC a x:46 Y:54 Map:48
25/3/2020 19:06:48 /IRA JaMes Mapa:174 X:32 Y:51
25/3/2020 19:08:44 Transporto a EL GUARRO hacia Mapa34 X:50 Y:50
25/3/2020 19:09:28 /IRA Cuarentonga Mapa:43 X:44 Y:33
25/3/2020 19:12:27 /IRA Niina Mapa:246 X:44 Y:13
25/3/2020 19:15:03 Transporto a EL GUARRO hacia Mapa34 X:50 Y:50
25/3/2020 19:15:48 Mensaje de sistema:Buenas tardes señores.
25/3/2020 19:17:35 /SUM CONNY Map:34 X:50 Y:50
25/3/2020 19:20:36 /CT: 48 50 50
25/3/2020 19:20:44 /CC  Map:48 X:50 Y:52
25/3/2020 19:20:48 /CC  Map:48 X:50 Y:52
25/3/2020 19:20:48 /CC  Map:48 X:50 Y:52
25/3/2020 19:21:00 Transporto a EL GUARRO hacia Mapa34 X:50 Y:50
25/3/2020 19:21:08 /DT
25/3/2020 19:21:22 /DT
25/3/2020 19:22:16 /DT
25/3/2020 19:22:26 /DT
25/3/2020 19:22:37 /DEST: 1089/1
25/3/2020 19:22:41 /DEST: 1089/1
25/3/2020 19:23:03 Transporto a EL GUARRO hacia Mapa34 X:50 Y:50
25/3/2020 19:23:13 /IRA domatres Mapa:66 X:74 Y:46
25/3/2020 19:24:54 Transporto a EL GUARRO hacia Mapa110 X:50 Y:50
25/3/2020 19:25:36 /Onlinemapa:110
25/3/2020 19:25:48 /CC  Map:110 X:48 Y:54
25/3/2020 19:25:54 /CC  Map:110 X:48 Y:54
25/3/2020 19:25:55 /CC  Map:110 X:48 Y:54
25/3/2020 19:26:07 Transporto a EL GUARRO hacia Mapa34 X:50 Y:50
25/3/2020 19:29:28 /mod el guarro level 60
25/3/2020 19:31:05 /IRA Glovo Mapa:34 X:46 Y:38
25/3/2020 19:31:20 Transporto a EL GUARRO hacia Mapa34 X:50 Y:60
25/3/2020 19:31:34 Transporto a EL GUARRO hacia Mapa34 X:15 Y:20
25/3/2020 19:31:50 Transporto a EL GUARRO hacia Mapa34 X:20 Y:20
25/3/2020 19:31:58 Transporto a EL GUARRO hacia Mapa34 X:40 Y:40
25/3/2020 19:33:03 Echo a 
25/3/2020 19:34:03 Transporto a EL GUARRO hacia Mapa47 X:50 Y:50
25/3/2020 19:34:53 /INVISIBLE
25/3/2020 19:35:00 Transporto a EL GUARRO hacia Mapa47 X:30 Y:20
25/3/2020 19:35:08 Transporto a EL GUARRO hacia Mapa47 X:50 Y:60
25/3/2020 19:35:18 Transporto a EL GUARRO hacia Mapa34 X:50 Y:50
25/3/2020 19:37:25 /CC  Map:34 X:44 Y:62
25/3/2020 19:37:36 Sumoneo Piñata
25/3/2020 19:38:06 /INVISIBLE
25/3/2020 19:42:23 Transporto a EL GUARRO hacia Mapa45 X:50 Y:50
25/3/2020 19:43:05 Transporto a EL GUARRO hacia Mapa34 X:50 Y:50
25/3/2020 19:44:07 /INVISIBLE
25/3/2020 19:44:22 /IRA Vanessa Mapa:21 X:51 Y:29
25/3/2020 19:44:41 /IRA Vanessa Mapa:178 X:14 Y:47
25/3/2020 19:44:56 /SUM Vanessa Map:178 X:14 Y:48
25/3/2020 19:45:07 /INVISIBLE
25/3/2020 19:45:22 /SUM Vanessa Map:178 X:14 Y:47
25/3/2020 19:46:22 /DEST: 0/0
25/3/2020 19:46:48 Transporto a EL GUARRO hacia Mapa34 X:50 Y:50
25/3/2020 19:46:54 /INVISIBLE
25/3/2020 19:47:17 /DT
25/3/2020 19:47:22 /DT
25/3/2020 19:47:38 Transporto a EL GUARRO hacia Mapa49 X:50 Y:50
25/3/2020 19:47:44 /INVISIBLE
25/3/2020 19:50:40 Mensaje de sistema:1
25/3/2020 19:51:27 /IRA Gordo Autista Mapa:173 X:29 Y:43
25/3/2020 19:52:16 /SUM Gordo Autista Map:173 X:50 Y:50
25/3/2020 19:53:01 Echo a 
25/3/2020 19:53:22 /INVISIBLE
25/3/2020 19:53:56 /INVISIBLE
25/3/2020 19:58:43 /mod EL GUARRO objetox 500
25/3/2020 20:03:31 Se conecto con ip:45.70.91.57 SE: -931243588
25/3/2020 20:04:06 /Onlinemapa:49
25/3/2020 20:08:38 /CC  Map:49 X:44 Y:57
25/3/2020 20:08:42 Sumoneo Devastador
25/3/2020 20:09:09 /DT
25/3/2020 20:09:20 /DT
25/3/2020 20:10:09 /MATA NPC SIN INICIAR
25/3/2020 20:11:32 /IRA DOMEC Mapa:173 X:33 Y:83
25/3/2020 20:19:50 Mensaje Broadcast:GENTE, BUENAS NOCHES... ESPERO QUE SEPAN DISCULPAR LOS INCONVENIENTES CON EL TEMA DEL LAG... ENTRE HOY Y MAÑANA VAN A TENER NOTICIAS DEL NUEVO HOST. OTRA VELOCIDAD NADA DE LAG, SEPAN DISCULPAR. 
25/3/2020 20:20:36 /SUM EL CANIBAL Map:49 X:47 Y:56
25/3/2020 20:22:18 /SUM Joker Map:49 X:47 Y:56
25/3/2020 20:22:23 /DEV Joker Map:49 X:46 Y:59
25/3/2020 20:26:16 /INVISIBLE
25/3/2020 20:26:28 /IRA Thabita Mapa:173 X:74 Y:91
25/3/2020 20:27:14 /SUM Thabita Map:174 X:15 Y:92
25/3/2020 20:27:20 /INVISIBLE
25/3/2020 20:27:50 Resucito a Thabita
25/3/2020 20:30:52 /DEV Thabita Map:112 X:45 Y:48
25/3/2020 20:31:00 Transporto a EL GUARRO hacia Mapa49 X:50 Y:50
25/3/2020 20:33:21 /SUM Domen Map:49 X:50 Y:54
25/3/2020 20:33:50 /DEV Domen Map:1 X:17 Y:32
25/3/2020 20:34:12 /SUM MerCuSa Map:49 X:49 Y:54
25/3/2020 20:35:50 /DEV MerCuSa Map:182 X:33 Y:36
25/3/2020 20:36:06 /IRA Domen Mapa:1 X:48 Y:54
25/3/2020 20:36:18 /IRA Domen Mapa:1 X:84 Y:42
25/3/2020 20:36:40 /INVISIBLE
25/3/2020 20:38:41 /CC  Map:34 X:28 Y:67
25/3/2020 20:38:48 Sumoneo Sicaria
25/3/2020 20:38:49 Sumoneo Sicaria
25/3/2020 20:38:50 Sumoneo Sicaria
25/3/2020 20:38:50 Sumoneo Sicaria
25/3/2020 20:38:50 Sumoneo Sicaria
25/3/2020 20:39:11 /MATA NPC SIN INICIAR
25/3/2020 20:39:14 /MATA NPC SIN INICIAR
25/3/2020 20:39:23 /MATA NPC SIN INICIAR
25/3/2020 20:39:24 /MATA NPC SIN INICIAR
25/3/2020 20:40:11 /MATA NPC SIN INICIAR
25/3/2020 20:40:21 /CC  Map:34 X:30 Y:64
25/3/2020 20:40:27 Sumoneo Sicaria
25/3/2020 20:42:04 /INVISIBLE
25/3/2020 20:42:08 /SUM EL CANIBAL Map:10 X:50 Y:50
25/3/2020 20:42:29 /MATA NPC SIN INICIAR
25/3/2020 20:43:05 /CC  Map:10 X:49 Y:51
25/3/2020 20:43:12 Sumoneo Replicante
25/3/2020 20:43:25 /MATA NPC SIN INICIAR
25/3/2020 20:43:32 /CC  Map:10 X:50 Y:51
25/3/2020 20:43:40 Sumoneo Devastador
25/3/2020 20:44:24 /MATA NPC SIN INICIAR
25/3/2020 20:44:39 /SUM EL CANIBAL Map:10 X:51 Y:51
25/3/2020 20:45:52 /mod EL GUARRO objetox 20
25/3/2020 20:46:39 /DEV EL CANIBAL Map:10 X:48 Y:51
25/3/2020 20:46:50 /SUM EL CANIBAL Map:34 X:50 Y:50
25/3/2020 20:46:59 /INVISIBLE
25/3/2020 20:48:26 /INVISIBLE
25/3/2020 20:48:59 /CC  Map:34 X:36 Y:62
25/3/2020 20:49:25 /INVISIBLE
25/3/2020 20:49:34 /CC  Map:34 X:34 Y:73
25/3/2020 20:49:37 Sumoneo Sicaria
25/3/2020 20:49:38 Sumoneo Sicaria
25/3/2020 20:49:38 Sumoneo Sicaria
25/3/2020 20:49:40 Sumoneo Devastador
25/3/2020 20:50:22 /MATA NPC SIN INICIAR
25/3/2020 20:52:54 /CC  Map:34 X:28 Y:75
25/3/2020 20:53:05 Sumoneo Devastador
25/3/2020 20:53:05 Sumoneo Devastador
25/3/2020 20:53:05 Sumoneo Devastador
25/3/2020 20:53:05 Sumoneo Devastador
25/3/2020 20:53:05 Sumoneo Devastador
25/3/2020 20:54:01 /MATA NPC SIN INICIAR
25/3/2020 20:54:08 /MATA NPC SIN INICIAR
25/3/2020 20:54:12 /MATA NPC SIN INICIAR
25/3/2020 20:54:19 /MATA NPC SIN INICIAR
25/3/2020 20:54:48 /DEST: 731/1
25/3/2020 20:56:46 /TELEPLOC a x:35 Y:58 Map:34
25/3/2020 20:56:55 /TELEPLOC a x:33 Y:63 Map:34
25/3/2020 20:56:58 /TELEPLOC a x:31 Y:69 Map:34
25/3/2020 20:57:18 /INVISIBLE
25/3/2020 20:57:36 /SUM Madara Map:49 X:48 Y:53
25/3/2020 20:58:38 /DEV Madara Map:34 X:28 Y:74
25/3/2020 21:26:47 /INVISIBLE
25/3/2020 21:38:10 Agarro:1 Objeto:Túnica del Acólito +1A (Alto/as)
25/3/2020 21:38:18 /INVISIBLE
25/3/2020 21:40:28 /TELEPLOC a x:54 Y:59 Map:151
25/3/2020 21:43:01 /INVISIBLE
25/3/2020 21:45:05 /INVISIBLE
25/3/2020 21:48:59 /INVISIBLE
25/3/2020 21:49:06 /TELEPLOC a x:33 Y:63 Map:34
25/3/2020 21:49:10 /TELEPLOC a x:32 Y:69 Map:34
25/3/2020 21:49:12 /TELEPLOC a x:30 Y:73 Map:34
25/3/2020 21:49:15 /TELEPLOC a x:30 Y:73 Map:34
25/3/2020 21:49:18 /TELEPLOC a x:23 Y:78 Map:34
25/3/2020 21:49:56 /INV kabal
25/3/2020 21:51:11 /INV samon
25/3/2020 21:52:42 /INV corneta
25/3/2020 21:52:51 /SKILLS corneta
25/3/2020 21:54:40 Hora.
25/3/2020 21:54:54 /Onlinemapa:34
25/3/2020 21:55:52 /Donde MINATO: 34, 32, 62
25/3/2020 21:57:56 /IRA Madara Mapa:145 X:58 Y:32
25/3/2020 21:59:20 /TELEPLOC a x:23 Y:79 Map:34
25/3/2020 21:59:27 /TELEPLOC a x:20 Y:77 Map:34
25/3/2020 21:59:33 /TELEPLOC a x:24 Y:77 Map:34
25/3/2020 21:59:41 /TELEPLOC a x:22 Y:78 Map:34
25/3/2020 22:03:32 /MATA NPC SIN INICIAR
25/3/2020 22:03:42 /INVISIBLE
25/3/2020 22:03:59 /IRA Perrito Mapa:167 X:42 Y:46
25/3/2020 22:04:17 /TELEPLOC a x:35 Y:47 Map:167
25/3/2020 22:04:39 /TELEPLOC a x:30 Y:45 Map:167
25/3/2020 22:04:47 /TELEPLOC a x:30 Y:43 Map:167
25/3/2020 22:04:51 /TELEPLOC a x:38 Y:44 Map:167
25/3/2020 22:04:55 /TELEPLOC a x:46 Y:44 Map:167
25/3/2020 22:04:58 /TELEPLOC a x:44 Y:39 Map:167
25/3/2020 22:07:28 /IRA LeroLero Mapa:176 X:12 Y:18
25/3/2020 22:08:18 /INV SILOCK
25/3/2020 22:08:38 /TELEPLOC a x:20 Y:26 Map:176
25/3/2020 22:10:00 /TELEPLOC a x:46 Y:40 Map:165
25/3/2020 22:10:02 /TELEPLOC a x:44 Y:34 Map:165
25/3/2020 22:10:03 /TELEPLOC a x:44 Y:34 Map:165
25/3/2020 22:10:05 /TELEPLOC a x:42 Y:28 Map:165
25/3/2020 22:10:05 /TELEPLOC a x:42 Y:28 Map:165
25/3/2020 22:10:07 /TELEPLOC a x:42 Y:28 Map:165
25/3/2020 22:10:12 /TELEPLOC a x:34 Y:23 Map:165
25/3/2020 22:10:12 /TELEPLOC a x:34 Y:23 Map:165
25/3/2020 22:10:18 /TELEPLOC a x:26 Y:18 Map:165
25/3/2020 22:10:18 /TELEPLOC a x:26 Y:18 Map:165
25/3/2020 22:10:18 /TELEPLOC a x:26 Y:18 Map:165
25/3/2020 22:10:22 /TELEPLOC a x:24 Y:16 Map:165
25/3/2020 22:10:33 /INVISIBLE
25/3/2020 22:12:18 /INVISIBLE
25/3/2020 22:12:20 /mod el guarro head 11
25/3/2020 22:12:23 /mod el guarro head 1
25/3/2020 22:12:52 Se conecto con ip:45.70.91.57 SE: -931243588
25/3/2020 22:13:08 /IRA Chonita Mapa:169 X:33 Y:77
25/3/2020 22:13:28 /INVISIBLE
25/3/2020 23:19:19 Se conecto con ip:45.70.91.57 SE: -931243588
25/3/2020 23:19:27 /INVISIBLE
25/3/2020 23:20:02 /IRA Joker Mapa:34 X:10 Y:73
25/3/2020 23:20:25 /INVISIBLE
25/3/2020 23:21:58 /IRA Joker Mapa:159 X:46 Y:76
25/3/2020 23:23:01 /MATA NPC SIN INICIAR
25/3/2020 23:23:14 /IRA Joker Mapa:159 X:45 Y:66
25/3/2020 23:23:33 /INVISIBLE
25/3/2020 23:23:50 /INVISIBLE
25/3/2020 23:26:09 /mod el guarro objetox 882
25/3/2020 23:26:38 /mod obj883elguarro
25/3/2020 23:26:55 /mod el+guarro objetox 883
25/3/2020 23:27:20 /DEST: 0/0
25/3/2020 23:27:38 /DEST: 0/0
25/3/2020 23:27:43 /DEST: 883/1000
25/3/2020 23:27:59 /MOD EL+GUARRO OBJETOX 883
25/3/2020 23:28:12 /DEST: 883/1000
25/3/2020 23:28:24 /mod el+guarro objetox 882
25/3/2020 23:28:29 Agarro:1000 Objeto:Amuleto Ankh
25/3/2020 23:30:12 /mod el+guarro objetox 942
25/3/2020 23:30:19 Agarro:1000 Objeto:A. del Dragón Legendaria (Altas)
25/3/2020 23:30:57 /mod el+guarro objetox 892
25/3/2020 23:30:59 Agarro:1000 Objeto:Dragón
25/3/2020 23:32:04 /MOD EL+GUARRO OBJETOX 1013
25/3/2020 23:32:08 Agarro:1000 Objeto:Clan Warros
25/3/2020 23:33:16 Tiro cantidad:2 Objeto:Escudo Celeste (+2 Fuerza)
25/3/2020 23:33:16 Tiro cantidad:1 Objeto:Arco Simple (2-6)
25/3/2020 23:33:22 Tiro cantidad:1 Objeto:Arco Mágico (50% ahorro flechas)
25/3/2020 23:33:24 Agarro:1 Objeto:Arco Mágico (50% ahorro flechas)
25/3/2020 23:34:47 Agarro:200 Objeto:Espada de Cristal Ónice
25/3/2020 23:36:14 /mod el+guarro objetox 832
25/3/2020 23:36:16 Agarro:1000 Objeto:Casco Centurión(10-14)
25/3/2020 23:37:28 /mod yo exp 99
25/3/2020 23:37:40 /mod yo exp 999999
25/3/2020 23:37:41 /mod yo exp 999999
25/3/2020 23:37:42 /mod yo exp 999999
25/3/2020 23:37:43 /mod yo exp 999999
25/3/2020 23:37:43 /mod yo exp 999999
25/3/2020 23:37:43 /mod yo exp 999999
25/3/2020 23:37:43 /mod yo exp 999999
25/3/2020 23:37:44 /mod yo exp 999999
25/3/2020 23:37:44 /mod yo exp 999999
25/3/2020 23:37:44 /mod yo exp 999999
25/3/2020 23:37:45 /mod yo exp 999999
25/3/2020 23:37:45 /mod yo exp 999999
25/3/2020 23:37:45 /mod yo exp 999999
25/3/2020 23:37:45 /mod yo exp 999999
25/3/2020 23:37:46 /mod yo exp 999999
25/3/2020 23:37:46 /mod yo exp 999999
25/3/2020 23:37:49 /mod yo exp 999999
25/3/2020 23:37:49 /mod yo exp 999999
25/3/2020 23:37:49 /mod yo exp 999999
25/3/2020 23:37:49 /mod yo exp 999999
25/3/2020 23:37:49 /mod yo exp 999999
25/3/2020 23:37:49 /mod yo exp 999999
25/3/2020 23:37:49 /mod yo exp 999999
25/3/2020 23:37:49 /mod yo exp 999999
25/3/2020 23:37:53 /mod yo exp 999999
25/3/2020 23:37:53 /mod yo exp 999999
25/3/2020 23:37:53 /mod yo exp 999999
25/3/2020 23:37:53 /mod yo exp 999999
25/3/2020 23:37:53 /mod yo exp 999999
25/3/2020 23:37:53 /mod yo exp 999999
25/3/2020 23:37:53 /mod yo exp 999999
25/3/2020 23:37:53 /mod yo exp 999999
25/3/2020 23:37:53 /mod yo exp 999999
25/3/2020 23:37:54 /mod yo exp 999999
25/3/2020 23:37:55 /mod yo exp 999999
25/3/2020 23:37:55 /mod yo exp 999999
25/3/2020 23:37:55 /mod yo exp 999999
25/3/2020 23:37:55 /mod yo exp 999999
25/3/2020 23:37:56 /mod yo exp 999999
25/3/2020 23:37:56 /mod yo exp 999999
25/3/2020 23:37:56 /mod yo exp 999999
25/3/2020 23:37:57 /mod yo exp 999999
25/3/2020 23:37:57 /mod yo exp 999999
25/3/2020 23:37:58 /mod yo exp 999999
25/3/2020 23:37:58 /mod yo exp 999999
25/3/2020 23:37:59 /mod yo exp 999999
25/3/2020 23:37:59 /mod yo exp 999999
25/3/2020 23:37:59 /mod yo exp 999999
25/3/2020 23:38:00 /mod yo exp 999999
25/3/2020 23:38:01 /mod yo exp 999999
25/3/2020 23:38:04 /mod yo exp 999999
25/3/2020 23:38:15 /mod yo exp 999999
25/3/2020 23:38:15 /mod yo exp 999999
25/3/2020 23:38:15 /mod yo exp 999999
25/3/2020 23:38:24 /mod yo exp 100000000
25/3/2020 23:38:25 /mod yo exp 100000000
25/3/2020 23:38:25 /mod yo exp 100000000
25/3/2020 23:38:28 /mod yo exp 100000000
25/3/2020 23:38:28 /mod yo exp 100000000
25/3/2020 23:38:28 /mod yo exp 100000000
25/3/2020 23:38:29 /mod yo exp 100000000
25/3/2020 23:38:29 /mod yo exp 100000000
25/3/2020 23:38:29 /mod yo exp 100000000
25/3/2020 23:38:30 /mod yo exp 100000000
25/3/2020 23:38:30 /mod yo exp 100000000
25/3/2020 23:38:31 /mod yo exp 100000000
25/3/2020 23:38:31 /mod yo exp 100000000
25/3/2020 23:38:32 /mod yo exp 100000000
25/3/2020 23:38:33 /mod yo exp 100000000
25/3/2020 23:38:33 /mod yo exp 100000000
25/3/2020 23:38:34 /mod yo exp 100000000
25/3/2020 23:38:34 /mod yo exp 100000000
25/3/2020 23:38:34 /mod yo exp 100000000
25/3/2020 23:38:34 /mod yo exp 100000000
25/3/2020 23:38:35 /mod yo exp 100000000
25/3/2020 23:38:35 /mod yo exp 100000000
25/3/2020 23:38:35 /mod yo exp 100000000
25/3/2020 23:38:36 /mod yo exp 100000000
25/3/2020 23:38:36 /mod yo exp 100000000
25/3/2020 23:38:36 /mod yo exp 100000000
25/3/2020 23:38:36 /mod yo exp 100000000
25/3/2020 23:38:38 /mod yo exp 100000000
25/3/2020 23:38:38 /mod yo exp 100000000
25/3/2020 23:38:38 /mod yo exp 100000000
25/3/2020 23:38:38 /mod yo exp 100000000
25/3/2020 23:38:38 /mod yo exp 100000000
25/3/2020 23:38:39 /mod yo exp 100000000
25/3/2020 23:38:39 /mod yo exp 100000000
25/3/2020 23:38:40 /mod yo exp 100000000
25/3/2020 23:38:40 /mod yo exp 100000000
25/3/2020 23:38:41 /mod yo exp 100000000
25/3/2020 23:38:42 /mod yo exp 100000000
25/3/2020 23:38:49 /mod yo exp 1000000000
25/3/2020 23:38:50 /mod yo exp 1000000000/mod yo exp 1000000000
25/3/2020 23:38:53 /mod yo exp 100000000
25/3/2020 23:38:53 /mod yo exp 1000000000/mod yo exp 1000000000
25/3/2020 23:38:57 /mod yo exp 1000000000
25/3/2020 23:39:01 /mod yo exp 9999999999
25/3/2020 23:39:04 /mod yo exp 9999999999
25/3/2020 23:41:07 /MOD EXP YO 500000000
25/3/2020 23:41:11 /MOD EXP YO 500000000
25/3/2020 23:41:31 /MOD exp yo 500000000
25/3/2020 23:42:09 /mod exp yo 100000000
25/3/2020 23:42:56 /mod yo exp 100000000
25/3/2020 23:42:57 /mod yo exp 100000000
25/3/2020 23:42:57 /mod yo exp 100000000
25/3/2020 23:42:57 /mod yo exp 100000000
25/3/2020 23:42:57 /mod yo exp 100000000
25/3/2020 23:42:57 /mod yo exp 100000000
25/3/2020 23:42:57 /mod yo exp 100000000
25/3/2020 23:44:51 /mod el+guarro objetox 960
25/3/2020 23:44:53 Agarro:1000 Objeto:Ropa de Cabalgar
25/3/2020 23:45:19 /SUM EL CANIBAL Map:10 X:50 Y:50
25/3/2020 23:45:28 Tiro cantidad:4 Objeto:Amuleto Ankh
25/3/2020 23:45:32 Tiro cantidad:1 Objeto:Dragón
25/3/2020 23:45:36 Tiro cantidad:1 Objeto:Dragón
25/3/2020 23:45:49 Tiro cantidad:100 Objeto:Espada de Cristal Ónice
25/3/2020 23:46:23 /mod el+guarro objetox 1231
25/3/2020 23:46:27 Agarro:1000 Objeto:Escudo Sol +5Fu/+2Ag
25/3/2020 23:46:31 Tiro cantidad:1000 Objeto:Escudo Sol +5Fu/+2Ag
25/3/2020 23:46:50 /mod el+guarro objetox 696
25/3/2020 23:47:58 /mod el+guarro objetox 1092
25/3/2020 23:48:00 /mod el+guarro objetox 1092
25/3/2020 23:48:00 /mod el+guarro objetox 1092
25/3/2020 23:48:01 /mod el+guarro objetox 1092
25/3/2020 23:48:09 /mod el+guarro objetox 1092
25/3/2020 23:48:09 /mod el+guarro objetox 1092
25/3/2020 23:48:09 /mod el+guarro objetox 1092
25/3/2020 23:48:09 /mod el+guarro objetox 1092
25/3/2020 23:48:10 /mod el+guarro objetox 1092
25/3/2020 23:48:39 /mod el+guarro objetox 988
25/3/2020 23:48:57 /mod el+guarro objetox 697
25/3/2020 23:49:24 Tiro cantidad:10 Objeto:Amuleto Ankh
25/3/2020 23:50:01 /mod el+guarro objetox 157
25/3/2020 23:50:02 Agarro:1000 Objeto:Copa Grial
25/3/2020 23:50:06 Tiro cantidad:2 Objeto:Copa Grial
25/3/2020 23:50:31 /mod el+guarro objetox 891
25/3/2020 23:51:11 /mod el+guarro objetox 1015
25/3/2020 23:51:12 /mod el+guarro objetox 1015
25/3/2020 23:51:12 /mod el+guarro objetox 1015
25/3/2020 23:51:13 /mod el+guarro objetox 1015
25/3/2020 23:52:09 /mod el+canibal exp 100000000
25/3/2020 23:52:12 /mod el+canibal exp 100000000
25/3/2020 23:52:13 /mod el+canibal exp 100000000
25/3/2020 23:52:14 /mod el+canibal exp 100000000
25/3/2020 23:52:15 /mod el+canibal exp 100000000
25/3/2020 23:52:16 /mod el+canibal exp 100000000
25/3/2020 23:52:34 /INVISIBLE
25/3/2020 23:53:03 /SUM EL CANIBAL Map:34 X:43 Y:50
25/3/2020 23:53:47 /mod yo skill 200
25/3/2020 23:53:57 /mod skill yo 200
25/3/2020 23:54:02 /mod skill yo 200
25/3/2020 23:55:11 /INVISIBLE
25/3/2020 23:55:19 /INVISIBLE
25/3/2020 23:56:12 /INVISIBLE
25/3/2020 23:59:17 /mod el+guarro objetox 591
25/3/2020 23:59:20 Agarro:1000 Objeto:A. Mágica del Dragón (Altas)
25/3/2020 23:59:25 Tiro cantidad:1 Objeto:Arco Mágico (50% ahorro flechas)
25/3/2020 23:59:29 Tiro cantidad:17 Objeto:Poción Violeta
25/3/2020 23:59:37 Tiro cantidad:1 Objeto:Túnica de las tinieblas (Alto/as)
26/3/2020 00:00:14 /SUM EL CANIBAL Map:50 X:50 Y:50
26/3/2020 00:01:17 /TELEPLOC a x:44 Y:52 Map:50
26/3/2020 00:01:36 /MATA NPC SIN INICIAR
26/3/2020 00:01:38 /MATA NPC SIN INICIAR
26/3/2020 00:01:50 /mod 
26/3/2020 00:01:56 /MATA NPC SIN INICIAR
26/3/2020 00:02:13 /mod el+canibal exp 100000000
26/3/2020 00:02:16 /mod el+canibal exp 100000000
26/3/2020 00:02:16 /mod el+canibal exp 100000000
26/3/2020 00:02:17 /mod el+canibal exp 100000000
26/3/2020 00:02:17 /mod el+canibal exp 100000000
26/3/2020 00:02:17 /mod el+canibal exp 100000000
26/3/2020 00:02:18 /mod el+canibal exp 100000000
26/3/2020 00:02:18 /mod el+canibal exp 100000000
26/3/2020 00:02:19 /mod el+canibal exp 100000000
26/3/2020 00:02:19 /mod el+canibal exp 100000000
26/3/2020 00:02:19 /mod el+canibal exp 100000000
26/3/2020 00:02:20 /mod el+canibal exp 100000000
26/3/2020 00:02:21 /mod el+canibal exp 100000000
26/3/2020 00:02:21 /mod el+canibal exp 100000000
26/3/2020 00:02:21 /mod el+canibal exp 100000000
26/3/2020 00:02:21 /mod el+canibal exp 100000000
26/3/2020 00:02:21 /mod el+canibal exp 100000000
26/3/2020 00:02:22 /mod el+canibal exp 100000000
26/3/2020 00:02:22 /mod el+canibal exp 100000000
26/3/2020 00:02:23 /mod el+canibal exp 100000000
26/3/2020 00:02:29 /SUM EL CANIBAL Map:50 X:45 Y:51
26/3/2020 00:02:32 /mod el+canibal exp 100000000/mod el+canibal exp 100000000
26/3/2020 00:02:33 /mod el+canibal exp 100000000
26/3/2020 00:02:33 /mod el+canibal exp 100000000
26/3/2020 00:02:33 /mod el+canibal exp 100000000
26/3/2020 00:02:33 /mod el+canibal exp 100000000
26/3/2020 00:02:34 /mod el+canibal exp 100000000
26/3/2020 00:02:34 /mod el+canibal exp 100000000
26/3/2020 00:02:34 /mod el+canibal exp 100000000
26/3/2020 00:02:35 /mod el+canibal exp 100000000
26/3/2020 00:02:35 /mod el+canibal exp 100000000
26/3/2020 00:02:36 /mod el+canibal exp 100000000
26/3/2020 00:02:36 /mod el+canibal exp 100000000
26/3/2020 00:02:36 /mod el+canibal exp 100000000
26/3/2020 00:02:37 /mod el+canibal exp 100000000
26/3/2020 00:02:37 /mod el+canibal exp 100000000
26/3/2020 00:02:37 /mod el+canibal exp 100000000
26/3/2020 00:02:38 /mod el+canibal exp 100000000
26/3/2020 00:02:38 /mod el+canibal exp 100000000
26/3/2020 00:02:39 /mod el+canibal exp 100000000
26/3/2020 00:02:40 /mod el+canibal exp 100000000
26/3/2020 00:02:40 /mod el+canibal exp 100000000
26/3/2020 00:02:40 /mod el+canibal exp 100000000
26/3/2020 00:02:40 /mod el+canibal exp 100000000
26/3/2020 00:02:41 /mod el+canibal exp 100000000
26/3/2020 00:02:41 /mod el+canibal exp 100000000
26/3/2020 00:02:41 /mod el+canibal exp 100000000
26/3/2020 00:02:42 /mod el+canibal exp 100000000
26/3/2020 00:02:43 /mod el+canibal exp 100000000
26/3/2020 00:02:43 /mod el+canibal exp 100000000
26/3/2020 00:02:43 /mod el+canibal exp 100000000
26/3/2020 00:02:43 /mod el+canibal exp 100000000
26/3/2020 00:02:44 /mod el+canibal exp 100000000
26/3/2020 00:02:44 /mod el+canibal exp 100000000
26/3/2020 00:02:44 /mod el+canibal exp 100000000
26/3/2020 00:02:45 /mod el+canibal exp 100000000
26/3/2020 00:02:45 /mod el+canibal exp 100000000
26/3/2020 00:02:45 /mod el+canibal exp 100000000
26/3/2020 00:02:46 /mod el+canibal exp 100000000
26/3/2020 00:02:46 /mod el+canibal exp 100000000
26/3/2020 00:02:47 /mod el+canibal exp 100000000
26/3/2020 00:02:47 /mod el+canibal exp 100000000
26/3/2020 00:02:47 /mod el+canibal exp 100000000
26/3/2020 00:02:49 /mod el+canibal exp 100000000
26/3/2020 00:02:54 /mod el+canibal exp 100000000
26/3/2020 00:02:55 /mod el+canibal exp 100000000
26/3/2020 00:02:56 /mod el+canibal exp 100000000
26/3/2020 00:02:56 /mod el+canibal exp 100000000
26/3/2020 00:02:57 /mod el+canibal exp 100000000
26/3/2020 00:03:12 /mod el+canibal exp 999999999
26/3/2020 00:03:35 /mod el+canibal exp 100000000
26/3/2020 00:03:36 /mod el+canibal exp 100000000
26/3/2020 00:03:38 /mod el+canibal exp 100000000
26/3/2020 00:03:40 /mod el+canibal exp 100000000
26/3/2020 00:03:41 /mod el+canibal exp 100000000
26/3/2020 00:03:41 /mod el+canibal exp 100000000
26/3/2020 00:03:41 /mod el+canibal exp 100000000
26/3/2020 00:03:41 /mod el+canibal exp 100000000
26/3/2020 00:10:34 /SUM sR vIANI Map:50 X:44 Y:51
26/3/2020 00:11:11 /DEV sR vIANI Map:173 X:77 Y:71
26/3/2020 00:11:32 /SUM sR vIANI Map:50 X:46 Y:50
26/3/2020 00:12:20 /IRA Sech Mapa:176 X:17 Y:62
26/3/2020 00:13:00 /IRA Artbat Mapa:25 X:66 Y:57
26/3/2020 00:16:31 /INFO artbat
26/3/2020 00:19:21 /IRA YuNa Mapa:49 X:43 Y:47
26/3/2020 00:23:04 /INVISIBLE
26/3/2020 00:23:11 /IRA WiNNie Poo Mapa:34 X:28 Y:76
26/3/2020 00:23:18 /IRA Sech Mapa:169 X:35 Y:63
26/3/2020 00:24:10 /SUM SanCoRiTo Map:169 X:61 Y:49
26/3/2020 00:24:42 /IRA Sech Mapa:38 X:23 Y:14
26/3/2020 00:27:02 /IRA EL CANIBAL Mapa:50 X:46 Y:51
26/3/2020 00:27:08 /INVISIBLE
26/3/2020 00:27:16 /mod el+canibal exp 100000000
26/3/2020 00:27:18 /mod el+canibal exp 100000000
26/3/2020 00:27:20 /mod el+canibal exp 100000000
26/3/2020 00:27:20 /mod el+canibal exp 100000000
26/3/2020 00:27:20 /mod el+canibal exp 100000000
26/3/2020 00:27:21 /mod el+canibal exp 100000000
26/3/2020 00:27:22 /mod el+canibal exp 100000000
26/3/2020 00:27:25 Tiro cantidad:1 Objeto:A. Mágica del Dragón (Altas)
26/3/2020 00:27:34 Agarro:1 Objeto:A. Mágica del Dragón (Altas)
26/3/2020 00:28:12 /mod el+guarro objetox 481
26/3/2020 00:28:33 /mod el+guarro objetox 590
26/3/2020 00:28:43 Agarro:998 Objeto:A. Mágica del Dragón (Altos)
26/3/2020 00:28:50 Agarro:1 Objeto:A. Mágica del Dragón (Altos)
26/3/2020 00:29:09 /SUM EL CANIBAL Map:34 X:75 Y:52
26/3/2020 00:29:24 /mod muertes el+canibal 500
26/3/2020 00:29:43 /IRA YuNa Mapa:303 X:36 Y:81
26/3/2020 00:33:38 /IRA YuNa Mapa:303 X:36 Y:46
26/3/2020 00:37:54 /INVISIBLE
26/3/2020 00:38:04 /CC  Map:34 X:29 Y:70
26/3/2020 00:38:18 Sumoneo Piñata
26/3/2020 00:38:18 Sumoneo Piñata
26/3/2020 00:38:19 Sumoneo Piñata
26/3/2020 00:38:19 Sumoneo Piñata
26/3/2020 00:38:19 Sumoneo Piñata
26/3/2020 00:38:42 /MATA NPC SIN INICIAR
26/3/2020 00:38:45 /MATA NPC SIN INICIAR
26/3/2020 00:41:15 /TELEPLOC a x:23 Y:77 Map:34
26/3/2020 00:45:18 /TELEPLOC a x:23 Y:72 Map:34
26/3/2020 00:45:35 /INVISIBLE
26/3/2020 00:45:46 /INVISIBLE
26/3/2020 00:47:04 /INVISIBLE
26/3/2020 00:47:13 /SUM Sech Map:10 X:52 Y:61
26/3/2020 00:49:37 /DEV Sech Map:34 X:32 Y:71
26/3/2020 00:49:40 /IRA Sigridur Mapa:172 X:45 Y:58
26/3/2020 00:50:08 /MATA NPC SIN INICIAR
26/3/2020 00:50:38 Resucito a Sigridur
26/3/2020 00:51:59 Resucito a Sigridur
26/3/2020 00:57:07 /INVISIBLE
26/3/2020 01:01:19 /mod el+guarro objetox 963
26/3/2020 01:01:21 Agarro:1000 Objeto:Cofre Tesoro
26/3/2020 01:01:35 /SUM EL CANIBAL Map:10 X:62 Y:62
26/3/2020 01:01:42 Tiro cantidad:1000 Objeto:Cofre Tesoro
26/3/2020 01:02:37 /SUM EL CANIBAL Map:34 X:50 Y:50
26/3/2020 01:07:24 /mod el+guarro skillslibres 5000
26/3/2020 01:08:11 /mod skills el+guarro aprendizaje 200
26/3/2020 01:08:30 /mod skills el guarro aprendizaje 200
26/3/2020 01:10:39 /mod skillslibres el+canibal 1000
26/3/2020 01:11:03 /mod skillslibres EL CANIBAL 5000
26/3/2020 01:15:50 /IRA Mefisto Mapa:182 X:47 Y:29
26/3/2020 01:19:09 /IRA Jeringa Mapa:159 X:51 Y:57
26/3/2020 01:19:43 /IRA Jeringa Mapa:159 X:45 Y:15
26/3/2020 01:23:06 /IRA Jeringa Mapa:159 X:53 Y:15
26/3/2020 01:25:53 /IRA Mefisto Mapa:49 X:38 Y:46
26/3/2020 01:26:00 /IRA Mefisto Mapa:49 X:45 Y:57
26/3/2020 01:26:06 /INVISIBLE
26/3/2020 01:27:18 /ACC Bicho:661 Map:49 X:46 Y:61
26/3/2020 01:28:21 /mod el+guarro objetox 961
26/3/2020 01:28:26 Agarro:1000 Objeto:Libro de Habilidades
26/3/2020 01:29:51 /mod el+guarro objetox 40
26/3/2020 01:29:53 Agarro:1000 Objeto:Libro De La Vida
26/3/2020 01:31:11 /INVISIBLE
26/3/2020 01:32:01 /IRA CHICATO Mapa:261 X:63 Y:50
26/3/2020 01:32:05 /INVISIBLE
26/3/2020 01:32:12 Tiro cantidad:1 Objeto:Casco Medieval (+2 Agilidad)
26/3/2020 01:32:16 Tiro cantidad:135 Objeto:Pollo
26/3/2020 01:32:21 Tiro cantidad:1000 Objeto:Casco Centurión(10-14)
26/3/2020 01:32:24 Tiro cantidad:1 Objeto:Corona Calavera (+3 Agilidad) (1-3)
26/3/2020 01:32:25 Tiro cantidad:1 Objeto:Túnica del Acólito +1A (Alto/as)
26/3/2020 01:32:52 /mod chicato exp 100000000
26/3/2020 01:32:54 /mod chicato exp 100000000
26/3/2020 01:32:55 /mod chicato exp 100000000
26/3/2020 01:32:55 /mod chicato exp 100000000
26/3/2020 01:32:56 /mod chicato exp 100000000
26/3/2020 01:32:56 /mod chicato exp 100000000
26/3/2020 01:32:57 /mod chicato exp 100000000
26/3/2020 01:32:57 /mod chicato exp 100000000
26/3/2020 01:32:57 /mod chicato exp 100000000
26/3/2020 01:32:58 /mod chicato exp 100000000
26/3/2020 01:32:58 /mod chicato exp 100000000
26/3/2020 01:32:58 /mod chicato exp 100000000
26/3/2020 01:33:00 /mod chicato exp 100000000
26/3/2020 01:33:02 /mod chicato exp 100000000
26/3/2020 01:33:02 /mod chicato exp 100000000
26/3/2020 01:33:02 /mod chicato exp 100000000
26/3/2020 01:33:02 /mod chicato exp 100000000
26/3/2020 01:33:02 /mod chicato exp 100000000
26/3/2020 01:33:02 /mod chicato exp 100000000
26/3/2020 01:33:02 /mod chicato exp 100000000
26/3/2020 01:33:03 /mod chicato exp 100000000
26/3/2020 01:33:03 /mod chicato exp 100000000
26/3/2020 01:33:03 /mod chicato exp 100000000
26/3/2020 01:33:03 /mod chicato exp 100000000
26/3/2020 01:33:03 /mod chicato exp 100000000
26/3/2020 01:33:04 /mod chicato exp 100000000
26/3/2020 01:33:04 /mod chicato exp 100000000
26/3/2020 01:33:05 /mod chicato exp 100000000
26/3/2020 01:33:05 /mod chicato exp 100000000
26/3/2020 01:33:05 /mod chicato exp 100000000
26/3/2020 01:33:06 /mod chicato exp 100000000
26/3/2020 01:33:06 /mod chicato exp 100000000
26/3/2020 01:33:06 /mod chicato exp 100000000
26/3/2020 01:33:07 /mod chicato exp 100000000
26/3/2020 01:33:07 /mod chicato exp 100000000
26/3/2020 01:33:08 /mod chicato exp 100000000
26/3/2020 01:33:08 /mod chicato exp 100000000
26/3/2020 01:33:08 /mod chicato exp 100000000
26/3/2020 01:33:09 /mod chicato exp 100000000
26/3/2020 01:33:09 /mod chicato exp 100000000
26/3/2020 01:33:10 /mod chicato exp 100000000
26/3/2020 01:33:10 /mod chicato exp 100000000
26/3/2020 01:33:10 /mod chicato exp 100000000
26/3/2020 01:33:11 /mod chicato exp 100000000
26/3/2020 01:33:11 /mod chicato exp 100000000
26/3/2020 01:33:11 /mod chicato exp 100000000
26/3/2020 01:33:12 /mod chicato exp 100000000
26/3/2020 01:33:12 /mod chicato exp 100000000
26/3/2020 01:33:12 /mod chicato exp 100000000
26/3/2020 01:33:13 /mod chicato exp 100000000
26/3/2020 01:33:13 /mod chicato exp 100000000
26/3/2020 01:33:14 /mod chicato exp 100000000
26/3/2020 01:33:14 /mod chicato exp 100000000
26/3/2020 01:33:14 /mod chicato exp 100000000
26/3/2020 01:33:15 /mod chicato exp 100000000
26/3/2020 01:33:15 /mod chicato exp 100000000
26/3/2020 01:33:16 /mod chicato exp 100000000
26/3/2020 01:33:16 /mod chicato exp 100000000
26/3/2020 01:33:17 /mod chicato exp 100000000
26/3/2020 01:33:17 /mod chicato exp 100000000
26/3/2020 01:33:17 /mod chicato exp 100000000
26/3/2020 01:33:18 /mod chicato exp 100000000
26/3/2020 01:33:18 /mod chicato exp 100000000
26/3/2020 01:33:19 /mod chicato exp 100000000
26/3/2020 01:33:19 /mod chicato exp 100000000
26/3/2020 01:33:20 /mod chicato exp 100000000
26/3/2020 01:33:20 /mod chicato exp 100000000
26/3/2020 01:33:20 /mod chicato exp 100000000
26/3/2020 01:33:21 /mod chicato exp 100000000
26/3/2020 01:33:21 /mod chicato exp 100000000
26/3/2020 01:33:22 /mod chicato exp 100000000
26/3/2020 01:33:22 /mod chicato exp 100000000
26/3/2020 01:33:23 /mod chicato exp 100000000
26/3/2020 01:33:23 /mod chicato exp 100000000
26/3/2020 01:34:16 /mod chicato exp 100000000
26/3/2020 01:34:16 /mod chicato exp 100000000
26/3/2020 01:34:16 /mod chicato exp 100000000
26/3/2020 01:34:17 /ACC Bicho:1 Map:261 X:61 Y:46
26/3/2020 01:34:36 /SUM CHICATO Map:261 X:69 Y:44
26/3/2020 01:35:41 /mod el+guarro objetox 844
26/3/2020 01:35:42 Agarro:1000 Objeto:Arco Mágico (75% ahorro flechas)
26/3/2020 01:36:33 Tiro cantidad:207 Objeto:Poción Roja
26/3/2020 01:36:51 /mod el+guarro objetox 1092
26/3/2020 01:36:54 Agarro:1000 Objeto:Poción SuperSalud
26/3/2020 01:41:03 /mod chicato exp 1000000
26/3/2020 01:41:04 /mod chicato exp 1000000
26/3/2020 01:41:05 /mod chicato exp 1000000
26/3/2020 01:41:08 /mod chicato exp 1000000
26/3/2020 01:41:08 /mod chicato exp 1000000
26/3/2020 01:41:09 /mod chicato exp 1000000
26/3/2020 01:41:09 /mod chicato exp 1000000
26/3/2020 01:41:10 /mod chicato exp 1000000
26/3/2020 01:41:10 /mod chicato exp 1000000
26/3/2020 01:42:33 /IRA CHICATO Mapa:261 X:36 Y:25
26/3/2020 01:42:40 Tiro cantidad:10 Objeto:Libro De La Vida
26/3/2020 01:42:56 /SUM CHICATO Map:261 X:35 Y:24
26/3/2020 01:42:59 Tiro cantidad:10 Objeto:Libro De La Vida
26/3/2020 01:43:07 /SUM CHICATO Map:261 X:36 Y:25
26/3/2020 01:43:15 Tiro cantidad:20 Objeto:Libro De La Vida
26/3/2020 01:43:20 /SUM CHICATO Map:261 X:37 Y:24
26/3/2020 01:44:29 /mod el+guarro objetox 820
26/3/2020 01:44:30 Agarro:1000 Objeto:LLuvia de Sangre
26/3/2020 01:44:33 Tiro cantidad:1 Objeto:LLuvia de Sangre
26/3/2020 01:44:41 /SUM CHICATO Map:49 X:50 Y:53
26/3/2020 01:44:52 Agarro:1 Objeto:LLuvia de Sangre
26/3/2020 01:45:28 /mod el+guarro objetox 1214
26/3/2020 01:46:00 /mod el+guarro objetox 1283
26/3/2020 01:46:18 /mod el+guarro objetox 
26/3/2020 01:46:49 /mod el+guarro objetox 1225
26/3/2020 01:47:17 /mod el+guarro objetox 1282
26/3/2020 01:47:19 /mod el+guarro objetox 1222
26/3/2020 01:47:35 /mod el+guarro objetox 888
26/3/2020 01:47:37 Agarro:1000 Objeto:Unicornio
26/3/2020 01:47:44 Tiro cantidad:1000 Objeto:Unicornio
26/3/2020 01:47:49 /mod el+guarro objetox 888
26/3/2020 01:48:01 Tiro cantidad:1 Objeto:Ropa de Cabalgar
26/3/2020 01:48:32 /ACC Bicho:900 Map:49 X:48 Y:55
26/3/2020 01:48:42 /ACC Bicho:840 Map:49 X:48 Y:55
26/3/2020 01:48:50 /CC  Map:49 X:48 Y:56
26/3/2020 01:48:57 Sumoneo Esqueleto Guerrero
26/3/2020 01:48:58 Sumoneo Esqueleto Guerrero
26/3/2020 01:48:58 Sumoneo Esqueleto Guerrero
26/3/2020 01:48:59 Sumoneo Esqueleto Guerrero
26/3/2020 01:48:59 Sumoneo Esqueleto Guerrero
26/3/2020 01:48:59 Sumoneo Esqueleto Guerrero
26/3/2020 01:48:59 Sumoneo Esqueleto Guerrero
26/3/2020 01:48:59 Sumoneo Esqueleto Guerrero
26/3/2020 01:48:59 Sumoneo Esqueleto Guerrero
26/3/2020 01:49:00 Sumoneo Esqueleto Guerrero
26/3/2020 01:49:00 Sumoneo Esqueleto Guerrero
26/3/2020 01:49:22 /mod el+guarro objetox 951
26/3/2020 01:49:23 Agarro:1000 Objeto:Túnica Lujosa Plateada +200Maná (Bajo/as)
26/3/2020 01:49:43 /mod el+guarro objetox 731
26/3/2020 01:50:45 /mod el+guarro objetox 1091
26/3/2020 01:50:47 /mod el+guarro objetox 1091
26/3/2020 01:50:48 /mod el+guarro objetox 1091
26/3/2020 01:50:48 /mod el+guarro objetox 1091
26/3/2020 01:50:49 /mod el+guarro objetox 1091
26/3/2020 01:51:17 /mod el+guarro objetox 1221
26/3/2020 01:51:18 Agarro:1000 Objeto:Anillo de Energía (+20 DM)
26/3/2020 01:51:22 Tiro cantidad:1 Objeto:Anillo de Energía (+20 DM)
26/3/2020 01:52:17 /INVISIBLE
26/3/2020 01:52:20 /SUM CHICATO Map:34 X:47 Y:55
26/3/2020 01:54:16 /mod el+guarro objetox 530
26/3/2020 01:54:57 /IRA Kaiser Mapa:170 X:34 Y:55
26/3/2020 01:55:03 /INVISIBLE
26/3/2020 01:56:04 /INVISIBLE
26/3/2020 02:28:46 Se conecto con ip:45.70.91.57 SE: -931243588
26/3/2020 02:28:51 /INVISIBLE
26/3/2020 02:29:41 /SUM CHICATO Map:49 X:45 Y:53
26/3/2020 02:29:47 /INVISIBLE
26/3/2020 02:30:00 /DEV CHICATO Map:85 X:68 Y:35
26/3/2020 02:30:07 /CC  Map:49 X:44 Y:56
26/3/2020 02:30:09 Sumoneo Devastador
26/3/2020 02:30:10 Sumoneo Devastador
26/3/2020 02:30:10 Sumoneo Devastador
26/3/2020 02:30:11 Sumoneo Devastador
26/3/2020 02:30:12 Sumoneo Devastador
26/3/2020 02:30:12 Sumoneo Devastador
26/3/2020 02:30:13 Sumoneo Devastador
26/3/2020 02:30:13 Sumoneo Devastador
26/3/2020 02:30:14 Sumoneo Devastador
26/3/2020 02:30:14 Sumoneo Devastador
26/3/2020 02:30:15 Sumoneo Devastador
26/3/2020 02:30:16 Sumoneo Devastador
26/3/2020 02:30:32 /TELEPLOC a x:49 Y:54 Map:49
26/3/2020 02:30:53 /MATA NPC SIN INICIAR
26/3/2020 02:30:54 /TELEPLOC a x:46 Y:56 Map:49
26/3/2020 02:30:55 /TELEPLOC a x:46 Y:56 Map:49
26/3/2020 02:30:56 /TELEPLOC a x:44 Y:54 Map:49
26/3/2020 02:30:57 /TELEPLOC a x:44 Y:54 Map:49
26/3/2020 02:30:58 /TELEPLOC a x:42 Y:53 Map:49
26/3/2020 02:30:59 /TELEPLOC a x:42 Y:53 Map:49
26/3/2020 02:31:08 /MATA NPC SIN INICIAR
26/3/2020 02:31:15 /MATA NPC SIN INICIAR
26/3/2020 02:31:18 /MATA NPC SIN INICIAR
26/3/2020 02:31:28 /MATA NPC SIN INICIAR
26/3/2020 02:31:30 /MATA NPC SIN INICIAR
26/3/2020 02:31:34 /MATA NPC SIN INICIAR
26/3/2020 02:31:41 /MATA NPC SIN INICIAR
26/3/2020 02:31:43 /MATA NPC SIN INICIAR
26/3/2020 02:31:45 /MATA NPC SIN INICIAR
26/3/2020 02:31:55 /MATA NPC SIN INICIAR
26/3/2020 02:31:57 /MATA NPC SIN INICIAR
26/3/2020 02:32:33 /TELEPLOC a x:43 Y:51 Map:224
26/3/2020 02:32:35 /TELEPLOC a x:35 Y:52 Map:224
26/3/2020 02:32:38 /TELEPLOC a x:27 Y:53 Map:224
26/3/2020 02:32:40 /TELEPLOC a x:19 Y:54 Map:224
26/3/2020 02:32:43 /TELEPLOC a x:11 Y:55 Map:224
26/3/2020 02:32:46 /TELEPLOC a x:11 Y:50 Map:224
26/3/2020 02:32:47 /TELEPLOC a x:11 Y:50 Map:224
26/3/2020 02:32:49 /TELEPLOC a x:11 Y:45 Map:224
26/3/2020 02:33:59 /SUM EL CANIBAL Map:267 X:51 Y:51
26/3/2020 02:34:20 /CC  Map:267 X:43 Y:55
26/3/2020 02:34:23 Sumoneo Murcielagos
26/3/2020 02:34:24 Sumoneo Murcielagos
26/3/2020 02:34:25 Sumoneo Devastador
26/3/2020 02:34:26 Sumoneo Devastador
26/3/2020 02:34:26 Sumoneo Devastador
26/3/2020 02:34:26 Sumoneo Devastador
26/3/2020 02:34:26 Sumoneo Devastador
26/3/2020 02:34:27 Sumoneo Devastador
26/3/2020 02:34:27 Sumoneo Devastador
26/3/2020 02:34:27 Sumoneo Devastador
26/3/2020 02:34:27 Sumoneo Devastador
26/3/2020 02:34:27 Sumoneo Devastador
26/3/2020 02:34:28 Sumoneo Devastador
26/3/2020 02:34:28 Sumoneo Devastador
26/3/2020 02:34:28 Sumoneo Devastador
26/3/2020 02:34:28 Sumoneo Devastador
26/3/2020 02:34:28 Sumoneo Devastador
26/3/2020 02:34:29 Sumoneo Devastador
26/3/2020 02:34:29 Sumoneo Devastador
26/3/2020 02:34:29 Sumoneo Devastador
26/3/2020 02:34:29 Sumoneo Devastador
26/3/2020 02:34:29 Sumoneo Devastador
26/3/2020 02:34:29 Sumoneo Devastador
26/3/2020 02:34:30 Sumoneo Devastador
26/3/2020 02:34:30 Sumoneo Devastador
26/3/2020 02:34:30 Sumoneo Devastador
26/3/2020 02:34:30 Sumoneo Devastador
26/3/2020 02:34:30 Sumoneo Devastador
26/3/2020 02:34:30 Sumoneo Devastador
26/3/2020 02:34:51 /TELEPLOC a x:49 Y:54 Map:267
26/3/2020 02:35:38 /IRA CHICATO Mapa:162 X:68 Y:84
26/3/2020 02:36:05 /IRA EL CANIBAL Mapa:267 X:49 Y:50
26/3/2020 02:36:08 /SUM CHICATO Map:267 X:49 Y:51
26/3/2020 02:37:11 /mod el+guarro objetox 530
26/3/2020 02:37:12 Agarro:1000 Objeto:Parálisis de Odin
26/3/2020 02:37:55 /INVISIBLE
26/3/2020 02:46:16 /MOD CHICATO LEVEL 65
26/3/2020 02:46:55 /MOD LEVEL EL+CANIBAL 55
26/3/2020 02:47:25 /MOD LEVEL EL CANIBAL 55
26/3/2020 02:48:59 /MATA NPC SIN INICIAR
26/3/2020 02:49:02 /MATA NPC SIN INICIAR
26/3/2020 02:49:04 /MATA NPC SIN INICIAR
26/3/2020 02:49:07 /TELEPLOC a x:44 Y:52 Map:267
26/3/2020 02:49:10 /TELEPLOC a x:45 Y:51 Map:267
26/3/2020 02:49:10 /MATA NPC SIN INICIAR
26/3/2020 02:49:13 /MATA NPC SIN INICIAR
26/3/2020 02:49:15 /MATA NPC SIN INICIAR
26/3/2020 02:49:20 /MATA NPC SIN INICIAR
26/3/2020 02:49:28 /MATA NPC SIN INICIAR
26/3/2020 02:49:31 /MATA NPC SIN INICIAR
26/3/2020 02:49:33 /MATA NPC SIN INICIAR
26/3/2020 02:49:35 /MATA NPC SIN INICIAR
26/3/2020 02:49:37 /MATA NPC SIN INICIAR
26/3/2020 02:49:42 /MATA NPC SIN INICIAR
26/3/2020 02:49:50 /MATA NPC SIN INICIAR
26/3/2020 02:49:52 /MATA NPC SIN INICIAR
26/3/2020 02:49:55 /MATA NPC SIN INICIAR
26/3/2020 02:49:57 /MATA NPC SIN INICIAR
26/3/2020 02:49:59 /MATA NPC SIN INICIAR
26/3/2020 02:50:01 /MATA NPC SIN INICIAR
26/3/2020 02:51:01 /INVISIBLE
26/3/2020 02:54:32 /MATA NPC SIN INICIAR
26/3/2020 02:57:30 /INVISIBLE
26/3/2020 02:57:57 /SUM CHICATO Map:34 X:52 Y:51
26/3/2020 02:58:11 Tiro cantidad:2 Objeto:Amuleto Ankh
26/3/2020 02:58:15 Tiro cantidad:65 Objeto:Amuleto Ankh
26/3/2020 03:16:29 Se conecto con ip:45.70.91.57 SE: -931243588
26/3/2020 03:16:36 /INVISIBLE
26/3/2020 03:17:01 /mod hp 600
26/3/2020 03:17:26 /mod hp el canibal 900
26/3/2020 03:17:34 /mod hp el canibal 6
26/3/2020 03:18:41 /mod el canibal ciu 1000
26/3/2020 03:20:55 /mod el+guarro objetox 619
26/3/2020 03:20:56 Agarro:1000 Objeto:Túnica del Dragón (Alto/as)
26/3/2020 03:21:05 Tiro cantidad:1 Objeto:Túnica del Dragón (Alto/as)
26/3/2020 03:32:56 Se conecto con ip:45.70.91.57 SE: -931243588
26/3/2020 03:33:04 /INVISIBLE
26/3/2020 03:33:15 Tiro cantidad:198 Objeto:Poción Verde
26/3/2020 03:34:01 /mod el+guarro objetox 1091
26/3/2020 03:34:02 /mod el+guarro objetox 1091
26/3/2020 03:34:03 Agarro:1000 Objeto:Poción SuperManá
26/3/2020 03:34:04 Agarro:1000 Objeto:Poción SuperManá
26/3/2020 03:34:06 /mod el+guarro objetox 1091
26/3/2020 03:34:07 Agarro:1000 Objeto:Poción SuperManá
26/3/2020 03:34:08 /mod el+guarro objetox 1091
26/3/2020 03:34:09 Agarro:1000 Objeto:Poción SuperManá
26/3/2020 03:34:10 /mod el+guarro objetox 1091
26/3/2020 03:34:11 Agarro:1000 Objeto:Poción SuperManá
26/3/2020 03:34:16 /mod el+guarro objetox 1091
26/3/2020 03:34:17 /mod el+guarro objetox 1091
26/3/2020 03:34:18 /mod el+guarro objetox 1091
26/3/2020 03:34:18 /mod el+guarro objetox 1091
26/3/2020 03:34:19 /mod el+guarro objetox 1091
26/3/2020 03:34:20 Agarro:1000 Objeto:Poción SuperManá
26/3/2020 03:34:20 Agarro:1000 Objeto:Poción SuperManá
26/3/2020 03:34:20 Agarro:1000 Objeto:Poción SuperManá
26/3/2020 03:34:20 Agarro:1000 Objeto:Poción SuperManá
26/3/2020 03:34:21 Agarro:1000 Objeto:Poción SuperManá
26/3/2020 03:34:27 Tiro cantidad:10000 Objeto:Poción SuperManá
26/3/2020 03:34:41 Tiro cantidad:200 Objeto:Libro De La Vida
26/3/2020 03:41:40 Se conecto con ip:45.70.91.57 SE: -931243588
26/3/2020 03:41:45 /INVISIBLE
26/3/2020 03:42:08 /SUM EL CANIBAL Map:34 X:65 Y:50
26/3/2020 03:42:25 Tiro cantidad:853 Objeto:Libro de Habilidades
26/3/2020 03:43:05 /mod el+guarro objetox 694
26/3/2020 03:43:08 /mod el+guarro objetox 694
26/3/2020 03:43:10 /mod el+guarro objetox 694
26/3/2020 03:43:10 Agarro:1000 Objeto:Amuleto Teletransportador
26/3/2020 03:43:11 Agarro:1000 Objeto:Amuleto Teletransportador
26/3/2020 03:43:12 Agarro:1000 Objeto:Amuleto Teletransportador
26/3/2020 03:43:56 /mod el+guarro objetox 961/mod el+guarro objetox 961
26/3/2020 03:43:56 /mod el+guarro objetox 961
26/3/2020 03:43:56 /mod el+guarro objetox 961
26/3/2020 03:43:57 /mod el+guarro objetox 961
26/3/2020 03:43:57 /mod el+guarro objetox 961
26/3/2020 03:43:58 Agarro:1000 Objeto:Libro de Habilidades
26/3/2020 03:43:59 Agarro:1000 Objeto:Libro de Habilidades
26/3/2020 03:43:59 Agarro:1000 Objeto:Libro de Habilidades
26/3/2020 03:43:59 Agarro:1000 Objeto:Libro de Habilidades
26/3/2020 03:44:00 Agarro:1000 Objeto:Libro de Habilidades
26/3/2020 03:44:18 Tiro cantidad:3000 Objeto:Amuleto Teletransportador
26/3/2020 03:44:26 Tiro cantidad:5000 Objeto:Libro de Habilidades
26/3/2020 04:40:37 Se conecto con ip:45.70.91.57 SE: -931243588
26/3/2020 04:41:36 /UNBAN a el canibal
