4/27/2020 10:16:19 PM SS
4/27/2020 10:16:24 PM SS
4/27/2020 10:16:27 PM ª2
4/27/2020 10:16:27 PM +
4/27/2020 10:16:27 PM ª4
4/27/2020 10:16:27 PM M
4/27/2020 10:16:29 PM SS
4/27/2020 10:16:29 PM USA2
4/27/2020 10:16:32 PM CER843
4/27/2020 10:16:34 PM SS
4/27/2020 10:16:35 PM LC59,52
4/27/2020 10:16:35 PM LC59,52
4/27/2020 10:16:35 PM LC59,52
4/27/2020 10:16:35 PM LC59,52
4/27/2020 10:16:36 PM ª2
4/27/2020 10:16:36 PM +
4/27/2020 10:16:36 PM LC56,54
4/27/2020 10:16:39 PM ª1
4/27/2020 10:16:39 PM *
4/27/2020 10:16:39 PM SS
4/27/2020 10:16:39 PM ª4
4/27/2020 10:16:39 PM M
4/27/2020 10:16:39 PM ª3
4/27/2020 10:16:39 PM =
4/27/2020 10:16:41 PM TI10,333
4/27/2020 10:16:41 PM ª1
4/27/2020 10:16:41 PM *
4/27/2020 10:16:42 PM ª2
4/27/2020 10:16:42 PM +
4/27/2020 10:16:43 PM ª4
4/27/2020 10:16:43 PM M
4/27/2020 10:16:43 PM AG
4/27/2020 10:16:44 PM SS
4/27/2020 10:16:44 PM ª3
4/27/2020 10:16:44 PM =
4/27/2020 10:16:44 PM AG
4/27/2020 10:16:44 PM AG
4/27/2020 10:16:47 PM /gm tengo un problema
4/27/2020 10:16:49 PM SS
4/27/2020 10:16:49 PM ª1
4/27/2020 10:16:49 PM *
4/27/2020 10:16:52 PM ª3
4/27/2020 10:16:52 PM =
4/27/2020 10:16:54 PM SS
4/27/2020 10:16:56 PM USA2
4/27/2020 10:16:59 PM SS
4/27/2020 10:16:59 PM LC56,51
4/27/2020 10:17:04 PM SS
4/27/2020 10:17:09 PM SS
4/27/2020 10:17:09 PM LC68,51
4/27/2020 10:17:09 PM LC69,51
4/27/2020 10:17:12 PM USA4
4/27/2020 10:17:14 PM SS
4/27/2020 10:17:18 PM TI7,9991
4/27/2020 10:17:19 PM SS
4/27/2020 10:17:19 PM USA2
4/27/2020 10:17:21 PM CER843
