24/3/2020 01:10:54 Se conecto con ip:190.247.139.112 SE: -1341433603
24/3/2020 01:11:11 Se conecto con ip:190.247.139.112 SE: -1341433603
24/3/2020 01:11:13 /TELEPLOC a x:25 Y:38 Map:266
24/3/2020 01:11:13 /TELEPLOC a x:25 Y:38 Map:266
24/3/2020 01:11:13 /TELEPLOC a x:24 Y:37 Map:266
24/3/2020 01:11:19 Transporto a fLuder hacia Mapa1 X:50 Y:50
24/3/2020 01:11:25 /IRA Joker Mapa:266 X:26 Y:40
24/3/2020 01:12:30 Transporto a fLuder hacia Mapa1 X:50 Y:50
24/3/2020 01:12:33 /IRA Joker Mapa:266 X:18 Y:46
24/3/2020 01:12:53 /TELEPLOC a x:19 Y:46 Map:266
24/3/2020 01:12:53 /TELEPLOC a x:19 Y:45 Map:266
24/3/2020 01:12:54 /TELEPLOC a x:19 Y:44 Map:266
24/3/2020 01:12:54 /TELEPLOC a x:17 Y:45 Map:266
24/3/2020 01:12:54 /TELEPLOC a x:16 Y:45 Map:266
24/3/2020 01:12:54 /TELEPLOC a x:15 Y:46 Map:266
24/3/2020 01:12:54 /TELEPLOC a x:14 Y:47 Map:266
24/3/2020 01:12:54 /TELEPLOC a x:17 Y:48 Map:266
24/3/2020 01:12:54 /TELEPLOC a x:17 Y:46 Map:266
24/3/2020 01:12:55 /TELEPLOC a x:20 Y:46 Map:266
24/3/2020 01:12:55 /TELEPLOC a x:17 Y:47 Map:266
24/3/2020 01:12:55 /TELEPLOC a x:18 Y:45 Map:266
24/3/2020 01:12:55 /TELEPLOC a x:17 Y:45 Map:266
24/3/2020 01:12:56 /TELEPLOC a x:17 Y:45 Map:266
24/3/2020 01:12:56 /TELEPLOC a x:16 Y:46 Map:266
24/3/2020 01:12:56 /TELEPLOC a x:16 Y:46 Map:266
24/3/2020 01:12:56 /TELEPLOC a x:17 Y:47 Map:266
24/3/2020 01:13:03 /INVISIBLE
24/3/2020 01:13:09 /INVISIBLE
24/3/2020 01:13:47 /mod fluder exp 6000000000
24/3/2020 01:13:54 /mod fluder exp 6000000
24/3/2020 01:13:56 /mod fluder exp 6000000
24/3/2020 01:13:56 /mod fluder exp 6000000
24/3/2020 01:13:56 /mod fluder exp 6000000
24/3/2020 01:13:56 /mod fluder exp 6000000
24/3/2020 01:13:57 /mod fluder exp 6000000
24/3/2020 01:13:57 /mod fluder exp 6000000
24/3/2020 01:13:57 /mod fluder exp 6000000
24/3/2020 01:13:57 /mod fluder exp 6000000
24/3/2020 01:13:58 /mod fluder exp 6000000
24/3/2020 01:13:58 /mod fluder exp 6000000
24/3/2020 01:13:58 /mod fluder exp 6000000
24/3/2020 01:13:59 /mod fluder exp 6000000
24/3/2020 01:13:59 /mod fluder exp 6000000
24/3/2020 01:14:02 /mod fluder exp 6000000
24/3/2020 01:14:02 /mod fluder exp 6000000
24/3/2020 01:14:02 /mod fluder exp 6000000
24/3/2020 01:14:02 /mod fluder exp 6000000
24/3/2020 01:14:03 /mod fluder exp 6000000
24/3/2020 01:14:03 /mod fluder exp 6000000
24/3/2020 01:14:03 /mod fluder exp 6000000
24/3/2020 01:14:03 /mod fluder exp 6000000
24/3/2020 01:14:04 /mod fluder exp 6000000
24/3/2020 01:14:04 /mod fluder exp 6000000
24/3/2020 01:14:04 /mod fluder exp 6000000
24/3/2020 01:14:05 /mod fluder exp 6000000
24/3/2020 01:14:05 /mod fluder exp 6000000
24/3/2020 01:14:05 /mod fluder exp 6000000
24/3/2020 01:14:05 /mod fluder exp 6000000
24/3/2020 01:14:06 /mod fluder exp 6000000
24/3/2020 01:14:06 /mod fluder exp 6000000
24/3/2020 01:14:06 /mod fluder exp 6000000
24/3/2020 01:14:07 /mod fluder exp 6000000
24/3/2020 01:14:07 /mod fluder exp 6000000
24/3/2020 01:14:07 /mod fluder exp 6000000
24/3/2020 01:14:07 /mod fluder exp 6000000
24/3/2020 01:14:08 /mod fluder exp 6000000
24/3/2020 01:14:08 /mod fluder exp 6000000
24/3/2020 01:14:08 /mod fluder exp 6000000
24/3/2020 01:14:08 /mod fluder exp 6000000
24/3/2020 01:14:09 /mod fluder exp 6000000
24/3/2020 01:14:09 /mod fluder exp 6000000
24/3/2020 01:14:09 /mod fluder exp 6000000
24/3/2020 01:14:10 /mod fluder exp 6000000
24/3/2020 01:14:10 /mod fluder exp 6000000
24/3/2020 01:14:10 /mod fluder exp 6000000
24/3/2020 01:14:10 /mod fluder exp 6000000
24/3/2020 01:14:11 /mod fluder exp 6000000
24/3/2020 01:14:11 /mod fluder exp 6000000
24/3/2020 01:14:11 /mod fluder exp 6000000
24/3/2020 01:14:12 /mod fluder exp 6000000
24/3/2020 01:14:12 /mod fluder exp 6000000
24/3/2020 01:14:12 /mod fluder exp 6000000
24/3/2020 01:14:13 /mod fluder exp 6000000
24/3/2020 01:14:15 /mod fluder exp 6000000
24/3/2020 01:14:15 /mod fluder exp 6000000
24/3/2020 01:14:16 /mod fluder exp 6000000
24/3/2020 01:14:19 /mod fluder exp 60000000
24/3/2020 01:14:20 /mod fluder exp 60000000
24/3/2020 01:14:20 /mod fluder exp 60000000
24/3/2020 01:14:20 /mod fluder exp 60000000
24/3/2020 01:14:20 /mod fluder exp 60000000
24/3/2020 01:14:21 /mod fluder exp 60000000
24/3/2020 01:14:21 /mod fluder exp 60000000
24/3/2020 01:14:21 /mod fluder exp 60000000
24/3/2020 01:14:22 /mod fluder exp 60000000
24/3/2020 01:14:22 /mod fluder exp 60000000
24/3/2020 01:14:22 /mod fluder exp 60000000
24/3/2020 01:14:22 /mod fluder exp 60000000
24/3/2020 01:14:23 /mod fluder exp 60000000
24/3/2020 01:14:23 /mod fluder exp 60000000
24/3/2020 01:14:23 /mod fluder exp 60000000
24/3/2020 01:14:24 /mod fluder exp 60000000
24/3/2020 01:14:24 /mod fluder exp 60000000
24/3/2020 01:14:24 /mod fluder exp 60000000
24/3/2020 01:14:25 /mod fluder exp 60000000
24/3/2020 01:14:25 /mod fluder exp 60000000
24/3/2020 01:14:25 /mod fluder exp 60000000
24/3/2020 01:14:25 /mod fluder exp 60000000
24/3/2020 01:14:29 /mod fluder exp 600000000
24/3/2020 01:14:30 /mod fluder exp 600000000
24/3/2020 01:14:31 /mod fluder exp 600000000
24/3/2020 01:14:31 /mod fluder exp 600000000
24/3/2020 01:14:31 /mod fluder exp 600000000
24/3/2020 01:14:32 /mod fluder exp 600000000
24/3/2020 01:14:32 /mod fluder exp 600000000
24/3/2020 01:14:32 /mod fluder exp 600000000
24/3/2020 01:14:32 /mod fluder exp 600000000
24/3/2020 01:14:33 /mod fluder exp 600000000
24/3/2020 01:14:33 /mod fluder exp 600000000
24/3/2020 01:14:33 /mod fluder exp 600000000
24/3/2020 01:15:08 /mod fluder exp 600000000
24/3/2020 01:15:08 /mod fluder exp 600000000
24/3/2020 01:15:08 /mod fluder exp 600000000
24/3/2020 01:15:08 /mod fluder exp 600000000
24/3/2020 01:15:16 /mod fluder exp 600000000
24/3/2020 01:15:16 /mod fluder exp 600000000
24/3/2020 01:15:17 /mod fluder exp 600000000
24/3/2020 01:15:18 /mod fluder exp 600000000
24/3/2020 01:15:19 /mod fluder exp 6000000000
24/3/2020 01:15:20 /mod fluder exp 600000000
24/3/2020 01:15:20 /mod fluder exp 600000000
24/3/2020 01:15:23 /INVISIBLE
24/3/2020 01:15:28 /TELEPLOC a x:32 Y:49 Map:34
24/3/2020 01:15:29 /TELEPLOC a x:32 Y:54 Map:34
24/3/2020 01:15:32 /INVISIBLE
24/3/2020 01:15:42 /INVISIBLE
24/3/2020 01:15:43 /TELEPLOC a x:30 Y:56 Map:34
24/3/2020 01:15:44 /TELEPLOC a x:31 Y:60 Map:34
24/3/2020 01:15:44 /TELEPLOC a x:27 Y:60 Map:34
24/3/2020 01:15:44 /TELEPLOC a x:26 Y:64 Map:34
24/3/2020 01:15:45 /TELEPLOC a x:23 Y:66 Map:34
24/3/2020 01:15:45 /TELEPLOC a x:24 Y:66 Map:34
24/3/2020 01:15:49 /IRA Joker Mapa:266 X:15 Y:48
24/3/2020 01:16:01 /INVISIBLE
24/3/2020 01:16:35 /mod fLuder objetox 55
24/3/2020 01:16:47 /mod fLuder objetox 1001
24/3/2020 01:16:58 /mod fLuder objetox 444
24/3/2020 01:17:05 Agarro:1000 Objeto:Llave Abadia de Lindos
24/3/2020 01:17:07 Tiro cantidad:1 Objeto:Llave Abadia de Lindos
24/3/2020 01:17:09 Agarro:1 Objeto:Llave Abadia de Lindos
24/3/2020 01:17:12 /mod fluder exp 600000000
24/3/2020 01:17:13 /mod fluder exp 600000000
24/3/2020 01:17:14 /mod fluder exp 60000000
24/3/2020 01:17:15 /mod fluder exp 600000000
24/3/2020 01:17:16 /mod fluder exp 60000000
24/3/2020 01:17:17 /mod fluder exp 600000000
24/3/2020 01:17:36 /INVISIBLE
24/3/2020 01:17:42 /IRA YuNa Mapa:49 X:38 Y:46
24/3/2020 01:17:46 /INVISIBLE
24/3/2020 01:17:49 /INVISIBLE
24/3/2020 01:17:54 /IRA Mefisto Mapa:144 X:13 Y:59
24/3/2020 01:17:58 /TELEPLOC a x:17 Y:61 Map:144
24/3/2020 01:17:59 /TELEPLOC a x:20 Y:62 Map:144
24/3/2020 01:18:33 /TELEPLOC a x:28 Y:66 Map:144
24/3/2020 01:18:33 /TELEPLOC a x:28 Y:66 Map:144
24/3/2020 01:18:34 /TELEPLOC a x:33 Y:66 Map:144
24/3/2020 01:18:34 /TELEPLOC a x:34 Y:66 Map:144
24/3/2020 01:18:34 /TELEPLOC a x:39 Y:65 Map:144
24/3/2020 01:18:34 /TELEPLOC a x:40 Y:65 Map:144
24/3/2020 01:18:35 /TELEPLOC a x:45 Y:64 Map:144
24/3/2020 01:18:35 /TELEPLOC a x:45 Y:63 Map:144
24/3/2020 01:18:35 /TELEPLOC a x:49 Y:61 Map:144
24/3/2020 01:18:35 /TELEPLOC a x:46 Y:60 Map:144
24/3/2020 01:18:35 /TELEPLOC a x:50 Y:59 Map:144
24/3/2020 01:18:36 /TELEPLOC a x:53 Y:57 Map:144
24/3/2020 01:18:39 /TELEPLOC a x:49 Y:22 Map:144
24/3/2020 01:18:39 /TELEPLOC a x:50 Y:21 Map:144
24/3/2020 01:18:40 /TELEPLOC a x:42 Y:19 Map:144
24/3/2020 01:18:40 /TELEPLOC a x:45 Y:20 Map:144
24/3/2020 01:18:40 /TELEPLOC a x:36 Y:17 Map:144
24/3/2020 01:18:45 /TELEPLOC a x:37 Y:84 Map:143
24/3/2020 01:18:45 /TELEPLOC a x:37 Y:84 Map:143
24/3/2020 01:18:45 /TELEPLOC a x:37 Y:78 Map:143
24/3/2020 01:18:45 /TELEPLOC a x:37 Y:79 Map:143
24/3/2020 01:18:45 /TELEPLOC a x:38 Y:73 Map:143
24/3/2020 01:18:46 /TELEPLOC a x:37 Y:75 Map:143
24/3/2020 01:18:46 /TELEPLOC a x:38 Y:69 Map:143
24/3/2020 01:18:46 /TELEPLOC a x:37 Y:71 Map:143
24/3/2020 01:18:46 /TELEPLOC a x:36 Y:67 Map:143
24/3/2020 01:18:46 /TELEPLOC a x:37 Y:67 Map:143
24/3/2020 01:18:47 /TELEPLOC a x:36 Y:63 Map:143
24/3/2020 01:18:47 /TELEPLOC a x:38 Y:63 Map:143
24/3/2020 01:18:47 /TELEPLOC a x:37 Y:59 Map:143
24/3/2020 01:18:47 /TELEPLOC a x:38 Y:55 Map:143
24/3/2020 01:18:48 /TELEPLOC a x:38 Y:54 Map:143
24/3/2020 01:18:48 /TELEPLOC a x:39 Y:50 Map:143
24/3/2020 01:18:48 /TELEPLOC a x:39 Y:48 Map:143
24/3/2020 01:18:48 /TELEPLOC a x:40 Y:44 Map:143
24/3/2020 01:18:48 /TELEPLOC a x:39 Y:42 Map:143
24/3/2020 01:18:49 /TELEPLOC a x:40 Y:38 Map:143
24/3/2020 01:18:49 /TELEPLOC a x:38 Y:36 Map:143
24/3/2020 01:18:49 /TELEPLOC a x:36 Y:34 Map:143
24/3/2020 01:18:49 /TELEPLOC a x:34 Y:32 Map:143
24/3/2020 01:18:49 /TELEPLOC a x:32 Y:30 Map:143
24/3/2020 01:18:50 /TELEPLOC a x:30 Y:28 Map:143
24/3/2020 01:18:50 /TELEPLOC a x:30 Y:26 Map:143
24/3/2020 01:19:22 Agarro:10000 Objeto:Monedas de oro
24/3/2020 01:19:22 Agarro:10000 Objeto:Monedas de oro
24/3/2020 01:19:23 Agarro:1 Objeto:Placas Azules +3F (Alto/as) 
24/3/2020 01:19:23 Agarro:1 Objeto:Ropa de Campesino Enano (1-5)
24/3/2020 01:19:29 Agarro:1 Objeto:Arco Mágico (50% ahorro flechas)
24/3/2020 01:19:31 /INVISIBLE
24/3/2020 01:19:34 Agarro:9600 Objeto:Monedas de oro
24/3/2020 01:19:35 Agarro:1 Objeto:Armadura Forjada
24/3/2020 01:19:46 /IRA YuNa Mapa:49 X:38 Y:46
24/3/2020 01:25:46 /INVISIBLE
24/3/2020 01:25:48 /IRA Swych Mapa:20 X:10 Y:14
24/3/2020 01:25:53 /TELEPLOC a x:23 Y:20 Map:20
24/3/2020 01:25:54 /TELEPLOC a x:24 Y:26 Map:20
24/3/2020 01:26:23 /TELEPLOC a x:33 Y:51 Map:170
24/3/2020 01:26:23 /TELEPLOC a x:32 Y:55 Map:170
24/3/2020 01:26:24 /TELEPLOC a x:33 Y:56 Map:170
24/3/2020 01:26:24 /TELEPLOC a x:33 Y:60 Map:170
24/3/2020 01:26:24 /TELEPLOC a x:35 Y:60 Map:170
24/3/2020 01:26:24 /TELEPLOC a x:32 Y:63 Map:170
24/3/2020 01:26:25 /TELEPLOC a x:31 Y:61 Map:170
24/3/2020 01:26:25 /TELEPLOC a x:27 Y:62 Map:170
24/3/2020 01:26:25 /TELEPLOC a x:26 Y:62 Map:170
24/3/2020 01:26:27 /TELEPLOC a x:26 Y:64 Map:170
24/3/2020 01:26:27 /TELEPLOC a x:26 Y:66 Map:170
24/3/2020 01:26:27 /TELEPLOC a x:25 Y:70 Map:170
24/3/2020 01:26:27 /TELEPLOC a x:24 Y:71 Map:170
24/3/2020 01:26:28 /TELEPLOC a x:25 Y:75 Map:170
24/3/2020 01:26:29 /TELEPLOC a x:20 Y:76 Map:170
24/3/2020 01:26:31 /TELEPLOC a x:32 Y:38 Map:34
24/3/2020 01:26:31 /TELEPLOC a x:32 Y:38 Map:34
24/3/2020 01:26:32 /TELEPLOC a x:34 Y:36 Map:34
24/3/2020 01:26:34 Agarro:1 Objeto:Mangual
24/3/2020 01:26:39 /TELEPLOC a x:31 Y:57 Map:34
24/3/2020 01:26:40 /TELEPLOC a x:30 Y:61 Map:34
24/3/2020 01:26:40 /TELEPLOC a x:32 Y:66 Map:34
24/3/2020 01:26:41 /TELEPLOC a x:29 Y:70 Map:34
24/3/2020 01:26:42 /TELEPLOC a x:25 Y:71 Map:34
24/3/2020 01:26:50 /TELEPLOC a x:14 Y:23 Map:32
24/3/2020 01:26:50 /TELEPLOC a x:13 Y:23 Map:32
24/3/2020 01:26:50 /TELEPLOC a x:14 Y:26 Map:32
24/3/2020 01:26:50 /TELEPLOC a x:16 Y:26 Map:32
24/3/2020 01:26:50 /TELEPLOC a x:22 Y:28 Map:32
24/3/2020 01:26:51 /TELEPLOC a x:22 Y:27 Map:32
24/3/2020 01:26:51 /TELEPLOC a x:26 Y:28 Map:32
24/3/2020 01:26:51 /TELEPLOC a x:26 Y:27 Map:32
24/3/2020 01:26:52 /TELEPLOC a x:30 Y:28 Map:32
24/3/2020 01:26:52 /TELEPLOC a x:28 Y:25 Map:32
24/3/2020 01:26:52 /TELEPLOC a x:28 Y:26 Map:32
24/3/2020 01:26:52 /TELEPLOC a x:25 Y:24 Map:32
24/3/2020 01:26:52 /TELEPLOC a x:25 Y:24 Map:32
24/3/2020 01:26:53 /TELEPLOC a x:25 Y:22 Map:32
24/3/2020 01:26:53 /TELEPLOC a x:27 Y:19 Map:32
24/3/2020 01:26:53 /TELEPLOC a x:29 Y:18 Map:32
24/3/2020 01:26:53 /TELEPLOC a x:31 Y:15 Map:32
24/3/2020 01:26:53 /TELEPLOC a x:32 Y:14 Map:32
24/3/2020 01:26:54 /TELEPLOC a x:30 Y:11 Map:32
24/3/2020 01:26:54 /TELEPLOC a x:29 Y:12 Map:32
24/3/2020 01:26:54 /TELEPLOC a x:26 Y:10 Map:32
24/3/2020 01:26:54 /TELEPLOC a x:29 Y:9 Map:32
24/3/2020 01:26:55 /TELEPLOC a x:32 Y:8 Map:32
24/3/2020 01:26:55 /TELEPLOC a x:35 Y:8 Map:32
24/3/2020 01:26:55 /TELEPLOC a x:38 Y:8 Map:32
24/3/2020 01:26:55 /TELEPLOC a x:41 Y:9 Map:32
24/3/2020 01:26:56 /TELEPLOC a x:43 Y:11 Map:32
24/3/2020 01:26:56 /TELEPLOC a x:41 Y:10 Map:32
24/3/2020 01:26:57 /TELEPLOC a x:41 Y:11 Map:32
24/3/2020 01:26:57 /TELEPLOC a x:42 Y:13 Map:32
24/3/2020 01:26:57 /TELEPLOC a x:41 Y:13 Map:32
24/3/2020 01:26:57 /TELEPLOC a x:42 Y:14 Map:32
24/3/2020 01:26:58 /TELEPLOC a x:44 Y:15 Map:32
24/3/2020 01:27:06 /TELEPLOC a x:62 Y:15 Map:32
24/3/2020 01:27:06 /TELEPLOC a x:63 Y:15 Map:32
24/3/2020 01:27:06 /TELEPLOC a x:65 Y:19 Map:32
24/3/2020 01:27:07 /TELEPLOC a x:63 Y:18 Map:32
24/3/2020 01:27:08 /TELEPLOC a x:60 Y:21 Map:32
24/3/2020 01:27:08 /TELEPLOC a x:60 Y:21 Map:32
24/3/2020 01:27:08 /TELEPLOC a x:56 Y:24 Map:32
24/3/2020 01:27:08 /TELEPLOC a x:56 Y:24 Map:32
24/3/2020 01:27:10 /TELEPLOC a x:54 Y:26 Map:32
24/3/2020 01:27:10 /TELEPLOC a x:56 Y:28 Map:32
24/3/2020 01:27:10 /TELEPLOC a x:56 Y:28 Map:32
24/3/2020 01:27:11 /TELEPLOC a x:54 Y:30 Map:32
24/3/2020 01:27:11 /TELEPLOC a x:53 Y:30 Map:32
24/3/2020 01:27:11 /TELEPLOC a x:51 Y:32 Map:32
24/3/2020 01:27:12 /TELEPLOC a x:48 Y:34 Map:32
24/3/2020 01:27:12 /TELEPLOC a x:44 Y:36 Map:32
24/3/2020 01:27:12 /TELEPLOC a x:44 Y:35 Map:32
24/3/2020 01:27:13 /TELEPLOC a x:41 Y:36 Map:32
24/3/2020 01:27:13 /TELEPLOC a x:38 Y:37 Map:32
24/3/2020 01:27:13 /TELEPLOC a x:39 Y:37 Map:32
24/3/2020 01:27:25 /IRA Light Mapa:34 X:27 Y:71
24/3/2020 01:27:30 /INVISIBLE
24/3/2020 01:29:11 /TELEPLOC a x:33 Y:70 Map:34
24/3/2020 01:29:14 Agarro:1 Objeto:Espada Dorada (+5 fuerza)
24/3/2020 01:29:14 Agarro:1 Objeto:Escudo Cruz (+5 Fuerza)
24/3/2020 01:29:15 Agarro:1 Objeto:Placas de Oro +5A (Alto/as)
24/3/2020 01:29:42 /TELEPLOC a x:32 Y:73 Map:34
24/3/2020 01:30:06 /INVISIBLE
24/3/2020 01:30:27 Mensaje Broadcast:Hola jugadores de AODRAG, como andan?.
24/3/2020 01:31:19 Mensaje Broadcast:No se puede poner exp doble todos los dias muchachos/a.
24/3/2020 01:31:29 Mensaje Broadcast:Tampoco podemos dar items como piden!.
24/3/2020 01:32:46 Transporto a fLuder hacia Mapa187 X:50 Y:50
24/3/2020 01:32:48 /TELEPLOC a x:44 Y:52 Map:187
24/3/2020 01:32:49 /TELEPLOC a x:39 Y:53 Map:187
24/3/2020 01:32:49 /TELEPLOC a x:39 Y:53 Map:187
24/3/2020 01:32:49 /TELEPLOC a x:35 Y:52 Map:187
24/3/2020 01:32:49 /TELEPLOC a x:38 Y:50 Map:187
24/3/2020 01:32:49 /TELEPLOC a x:34 Y:49 Map:187
24/3/2020 01:32:50 /TELEPLOC a x:36 Y:49 Map:187
24/3/2020 01:32:50 /TELEPLOC a x:29 Y:48 Map:187
24/3/2020 01:32:50 /TELEPLOC a x:34 Y:48 Map:187
24/3/2020 01:32:50 /TELEPLOC a x:30 Y:47 Map:187
24/3/2020 01:32:50 /TELEPLOC a x:38 Y:47 Map:187
24/3/2020 01:32:51 /TELEPLOC a x:35 Y:46 Map:187
24/3/2020 01:32:51 /TELEPLOC a x:43 Y:47 Map:187
24/3/2020 01:32:51 /TELEPLOC a x:38 Y:46 Map:187
24/3/2020 01:32:52 /TELEPLOC a x:46 Y:48 Map:187
24/3/2020 01:32:52 /TELEPLOC a x:49 Y:51 Map:187
24/3/2020 01:32:52 /TELEPLOC a x:50 Y:51 Map:187
24/3/2020 01:32:58 Transporto a fLuder hacia Mapa186 X:50 Y:50
24/3/2020 01:32:59 /TELEPLOC a x:45 Y:50 Map:186
24/3/2020 01:32:59 /TELEPLOC a x:44 Y:49 Map:186
24/3/2020 01:33:00 /TELEPLOC a x:41 Y:46 Map:186
24/3/2020 01:33:00 /TELEPLOC a x:43 Y:45 Map:186
24/3/2020 01:33:00 /TELEPLOC a x:41 Y:42 Map:186
24/3/2020 01:33:00 /TELEPLOC a x:46 Y:42 Map:186
24/3/2020 01:33:01 /TELEPLOC a x:42 Y:38 Map:186
24/3/2020 01:33:01 /TELEPLOC a x:47 Y:39 Map:186
24/3/2020 01:33:01 /TELEPLOC a x:39 Y:35 Map:186
24/3/2020 01:33:01 /TELEPLOC a x:42 Y:37 Map:186
24/3/2020 01:33:01 /TELEPLOC a x:32 Y:33 Map:186
24/3/2020 01:33:02 /TELEPLOC a x:36 Y:37 Map:186
24/3/2020 01:33:02 /TELEPLOC a x:27 Y:34 Map:186
24/3/2020 01:33:02 /TELEPLOC a x:31 Y:40 Map:186
24/3/2020 01:33:02 /TELEPLOC a x:23 Y:37 Map:186
24/3/2020 01:33:02 /TELEPLOC a x:27 Y:44 Map:186
24/3/2020 01:33:02 /TELEPLOC a x:20 Y:40 Map:186
24/3/2020 01:33:03 /TELEPLOC a x:26 Y:45 Map:186
24/3/2020 01:33:03 /TELEPLOC a x:24 Y:40 Map:186
24/3/2020 01:33:03 /TELEPLOC a x:31 Y:45 Map:186
24/3/2020 01:33:40 /INVISIBLE
24/3/2020 01:33:42 /INVISIBLE
24/3/2020 01:33:49 /IRA Popper Mapa:172 X:11 Y:28
24/3/2020 01:34:12 /INVISIBLE
24/3/2020 01:36:10 /TELEPLOC a x:29 Y:26 Map:172
24/3/2020 01:36:10 /TELEPLOC a x:29 Y:26 Map:172
24/3/2020 01:36:10 /TELEPLOC a x:29 Y:27 Map:172
24/3/2020 01:36:11 /TELEPLOC a x:35 Y:26 Map:172
24/3/2020 01:36:11 /TELEPLOC a x:35 Y:27 Map:172
24/3/2020 01:36:11 /TELEPLOC a x:41 Y:26 Map:172
24/3/2020 01:36:16 /SUM Joker Map:172 X:41 Y:26
24/3/2020 01:37:25 /TELEPLOC a x:47 Y:27 Map:172
24/3/2020 01:38:00 Transporto a fLuder hacia Mapa303 X:50 Y:50
24/3/2020 01:38:20 /TELEPLOC a x:56 Y:49 Map:303
24/3/2020 01:38:20 /TELEPLOC a x:56 Y:49 Map:303
24/3/2020 01:38:20 /TELEPLOC a x:60 Y:48 Map:303
24/3/2020 01:38:21 /TELEPLOC a x:58 Y:47 Map:303
24/3/2020 01:38:21 /TELEPLOC a x:61 Y:46 Map:303
24/3/2020 01:38:21 /TELEPLOC a x:57 Y:45 Map:303
24/3/2020 01:38:21 /TELEPLOC a x:55 Y:42 Map:303
24/3/2020 01:38:22 /TELEPLOC a x:53 Y:43 Map:303
24/3/2020 01:38:22 /TELEPLOC a x:51 Y:39 Map:303
24/3/2020 01:38:22 /TELEPLOC a x:50 Y:40 Map:303
24/3/2020 01:38:22 /TELEPLOC a x:49 Y:36 Map:303
24/3/2020 01:38:22 /TELEPLOC a x:49 Y:37 Map:303
24/3/2020 01:38:23 /TELEPLOC a x:46 Y:35 Map:303
24/3/2020 01:38:23 /TELEPLOC a x:45 Y:36 Map:303
24/3/2020 01:38:23 /TELEPLOC a x:42 Y:36 Map:303
24/3/2020 01:38:23 /TELEPLOC a x:38 Y:38 Map:303
24/3/2020 01:38:23 /TELEPLOC a x:35 Y:38 Map:303
24/3/2020 01:38:25 /TELEPLOC a x:34 Y:40 Map:303
24/3/2020 01:38:25 /TELEPLOC a x:33 Y:39 Map:303
24/3/2020 01:38:26 /TELEPLOC a x:30 Y:42 Map:303
24/3/2020 01:38:26 /TELEPLOC a x:30 Y:42 Map:303
24/3/2020 01:38:26 /TELEPLOC a x:26 Y:46 Map:303
24/3/2020 01:38:26 /TELEPLOC a x:27 Y:47 Map:303
24/3/2020 01:38:26 /TELEPLOC a x:25 Y:51 Map:303
24/3/2020 01:38:27 /TELEPLOC a x:28 Y:52 Map:303
24/3/2020 01:38:27 /TELEPLOC a x:27 Y:56 Map:303
24/3/2020 01:38:27 /TELEPLOC a x:31 Y:55 Map:303
24/3/2020 01:38:27 /TELEPLOC a x:30 Y:58 Map:303
24/3/2020 01:38:27 /TELEPLOC a x:34 Y:58 Map:303
24/3/2020 01:38:27 /TELEPLOC a x:32 Y:62 Map:303
24/3/2020 01:38:28 /TELEPLOC a x:34 Y:66 Map:303
24/3/2020 01:38:28 /TELEPLOC a x:34 Y:66 Map:303
24/3/2020 01:38:28 /TELEPLOC a x:36 Y:69 Map:303
24/3/2020 01:38:28 /TELEPLOC a x:35 Y:69 Map:303
24/3/2020 01:38:28 /TELEPLOC a x:38 Y:70 Map:303
24/3/2020 01:38:29 /TELEPLOC a x:37 Y:68 Map:303
24/3/2020 01:38:29 /TELEPLOC a x:40 Y:69 Map:303
24/3/2020 01:38:29 /TELEPLOC a x:38 Y:66 Map:303
24/3/2020 01:38:29 /TELEPLOC a x:40 Y:67 Map:303
24/3/2020 01:38:30 /TELEPLOC a x:38 Y:63 Map:303
24/3/2020 01:38:30 /TELEPLOC a x:40 Y:64 Map:303
24/3/2020 01:38:30 /TELEPLOC a x:37 Y:60 Map:303
24/3/2020 01:38:30 /TELEPLOC a x:37 Y:61 Map:303
24/3/2020 01:38:30 /TELEPLOC a x:34 Y:57 Map:303
24/3/2020 01:38:31 /TELEPLOC a x:35 Y:54 Map:303
24/3/2020 01:38:31 /TELEPLOC a x:37 Y:55 Map:303
24/3/2020 01:38:42 /TELEPLOC a x:38 Y:47 Map:303
24/3/2020 01:39:07 Agarro:100 Objeto:Trofeo de Oro
24/3/2020 01:39:13 Agarro:100 Objeto:Trofeo de Plata
24/3/2020 01:39:15 Agarro:150 Objeto:Regalo
24/3/2020 01:40:19 /TELEPLOC a x:42 Y:42 Map:303
24/3/2020 01:40:20 Agarro:1 Objeto:Munición Ligera para Honda (1-1)
24/3/2020 01:40:22 /TELEPLOC a x:40 Y:39 Map:303
24/3/2020 01:40:25 Tiro cantidad:1 Objeto:Munición Ligera para Honda (1-1)
24/3/2020 01:40:26 /TELEPLOC a x:40 Y:42 Map:303
24/3/2020 01:41:09 /TELEPLOC a x:37 Y:48 Map:303
24/3/2020 01:41:11 Tiro cantidad:1 Objeto:Regalo
24/3/2020 01:41:13 Regalo/Cofre: Queso de Cabra
24/3/2020 01:41:13 Regalo/Cofre: Serrucho
24/3/2020 01:41:13 Regalo/Cofre: Escudo Rosa-Negro(4-10)
24/3/2020 01:41:14 Agarro:1 Objeto:Regalo
24/3/2020 01:41:31 /TELEPLOC a x:57 Y:38 Map:303
24/3/2020 01:41:32 /TELEPLOC a x:63 Y:36 Map:303
24/3/2020 01:41:32 Regalo/Cofre: Curar heridas graves
24/3/2020 01:41:32 Regalo/Cofre: Halberd(10-17)
24/3/2020 01:41:33 Regalo/Cofre: Poción Amarilla Mejorada
24/3/2020 01:41:33 Regalo/Cofre: Túnica Caducea (Altos)
24/3/2020 01:41:33 Regalo/Cofre: Curar veneno
24/3/2020 01:41:33 Regalo/Cofre: Ropa Lujo Orco
24/3/2020 01:41:33 Regalo/Cofre: Munición Maciza para Honda (2-2)
24/3/2020 01:41:34 Regalo/Cofre: Vestimenta Común de Cíclope
24/3/2020 01:41:34 Regalo/Cofre: Piel oso polar
24/3/2020 01:41:34 Regalo/Cofre: Pescado
24/3/2020 01:41:34 Regalo/Cofre: Escudo Inglés (4-10)
24/3/2020 01:41:34 Regalo/Cofre: Misil magico
24/3/2020 01:41:36 /TELEPLOC a x:63 Y:36 Map:303
24/3/2020 01:41:46 Agarro:1 Objeto:Misil magico
24/3/2020 01:41:47 Agarro:1 Objeto:Escudo Inglés (4-10)
24/3/2020 01:41:51 /TELEPLOC a x:69 Y:32 Map:303
24/3/2020 01:41:52 /TELEPLOC a x:69 Y:31 Map:303
24/3/2020 01:41:52 /TELEPLOC a x:73 Y:27 Map:303
24/3/2020 01:41:52 /TELEPLOC a x:72 Y:26 Map:303
24/3/2020 01:41:52 /TELEPLOC a x:78 Y:23 Map:303
24/3/2020 01:41:52 /TELEPLOC a x:77 Y:21 Map:303
24/3/2020 01:41:53 /TELEPLOC a x:84 Y:18 Map:303
24/3/2020 01:41:54 Tiro cantidad:1 Objeto:Serrucho
24/3/2020 01:41:54 /TELEPLOC a x:81 Y:21 Map:303
24/3/2020 01:41:55 /TELEPLOC a x:81 Y:22 Map:303
24/3/2020 01:41:55 /TELEPLOC a x:77 Y:25 Map:303
24/3/2020 01:41:55 /TELEPLOC a x:77 Y:25 Map:303
24/3/2020 01:41:55 /TELEPLOC a x:73 Y:28 Map:303
24/3/2020 01:41:55 /TELEPLOC a x:75 Y:25 Map:303
24/3/2020 01:41:56 /TELEPLOC a x:75 Y:24 Map:303
24/3/2020 01:41:56 /TELEPLOC a x:77 Y:20 Map:303
24/3/2020 01:41:57 /TELEPLOC a x:73 Y:21 Map:303
24/3/2020 01:41:57 /TELEPLOC a x:72 Y:21 Map:303
24/3/2020 01:41:57 /TELEPLOC a x:71 Y:22 Map:303
24/3/2020 01:41:58 /TELEPLOC a x:71 Y:22 Map:303
24/3/2020 01:41:58 /TELEPLOC a x:71 Y:24 Map:303
24/3/2020 01:41:58 /TELEPLOC a x:71 Y:24 Map:303
24/3/2020 01:41:58 /TELEPLOC a x:72 Y:26 Map:303
24/3/2020 01:41:58 /TELEPLOC a x:72 Y:26 Map:303
24/3/2020 01:41:59 /TELEPLOC a x:71 Y:28 Map:303
24/3/2020 01:41:59 /TELEPLOC a x:71 Y:28 Map:303
24/3/2020 01:41:59 /TELEPLOC a x:69 Y:30 Map:303
24/3/2020 01:41:59 /TELEPLOC a x:68 Y:30 Map:303
24/3/2020 01:41:59 /TELEPLOC a x:65 Y:33 Map:303
24/3/2020 01:42:00 /TELEPLOC a x:63 Y:33 Map:303
24/3/2020 01:42:00 /TELEPLOC a x:60 Y:36 Map:303
24/3/2020 01:42:00 /TELEPLOC a x:56 Y:39 Map:303
24/3/2020 01:42:00 /TELEPLOC a x:53 Y:42 Map:303
24/3/2020 01:42:00 /TELEPLOC a x:53 Y:41 Map:303
24/3/2020 01:42:01 /TELEPLOC a x:51 Y:43 Map:303
24/3/2020 01:42:01 /TELEPLOC a x:51 Y:42 Map:303
24/3/2020 01:42:01 /TELEPLOC a x:49 Y:43 Map:303
24/3/2020 01:42:01 /TELEPLOC a x:48 Y:43 Map:303
24/3/2020 01:42:01 /TELEPLOC a x:47 Y:45 Map:303
24/3/2020 01:42:02 /TELEPLOC a x:46 Y:47 Map:303
24/3/2020 01:42:02 /TELEPLOC a x:44 Y:47 Map:303
24/3/2020 01:42:03 /TELEPLOC a x:42 Y:46 Map:303
24/3/2020 01:42:04 /TELEPLOC a x:42 Y:48 Map:303
24/3/2020 01:42:04 /TELEPLOC a x:41 Y:44 Map:303
24/3/2020 01:42:06 Tiro cantidad:1 Objeto:Munición Maciza para Honda (2-2)
24/3/2020 01:42:16 Agarro:1 Objeto:Munición Maciza para Honda (2-2)
24/3/2020 01:42:31 Tiro cantidad:1 Objeto:Munición Maciza para Honda (2-2)
24/3/2020 01:42:32 Tiro cantidad:1 Objeto:Munición Maciza para Honda (2-2)
24/3/2020 01:42:38 Tiro cantidad:1 Objeto:Munición Maciza para Honda (2-2)
24/3/2020 01:42:41 Tiro cantidad:1 Objeto:Munición Maciza para Honda (2-2)
24/3/2020 01:42:46 Tiro cantidad:1 Objeto:Munición Maciza para Honda (2-2)
24/3/2020 01:42:50 Tiro cantidad:1 Objeto:Munición Maciza para Honda (2-2)
24/3/2020 01:42:52 Tiro cantidad:1 Objeto:Munición Maciza para Honda (2-2)
24/3/2020 01:42:54 /TELEPLOC a x:34 Y:45 Map:303
24/3/2020 01:42:54 /TELEPLOC a x:34 Y:45 Map:303
24/3/2020 01:42:54 /TELEPLOC a x:29 Y:42 Map:303
24/3/2020 01:42:55 /TELEPLOC a x:30 Y:41 Map:303
24/3/2020 01:42:55 /TELEPLOC a x:33 Y:42 Map:303
24/3/2020 01:42:55 /TELEPLOC a x:35 Y:44 Map:303
24/3/2020 01:42:56 /TELEPLOC a x:37 Y:46 Map:303
24/3/2020 01:42:57 /TELEPLOC a x:36 Y:46 Map:303
24/3/2020 01:43:02 /BLOQ
24/3/2020 01:43:06 /BLOQ
24/3/2020 01:43:08 /BLOQ
24/3/2020 01:43:09 /BLOQ
24/3/2020 01:43:12 /BLOQ
24/3/2020 01:43:14 /BLOQ
24/3/2020 01:43:15 /BLOQ
24/3/2020 01:43:17 /BLOQ
24/3/2020 01:43:23 /BLOQ
24/3/2020 01:43:24 /BLOQ
24/3/2020 01:43:26 /TELEPLOC a x:44 Y:37 Map:303
24/3/2020 01:43:27 /CC  Map:303 X:44 Y:37
24/3/2020 01:43:33 Sumoneo Replicante
24/3/2020 01:43:38 /MATA NPC SIN INICIAR
24/3/2020 01:43:45 /CC  Map:303 X:44 Y:36
24/3/2020 01:43:53 /TELEPLOC a x:38 Y:42 Map:303
24/3/2020 01:43:53 /TELEPLOC a x:40 Y:41 Map:303
24/3/2020 01:43:53 /TELEPLOC a x:34 Y:45 Map:303
24/3/2020 01:43:53 /TELEPLOC a x:35 Y:44 Map:303
24/3/2020 01:43:54 /TELEPLOC a x:29 Y:48 Map:303
24/3/2020 01:43:54 /TELEPLOC a x:31 Y:48 Map:303
24/3/2020 01:43:54 /TELEPLOC a x:28 Y:52 Map:303
24/3/2020 01:43:54 /TELEPLOC a x:31 Y:51 Map:303
24/3/2020 01:43:54 /TELEPLOC a x:29 Y:55 Map:303
24/3/2020 01:43:56 /TELEPLOC a x:32 Y:56 Map:303
24/3/2020 01:43:56 /TELEPLOC a x:33 Y:56 Map:303
24/3/2020 01:43:56 /TELEPLOC a x:33 Y:56 Map:303
24/3/2020 01:43:56 /TELEPLOC a x:38 Y:57 Map:303
24/3/2020 01:43:57 /TELEPLOC a x:37 Y:56 Map:303
24/3/2020 01:43:57 /TELEPLOC a x:42 Y:57 Map:303
24/3/2020 01:43:58 /TELEPLOC a x:41 Y:56 Map:303
24/3/2020 01:44:00 /TELEPLOC a x:40 Y:51 Map:303
24/3/2020 01:44:00 /TELEPLOC a x:38 Y:51 Map:303
24/3/2020 01:44:01 /TELEPLOC a x:36 Y:48 Map:303
24/3/2020 01:44:01 /TELEPLOC a x:37 Y:48 Map:303
24/3/2020 01:44:02 /TELEPLOC a x:39 Y:45 Map:303
24/3/2020 01:44:02 /TELEPLOC a x:39 Y:42 Map:303
24/3/2020 01:45:17 /CC  Map:303 X:39 Y:43
24/3/2020 01:45:27 /TELEPLOC a x:42 Y:39 Map:303
24/3/2020 01:45:32 /CT: 34 50 50
24/3/2020 01:45:35 /TELEPLOC a x:42 Y:40 Map:303
24/3/2020 01:45:41 /CT: 34 50 50
24/3/2020 01:45:43 /TELEPLOC a x:40 Y:42 Map:303
24/3/2020 01:45:44 /TELEPLOC a x:37 Y:44 Map:303
24/3/2020 01:45:45 /TELEPLOC a x:41 Y:40 Map:303
24/3/2020 01:45:46 Agarro:1 Objeto:Túnica Perseus (Bajo/as)
24/3/2020 01:45:46 /TELEPLOC a x:41 Y:43 Map:303
24/3/2020 01:46:12 /TELEPLOC a x:32 Y:44 Map:303
24/3/2020 01:46:17 /TELEPLOC a x:33 Y:48 Map:303
24/3/2020 01:46:17 /TELEPLOC a x:34 Y:52 Map:303
24/3/2020 01:46:20 /TELEPLOC a x:28 Y:52 Map:303
24/3/2020 01:46:21 Agarro:1 Objeto:Munición Ligera para Honda (1-1)
24/3/2020 01:46:21 /TELEPLOC a x:32 Y:49 Map:303
24/3/2020 01:46:29 /TELEPLOC a x:28 Y:39 Map:303
24/3/2020 01:46:29 Agarro:1 Objeto:Munición Ligera para Honda (1-1)
24/3/2020 01:46:30 /TELEPLOC a x:31 Y:42 Map:303
24/3/2020 01:46:31 /TELEPLOC a x:34 Y:43 Map:303
24/3/2020 01:46:32 /TELEPLOC a x:37 Y:42 Map:303
24/3/2020 01:46:59 Tiro cantidad:1 Objeto:Ropa Lujo Orco
24/3/2020 01:47:00 Agarro:1 Objeto:Puñal Asesino (+3 Fuerza)
24/3/2020 01:47:03 Tiro cantidad:2 Objeto:Munición Ligera para Honda (1-1)
24/3/2020 01:47:04 Agarro:1 Objeto:Sombrero Mago (+2 Agilidad)
24/3/2020 01:47:24 /TELEPLOC a x:27 Y:43 Map:303
24/3/2020 01:47:25 /TELEPLOC a x:20 Y:43 Map:303
24/3/2020 01:47:25 /TELEPLOC a x:13 Y:43 Map:303
24/3/2020 01:47:25 /TELEPLOC a x:14 Y:43 Map:303
24/3/2020 01:47:25 /TELEPLOC a x:9 Y:44 Map:303
24/3/2020 01:47:27 Tiro cantidad:1 Objeto:Halberd(10-17)
24/3/2020 01:47:28 /TELEPLOC a x:15 Y:42 Map:303
24/3/2020 01:47:28 /TELEPLOC a x:15 Y:41 Map:303
24/3/2020 01:47:28 /TELEPLOC a x:20 Y:38 Map:303
24/3/2020 01:47:32 Tiro cantidad:100 Objeto:Queso de Cabra
24/3/2020 01:47:33 /TELEPLOC a x:17 Y:38 Map:303
24/3/2020 01:47:33 /TELEPLOC a x:17 Y:37 Map:303
24/3/2020 01:47:33 /TELEPLOC a x:14 Y:36 Map:303
24/3/2020 01:47:35 Tiro cantidad:1 Objeto:Vestimenta Común de Cíclope
24/3/2020 01:47:36 /TELEPLOC a x:13 Y:33 Map:303
24/3/2020 01:47:36 /TELEPLOC a x:13 Y:32 Map:303
24/3/2020 01:47:36 /TELEPLOC a x:12 Y:29 Map:303
24/3/2020 01:47:36 /TELEPLOC a x:12 Y:28 Map:303
24/3/2020 01:47:38 Tiro cantidad:1 Objeto:Piel oso polar
24/3/2020 01:47:38 /TELEPLOC a x:15 Y:28 Map:303
24/3/2020 01:47:39 /TELEPLOC a x:16 Y:27 Map:303
24/3/2020 01:47:39 /TELEPLOC a x:19 Y:26 Map:303
24/3/2020 01:47:44 Tiro cantidad:100 Objeto:Poción Amarilla Mejorada
24/3/2020 01:47:44 /TELEPLOC a x:16 Y:28 Map:303
24/3/2020 01:47:47 Tiro cantidad:100 Objeto:Pescado
24/3/2020 01:47:47 /TELEPLOC a x:21 Y:29 Map:303
24/3/2020 01:47:47 /TELEPLOC a x:22 Y:30 Map:303
24/3/2020 01:47:48 /TELEPLOC a x:28 Y:33 Map:303
24/3/2020 01:47:48 /TELEPLOC a x:34 Y:37 Map:303
24/3/2020 01:47:48 /TELEPLOC a x:33 Y:37 Map:303
24/3/2020 01:47:49 /TELEPLOC a x:37 Y:42 Map:303
24/3/2020 01:47:49 /TELEPLOC a x:35 Y:42 Map:303
24/3/2020 01:47:49 /TELEPLOC a x:38 Y:47 Map:303
24/3/2020 01:47:50 /TELEPLOC a x:35 Y:43 Map:303
24/3/2020 01:47:51 Agarro:1 Objeto:Ropa Lujo Orco
24/3/2020 01:47:51 Agarro:2 Objeto:Munición Ligera para Honda (1-1)
24/3/2020 01:48:30 Mensaje Broadcast:A pedido de la gente voy a realizar el primer evento! MIO.
24/3/2020 01:53:36 /INVISIBLE
24/3/2020 01:53:39 Transporto a fLuder hacia Mapa34 X:50 Y:50
24/3/2020 01:53:41 /TELEPLOC a x:46 Y:56 Map:34
24/3/2020 01:53:41 /TELEPLOC a x:48 Y:55 Map:34
24/3/2020 01:53:41 /TELEPLOC a x:42 Y:63 Map:34
24/3/2020 01:53:42 /TELEPLOC a x:36 Y:68 Map:34
24/3/2020 01:53:42 /TELEPLOC a x:37 Y:68 Map:34
24/3/2020 01:53:45 /TELEPLOC a x:34 Y:69 Map:34
24/3/2020 01:53:45 /TELEPLOC a x:34 Y:70 Map:34
24/3/2020 01:53:45 /TELEPLOC a x:33 Y:72 Map:34
24/3/2020 01:53:46 /TELEPLOC a x:33 Y:72 Map:34
24/3/2020 01:53:46 /TELEPLOC a x:33 Y:75 Map:34
24/3/2020 01:53:46 /TELEPLOC a x:33 Y:76 Map:34
24/3/2020 01:53:46 /TELEPLOC a x:32 Y:80 Map:34
24/3/2020 01:53:46 /TELEPLOC a x:30 Y:84 Map:34
24/3/2020 01:53:47 /TELEPLOC a x:29 Y:84 Map:34
24/3/2020 01:53:47 /TELEPLOC a x:27 Y:89 Map:34
24/3/2020 01:53:47 /TELEPLOC a x:25 Y:88 Map:34
24/3/2020 01:53:47 /TELEPLOC a x:22 Y:93 Map:34
24/3/2020 01:53:47 /TELEPLOC a x:22 Y:93 Map:34
24/3/2020 01:53:48 /TELEPLOC a x:19 Y:89 Map:34
24/3/2020 01:53:48 /TELEPLOC a x:16 Y:94 Map:34
24/3/2020 01:53:49 /TELEPLOC a x:14 Y:91 Map:34
24/3/2020 01:53:49 /TELEPLOC a x:15 Y:90 Map:34
24/3/2020 01:53:52 /TELEPLOC a x:17 Y:74 Map:45
24/3/2020 01:53:53 /TELEPLOC a x:18 Y:74 Map:45
24/3/2020 01:53:53 /TELEPLOC a x:18 Y:74 Map:45
24/3/2020 01:53:53 /TELEPLOC a x:24 Y:72 Map:45
24/3/2020 01:53:53 /TELEPLOC a x:22 Y:70 Map:45
24/3/2020 01:53:53 /TELEPLOC a x:28 Y:68 Map:45
24/3/2020 01:53:53 /TELEPLOC a x:28 Y:67 Map:45
24/3/2020 01:53:54 /TELEPLOC a x:35 Y:65 Map:45
24/3/2020 01:53:54 /TELEPLOC a x:34 Y:65 Map:45
24/3/2020 01:53:54 /TELEPLOC a x:35 Y:61 Map:45
24/3/2020 01:53:54 /TELEPLOC a x:34 Y:57 Map:45
24/3/2020 01:53:55 /TELEPLOC a x:34 Y:57 Map:45
24/3/2020 01:53:55 /TELEPLOC a x:34 Y:53 Map:45
24/3/2020 01:53:55 /TELEPLOC a x:34 Y:54 Map:45
24/3/2020 01:53:55 /TELEPLOC a x:34 Y:51 Map:45
24/3/2020 01:54:18 /INVISIBLE
24/3/2020 01:55:28 /ACC Bicho:611 Map:45 X:34 Y:48
24/3/2020 01:56:34 /ACC Bicho:594 Map:45 X:33 Y:48
24/3/2020 01:56:36 /ACC Bicho:594 Map:45 X:35 Y:48
24/3/2020 01:58:00 /CC  Map:45 X:33 Y:49
24/3/2020 01:58:19 /CC  Map:45 X:37 Y:50
24/3/2020 01:58:22 Sumoneo Devastador
24/3/2020 01:58:28 /CC  Map:45 X:34 Y:48
24/3/2020 01:58:39 /MATA NPC SIN INICIAR
24/3/2020 01:58:41 /CC  Map:45 X:34 Y:49
24/3/2020 01:58:42 Sumoneo Chaman
24/3/2020 01:58:47 /CC  Map:45 X:34 Y:49
24/3/2020 01:58:49 Sumoneo Devastador
24/3/2020 01:58:50 Sumoneo Devastador
24/3/2020 01:58:51 Sumoneo Lobo
24/3/2020 01:58:52 Sumoneo Murcielago
24/3/2020 01:58:52 Sumoneo Murcielago
24/3/2020 01:58:54 Sumoneo Chaman
24/3/2020 01:58:54 Sumoneo Chaman
24/3/2020 01:58:55 Sumoneo Goblin
24/3/2020 01:58:56 Sumoneo Chaman
24/3/2020 01:58:57 Sumoneo Chaman
24/3/2020 01:58:58 Sumoneo Chaman
24/3/2020 01:58:58 Sumoneo Chaman
24/3/2020 01:58:58 Sumoneo Chaman
24/3/2020 01:58:59 Sumoneo Chaman
24/3/2020 01:58:59 Sumoneo Chaman
24/3/2020 01:59:00 Sumoneo Chaman
24/3/2020 01:59:01 Sumoneo Chaman
24/3/2020 01:59:06 /MATA NPC SIN INICIAR
24/3/2020 01:59:07 /MATA NPC SIN INICIAR
24/3/2020 01:59:08 /MATA NPC SIN INICIAR
24/3/2020 01:59:09 /MATA NPC SIN INICIAR
24/3/2020 01:59:23 /MATA NPC SIN INICIAR
24/3/2020 01:59:24 /MATA NPC SIN INICIAR
24/3/2020 01:59:25 /MATA NPC SIN INICIAR
24/3/2020 01:59:28 /MATA NPC SIN INICIAR
24/3/2020 01:59:29 /TELEPLOC a x:36 Y:51 Map:45
24/3/2020 01:59:29 /TELEPLOC a x:37 Y:51 Map:45
24/3/2020 01:59:29 /TELEPLOC a x:44 Y:53 Map:45
24/3/2020 01:59:29 /TELEPLOC a x:43 Y:51 Map:45
24/3/2020 01:59:29 /TELEPLOC a x:49 Y:52 Map:45
24/3/2020 01:59:30 /TELEPLOC a x:47 Y:50 Map:45
24/3/2020 01:59:30 /TELEPLOC a x:52 Y:50 Map:45
24/3/2020 01:59:30 /TELEPLOC a x:50 Y:49 Map:45
24/3/2020 01:59:30 /TELEPLOC a x:54 Y:49 Map:45
24/3/2020 01:59:30 /TELEPLOC a x:53 Y:49 Map:45
24/3/2020 01:59:31 /TELEPLOC a x:59 Y:50 Map:45
24/3/2020 01:59:31 /TELEPLOC a x:64 Y:51 Map:45
24/3/2020 01:59:31 /TELEPLOC a x:64 Y:51 Map:45
24/3/2020 01:59:32 /TELEPLOC a x:66 Y:49 Map:45
24/3/2020 01:59:34 /TELEPLOC a x:58 Y:50 Map:45
24/3/2020 01:59:34 /TELEPLOC a x:57 Y:49 Map:45
24/3/2020 01:59:35 /TELEPLOC a x:51 Y:48 Map:45
24/3/2020 01:59:35 /TELEPLOC a x:52 Y:48 Map:45
24/3/2020 01:59:35 /TELEPLOC a x:45 Y:47 Map:45
24/3/2020 01:59:36 /TELEPLOC a x:45 Y:47 Map:45
24/3/2020 01:59:36 /TELEPLOC a x:38 Y:47 Map:45
24/3/2020 01:59:36 /TELEPLOC a x:39 Y:48 Map:45
24/3/2020 01:59:38 /TELEPLOC a x:35 Y:45 Map:45
24/3/2020 01:59:41 /CC  Map:45 X:31 Y:49
24/3/2020 01:59:43 Sumoneo Devastador
24/3/2020 01:59:43 Sumoneo Devastador
24/3/2020 01:59:47 Sumoneo Chaman
24/3/2020 01:59:47 Sumoneo Chaman
24/3/2020 01:59:48 Sumoneo Chaman
24/3/2020 01:59:49 Sumoneo Medusa
24/3/2020 01:59:49 Sumoneo Medusa
24/3/2020 01:59:49 Sumoneo Medusa
24/3/2020 01:59:49 Sumoneo Medusa
24/3/2020 01:59:49 Sumoneo Medusa
24/3/2020 01:59:50 Sumoneo Medusa
24/3/2020 01:59:50 Sumoneo Medusa
24/3/2020 01:59:50 Sumoneo Medusa
24/3/2020 01:59:50 Sumoneo Medusa
24/3/2020 01:59:50 Sumoneo Medusa
24/3/2020 01:59:51 Sumoneo Medusa
24/3/2020 01:59:51 Sumoneo Medusa
24/3/2020 01:59:53 /TELEPLOC a x:35 Y:52 Map:45
24/3/2020 02:00:18 /TELEPLOC a x:32 Y:50 Map:45
24/3/2020 02:00:18 /MATA NPC SIN INICIAR
24/3/2020 02:00:19 /MATA NPC SIN INICIAR
24/3/2020 02:00:19 /TELEPLOC a x:30 Y:49 Map:45
24/3/2020 02:00:19 /TELEPLOC a x:29 Y:49 Map:45
24/3/2020 02:00:20 /MATA NPC SIN INICIAR
24/3/2020 02:00:21 /MATA NPC SIN INICIAR
24/3/2020 02:00:22 /MATA NPC SIN INICIAR
24/3/2020 02:00:22 /TELEPLOC a x:29 Y:50 Map:45
24/3/2020 02:00:22 /MATA NPC SIN INICIAR
24/3/2020 02:00:23 /TELEPLOC a x:31 Y:51 Map:45
24/3/2020 02:00:25 /MATA NPC SIN INICIAR
24/3/2020 02:00:26 /MATA NPC SIN INICIAR
24/3/2020 02:00:27 /MATA NPC SIN INICIAR
24/3/2020 02:00:29 /MATA NPC SIN INICIAR
24/3/2020 02:00:30 /MATA NPC SIN INICIAR
24/3/2020 02:00:32 /MATA NPC SIN INICIAR
24/3/2020 02:00:33 /MATA NPC SIN INICIAR
24/3/2020 02:00:35 /MATA NPC SIN INICIAR
24/3/2020 02:01:37 Mensaje Broadcast:El faraon acaba de llegar a las katas de "NIX" con su ejercito quien seran los valietnes que maten a su ejercito y maten al FARARON?.
24/3/2020 02:01:50 /INVISIBLE
24/3/2020 02:01:56 /TELEPLOC a x:42 Y:54 Map:45
24/3/2020 02:02:04 /TELEPLOC a x:43 Y:55 Map:45
24/3/2020 02:02:05 /TELEPLOC a x:43 Y:54 Map:45
24/3/2020 02:02:27 Mensaje Broadcast:El FARARON se rie de los mortales! diciendo que nadie es capas de matar a su ejercito ni a el!.
24/3/2020 02:02:33 /TELEPLOC a x:47 Y:55 Map:45
24/3/2020 02:02:33 /TELEPLOC a x:48 Y:55 Map:45
24/3/2020 02:02:34 /TELEPLOC a x:53 Y:56 Map:45
24/3/2020 02:02:34 /TELEPLOC a x:54 Y:56 Map:45
24/3/2020 02:02:34 /TELEPLOC a x:60 Y:56 Map:45
24/3/2020 02:02:34 /TELEPLOC a x:60 Y:57 Map:45
24/3/2020 02:02:34 /TELEPLOC a x:65 Y:58 Map:45
24/3/2020 02:02:35 /TELEPLOC a x:65 Y:60 Map:45
24/3/2020 02:02:35 /TELEPLOC a x:71 Y:61 Map:45
24/3/2020 02:02:35 /TELEPLOC a x:71 Y:63 Map:45
24/3/2020 02:02:35 /TELEPLOC a x:76 Y:64 Map:45
24/3/2020 02:02:35 /TELEPLOC a x:76 Y:66 Map:45
24/3/2020 02:02:36 /TELEPLOC a x:78 Y:67 Map:45
24/3/2020 02:02:36 /TELEPLOC a x:75 Y:69 Map:45
24/3/2020 02:02:36 /TELEPLOC a x:72 Y:71 Map:45
24/3/2020 02:02:36 /TELEPLOC a x:71 Y:71 Map:45
24/3/2020 02:02:37 /TELEPLOC a x:67 Y:73 Map:45
24/3/2020 02:02:37 /TELEPLOC a x:66 Y:72 Map:45
24/3/2020 02:02:37 /TELEPLOC a x:62 Y:73 Map:45
24/3/2020 02:02:38 /TELEPLOC a x:57 Y:72 Map:45
24/3/2020 02:02:39 /TELEPLOC a x:52 Y:70 Map:45
24/3/2020 02:02:40 /TELEPLOC a x:47 Y:68 Map:45
24/3/2020 02:02:40 /TELEPLOC a x:47 Y:68 Map:45
24/3/2020 02:02:40 /TELEPLOC a x:45 Y:70 Map:45
24/3/2020 02:02:41 /TELEPLOC a x:46 Y:71 Map:45
24/3/2020 02:02:41 /TELEPLOC a x:44 Y:73 Map:45
24/3/2020 02:02:42 /TELEPLOC a x:47 Y:70 Map:45
24/3/2020 02:02:46 /TELEPLOC a x:54 Y:71 Map:45
24/3/2020 02:02:47 /TELEPLOC a x:56 Y:72 Map:45
24/3/2020 02:02:48 /TELEPLOC a x:55 Y:74 Map:45
24/3/2020 02:02:49 /TELEPLOC a x:52 Y:76 Map:45
24/3/2020 02:03:08 /TELEPLOC a x:50 Y:74 Map:45
24/3/2020 02:03:08 /TELEPLOC a x:51 Y:74 Map:45
24/3/2020 02:03:09 /TELEPLOC a x:56 Y:72 Map:45
24/3/2020 02:03:17 Mensaje Broadcast:Tenemos a los primeros valientes intentado llegar a las tropas del FARAON!.
24/3/2020 02:03:43 /TELEPLOC a x:62 Y:72 Map:45
24/3/2020 02:03:44 /TELEPLOC a x:68 Y:72 Map:45
24/3/2020 02:03:44 /TELEPLOC a x:72 Y:70 Map:45
24/3/2020 02:03:45 /TELEPLOC a x:72 Y:67 Map:45
24/3/2020 02:03:45 /TELEPLOC a x:75 Y:65 Map:45
24/3/2020 02:03:45 /TELEPLOC a x:73 Y:62 Map:45
24/3/2020 02:03:48 /CC  Map:45 X:73 Y:62
24/3/2020 02:03:51 Sumoneo Medusa
24/3/2020 02:03:51 Sumoneo Medusa
24/3/2020 02:03:52 Sumoneo Asesino
24/3/2020 02:03:56 /CC  Map:45 X:76 Y:58
24/3/2020 02:03:58 Sumoneo Medusa
24/3/2020 02:03:58 Sumoneo Medusa
24/3/2020 02:03:58 Sumoneo Medusa
24/3/2020 02:03:58 Sumoneo Medusa
24/3/2020 02:03:58 Sumoneo Medusa
24/3/2020 02:03:58 Sumoneo Medusa
24/3/2020 02:03:58 Sumoneo Medusa
24/3/2020 02:04:00 /TELEPLOC a x:76 Y:64 Map:45
24/3/2020 02:04:00 /TELEPLOC a x:76 Y:63 Map:45
24/3/2020 02:04:00 /TELEPLOC a x:75 Y:69 Map:45
24/3/2020 02:04:00 /TELEPLOC a x:73 Y:72 Map:45
24/3/2020 02:04:01 /TELEPLOC a x:69 Y:69 Map:45
24/3/2020 02:04:09 /TELEPLOC a x:67 Y:69 Map:45
24/3/2020 02:04:09 /TELEPLOC a x:67 Y:70 Map:45
24/3/2020 02:04:10 /TELEPLOC a x:68 Y:70 Map:45
24/3/2020 02:04:12 /TELEPLOC a x:68 Y:72 Map:45
24/3/2020 02:04:39 Mensaje Broadcast:El faraon se rie al aldo del principe que no llegaran muy lejos !.
24/3/2020 02:04:39 /TELEPLOC a x:72 Y:68 Map:45
24/3/2020 02:04:40 /TELEPLOC a x:71 Y:67 Map:45
24/3/2020 02:04:40 /TELEPLOC a x:74 Y:63 Map:45
24/3/2020 02:04:40 /TELEPLOC a x:71 Y:63 Map:45
24/3/2020 02:04:40 /TELEPLOC a x:71 Y:60 Map:45
24/3/2020 02:04:41 /TELEPLOC a x:70 Y:57 Map:45
24/3/2020 02:04:42 /TELEPLOC a x:70 Y:58 Map:45
24/3/2020 02:05:07 /TELEPLOC a x:72 Y:61 Map:45
24/3/2020 02:05:08 /TELEPLOC a x:72 Y:64 Map:45
24/3/2020 02:05:09 /TELEPLOC a x:72 Y:66 Map:45
24/3/2020 02:05:10 /TELEPLOC a x:69 Y:66 Map:45
24/3/2020 02:05:11 /TELEPLOC a x:68 Y:67 Map:45
24/3/2020 02:05:11 /TELEPLOC a x:66 Y:69 Map:45
24/3/2020 02:05:12 /TELEPLOC a x:64 Y:71 Map:45
24/3/2020 02:05:41 Mensaje Broadcast:Con tan pocos guerreros no creo que lleguen muy lejos estos mortales!.
24/3/2020 02:05:54 /TELEPLOC a x:59 Y:72 Map:45
24/3/2020 02:05:54 /TELEPLOC a x:55 Y:73 Map:45
24/3/2020 02:05:55 /TELEPLOC a x:53 Y:72 Map:45
24/3/2020 02:05:56 /TELEPLOC a x:48 Y:72 Map:45
24/3/2020 02:05:57 /TELEPLOC a x:44 Y:72 Map:45
24/3/2020 02:05:57 /TELEPLOC a x:41 Y:72 Map:45
24/3/2020 02:06:00 /TELEPLOC a x:45 Y:71 Map:45
24/3/2020 02:06:01 /TELEPLOC a x:49 Y:71 Map:45
24/3/2020 02:06:02 /TELEPLOC a x:54 Y:70 Map:45
24/3/2020 02:06:02 /TELEPLOC a x:59 Y:71 Map:45
24/3/2020 02:06:46 Mensaje Broadcast:Evento en katas de nix" MAPA 45" 
24/3/2020 02:06:48 /TELEPLOC a x:64 Y:71 Map:45
24/3/2020 02:06:49 /TELEPLOC a x:69 Y:71 Map:45
24/3/2020 02:06:52 /TELEPLOC a x:71 Y:68 Map:45
24/3/2020 02:06:53 /TELEPLOC a x:70 Y:65 Map:45
24/3/2020 02:07:02 /TELEPLOC a x:69 Y:60 Map:45
24/3/2020 02:07:09 /TELEPLOC a x:69 Y:57 Map:45
24/3/2020 02:07:55 /TELEPLOC a x:63 Y:56 Map:45
24/3/2020 02:07:56 /TELEPLOC a x:58 Y:54 Map:45
24/3/2020 02:07:56 /TELEPLOC a x:53 Y:51 Map:45
24/3/2020 02:07:57 /TELEPLOC a x:46 Y:49 Map:45
24/3/2020 02:07:57 /TELEPLOC a x:46 Y:49 Map:45
24/3/2020 02:07:57 /TELEPLOC a x:40 Y:48 Map:45
24/3/2020 02:07:58 /TELEPLOC a x:38 Y:49 Map:45
24/3/2020 02:07:59 /TELEPLOC a x:37 Y:50 Map:45
24/3/2020 02:08:00 /TELEPLOC a x:34 Y:51 Map:45
24/3/2020 02:08:32 Mensaje Broadcast:Tenemos el clan Bad religioN tratando de matar al faron y a sus mayores guerreros! 
24/3/2020 02:10:41 /IRA AsemeTulla Mapa:34 X:25 Y:72
24/3/2020 02:11:05 Transporto a fLuder hacia Mapa49 X:50 Y:50
24/3/2020 02:11:06 /TELEPLOC a x:47 Y:50 Map:49
24/3/2020 02:11:08 /TELEPLOC a x:46 Y:48 Map:49
24/3/2020 02:11:08 /TELEPLOC a x:46 Y:45 Map:49
24/3/2020 02:11:16 /SUM AsemeTulla Map:49 X:46 Y:47
24/3/2020 02:11:20 /INVISIBLE
24/3/2020 02:30:40 /INVISIBLE
24/3/2020 02:30:49 Transporto a fLuder hacia Mapa35 X:50 Y:50
24/3/2020 02:30:54 Transporto a fLuder hacia Mapa34 X:50 Y:50
24/3/2020 02:30:55 /TELEPLOC a x:44 Y:56 Map:34
24/3/2020 02:30:56 /TELEPLOC a x:44 Y:56 Map:34
24/3/2020 02:30:56 /TELEPLOC a x:37 Y:62 Map:34
24/3/2020 02:30:56 /TELEPLOC a x:38 Y:61 Map:34
24/3/2020 02:30:56 /TELEPLOC a x:30 Y:66 Map:34
24/3/2020 02:30:56 /TELEPLOC a x:32 Y:66 Map:34
24/3/2020 02:30:57 /TELEPLOC a x:27 Y:71 Map:34
24/3/2020 02:30:57 /TELEPLOC a x:29 Y:71 Map:34
24/3/2020 02:30:57 /TELEPLOC a x:24 Y:76 Map:34
24/3/2020 02:30:58 /TELEPLOC a x:19 Y:80 Map:34
24/3/2020 02:30:59 /TELEPLOC a x:17 Y:83 Map:34
24/3/2020 02:31:00 /TELEPLOC a x:15 Y:88 Map:34
24/3/2020 02:31:02 /TELEPLOC a x:14 Y:68 Map:45
24/3/2020 02:31:03 /TELEPLOC a x:13 Y:69 Map:45
24/3/2020 02:31:03 /TELEPLOC a x:15 Y:63 Map:45
24/3/2020 02:31:04 /TELEPLOC a x:17 Y:59 Map:45
24/3/2020 02:31:04 /TELEPLOC a x:17 Y:59 Map:45
24/3/2020 02:31:04 /TELEPLOC a x:19 Y:55 Map:45
24/3/2020 02:31:05 /TELEPLOC a x:24 Y:52 Map:45
24/3/2020 02:31:05 /TELEPLOC a x:24 Y:53 Map:45
24/3/2020 02:31:05 /TELEPLOC a x:30 Y:51 Map:45
24/3/2020 02:31:05 /TELEPLOC a x:30 Y:53 Map:45
24/3/2020 02:31:06 /TELEPLOC a x:33 Y:51 Map:45
24/3/2020 02:31:06 /TELEPLOC a x:33 Y:49 Map:45
24/3/2020 02:31:06 /TELEPLOC a x:35 Y:47 Map:45
24/3/2020 02:31:06 /TELEPLOC a x:34 Y:46 Map:45
24/3/2020 02:31:10 /TELEPLOC a x:41 Y:47 Map:45
24/3/2020 02:31:10 /TELEPLOC a x:41 Y:47 Map:45
24/3/2020 02:31:11 /TELEPLOC a x:46 Y:49 Map:45
24/3/2020 02:31:11 /TELEPLOC a x:51 Y:51 Map:45
24/3/2020 02:31:12 /TELEPLOC a x:55 Y:51 Map:45
24/3/2020 02:31:12 /TELEPLOC a x:59 Y:52 Map:45
24/3/2020 02:31:13 /TELEPLOC a x:59 Y:52 Map:45
24/3/2020 02:31:13 /TELEPLOC a x:63 Y:54 Map:45
24/3/2020 02:31:13 /TELEPLOC a x:63 Y:54 Map:45
24/3/2020 02:31:13 /TELEPLOC a x:67 Y:56 Map:45
24/3/2020 02:31:13 /TELEPLOC a x:66 Y:57 Map:45
24/3/2020 02:31:13 /TELEPLOC a x:69 Y:60 Map:45
24/3/2020 02:31:14 /TELEPLOC a x:66 Y:61 Map:45
24/3/2020 02:31:14 /TELEPLOC a x:66 Y:64 Map:45
24/3/2020 02:31:14 /TELEPLOC a x:62 Y:64 Map:45
24/3/2020 02:31:14 /TELEPLOC a x:61 Y:67 Map:45
24/3/2020 02:31:14 /TELEPLOC a x:56 Y:67 Map:45
24/3/2020 02:31:15 /TELEPLOC a x:55 Y:70 Map:45
24/3/2020 02:31:15 /TELEPLOC a x:49 Y:73 Map:45
24/3/2020 02:31:15 /TELEPLOC a x:50 Y:73 Map:45
24/3/2020 02:31:18 /IRA YuNa Mapa:49 X:41 Y:44
24/3/2020 02:31:22 /INVISIBLE
25/3/2020 22:28:58 Se conecto con ip:190.247.139.112 SE: -1341433603
25/3/2020 22:29:47 /TELEPLOC a x:36 Y:60 Map:34
25/3/2020 22:29:48 /TELEPLOC a x:35 Y:63 Map:34
25/3/2020 22:29:49 /TELEPLOC a x:33 Y:67 Map:34
25/3/2020 22:29:50 /TELEPLOC a x:29 Y:71 Map:34
25/3/2020 22:29:52 /TELEPLOC a x:22 Y:78 Map:34
25/3/2020 22:35:32 /INVISIBLE
25/3/2020 22:45:55 /IRA Gato con Botas Mapa:182 X:58 Y:49
25/3/2020 22:45:59 /INVISIBLE
25/3/2020 22:46:26 /ACC Bicho:618 Map:182 X:52 Y:31
25/3/2020 22:46:32 /ACC Bicho:619 Map:182 X:52 Y:31
25/3/2020 22:46:41 /MATA NPC SIN INICIAR
25/3/2020 22:46:45 /ACC Bicho:625 Map:182 X:52 Y:31
25/3/2020 22:46:51 /ACC Bicho:30 Map:182 X:52 Y:31
25/3/2020 22:46:57 /ACC Bicho:690 Map:182 X:52 Y:31
25/3/2020 22:47:00 /MATA NPC SIN INICIAR
25/3/2020 22:47:10 /MATA NPC SIN INICIAR
25/3/2020 22:47:15 /ACC Bicho:638 Map:182 X:52 Y:32
25/3/2020 22:47:43 /MATA NPC SIN INICIAR
25/3/2020 22:47:49 /ACC Bicho:645 Map:182 X:51 Y:32
25/3/2020 22:48:06 /ACC Bicho:646 Map:182 X:50 Y:32
25/3/2020 22:48:13 /MATA NPC SIN INICIAR
25/3/2020 22:48:15 /MATA NPC SIN INICIAR
25/3/2020 22:48:29 /ACC Bicho:6 Map:182 X:50 Y:32
25/3/2020 22:48:49 /MATA NPC SIN INICIAR
25/3/2020 22:48:57 Transporto a fLuder hacia Mapa49 X:50 Y:50
25/3/2020 22:48:58 /TELEPLOC a x:45 Y:47 Map:49
25/3/2020 22:53:12 /INVISIBLE
25/3/2020 22:53:14 /IRA NeVaDa Mapa:162 X:15 Y:51
25/3/2020 22:54:01 /TELEPLOC a x:20 Y:42 Map:162
25/3/2020 22:54:01 /TELEPLOC a x:23 Y:37 Map:162
25/3/2020 22:54:02 /TELEPLOC a x:29 Y:37 Map:162
25/3/2020 22:54:03 /TELEPLOC a x:33 Y:38 Map:162
25/3/2020 22:54:06 /TELEPLOC a x:39 Y:44 Map:162
25/3/2020 22:54:09 /TELEPLOC a x:40 Y:47 Map:162
25/3/2020 22:54:12 /TELEPLOC a x:43 Y:52 Map:162
25/3/2020 22:54:13 /TELEPLOC a x:40 Y:52 Map:162
25/3/2020 22:54:15 /TELEPLOC a x:38 Y:55 Map:162
