23/3/2020 14:26:44 SS
23/3/2020 14:26:44 LC15,50
23/3/2020 14:26:44 LC15,50
23/3/2020 14:26:44 LC15,51
23/3/2020 14:26:44 ª4
23/3/2020 14:26:44 M
23/3/2020 14:26:45 LC14,51
23/3/2020 14:26:45 M
23/3/2020 14:26:45 ª2
23/3/2020 14:26:45 +
23/3/2020 14:26:45 LC27,50
23/3/2020 14:26:46 ª1
23/3/2020 14:26:46 *
23/3/2020 14:26:46 *
23/3/2020 14:26:46 *
23/3/2020 14:26:46 *
23/3/2020 14:26:48 SS
23/3/2020 14:26:51 TI12,10000
23/3/2020 14:26:51 ª3
23/3/2020 14:26:51 =
23/3/2020 14:26:51 =
23/3/2020 14:26:52 USA14
23/3/2020 14:26:53 SS
23/3/2020 14:26:57 CER725
23/3/2020 14:26:58 SS
23/3/2020 14:26:59 CER725
23/3/2020 14:27:01 CER725
23/3/2020 14:27:03 SS
23/3/2020 14:27:03 CER725
23/3/2020 14:27:06 CER725
23/3/2020 14:27:08 CER725
23/3/2020 14:27:08 SS
23/3/2020 14:27:10 CER725
23/3/2020 14:27:12 CER725
23/3/2020 14:27:13 SS
23/3/2020 14:27:14 CER725
23/3/2020 14:27:15 CER725
23/3/2020 14:27:17 CER725
23/3/2020 14:27:18 SS
23/3/2020 14:27:19 CER725
23/3/2020 14:27:22 CER725
23/3/2020 14:27:23 SS
23/3/2020 14:27:24 CER725
23/3/2020 14:27:26 CER725
23/3/2020 14:27:28 CER725
23/3/2020 14:27:29 SS
23/3/2020 14:27:30 CER725
23/3/2020 14:27:32 CER725
23/3/2020 14:27:33 SS
23/3/2020 14:27:35 CER725
23/3/2020 14:27:36 CER725
23/3/2020 14:27:38 CER725
23/3/2020 14:27:38 SS
23/3/2020 14:27:40 CER725
23/3/2020 14:27:42 CER725
23/3/2020 14:27:44 SS
23/3/2020 14:27:44 CER725
23/3/2020 14:27:46 CER725
23/3/2020 14:27:48 CER725
23/3/2020 14:27:48 SS
23/3/2020 14:27:50 CER725
23/3/2020 14:27:53 CER725
23/3/2020 14:27:53 SS
23/3/2020 14:27:54 CER725
23/3/2020 14:27:56 CER725
23/3/2020 14:27:58 CER725
23/3/2020 14:27:58 SS
23/3/2020 14:28:00 CER725
23/3/2020 14:28:02 CER725
23/3/2020 14:28:04 SS
23/3/2020 14:28:04 CER725
23/3/2020 14:28:06 CER725
23/3/2020 14:28:08 CER725
23/3/2020 14:28:08 SS
23/3/2020 14:28:10 CER725
23/3/2020 14:28:13 CER725
23/3/2020 14:28:13 SS
23/3/2020 14:28:15 CER725
23/3/2020 14:28:16 CER725
23/3/2020 14:28:18 CER725
23/3/2020 14:28:19 SS
23/3/2020 14:28:20 CER725
6/4/2020 02:46:13 SS
6/4/2020 02:46:17 CER764
6/4/2020 02:46:18 SS
6/4/2020 02:46:20 ª1
6/4/2020 02:46:20 *
6/4/2020 02:46:20 ª3
6/4/2020 02:46:20 =
6/4/2020 02:46:23 SS
6/4/2020 02:46:28 SS
6/4/2020 02:46:33 SS
6/4/2020 02:46:38 SS
6/4/2020 02:46:39 USA14
6/4/2020 02:46:43 SS
6/4/2020 02:46:48 SS
6/4/2020 02:46:53 SS
6/4/2020 02:46:58 SS
6/4/2020 02:47:03 SS
6/4/2020 02:47:08 SS
6/4/2020 02:47:13 SS
6/4/2020 02:47:18 SS
6/4/2020 02:47:19 LC72,47
6/4/2020 02:47:20 DC72,47
6/4/2020 02:47:22 LC72,47
6/4/2020 02:47:23 ACT
6/4/2020 02:47:23 LC71,47
6/4/2020 02:47:23 SS
6/4/2020 02:47:24 DC71,47
6/4/2020 02:47:27 ª1
6/4/2020 02:47:27 *
6/4/2020 02:47:27 *
6/4/2020 02:47:27 *
6/4/2020 02:47:28 SS
6/4/2020 02:47:29 ª4
6/4/2020 02:47:29 M
6/4/2020 02:47:29 ª3
6/4/2020 02:47:29 =
6/4/2020 02:47:33 SS
6/4/2020 02:47:38 SS
6/4/2020 02:47:43 SS
6/4/2020 02:47:48 SS
