24/3/2020 20:29:12 Se conecto con ip:190.137.135.247 SE: 1141600871
24/3/2020 20:29:17 Transporto a Galadriel hacia Mapa49 X:50 Y:50
24/3/2020 20:29:22 /INVISIBLE
24/3/2020 20:34:09 Mensaje Broadcast:Usuarios que precisen comprar hechizos especiales pueden conseguirlos en: Banderbil (Map59)l, Lindos (Map62) y Laurana (Map184)
24/3/2020 20:34:25 /INVISIBLE
24/3/2020 20:34:28 /INVISIBLE
24/3/2020 20:34:33 Transporto a Galadriel hacia Mapa62 X:50 Y:50
24/3/2020 20:34:35 /TELEPLOC a x:47 Y:55 Map:62
24/3/2020 20:34:35 /TELEPLOC a x:46 Y:57 Map:62
24/3/2020 20:34:36 /TELEPLOC a x:44 Y:63 Map:62
24/3/2020 20:34:36 /TELEPLOC a x:43 Y:63 Map:62
24/3/2020 20:34:36 /TELEPLOC a x:40 Y:69 Map:62
24/3/2020 20:34:38 /TELEPLOC a x:40 Y:74 Map:62
24/3/2020 20:34:38 /TELEPLOC a x:40 Y:74 Map:62
24/3/2020 20:34:39 /TELEPLOC a x:41 Y:79 Map:62
24/3/2020 20:34:40 /TELEPLOC a x:42 Y:84 Map:62
24/3/2020 20:34:40 /TELEPLOC a x:44 Y:89 Map:62
24/3/2020 20:34:42 /TELEPLOC a x:43 Y:93 Map:62
24/3/2020 20:35:08 Transporto a Galadriel hacia Mapa184 X:50 Y:50
24/3/2020 20:35:09 /TELEPLOC a x:46 Y:52 Map:184
24/3/2020 20:35:10 /TELEPLOC a x:46 Y:53 Map:184
24/3/2020 20:35:10 /TELEPLOC a x:41 Y:57 Map:184
24/3/2020 20:35:11 /TELEPLOC a x:36 Y:62 Map:184
24/3/2020 20:35:11 /TELEPLOC a x:36 Y:68 Map:184
24/3/2020 20:35:12 /TELEPLOC a x:38 Y:73 Map:184
24/3/2020 20:35:13 /TELEPLOC a x:42 Y:82 Map:184
24/3/2020 20:35:14 /TELEPLOC a x:43 Y:88 Map:184
24/3/2020 20:35:15 /TELEPLOC a x:51 Y:86 Map:184
24/3/2020 20:35:15 /TELEPLOC a x:49 Y:84 Map:184
24/3/2020 20:35:16 /TELEPLOC a x:43 Y:83 Map:184
24/3/2020 20:35:16 /TELEPLOC a x:36 Y:85 Map:184
24/3/2020 20:35:17 /TELEPLOC a x:28 Y:87 Map:184
24/3/2020 20:35:17 /TELEPLOC a x:20 Y:88 Map:184
24/3/2020 20:35:18 /TELEPLOC a x:13 Y:86 Map:184
24/3/2020 20:35:19 /TELEPLOC a x:13 Y:86 Map:184
24/3/2020 20:35:20 /TELEPLOC a x:18 Y:82 Map:184
24/3/2020 20:35:20 /TELEPLOC a x:23 Y:76 Map:184
24/3/2020 20:35:21 /TELEPLOC a x:26 Y:70 Map:184
24/3/2020 20:35:22 /TELEPLOC a x:25 Y:64 Map:184
24/3/2020 20:35:22 /TELEPLOC a x:23 Y:58 Map:184
24/3/2020 20:35:23 /TELEPLOC a x:22 Y:52 Map:184
24/3/2020 20:35:24 /TELEPLOC a x:20 Y:48 Map:184
24/3/2020 20:35:25 /TELEPLOC a x:16 Y:43 Map:184
24/3/2020 20:35:25 /TELEPLOC a x:11 Y:39 Map:184
24/3/2020 20:35:30 /INVISIBLE
24/3/2020 20:35:32 /TELEPLOC a x:18 Y:34 Map:184
24/3/2020 20:35:32 /TELEPLOC a x:25 Y:29 Map:184
24/3/2020 20:35:43 /TELEPLOC a x:34 Y:29 Map:184
24/3/2020 20:35:43 /TELEPLOC a x:41 Y:30 Map:184
24/3/2020 20:35:44 /TELEPLOC a x:48 Y:31 Map:184
24/3/2020 20:35:45 /TELEPLOC a x:55 Y:32 Map:184
24/3/2020 20:35:45 /TELEPLOC a x:62 Y:30 Map:184
24/3/2020 20:35:46 /TELEPLOC a x:62 Y:27 Map:184
24/3/2020 20:35:47 /TELEPLOC a x:69 Y:21 Map:184
24/3/2020 20:35:48 /TELEPLOC a x:75 Y:16 Map:184
24/3/2020 20:35:50 /TELEPLOC a x:85 Y:14 Map:184
24/3/2020 20:35:51 /TELEPLOC a x:85 Y:22 Map:184
24/3/2020 20:35:52 /TELEPLOC a x:84 Y:28 Map:184
24/3/2020 20:35:53 /TELEPLOC a x:84 Y:34 Map:184
24/3/2020 20:35:53 /TELEPLOC a x:84 Y:40 Map:184
24/3/2020 20:35:54 /TELEPLOC a x:84 Y:46 Map:184
24/3/2020 20:35:55 /TELEPLOC a x:84 Y:52 Map:184
24/3/2020 20:35:55 /TELEPLOC a x:84 Y:57 Map:184
24/3/2020 20:35:56 /TELEPLOC a x:84 Y:62 Map:184
24/3/2020 20:35:57 /TELEPLOC a x:84 Y:67 Map:184
24/3/2020 20:35:57 /TELEPLOC a x:84 Y:72 Map:184
24/3/2020 20:35:58 /TELEPLOC a x:84 Y:77 Map:184
24/3/2020 20:36:01 /TELEPLOC a x:78 Y:79 Map:184
24/3/2020 20:36:02 /TELEPLOC a x:77 Y:83 Map:184
24/3/2020 20:36:02 /TELEPLOC a x:76 Y:87 Map:184
24/3/2020 20:36:03 /TELEPLOC a x:74 Y:91 Map:184
24/3/2020 20:36:04 /TELEPLOC a x:67 Y:88 Map:184
24/3/2020 20:36:05 /TELEPLOC a x:60 Y:86 Map:184
24/3/2020 20:36:06 /TELEPLOC a x:54 Y:83 Map:184
24/3/2020 20:36:06 /TELEPLOC a x:48 Y:85 Map:184
24/3/2020 20:36:07 /TELEPLOC a x:42 Y:86 Map:184
24/3/2020 20:36:09 /TELEPLOC a x:50 Y:88 Map:184
24/3/2020 20:36:09 /TELEPLOC a x:56 Y:89 Map:184
24/3/2020 20:36:10 /TELEPLOC a x:63 Y:90 Map:184
24/3/2020 20:36:10 /TELEPLOC a x:70 Y:88 Map:184
24/3/2020 20:36:10 /TELEPLOC a x:77 Y:86 Map:184
24/3/2020 20:36:11 /TELEPLOC a x:84 Y:86 Map:184
24/3/2020 20:36:12 /TELEPLOC a x:91 Y:86 Map:184
24/3/2020 20:36:12 /TELEPLOC a x:91 Y:86 Map:184
24/3/2020 20:36:15 /TELEPLOC a x:21 Y:81 Map:183
24/3/2020 20:36:16 /TELEPLOC a x:28 Y:82 Map:183
24/3/2020 20:36:16 /TELEPLOC a x:33 Y:79 Map:183
24/3/2020 20:36:17 /TELEPLOC a x:28 Y:77 Map:183
24/3/2020 20:36:17 /TELEPLOC a x:26 Y:71 Map:183
24/3/2020 20:36:18 /TELEPLOC a x:24 Y:65 Map:183
24/3/2020 20:36:18 /TELEPLOC a x:25 Y:59 Map:183
24/3/2020 20:36:19 /TELEPLOC a x:22 Y:54 Map:183
24/3/2020 20:36:20 /TELEPLOC a x:17 Y:53 Map:183
24/3/2020 20:36:26 /TELEPLOC a x:15 Y:47 Map:183
24/3/2020 20:37:21 /TELEPLOC a x:14 Y:51 Map:183
24/3/2020 20:41:10 /TELEPLOC a x:18 Y:50 Map:183
24/3/2020 20:41:11 /TELEPLOC a x:18 Y:50 Map:183
24/3/2020 20:43:22 Se conecto con ip:190.137.135.247 SE: 1141600871
24/3/2020 20:43:26 Transporto a Galadriel hacia Mapa49 X:50 Y:50
24/3/2020 20:46:21 Hora.
24/3/2020 20:47:28 /INVISIBLE
24/3/2020 20:47:31 Transporto a Galadriel hacia Mapa188 X:50 Y:50
24/3/2020 20:47:43 Transporto a Galadriel hacia Mapa159 X:50 Y:50
24/3/2020 20:47:49 /TELEPLOC a x:49 Y:54 Map:159
24/3/2020 20:48:18 Mensaje Broadcast:Mapa 159, dragon ROJO con probabilidad de largar gema Naranja.
24/3/2020 20:49:24 Mensaje Broadcast:Mapa 159, dragon ROJO con probabilidad de largar gema Naranja.
24/3/2020 20:49:27 /TELEPLOC a x:44 Y:55 Map:159
24/3/2020 20:49:28 /TELEPLOC a x:40 Y:53 Map:159
24/3/2020 20:49:53 /IRA KarCheR Mapa:162 X:51 Y:26
24/3/2020 20:49:58 /TELEPLOC a x:56 Y:28 Map:162
24/3/2020 20:50:18 Transporto a Galadriel hacia Mapa68 X:50 Y:50
24/3/2020 20:50:30 Transporto a Galadriel hacia Mapa59 X:50 Y:50
24/3/2020 20:50:31 /TELEPLOC a x:57 Y:53 Map:59
24/3/2020 20:50:32 /TELEPLOC a x:64 Y:56 Map:59
24/3/2020 20:50:32 /TELEPLOC a x:71 Y:61 Map:59
24/3/2020 20:50:33 /TELEPLOC a x:77 Y:65 Map:59
24/3/2020 20:50:34 /TELEPLOC a x:83 Y:69 Map:59
24/3/2020 20:50:35 /TELEPLOC a x:88 Y:64 Map:59
24/3/2020 20:50:50 Transporto a Galadriel hacia Mapa81 X:50 Y:50
24/3/2020 20:50:52 /TELEPLOC a x:52 Y:53 Map:81
24/3/2020 20:50:52 /TELEPLOC a x:50 Y:55 Map:81
24/3/2020 20:50:53 /TELEPLOC a x:48 Y:60 Map:81
24/3/2020 20:50:54 /TELEPLOC a x:55 Y:66 Map:81
24/3/2020 20:50:55 /TELEPLOC a x:61 Y:71 Map:81
24/3/2020 20:50:56 /TELEPLOC a x:54 Y:76 Map:81
24/3/2020 20:51:14 /IRA Joker Mapa:34 X:23 Y:67
24/3/2020 20:51:17 /IRA Mefisto Mapa:34 X:64 Y:71
24/3/2020 20:51:20 /IRA Kingred Mapa:49 X:45 Y:47
24/3/2020 20:51:22 /IRA YuNa Mapa:49 X:38 Y:45
24/3/2020 20:52:02 Transporto a Galadriel hacia Mapa63 X:50 Y:50
24/3/2020 20:52:04 /TELEPLOC a x:50 Y:56 Map:63
24/3/2020 20:52:04 /TELEPLOC a x:52 Y:56 Map:63
24/3/2020 20:52:05 /TELEPLOC a x:53 Y:61 Map:63
24/3/2020 20:52:05 /TELEPLOC a x:51 Y:61 Map:63
24/3/2020 20:52:06 /TELEPLOC a x:52 Y:66 Map:63
24/3/2020 20:52:07 /TELEPLOC a x:51 Y:60 Map:63
24/3/2020 20:52:08 /TELEPLOC a x:50 Y:55 Map:63
24/3/2020 20:52:08 /TELEPLOC a x:50 Y:49 Map:63
24/3/2020 20:52:09 /TELEPLOC a x:50 Y:49 Map:63
24/3/2020 20:52:09 /TELEPLOC a x:50 Y:43 Map:63
24/3/2020 20:52:10 /TELEPLOC a x:51 Y:37 Map:63
24/3/2020 20:52:10 /TELEPLOC a x:53 Y:32 Map:63
24/3/2020 20:52:11 /TELEPLOC a x:55 Y:26 Map:63
24/3/2020 20:52:11 /TELEPLOC a x:57 Y:20 Map:63
24/3/2020 20:52:12 /TELEPLOC a x:58 Y:14 Map:63
24/3/2020 20:52:13 /TELEPLOC a x:58 Y:8 Map:63
24/3/2020 20:52:13 /TELEPLOC a x:58 Y:8 Map:63
24/3/2020 20:52:14 /TELEPLOC a x:58 Y:8 Map:63
24/3/2020 20:52:15 /TELEPLOC a x:55 Y:8 Map:63
24/3/2020 20:52:17 /TELEPLOC a x:47 Y:92 Map:62
24/3/2020 20:52:34 Transporto a Galadriel hacia Mapa183 X:50 Y:50
24/3/2020 20:52:38 /TELEPLOC a x:41 Y:52 Map:183
24/3/2020 20:52:39 /TELEPLOC a x:34 Y:54 Map:183
24/3/2020 20:52:40 /TELEPLOC a x:27 Y:55 Map:183
24/3/2020 20:52:40 /TELEPLOC a x:20 Y:55 Map:183
24/3/2020 20:52:41 /TELEPLOC a x:13 Y:54 Map:183
24/3/2020 20:52:47 /TELEPLOC a x:21 Y:55 Map:183
24/3/2020 20:52:48 /TELEPLOC a x:27 Y:58 Map:183
24/3/2020 20:52:58 Transporto a Galadriel hacia Mapa170 X:50 Y:50
24/3/2020 20:52:59 /TELEPLOC a x:43 Y:53 Map:170
24/3/2020 20:52:59 /TELEPLOC a x:36 Y:55 Map:170
24/3/2020 20:53:00 /TELEPLOC a x:29 Y:57 Map:170
24/3/2020 20:53:01 /TELEPLOC a x:22 Y:60 Map:170
24/3/2020 20:53:02 /TELEPLOC a x:18 Y:64 Map:170
24/3/2020 20:53:45 Transporto a Galadriel hacia Mapa83 X:50 Y:50
24/3/2020 20:53:46 /TELEPLOC a x:46 Y:51 Map:83
24/3/2020 20:53:47 /TELEPLOC a x:44 Y:56 Map:83
24/3/2020 20:53:47 /TELEPLOC a x:43 Y:56 Map:83
24/3/2020 20:53:47 /TELEPLOC a x:39 Y:61 Map:83
24/3/2020 20:53:48 /TELEPLOC a x:37 Y:60 Map:83
24/3/2020 20:53:48 /TELEPLOC a x:32 Y:65 Map:83
24/3/2020 20:53:49 /TELEPLOC a x:26 Y:68 Map:83
24/3/2020 20:53:49 /TELEPLOC a x:26 Y:64 Map:83
24/3/2020 20:53:54 Transporto a Galadriel hacia Mapa82 X:50 Y:50
24/3/2020 20:54:07 Transporto a Galadriel hacia Mapa84 X:50 Y:50
24/3/2020 20:54:10 /TELEPLOC a x:49 Y:56 Map:84
24/3/2020 20:54:10 /TELEPLOC a x:51 Y:57 Map:84
24/3/2020 20:54:11 /TELEPLOC a x:54 Y:63 Map:84
24/3/2020 20:54:11 /TELEPLOC a x:54 Y:62 Map:84
24/3/2020 20:54:13 /TELEPLOC a x:60 Y:66 Map:84
24/3/2020 20:54:14 /TELEPLOC a x:66 Y:70 Map:84
24/3/2020 20:54:14 /TELEPLOC a x:73 Y:75 Map:84
24/3/2020 20:54:15 /TELEPLOC a x:78 Y:81 Map:84
24/3/2020 20:54:16 /TELEPLOC a x:84 Y:86 Map:84
24/3/2020 20:54:16 /TELEPLOC a x:90 Y:91 Map:84
24/3/2020 20:54:24 Transporto a Galadriel hacia Mapa85 X:50 Y:50
24/3/2020 20:54:25 /TELEPLOC a x:47 Y:45 Map:85
24/3/2020 20:54:26 /TELEPLOC a x:42 Y:40 Map:85
24/3/2020 20:54:27 /TELEPLOC a x:35 Y:35 Map:85
24/3/2020 20:54:27 /TELEPLOC a x:29 Y:36 Map:85
24/3/2020 20:54:28 /TELEPLOC a x:23 Y:38 Map:85
24/3/2020 20:54:28 /TELEPLOC a x:17 Y:40 Map:85
24/3/2020 20:54:29 /TELEPLOC a x:10 Y:42 Map:85
24/3/2020 20:54:30 /TELEPLOC a x:16 Y:43 Map:85
24/3/2020 20:54:30 /TELEPLOC a x:18 Y:44 Map:85
24/3/2020 20:54:30 /TELEPLOC a x:25 Y:46 Map:85
24/3/2020 20:54:31 /TELEPLOC a x:32 Y:47 Map:85
24/3/2020 20:54:31 /TELEPLOC a x:32 Y:44 Map:85
24/3/2020 20:54:32 /TELEPLOC a x:39 Y:42 Map:85
24/3/2020 20:54:32 /TELEPLOC a x:38 Y:42 Map:85
24/3/2020 20:54:33 /TELEPLOC a x:45 Y:43 Map:85
24/3/2020 20:54:33 /TELEPLOC a x:52 Y:43 Map:85
24/3/2020 20:54:34 /TELEPLOC a x:59 Y:42 Map:85
24/3/2020 20:54:34 /TELEPLOC a x:66 Y:41 Map:85
24/3/2020 20:54:35 /TELEPLOC a x:73 Y:41 Map:85
24/3/2020 20:54:36 /TELEPLOC a x:72 Y:37 Map:85
24/3/2020 20:54:36 /TELEPLOC a x:67 Y:33 Map:85
24/3/2020 20:54:37 /TELEPLOC a x:62 Y:29 Map:85
24/3/2020 20:54:37 /TELEPLOC a x:56 Y:25 Map:85
24/3/2020 20:54:38 /TELEPLOC a x:50 Y:22 Map:85
24/3/2020 20:57:46 Mensaje Broadcast:@Flow comerciantes en ciudades, npcs de items especiales, y si buscas algo en particular Herrero
24/3/2020 20:57:59 /TELEPLOC a x:52 Y:17 Map:85
24/3/2020 20:58:05 Transporto a Galadriel hacia Mapa49 X:40 Y:40
24/3/2020 20:58:19 /IRA Mefisto Mapa:34 X:25 Y:68
24/3/2020 20:58:23 /IRA Kingred Mapa:110 X:49 Y:55
24/3/2020 20:58:26 /IRA Joker Mapa:49 X:50 Y:46
24/3/2020 20:58:29 /IRA Galadriel Mapa:49 X:50 Y:48
24/3/2020 20:58:31 /IRA YuNa Mapa:49 X:38 Y:45
24/3/2020 20:58:34 /IRA Kingred Mapa:110 X:49 Y:55
24/3/2020 20:58:36 /TELEPLOC a x:46 Y:58 Map:110
24/3/2020 20:58:42 /TELEPLOC a x:54 Y:55 Map:110
24/3/2020 20:58:47 /TELEPLOC a x:56 Y:50 Map:110
24/3/2020 20:58:48 /TELEPLOC a x:58 Y:45 Map:110
24/3/2020 20:58:49 /TELEPLOC a x:56 Y:40 Map:110
24/3/2020 20:58:50 /TELEPLOC a x:49 Y:37 Map:110
24/3/2020 20:58:51 /TELEPLOC a x:44 Y:41 Map:110
24/3/2020 20:58:54 /TELEPLOC a x:40 Y:43 Map:110
24/3/2020 20:58:55 /TELEPLOC a x:35 Y:45 Map:110
24/3/2020 20:58:57 /TELEPLOC a x:40 Y:50 Map:110
24/3/2020 20:58:58 /TELEPLOC a x:47 Y:55 Map:110
24/3/2020 20:59:00 /TELEPLOC a x:53 Y:51 Map:110
24/3/2020 20:59:01 /TELEPLOC a x:55 Y:48 Map:110
24/3/2020 20:59:02 /TELEPLOC a x:53 Y:45 Map:110
24/3/2020 20:59:15 /TELEPLOC a x:52 Y:51 Map:110
24/3/2020 20:59:16 /TELEPLOC a x:48 Y:57 Map:110
24/3/2020 20:59:19 /TELEPLOC a x:53 Y:53 Map:110
24/3/2020 20:59:20 /TELEPLOC a x:55 Y:48 Map:110
24/3/2020 20:59:21 /TELEPLOC a x:52 Y:44 Map:110
24/3/2020 21:00:08 /TELEPLOC a x:46 Y:40 Map:110
24/3/2020 21:00:17 Transporto a Galadriel hacia Mapa49 X:50 Y:50
24/3/2020 21:00:20 /TELEPLOC a x:53 Y:55 Map:49
24/3/2020 21:00:21 /TELEPLOC a x:48 Y:57 Map:49
24/3/2020 21:00:22 /TELEPLOC a x:43 Y:57 Map:49
24/3/2020 21:00:22 /TELEPLOC a x:43 Y:57 Map:49
24/3/2020 21:00:28 /TELEPLOC a x:38 Y:61 Map:49
24/3/2020 21:00:30 /TELEPLOC a x:41 Y:55 Map:49
24/3/2020 21:00:31 /TELEPLOC a x:41 Y:48 Map:49
24/3/2020 21:00:37 /INVISIBLE
24/3/2020 21:08:07 /TELEPLOC a x:40 Y:48 Map:49
24/3/2020 21:09:40 /mod galadriel body 1
24/3/2020 21:09:46 /mod galadriel body 2
24/3/2020 21:09:50 /mod galadriel body 100
24/3/2020 21:10:45 /mod galadriel body 392
24/3/2020 21:11:21 /mod galadriel body 391
24/3/2020 21:11:26 /mod galadriel body 291
24/3/2020 21:12:14 /TELEPLOC a x:39 Y:48 Map:49
24/3/2020 21:12:39 /mod galadriel body 340
24/3/2020 21:12:50 /mod galadriel body 342
24/3/2020 21:12:57 /mod galadriel body 341
24/3/2020 21:13:25 /TELEPLOC a x:39 Y:49 Map:49
24/3/2020 21:18:11 /mod galadriel head 800
24/3/2020 21:18:14 /TELEPLOC a x:40 Y:47 Map:49
24/3/2020 21:18:18 /INVISIBLE
24/3/2020 21:18:20 /INVISIBLE
24/3/2020 21:18:36 /TELEPLOC a x:39 Y:48 Map:49
24/3/2020 21:20:58 Transporto a Galadriel hacia Mapa34 X:50 Y:50
24/3/2020 21:20:59 /TELEPLOC a x:44 Y:55 Map:34
24/3/2020 21:21:42 /TELEPLOC a x:29 Y:69 Map:34
24/3/2020 21:26:13 Transporto a Galadriel hacia Mapa49 X:50 Y:50
24/3/2020 21:27:06 Se conecto con ip:190.137.135.247 SE: 1141600871
24/3/2020 21:27:08 /TELEPLOC a x:48 Y:47 Map:49
24/3/2020 21:28:14 /mod galadriel head 800
24/3/2020 21:28:33 /mod joker head 800
24/3/2020 21:28:40 /mod joker head 800
24/3/2020 21:28:48 /mod joker head 801
24/3/2020 21:49:25 /info conny
24/3/2020 21:54:02 Mensaje Broadcast:Lindos
24/3/2020 21:55:21 /MATA NPC SIN INICIAR
24/3/2020 21:55:24 /MATA NPC SIN INICIAR
24/3/2020 21:55:26 /TELEPLOC a x:41 Y:47 Map:49
24/3/2020 22:08:38 /INVISIBLE
24/3/2020 22:08:46 /IRA HvitSark Mapa:246 X:50 Y:70
24/3/2020 22:08:56 /TELEPLOC a x:58 Y:53 Map:246
24/3/2020 22:09:13 /IRA TiTaNiO Mapa:172 X:51 Y:73
24/3/2020 22:09:17 /TELEPLOC a x:48 Y:74 Map:172
24/3/2020 22:09:28 /TELEPLOC a x:44 Y:79 Map:172
24/3/2020 22:09:32 /TELEPLOC a x:48 Y:83 Map:172
24/3/2020 22:11:22 /IRA Marilin Mapa:185 X:26 Y:23
24/3/2020 22:11:23 /TELEPLOC a x:18 Y:24 Map:185
24/3/2020 22:11:25 /TELEPLOC a x:19 Y:19 Map:185
24/3/2020 22:11:26 /TELEPLOC a x:12 Y:16 Map:185
24/3/2020 22:11:27 /TELEPLOC a x:12 Y:16 Map:185
24/3/2020 22:11:27 /TELEPLOC a x:17 Y:13 Map:185
24/3/2020 22:11:31 Transporto a Galadriel hacia Mapa1 X:50 Y:50
24/3/2020 22:11:33 /TELEPLOC a x:57 Y:47 Map:1
24/3/2020 22:11:34 /TELEPLOC a x:53 Y:50 Map:1
24/3/2020 22:11:36 /TELEPLOC a x:57 Y:47 Map:1
24/3/2020 22:11:38 /TELEPLOC a x:44 Y:53 Map:34
24/3/2020 22:11:39 /TELEPLOC a x:37 Y:57 Map:34
24/3/2020 22:11:39 /TELEPLOC a x:31 Y:62 Map:34
24/3/2020 22:11:47 /INVISIBLE
24/3/2020 22:12:00 /TELEPLOC a x:24 Y:68 Map:34
24/3/2020 22:12:15 /IRA Mefisto Mapa:34 X:51 Y:70
24/3/2020 22:12:17 /IRA Galadriel Mapa:34 X:51 Y:72
24/3/2020 22:12:19 /IRA Kingred Mapa:49 X:45 Y:47
24/3/2020 22:12:21 /IRA Joker Mapa:34 X:29 Y:62
24/3/2020 22:12:23 /IRA YuNa Mapa:49 X:38 Y:45
24/3/2020 22:12:28 Transporto a Galadriel hacia Mapa34 X:50 Y:50
24/3/2020 22:12:30 /TELEPLOC a x:45 Y:50 Map:34
24/3/2020 22:12:30 /TELEPLOC a x:39 Y:51 Map:34
24/3/2020 22:12:31 /TELEPLOC a x:39 Y:52 Map:34
24/3/2020 22:12:32 /TELEPLOC a x:33 Y:55 Map:34
24/3/2020 22:12:33 /TELEPLOC a x:31 Y:61 Map:34
24/3/2020 22:12:35 /TELEPLOC a x:25 Y:67 Map:34
24/3/2020 22:12:36 /TELEPLOC a x:24 Y:68 Map:34
24/3/2020 22:12:47 Transporto a Galadriel hacia Mapa34 X:50 Y:50
24/3/2020 22:12:50 /INVISIBLE
24/3/2020 22:12:54 /TELEPLOC a x:39 Y:58 Map:34
24/3/2020 22:12:55 /TELEPLOC a x:35 Y:63 Map:34
24/3/2020 22:12:56 /TELEPLOC a x:29 Y:67 Map:34
24/3/2020 22:12:59 /TELEPLOC a x:24 Y:70 Map:34
24/3/2020 22:13:07 /TELEPLOC a x:29 Y:68 Map:34
24/3/2020 22:13:46 /IRA Joker Mapa:34 X:24 Y:67
24/3/2020 22:13:59 /TELEPLOC a x:25 Y:66 Map:34
24/3/2020 22:14:23 /mod galadriel head 800
24/3/2020 22:14:29 /mod galadriel body 471
24/3/2020 22:14:35 /TELEPLOC a x:25 Y:66 Map:34
24/3/2020 22:14:35 /TELEPLOC a x:25 Y:66 Map:34
24/3/2020 22:14:36 /TELEPLOC a x:25 Y:66 Map:34
24/3/2020 22:14:37 /TELEPLOC a x:24 Y:66 Map:34
24/3/2020 22:14:37 /TELEPLOC a x:23 Y:66 Map:34
24/3/2020 22:14:39 /TELEPLOC a x:22 Y:66 Map:34
24/3/2020 22:14:46 /mod galadriel body 471
24/3/2020 22:14:50 /TELEPLOC a x:22 Y:64 Map:34
24/3/2020 22:14:54 /mod galadriel body 1
24/3/2020 22:15:00 Se conecto con ip:190.137.135.247 SE: 1141600871
24/3/2020 22:15:09 /mod galadriel head 800
24/3/2020 22:15:22 /TELEPLOC a x:26 Y:69 Map:34
24/3/2020 22:15:24 /TELEPLOC a x:29 Y:69 Map:34
24/3/2020 22:16:52 /mod joker body 259
24/3/2020 22:16:54 /TELEPLOC a x:25 Y:63 Map:34
24/3/2020 22:16:55 /TELEPLOC a x:24 Y:57 Map:34
24/3/2020 22:16:57 /IRA Joker Mapa:31 X:53 Y:52
24/3/2020 22:17:14 Transporto a Galadriel hacia Mapa49 X:50 Y:50
24/3/2020 22:17:17 /SUM Silock Map:49 X:50 Y:50
24/3/2020 22:17:45 Transporto a Silock hacia Mapa34 X:50 Y:50
24/3/2020 22:17:49 /TELEPLOC a x:43 Y:48 Map:49
24/3/2020 22:18:00 /INVISIBLE
24/3/2020 22:18:02 /INVISIBLE
24/3/2020 22:18:27 /mod galadriel body 263
24/3/2020 22:18:47 /mod galadriel body 277
24/3/2020 22:40:45 Se conecto con ip:190.137.135.247 SE: 1141600871
24/3/2020 22:41:33 /PROCESOS Galadriel
24/3/2020 22:42:51 Mensaje Broadcast:Todas las clases Guerreras y Mixtas utilizan MD
24/3/2020 22:45:55 /INVISIBLE
24/3/2020 22:45:57 /IRA TiTaNiO Mapa:176 X:79 Y:74
24/3/2020 22:46:01 /TELEPLOC a x:75 Y:76 Map:176
24/3/2020 22:46:43 /TELEPLOC a x:80 Y:71 Map:176
24/3/2020 22:46:58 Mensaje Broadcast:Si chicos, dropean capas los Hobbits
24/3/2020 22:50:12 /IRA FanTa Mapa:110 X:42 Y:57
24/3/2020 22:50:16 /TELEPLOC a x:37 Y:55 Map:110
24/3/2020 22:50:18 /TELEPLOC a x:34 Y:52 Map:110
24/3/2020 22:50:22 Transporto a Galadriel hacia Mapa49 X:50 Y:50
24/3/2020 22:50:28 /SUM NeVaDa Map:49 X:50 Y:56
24/3/2020 22:53:42 /mod objeto1
24/3/2020 22:53:48 /mod galadriel objeto1
24/3/2020 22:53:55 /mod galadriel objeto1 1
24/3/2020 22:54:13 /mod galadriel objeto 12
24/3/2020 22:57:32 /mod galadriel objeto 1096
24/3/2020 22:58:52 /mod galadriel objetox 1096
24/3/2020 22:58:53 Agarro:1000 Objeto:Diamante Sangre
24/3/2020 22:59:09 Tiro cantidad:999 Objeto:Diamante Sangre
24/3/2020 22:59:11 /DEST: 1096/999
24/3/2020 23:02:26 /INVISIBLE
24/3/2020 23:02:29 /INVISIBLE
24/3/2020 23:02:33 /IRA Joker Mapa:34 X:47 Y:45
24/3/2020 23:02:43 /IRA Mefisto Mapa:34 X:33 Y:55
24/3/2020 23:02:46 /IRA Kingred Mapa:49 X:42 Y:45
24/3/2020 23:02:51 /IRA YuNa Mapa:49 X:38 Y:45
24/3/2020 23:02:53 /IRA Joker Mapa:34 X:47 Y:45
24/3/2020 23:02:58 Transporto a Galadriel hacia Mapa49 X:50 Y:50
24/3/2020 23:11:06 /TELEPLOC a x:48 Y:48 Map:49
24/3/2020 23:11:14 /IRA Mefisto Mapa:303 X:37 Y:46
24/3/2020 23:11:18 /TELEPLOC a x:36 Y:51 Map:303
24/3/2020 23:11:24 /IRA Joker Mapa:166 X:77 Y:55
24/3/2020 23:11:26 /IRA YuNa Mapa:49 X:38 Y:45
24/3/2020 23:11:29 /IRA Mefisto Mapa:303 X:37 Y:46
24/3/2020 23:11:33 /TELEPLOC a x:34 Y:51 Map:303
24/3/2020 23:13:20 /TELEPLOC a x:27 Y:50 Map:303
24/3/2020 23:13:30 /TELEPLOC a x:27 Y:41 Map:303
24/3/2020 23:13:31 /TELEPLOC a x:26 Y:35 Map:303
24/3/2020 23:13:32 /TELEPLOC a x:28 Y:37 Map:303
24/3/2020 23:13:33 /mod obj 208
24/3/2020 23:13:43 Transporto a Galadriel hacia Mapa34 X:50 Y:50
24/3/2020 23:13:46 Transporto a Galadriel hacia Mapa49 X:50 Y:50
24/3/2020 23:13:59 /mod galadriel objx 208
24/3/2020 23:14:18 /mod galadriel obj 208
24/3/2020 23:14:41 /IRA Mefisto Mapa:303 X:36 Y:46
24/3/2020 23:14:42 /TELEPLOC a x:36 Y:51 Map:303
24/3/2020 23:18:50 /TELEPLOC a x:28 Y:48 Map:303
24/3/2020 23:21:46 /IRA ApoLo Mapa:112 X:47 Y:47
24/3/2020 23:22:04 /IRA Joker Mapa:303 X:28 Y:51
24/3/2020 23:28:15 Se conecto con ip:190.137.135.247 SE: 1141600871
24/3/2020 23:28:22 /INVISIBLE
24/3/2020 23:28:41 /TELEPLOC a x:30 Y:30 Map:34
24/3/2020 23:28:41 /TELEPLOC a x:25 Y:25 Map:34
24/3/2020 23:28:42 /TELEPLOC a x:19 Y:20 Map:34
24/3/2020 23:29:14 /TELEPLOC a x:18 Y:20 Map:34
24/3/2020 23:29:15 /TELEPLOC a x:18 Y:20 Map:34
24/3/2020 23:31:12 /IRA Joker Mapa:34 X:21 Y:77
24/3/2020 23:31:18 /TELEPLOC a x:19 Y:72 Map:34
24/3/2020 23:31:18 /TELEPLOC a x:17 Y:66 Map:34
24/3/2020 23:31:19 /TELEPLOC a x:15 Y:60 Map:34
24/3/2020 23:31:20 /TELEPLOC a x:15 Y:55 Map:34
24/3/2020 23:31:21 /TELEPLOC a x:18 Y:50 Map:34
24/3/2020 23:31:21 /TELEPLOC a x:20 Y:44 Map:34
24/3/2020 23:31:22 /TELEPLOC a x:18 Y:38 Map:34
24/3/2020 23:31:23 /TELEPLOC a x:19 Y:32 Map:34
24/3/2020 23:31:23 /TELEPLOC a x:21 Y:26 Map:34
24/3/2020 23:31:24 /TELEPLOC a x:20 Y:20 Map:34
24/3/2020 23:31:36 /INVISIBLE
24/3/2020 23:33:03 Se conecto con ip:190.137.135.247 SE: 1141600871
24/3/2020 23:33:05 /TELEPLOC a x:11 Y:22 Map:34
24/3/2020 23:33:06 /TELEPLOC a x:9 Y:27 Map:34
24/3/2020 23:33:08 /TELEPLOC a x:12 Y:30 Map:34
24/3/2020 23:33:57 /INVISIBLE
24/3/2020 23:34:17 /TELEPLOC a x:12 Y:28 Map:34
24/3/2020 23:34:27 Se conecto con ip:190.137.135.247 SE: 1141600871
24/3/2020 23:34:36 /TELEPLOC a x:19 Y:29 Map:34
24/3/2020 23:34:37 /TELEPLOC a x:19 Y:30 Map:34
24/3/2020 23:34:38 /TELEPLOC a x:17 Y:30 Map:34
24/3/2020 23:45:16 Se conecto con ip:190.137.135.247 SE: 1141600871
24/3/2020 23:45:24 /IRA Joker Mapa:34 X:21 Y:78
24/3/2020 23:45:27 /TELEPLOC a x:25 Y:75 Map:34
24/3/2020 23:45:55 Mensaje Broadcast:Hola muchachos! como la estan pasando?
24/3/2020 23:49:25 /TELEPLOC a x:34 Y:84 Map:34
24/3/2020 23:49:43 Tiro cantidad:1 Objeto:Manzana Roja (Newbies)
24/3/2020 23:49:50 /TELEPLOC a x:34 Y:84 Map:34
24/3/2020 23:49:50 Agarro:1 Objeto:Manzana Roja (Newbies)
24/3/2020 23:52:51 Mensaje Broadcast:QUIEREN JUGAR UN DEATHMATCH?
24/3/2020 23:52:57 Mensaje Broadcast:QUIEREN JUGAR UN DEATHMATCH?
24/3/2020 23:53:05 /TELEPLOC a x:26 Y:50 Map:34
24/3/2020 23:53:06 /TELEPLOC a x:26 Y:45 Map:34
24/3/2020 23:53:22 /TELEPLOC a x:32 Y:57 Map:34
24/3/2020 23:53:23 /TELEPLOC a x:32 Y:62 Map:34
24/3/2020 23:53:24 /TELEPLOC a x:32 Y:68 Map:34
24/3/2020 23:54:06 Mensaje Broadcast:DeathMatch, 15 Cupos, ganador se lleva CAPA HOBBIT. LARGO: 00:00HS
24/3/2020 23:54:08 Mensaje Broadcast:DeathMatch, 15 Cupos, ganador se lleva CAPA HOBBIT. LARGO: 00:00HS
24/3/2020 23:54:14 Transporto a Galadriel hacia Mapa49 X:50 Y:50
24/3/2020 23:56:16 Mensaje Broadcast:DeathMatch, 15 Cupos, ganador se lleva CAPA HOBBIT. LARGO: 00:00HS
24/3/2020 23:56:27 Transporto a Galadriel hacia Mapa303 X:50 Y:50
24/3/2020 23:56:33 /TELEPLOC a x:45 Y:41 Map:303
24/3/2020 23:56:35 /TELEPLOC a x:39 Y:44 Map:303
24/3/2020 23:56:35 /TELEPLOC a x:35 Y:47 Map:303
24/3/2020 23:56:36 /TELEPLOC a x:34 Y:47 Map:303
24/3/2020 23:56:37 /TELEPLOC a x:39 Y:46 Map:303
24/3/2020 23:56:37 /TELEPLOC a x:45 Y:47 Map:303
24/3/2020 23:56:40 /TELEPLOC a x:45 Y:41 Map:303
24/3/2020 23:56:45 /BLOQ
24/3/2020 23:56:47 /TELEPLOC a x:45 Y:42 Map:303
24/3/2020 23:56:47 /BLOQ
24/3/2020 23:56:49 /TELEPLOC a x:45 Y:43 Map:303
24/3/2020 23:56:51 /BLOQ
24/3/2020 23:56:51 /TELEPLOC a x:45 Y:44 Map:303
24/3/2020 23:56:52 /BLOQ
24/3/2020 23:56:53 /TELEPLOC a x:45 Y:45 Map:303
24/3/2020 23:56:54 /BLOQ
24/3/2020 23:56:54 /TELEPLOC a x:45 Y:46 Map:303
24/3/2020 23:56:55 /BLOQ
24/3/2020 23:56:55 /TELEPLOC a x:45 Y:47 Map:303
24/3/2020 23:56:56 /BLOQ
24/3/2020 23:56:57 /TELEPLOC a x:45 Y:48 Map:303
24/3/2020 23:56:58 /BLOQ
24/3/2020 23:56:58 /TELEPLOC a x:45 Y:49 Map:303
24/3/2020 23:56:59 /BLOQ
24/3/2020 23:57:00 /TELEPLOC a x:45 Y:50 Map:303
24/3/2020 23:57:00 /BLOQ
24/3/2020 23:57:02 Agarro:1 Objeto:Munición Ligera para Honda (1-1)
24/3/2020 23:57:02 Agarro:1 Objeto:Munición Ligera para Honda (1-1)
24/3/2020 23:57:02 Agarro:1 Objeto:Munición Ligera para Honda (1-1)
24/3/2020 23:57:02 Agarro:1 Objeto:Munición Ligera para Honda (1-1)
24/3/2020 23:57:03 Agarro:1 Objeto:Munición Ligera para Honda (1-1)
24/3/2020 23:57:03 Agarro:1 Objeto:Munición Ligera para Honda (1-1)
24/3/2020 23:57:03 Agarro:1 Objeto:Munición Ligera para Honda (1-1)
24/3/2020 23:57:03 Agarro:1 Objeto:Munición Ligera para Honda (1-1)
24/3/2020 23:57:04 Agarro:1 Objeto:Munición Ligera para Honda (1-1)
24/3/2020 23:57:04 Agarro:1 Objeto:Munición Ligera para Honda (1-1)
24/3/2020 23:57:08 /TELEPLOC a x:45 Y:51 Map:303
24/3/2020 23:57:14 /TELEPLOC a x:43 Y:52 Map:303
24/3/2020 23:57:14 /TELEPLOC a x:43 Y:57 Map:303
24/3/2020 23:57:15 /TELEPLOC a x:43 Y:62 Map:303
24/3/2020 23:57:43 /DEST: 166/1
24/3/2020 23:57:54 Transporto a Galadriel hacia Mapa302 X:50 Y:50
24/3/2020 23:58:00 /TELEPLOC a x:43 Y:54 Map:302
24/3/2020 23:58:00 /TELEPLOC a x:42 Y:49 Map:302
24/3/2020 23:58:01 /TELEPLOC a x:42 Y:44 Map:302
24/3/2020 23:58:02 /TELEPLOC a x:41 Y:37 Map:302
24/3/2020 23:58:38 Mensaje Broadcast:EN DOS MINUTOS LARGAMOS DEATMATCH, CUPO 15 PERSONAS. "RECOMPENZA: CAPA HOBBIT Y TROFEO DE ORO"
24/3/2020 23:58:58 /TELEPLOC a x:44 Y:35 Map:302
24/3/2020 23:59:03 /TELEPLOC a x:57 Y:39 Map:302
24/3/2020 23:59:13 /TELEPLOC a x:61 Y:33 Map:302
24/3/2020 23:59:15 /TELEPLOC a x:69 Y:37 Map:302
24/3/2020 23:59:16 /TELEPLOC a x:71 Y:41 Map:302
24/3/2020 23:59:16 /TELEPLOC a x:69 Y:42 Map:302
24/3/2020 23:59:17 /TELEPLOC a x:70 Y:46 Map:302
24/3/2020 23:59:17 /TELEPLOC a x:68 Y:47 Map:302
24/3/2020 23:59:17 /TELEPLOC a x:66 Y:52 Map:302
24/3/2020 23:59:17 /TELEPLOC a x:65 Y:53 Map:302
24/3/2020 23:59:18 /TELEPLOC a x:63 Y:57 Map:302
24/3/2020 23:59:18 /TELEPLOC a x:60 Y:62 Map:302
24/3/2020 23:59:22 /TELEPLOC a x:47 Y:60 Map:302
24/3/2020 23:59:22 /TELEPLOC a x:43 Y:55 Map:302
24/3/2020 23:59:22 /TELEPLOC a x:39 Y:50 Map:302
24/3/2020 23:59:23 /TELEPLOC a x:36 Y:45 Map:302
24/3/2020 23:59:26 Transporto a Galadriel hacia Mapa301 X:50 Y:50
24/3/2020 23:59:29 /TELEPLOC a x:49 Y:46 Map:301
24/3/2020 23:59:30 /TELEPLOC a x:46 Y:40 Map:301
24/3/2020 23:59:30 /TELEPLOC a x:45 Y:40 Map:301
24/3/2020 23:59:31 /TELEPLOC a x:42 Y:36 Map:301
24/3/2020 23:59:31 /TELEPLOC a x:41 Y:36 Map:301
24/3/2020 23:59:34 Transporto a Galadriel hacia Mapa300 X:50 Y:50
24/3/2020 23:59:38 Transporto a Galadriel hacia Mapa304 X:50 Y:50
24/3/2020 23:59:44 Transporto a Galadriel hacia Mapa302 X:50 Y:50
24/3/2020 23:59:45 /TELEPLOC a x:46 Y:45 Map:302
24/3/2020 23:59:45 /TELEPLOC a x:45 Y:45 Map:302
24/3/2020 23:59:46 /TELEPLOC a x:40 Y:40 Map:302
25/3/2020 00:00:01 Transporto a Galadriel hacia Mapa302 X:50 Y:50
25/3/2020 00:00:03 /TELEPLOC a x:48 Y:46 Map:302
25/3/2020 00:00:04 /TELEPLOC a x:48 Y:41 Map:302
25/3/2020 00:00:04 /TELEPLOC a x:49 Y:37 Map:302
25/3/2020 00:00:07 /BLOQ
25/3/2020 00:00:10 /BLOQ
25/3/2020 00:01:32 Mensaje Broadcast:REGLA: SIN INVI, SIN MASCOTAS, SIN INVOCACION, SIN ANGEL/DEMOÑO
25/3/2020 00:01:33 Mensaje Broadcast:REGLA: SIN INVI, SIN MASCOTAS, SIN INVOCACION, SIN ANGEL/DEM
25/3/2020 00:01:33 Mensaje Broadcast:REGLA: SIN INVI, SIN MASCOTAS, SIN INVOCACION, SIN ANGEL/DEM
25/3/2020 00:02:01 Mensaje Broadcast:30
25/3/2020 00:02:03 Mensaje Broadcast:29
25/3/2020 00:02:05 Mensaje Broadcast:28
25/3/2020 00:02:07 Mensaje Broadcast:27
25/3/2020 00:02:10 Mensaje Broadcast:26
25/3/2020 00:02:14 Mensaje Broadcast:LPM.. 10
25/3/2020 00:02:17 Mensaje Broadcast:9
25/3/2020 00:02:19 Mensaje Broadcast:8
25/3/2020 00:02:21 Mensaje Broadcast:7
25/3/2020 00:02:24 Mensaje Broadcast:6
25/3/2020 00:02:26 Mensaje Broadcast:5
25/3/2020 00:02:28 Mensaje Broadcast:4
25/3/2020 00:02:30 Mensaje Broadcast:3
25/3/2020 00:02:32 Mensaje Broadcast:2
25/3/2020 00:02:34 Mensaje Broadcast:1
25/3/2020 00:02:39 Mensaje Broadcast:/GM TORNEO
25/3/2020 00:02:45 Mensaje Broadcast:15 CUPOS
25/3/2020 00:03:30 Mensaje Broadcast:/GM TORNEO ,  GANADOR SE LLEVA TROFEO DE ORO + CAPA HOBBIT.
25/3/2020 00:03:45 /SUM MerCuSa Map:302 X:40 Y:40
25/3/2020 00:04:50 Mensaje Broadcast:/GM TORNEO GANADOR DEL DEATHMATCH SE LLEVA CAPA + COPA DE ORO
25/3/2020 00:05:45 Mensaje Broadcast:Quien quiera participar mande /GM TORNEO ultimos cupos! en cinco minutos largamos!
25/3/2020 00:06:40 Mensaje Broadcast:2 JUGADORES MAS? /GM TORNEO
25/3/2020 00:07:11 Mensaje Broadcast:RECUERDEN, ESTA PROHIBIDO ESTUPIDEZ, CEGUERA, TEAM EQUIPO, MASCOTAS, INVOCACIONES
25/3/2020 00:07:33 Mensaje Broadcast:FALTA 1 MAS! QUIEN SE SUMA?
25/3/2020 00:08:16 Mensaje Broadcast:MUEVANSE EN TODO EL MAPA
25/3/2020 00:08:19 Mensaje Broadcast:MUEVANSE
25/3/2020 00:08:24 Mensaje Broadcast:10
25/3/2020 00:08:26 Mensaje Broadcast:9
25/3/2020 00:08:28 Mensaje Broadcast:8
25/3/2020 00:08:30 Mensaje Broadcast:7
25/3/2020 00:08:32 Mensaje Broadcast:6
25/3/2020 00:08:34 Mensaje Broadcast:5
25/3/2020 00:08:36 Mensaje Broadcast:4
25/3/2020 00:08:38 Mensaje Broadcast:3
25/3/2020 00:08:40 Mensaje Broadcast:2
25/3/2020 00:08:42 Mensaje Broadcast:1
25/3/2020 00:08:44 Mensaje Broadcast:YAAAA!!!
25/3/2020 00:09:59 Mensaje Broadcast:mafesto
25/3/2020 00:10:06 /SUM Mefisto Map:302 X:41 Y:38
25/3/2020 00:10:21 /TELEPLOC a x:41 Y:39 Map:302
25/3/2020 00:11:04 Transporto a Galadriel hacia Mapa49 X:50 Y:50
25/3/2020 00:11:14 /TELEPLOC a x:57 Y:49 Map:49
25/3/2020 00:11:15 /TELEPLOC a x:53 Y:54 Map:49
25/3/2020 00:11:15 /TELEPLOC a x:49 Y:59 Map:49
25/3/2020 00:11:16 /TELEPLOC a x:46 Y:64 Map:49
25/3/2020 00:11:16 /TELEPLOC a x:44 Y:70 Map:49
25/3/2020 00:11:29 /IRA Mefisto Mapa:302 X:40 Y:46
25/3/2020 00:13:02 /IRA Mefisto Mapa:303 X:43 Y:47
25/3/2020 00:13:10 /TELEPLOC a x:49 Y:40 Map:303
25/3/2020 00:13:49 /SUM MerCuSa Map:303 X:40 Y:45
25/3/2020 00:13:51 Resucito a MerCuSa
25/3/2020 00:14:18 /SUM Raresh Map:303 X:41 Y:45
25/3/2020 00:15:38 Mensaje Broadcast:NO TEAM
25/3/2020 00:15:44 Mensaje Broadcast:MUEVANSE EN EL MAPA
25/3/2020 00:15:49 Mensaje Broadcast:10
25/3/2020 00:15:51 Mensaje Broadcast:9
25/3/2020 00:15:53 Mensaje Broadcast:8
25/3/2020 00:15:54 Mensaje Broadcast:7
25/3/2020 00:15:57 Mensaje Broadcast:6
25/3/2020 00:15:59 Mensaje Broadcast:54
25/3/2020 00:16:01 Mensaje Broadcast:4
25/3/2020 00:16:03 Mensaje Broadcast:3
25/3/2020 00:16:04 Mensaje Broadcast:2
25/3/2020 00:16:06 Mensaje Broadcast:1
25/3/2020 00:16:09 Mensaje Broadcast:YAAAAAAAAAA!
25/3/2020 00:16:13 /TELEPLOC a x:40 Y:51 Map:303
25/3/2020 00:16:39 /TELEPLOC a x:41 Y:50 Map:303
25/3/2020 00:16:45 /TELEPLOC a x:52 Y:51 Map:303
25/3/2020 00:16:52 /TELEPLOC a x:44 Y:52 Map:303
25/3/2020 00:17:11 /TELEPLOC a x:28 Y:47 Map:303
25/3/2020 00:17:20 /TELEPLOC a x:29 Y:44 Map:303
25/3/2020 00:17:39 Mensaje Broadcast:GANADOR RARESH
25/3/2020 00:17:56 Mensaje Broadcast:Dedicado a todo coronavirus, 0 plaga.
25/3/2020 00:18:07 Tiro cantidad:1 Objeto:Capa Hobbit
25/3/2020 00:18:39 Transporto a Raresh hacia Mapa34 X:50 Y:50
25/3/2020 00:20:14 /TELEPLOC a x:35 Y:49 Map:303
25/3/2020 00:20:15 /TELEPLOC a x:32 Y:50 Map:303
25/3/2020 00:20:16 /TELEPLOC a x:32 Y:47 Map:303
25/3/2020 00:21:51 /DEST: 1225/2
25/3/2020 00:21:54 /DEST: 731/2
25/3/2020 00:22:19 Tiro cantidad:10 Objeto:Munición Ligera para Honda (1-1)
25/3/2020 00:23:05 Tiro cantidad:112 Objeto:Flecha Newbie
25/3/2020 00:23:30 /LIMPI Mapa: 303
25/3/2020 00:23:39 Tiro cantidad:111 Objeto:Flecha Newbie
25/3/2020 00:23:42 /LIMPI Mapa: 303
25/3/2020 00:25:19 /TELEPLOC a x:44 Y:47 Map:303
25/3/2020 00:37:36 Transporto a Galadriel hacia Mapa34 X:50 Y:50
