AsemeTulla
Steinz
Bwin
TrAtRa
iRON
ELTEMIBLE
Artbat
PocaNafta
PocaNafta
JMarcelo
AsemeTulla
ChoChin
Amorosa
BakkaN
BakkaN
Savitar
LeraLera
Corneta
SweaT
Corneta
Pruebaa
Lexie
Noblesa Gaucha
TuCara
EL EQUI
Boxerr
MuerteLegend
Grim
Queen
CaNDeLa
SweaT
Lesley
Boomerang
WarWick
Zrago
MadeLyn
Scorpion
Atenea
Thabita
DruiDra
MeRcA
Indil
Greta
Indil
Samona
KiMBO
LOCHENZO
CUARENTENA
TiTaNiO
Loren
ToreTTo
Lidia
Becky G
ELTEMIBLE
Sylvanas
Jaerz
DURAZNITO
Oksana
LaPiba
Charito
Lapos
Juanita
Gaebeth
KANE
Work
Clapton
Corneta
MaRiaNa
PERESA
Drakary
Russell
Delfi
Impoluto
LaRCaDe
LaSko
kNiGhT
RazzieL
DraGNeeL
Luzbell
PRUEBAs
TyRONe
EL EQUI
Don EQUI
Chirola
NaThaLy
Farruko
fHUkS
Thabita
Arjuna
DaRck wInE
Borussia
Juliet
Neymar Jr
Versace
JaMes
Explinter
EvolutiOn
ZexaL
RoNiN
Venecia
Givenchy
ICARDI
Sidney
Sidney
Tkche
inFerno
inFerno
ButaKera
Extasis
QUINTEROS
ERTCK
Benzema
Aerotine
Aerotina
atenea
Canaya
MaRiaNa
DURO
Katniss
Braeden
LAGMENTAL
Genesiis
Calos
Stella
DauT
ANTONELA
Scarface
EROVIKOV
Anubis
bLasfemiA
Behind
LiZa
EXOTICA
Jizz Aenor
Hermitaao
El Stylo
Dixon
Rippa
Ikusmia
NURlA
LiZa
ENVY
LiZa
Kidd Keo
FiReMaN
Falopa
Zeref
KaKaShi
SiMBa
HESe
propia medicina
medicina
KBEBOBO
mitaku
Versace
DroGaAo
NegroSucio
HESA
Jhokers
xLaw
MiRinDa
Dracula
Asesino
Cola Cola
Luz Mala
La ChicHoLina
FruTiLLiTa
qpasoteasustast
Wacha Alpiso
Sapito
Wacha Alpiso
BATATIN
Hembra
Whendy
RufuS
Susana
