5/4/2020 21:46:40 SS
5/4/2020 21:46:41 ª2
5/4/2020 21:46:41 +
5/4/2020 21:46:41 +
5/4/2020 21:46:41 +
5/4/2020 21:46:42 +
5/4/2020 21:46:42 ª1
5/4/2020 21:46:42 *
5/4/2020 21:46:42 *
5/4/2020 21:46:42 *
5/4/2020 21:46:43 *
5/4/2020 21:46:43 *
5/4/2020 21:46:43 *
5/4/2020 21:46:43 *
5/4/2020 21:46:44 LC34,70
5/4/2020 21:46:44 ª3
5/4/2020 21:46:44 =
5/4/2020 21:46:45 =
5/4/2020 21:46:45 SS
5/4/2020 21:46:45 =
5/4/2020 21:46:45 =
5/4/2020 21:46:45 =
5/4/2020 21:46:46 =
5/4/2020 21:46:46 =
5/4/2020 21:46:46 =
5/4/2020 21:46:46 =
5/4/2020 21:46:46 =
5/4/2020 21:46:47 =
5/4/2020 21:46:47 =
5/4/2020 21:46:47 =
5/4/2020 21:46:47 =
5/4/2020 21:46:48 =
5/4/2020 21:46:49 USA24
5/4/2020 21:46:50 SS
5/4/2020 21:46:53 TI10,1000
5/4/2020 21:46:53 ª4
5/4/2020 21:46:53 M
5/4/2020 21:46:53 M
5/4/2020 21:46:53 ª1
5/4/2020 21:46:54 *
5/4/2020 21:46:54 ª3
5/4/2020 21:46:54 =
5/4/2020 21:46:55 SS
5/4/2020 21:46:56 ª1
5/4/2020 21:46:56 *
5/4/2020 21:46:56 *
5/4/2020 21:46:57 *
5/4/2020 21:46:57 *
5/4/2020 21:46:57 *
5/4/2020 21:46:57 LC33,82
5/4/2020 21:46:57 *
5/4/2020 21:46:58 ª2
5/4/2020 21:46:58 +
5/4/2020 21:46:58 ª1
5/4/2020 21:46:58 ª1
5/4/2020 21:46:59 ª1
5/4/2020 21:46:59 ª1
5/4/2020 21:46:59 ª1
5/4/2020 21:46:59 ª1
5/4/2020 21:46:59 ª1
5/4/2020 21:46:59 ª1
5/4/2020 21:46:59 ª2
5/4/2020 21:46:59 +
5/4/2020 21:46:59 ª1
5/4/2020 21:46:59 *
5/4/2020 21:46:59 *
5/4/2020 21:47:00 *
5/4/2020 21:47:00 SS
5/4/2020 21:47:00 *
5/4/2020 21:47:00 LC35,77
5/4/2020 21:47:00 *
5/4/2020 21:47:00 *
5/4/2020 21:47:00 *
5/4/2020 21:47:01 LC35,74
5/4/2020 21:47:01 *
5/4/2020 21:47:01 *
5/4/2020 21:47:01 *
5/4/2020 21:47:02 ª4
5/4/2020 21:47:02 M
5/4/2020 21:47:02 ª1
5/4/2020 21:47:02 *
5/4/2020 21:47:02 *
5/4/2020 21:47:02 *
5/4/2020 21:47:03 *
5/4/2020 21:47:03 *
5/4/2020 21:47:03 *
5/4/2020 21:47:04 *
5/4/2020 21:47:04 USA9
5/4/2020 21:47:04 *
5/4/2020 21:47:04 *
5/4/2020 21:47:05 ª4
5/4/2020 21:47:05 M
5/4/2020 21:47:05 SS
5/4/2020 21:47:05 ª1
5/4/2020 21:47:05 *
5/4/2020 21:47:05 *
5/4/2020 21:47:05 *
5/4/2020 21:47:08 CER725
5/4/2020 21:47:10 SS
5/4/2020 21:47:10 CER725
5/4/2020 21:47:11 *
5/4/2020 21:47:11 *
5/4/2020 21:47:11 *
5/4/2020 21:47:12 *
5/4/2020 21:47:12 *
5/4/2020 21:47:12 *
5/4/2020 21:47:12 *
5/4/2020 21:47:13 *
5/4/2020 21:47:13 *
5/4/2020 21:47:13 *
5/4/2020 21:47:13 ª4
5/4/2020 21:47:13 M
5/4/2020 21:47:13 M
5/4/2020 21:47:14 M
5/4/2020 21:47:14 M
5/4/2020 21:47:14 M
5/4/2020 21:47:15 ª1
5/4/2020 21:47:15 *
5/4/2020 21:47:15 *
5/4/2020 21:47:15 SS
5/4/2020 21:47:15 *
5/4/2020 21:47:15 ª4
5/4/2020 21:47:15 M
5/4/2020 21:47:16 ª1
5/4/2020 21:47:16 *
5/4/2020 21:47:16 *
5/4/2020 21:47:16 ª4
5/4/2020 21:47:17 M
5/4/2020 21:47:17 ª1
5/4/2020 21:47:17 *
5/4/2020 21:47:17 ª1
5/4/2020 21:47:17 *
5/4/2020 21:47:17 ª2
5/4/2020 21:47:17 +
5/4/2020 21:47:17 +
5/4/2020 21:47:17 +
5/4/2020 21:47:18 +
5/4/2020 21:47:18 ª3
5/4/2020 21:47:18 =
5/4/2020 21:47:20 SEG
5/4/2020 21:47:20 SS
5/4/2020 21:47:20 TI22,1
5/4/2020 21:47:21 ª1
5/4/2020 21:47:21 *
5/4/2020 21:47:21 ª4
5/4/2020 21:47:22 M
5/4/2020 21:47:22 M
5/4/2020 21:47:25 SS
5/4/2020 21:47:25 ª2
5/4/2020 21:47:25 +
5/4/2020 21:47:27 ª3
5/4/2020 21:47:27 =
5/4/2020 21:47:29 TI25,100
5/4/2020 21:47:29 =
5/4/2020 21:47:30 SS
5/4/2020 21:47:32 TI20,10
5/4/2020 21:47:32 ª4
5/4/2020 21:47:33 M
5/4/2020 21:47:35 SS
5/4/2020 21:47:36 ª2
5/4/2020 21:47:36 +
5/4/2020 21:47:37 TI2,10
5/4/2020 21:47:38 ª4
5/4/2020 21:47:38 M
5/4/2020 21:47:40 SS
5/4/2020 21:47:42 ª2
5/4/2020 21:47:42 +
5/4/2020 21:47:45 SS
5/4/2020 21:47:45 TI3,1000
5/4/2020 21:47:45 ª1
5/4/2020 21:47:45 *
5/4/2020 21:47:47 /salir
