23/3/2020 06:46:34 SS
23/3/2020 06:46:36 TI23,1
23/3/2020 06:46:36 ª4
23/3/2020 06:46:36 M
23/3/2020 06:46:37 ª3
23/3/2020 06:46:37 =
23/3/2020 06:46:37 ª2
23/3/2020 06:46:37 +
23/3/2020 06:46:38 USA7
23/3/2020 06:46:38 EQUI7,O,0
23/3/2020 06:46:39 ª3
23/3/2020 06:46:39 ª3
23/3/2020 06:46:39 SS
23/3/2020 06:46:39 USA7
23/3/2020 06:46:39 EQUI7,O,0
23/3/2020 06:46:44 SS
23/3/2020 06:46:44 CER726
23/3/2020 06:46:45 CER726
23/3/2020 06:46:48 CER726
23/3/2020 06:46:49 SS
23/3/2020 06:46:50 CER726
23/3/2020 06:46:52 CER726
23/3/2020 06:46:54 SS
23/3/2020 06:46:55 CER726
23/3/2020 06:46:57 TI23,5
23/3/2020 06:46:58 ª2
23/3/2020 06:46:58 +
23/3/2020 06:46:59 USA7
23/3/2020 06:46:59 EQUI7,O,0
23/3/2020 06:46:59 SS
23/3/2020 06:47:01 TI23,1
23/3/2020 06:47:01 +
23/3/2020 06:47:02 USA7
23/3/2020 06:47:02 EQUI7,O,0
23/3/2020 06:47:02 ª3
23/3/2020 06:47:02 ª3
23/3/2020 06:47:04 SS
23/3/2020 06:47:04 ª1
23/3/2020 06:47:04 *
23/3/2020 06:47:05 ª4
23/3/2020 06:47:05 M
23/3/2020 06:47:05 ª1
23/3/2020 06:47:05 ª1
23/3/2020 06:47:06 ª4
23/3/2020 06:47:06 M
23/3/2020 06:47:06 ª1
23/3/2020 06:47:06 *
23/3/2020 06:47:06 *
23/3/2020 06:47:06 *
23/3/2020 06:47:06 *
23/3/2020 06:47:07 *
23/3/2020 06:47:08 *
23/3/2020 06:47:09 SS
23/3/2020 06:47:09 CER846
23/3/2020 06:47:10 CER846
23/3/2020 06:47:12 CER846
23/3/2020 06:47:14 SS
23/3/2020 06:47:14 CER846
23/3/2020 06:47:16 CER846
23/3/2020 06:47:18 CER846
23/3/2020 06:47:19 SS
23/3/2020 06:47:20 CER846
23/3/2020 06:47:22 CER846
23/3/2020 06:47:24 SS
23/3/2020 06:47:24 CER846
