30/3/2020 23:43:54 SS
30/3/2020 23:43:55 ª3
30/3/2020 23:43:55 =
30/3/2020 23:43:55 LC36,61
30/3/2020 23:43:56 LC36,61
30/3/2020 23:43:56 ª4
30/3/2020 23:43:56 M
30/3/2020 23:43:56 ª3
30/3/2020 23:43:56 =
30/3/2020 23:43:57 =
30/3/2020 23:43:57 =
30/3/2020 23:43:57 =
30/3/2020 23:43:57 =
30/3/2020 23:43:58 ª2
30/3/2020 23:43:58 +
30/3/2020 23:43:58 +
30/3/2020 23:43:58 +
30/3/2020 23:43:58 +
30/3/2020 23:43:59 +
30/3/2020 23:43:59 ª1
30/3/2020 23:43:59 *
30/3/2020 23:43:59 SS
30/3/2020 23:43:59 ª2
30/3/2020 23:43:59 +
30/3/2020 23:43:59 +
30/3/2020 23:44:00 +
30/3/2020 23:44:00 +
30/3/2020 23:44:00 AT
30/3/2020 23:44:00 +
30/3/2020 23:44:00 LC46,67
30/3/2020 23:44:00 +
30/3/2020 23:44:00 +
30/3/2020 23:44:01 +
30/3/2020 23:44:01 +
30/3/2020 23:44:01 +
30/3/2020 23:44:01 +
30/3/2020 23:44:02 +
30/3/2020 23:44:02 +
30/3/2020 23:44:02 +
