1/4/2020 04:15:56 ª3
1/4/2020 04:15:56 =
1/4/2020 04:15:56 =
1/4/2020 04:15:56 LC42,33
1/4/2020 04:15:58 ª4
1/4/2020 04:15:58 M
1/4/2020 04:15:58 ª3
1/4/2020 04:15:58 =
1/4/2020 04:15:58 LC44,33
1/4/2020 04:15:58 LC44,32
1/4/2020 04:15:59 SS
1/4/2020 04:15:59 ª1
1/4/2020 04:15:59 *
1/4/2020 04:16:00 LC42,31
1/4/2020 04:16:00 ª3
1/4/2020 04:16:00 =
1/4/2020 04:16:00 =
1/4/2020 04:16:01 =
1/4/2020 04:16:01 =
1/4/2020 04:16:01 =
1/4/2020 04:16:01 ª4
1/4/2020 04:16:01 M
1/4/2020 04:16:02 M
1/4/2020 04:16:02 M
1/4/2020 04:16:02 M
1/4/2020 04:16:02 M
1/4/2020 04:16:03 M
1/4/2020 04:16:03 M
1/4/2020 04:16:03 M
1/4/2020 04:16:03 M
1/4/2020 04:16:04 M
1/4/2020 04:16:04 LC33,38
1/4/2020 04:16:04 ª3
1/4/2020 04:16:04 =
1/4/2020 04:16:04 SS
1/4/2020 04:16:04 =
1/4/2020 04:16:04 =
1/4/2020 04:16:04 =
1/4/2020 04:16:05 =
1/4/2020 04:16:05 =
1/4/2020 04:16:05 =
1/4/2020 04:16:05 =
1/4/2020 04:16:06 =
1/4/2020 04:16:06 =
1/4/2020 04:16:06 =
1/4/2020 04:16:06 =
1/4/2020 04:16:07 =
1/4/2020 04:16:07 LC33,51
1/4/2020 04:16:07 ª4
1/4/2020 04:16:07 M
1/4/2020 04:16:07 M
1/4/2020 04:16:07 LC28,52
1/4/2020 04:16:07 M
1/4/2020 04:16:08 M
1/4/2020 04:16:08 M
1/4/2020 04:16:08 ª1
1/4/2020 04:16:08 *
1/4/2020 04:16:08 *
1/4/2020 04:16:09 *
1/4/2020 04:16:09 *
1/4/2020 04:16:09 SS
1/4/2020 04:16:09 *
1/4/2020 04:16:09 LC28,44
1/4/2020 04:16:09 *
1/4/2020 04:16:10 *
1/4/2020 04:16:10 *
1/4/2020 04:16:10 LC27,43
1/4/2020 04:16:10 ª3
1/4/2020 04:16:10 =
1/4/2020 04:16:13 /BOVEDA3
1/4/2020 04:16:15 SS
1/4/2020 04:16:15 LC27,44
1/4/2020 04:16:16 /BOVEDA2
1/4/2020 04:16:18 ª2
1/4/2020 04:16:18 +
1/4/2020 04:16:19 ª4
1/4/2020 04:16:19 M
1/4/2020 04:16:19 SS
1/4/2020 04:16:19 RETI,1,1
1/4/2020 04:16:20 ª2
1/4/2020 04:16:20 +
1/4/2020 04:16:24 SS
