1/4/2020 04:46:39 LC42,31
1/4/2020 04:46:39 LC41,31
1/4/2020 04:46:39 ª4
1/4/2020 04:46:39 M
1/4/2020 04:46:40 ª2
1/4/2020 04:46:40 +
1/4/2020 04:46:41 SS
1/4/2020 04:46:41 ª4
1/4/2020 04:46:41 M
1/4/2020 04:46:44 AG
1/4/2020 04:46:44 AG
1/4/2020 04:46:44 AG
1/4/2020 04:46:46 SS
1/4/2020 04:46:51 SS
1/4/2020 04:46:51 M
1/4/2020 04:46:52 TI1,1
1/4/2020 04:46:52 ª2
1/4/2020 04:46:52 +
1/4/2020 04:46:53 AG
1/4/2020 04:46:53 AG
1/4/2020 04:46:55 UK8
1/4/2020 04:46:56 USA7
1/4/2020 04:46:56 SS
1/4/2020 04:46:56 USA7
1/4/2020 04:46:56 WLC43,30,16
1/4/2020 04:46:57 +
1/4/2020 04:46:58 USA7
1/4/2020 04:46:58 LC43,30
1/4/2020 04:46:58 USA7
1/4/2020 04:46:58 WLC43,30,16
1/4/2020 04:47:01 SS
1/4/2020 04:47:06 SS
1/4/2020 04:47:11 SS
1/4/2020 04:47:12 CNS559
1/4/2020 04:47:13 WLC41,31,16
1/4/2020 04:47:13 ª4
1/4/2020 04:47:13 M
1/4/2020 04:47:15 AG
1/4/2020 04:47:15 AG
1/4/2020 04:47:15 AG
1/4/2020 04:47:16 ª2
1/4/2020 04:47:16 +
1/4/2020 04:47:16 SS
1/4/2020 04:47:18 ª4
1/4/2020 04:47:18 M
1/4/2020 04:47:18 ª2
1/4/2020 04:47:18 +
1/4/2020 04:47:19 USA7
1/4/2020 04:47:19 USA7
1/4/2020 04:47:19 WLC43,30,16
1/4/2020 04:47:20 ª4
1/4/2020 04:47:20 M
1/4/2020 04:47:21 SS
1/4/2020 04:47:26 SS
1/4/2020 04:47:31 SS
1/4/2020 04:47:36 SS
1/4/2020 04:47:41 SS
1/4/2020 04:47:44 CNS1056
1/4/2020 04:47:44 CNS1056
1/4/2020 04:47:46 SS
1/4/2020 04:47:46 CNS1056
1/4/2020 04:47:48 CNS1056
1/4/2020 04:47:50 CNS1056
1/4/2020 04:47:51 SS
1/4/2020 04:47:52 CNS1056
1/4/2020 04:47:54 CNS1056
1/4/2020 04:47:56 CNS1056
1/4/2020 04:47:56 SS
1/4/2020 04:47:58 CNS1056
1/4/2020 04:48:00 CNS1056
1/4/2020 04:48:01 SS
1/4/2020 04:48:02 CNS1056
1/4/2020 04:48:04 CNS1056
1/4/2020 04:48:06 SS
1/4/2020 04:48:06 CNS559
1/4/2020 04:48:08 CNS559
1/4/2020 04:48:10 CNS559
1/4/2020 04:48:11 SS
1/4/2020 04:48:12 AG
1/4/2020 04:48:13 AG
1/4/2020 04:48:13 ª2
1/4/2020 04:48:13 +
1/4/2020 04:48:13 AG
1/4/2020 04:48:13 AG
1/4/2020 04:48:13 ª4
1/4/2020 04:48:13 M
1/4/2020 04:48:13 AG
1/4/2020 04:48:13 ª3
1/4/2020 04:48:13 =
1/4/2020 04:48:14 AG
1/4/2020 04:48:14 ª2
1/4/2020 04:48:14 +
1/4/2020 04:48:14 ª4
1/4/2020 04:48:14 M
1/4/2020 04:48:15 ª2
1/4/2020 04:48:15 +
1/4/2020 04:48:15 WLC47,31,16
1/4/2020 04:48:15 +
1/4/2020 04:48:16 SS
1/4/2020 04:48:18 TI6,4890
1/4/2020 04:48:19 ª4
1/4/2020 04:48:19 M
1/4/2020 04:48:19 M
1/4/2020 04:48:19 M
1/4/2020 04:48:20 AG
1/4/2020 04:48:20 AG
1/4/2020 04:48:20 ª1
1/4/2020 04:48:20 *
1/4/2020 04:48:20 *
1/4/2020 04:48:21 AG
1/4/2020 04:48:21 AG
1/4/2020 04:48:21 ª2
1/4/2020 04:48:21 ª2
1/4/2020 04:48:21 ª2
1/4/2020 04:48:21 ª2
1/4/2020 04:48:21 ª2
1/4/2020 04:48:21 ª2
1/4/2020 04:48:21 ª2
1/4/2020 04:48:21 ª2
1/4/2020 04:48:21 ª2
1/4/2020 04:48:21 ª2
1/4/2020 04:48:21 ª2
1/4/2020 04:48:22 AG
1/4/2020 04:48:22 SS
1/4/2020 04:48:22 ª3
1/4/2020 04:48:22 =
1/4/2020 04:48:22 AG
1/4/2020 04:48:22 +
1/4/2020 04:48:22 AG
1/4/2020 04:48:22 ª2
1/4/2020 04:48:22 +
1/4/2020 04:48:22 AG
1/4/2020 04:48:22 AG
1/4/2020 04:48:22 ª4
1/4/2020 04:48:22 M
1/4/2020 04:48:22 AG
1/4/2020 04:48:22 AG
1/4/2020 04:48:23 ª2
1/4/2020 04:48:23 +
1/4/2020 04:48:23 AG
1/4/2020 04:48:23 ª3
1/4/2020 04:48:23 =
2/4/2020 18:58:56 /salir
