7/4/2020 13:56:05 Se conecto con ip:181.47.237.170 SE: 340950676
7/4/2020 13:56:13 /INVISIBLE
7/4/2020 13:56:17 /TELEPLOC a x:78 Y:46 Map:234
7/4/2020 13:56:18 /TELEPLOC a x:78 Y:39 Map:234
7/4/2020 13:56:20 /INVISIBLE
7/4/2020 13:56:21 /INVISIBLE
7/4/2020 13:56:22 /INVISIBLE
7/4/2020 13:56:23 /INVISIBLE
7/4/2020 13:56:24 /INVISIBLE
7/4/2020 13:56:26 /INVISIBLE
7/4/2020 13:56:27 /TELEPLOC a x:71 Y:47 Map:234
7/4/2020 13:56:27 /TELEPLOC a x:73 Y:50 Map:234
7/4/2020 13:56:28 /TELEPLOC a x:69 Y:49 Map:234
7/4/2020 13:56:37 /IRA Astarte Mapa:34 X:22 Y:76
7/4/2020 13:56:40 /TELEPLOC a x:23 Y:78 Map:34
7/4/2020 13:56:41 /TELEPLOC a x:25 Y:78 Map:34
7/4/2020 13:56:44 /TELEPLOC a x:23 Y:79 Map:34
7/4/2020 13:56:50 /TELEPLOC a x:20 Y:77 Map:34
7/4/2020 13:56:51 /TELEPLOC a x:23 Y:79 Map:34
7/4/2020 13:56:53 /TELEPLOC a x:25 Y:78 Map:34
7/4/2020 13:56:59 /IRA Astarte Mapa:34 X:22 Y:76
7/4/2020 13:57:01 /TELEPLOC a x:25 Y:72 Map:34
7/4/2020 13:57:02 /TELEPLOC a x:26 Y:70 Map:34
7/4/2020 13:57:03 /TELEPLOC a x:29 Y:67 Map:34
7/4/2020 13:57:04 /TELEPLOC a x:29 Y:64 Map:34
7/4/2020 13:57:05 /TELEPLOC a x:29 Y:61 Map:34
7/4/2020 13:57:07 /TELEPLOC a x:30 Y:53 Map:34
7/4/2020 13:57:07 /TELEPLOC a x:31 Y:49 Map:34
7/4/2020 13:57:08 /TELEPLOC a x:29 Y:45 Map:34
7/4/2020 13:57:11 /TELEPLOC a x:33 Y:45 Map:34
7/4/2020 13:57:13 /TELEPLOC a x:34 Y:56 Map:34
7/4/2020 13:57:13 /TELEPLOC a x:33 Y:59 Map:34
7/4/2020 13:57:14 /TELEPLOC a x:32 Y:63 Map:34
7/4/2020 13:57:14 /TELEPLOC a x:31 Y:67 Map:34
7/4/2020 13:57:14 /TELEPLOC a x:30 Y:71 Map:34
7/4/2020 13:57:15 /TELEPLOC a x:33 Y:76 Map:34
7/4/2020 13:57:16 /TELEPLOC a x:27 Y:80 Map:34
7/4/2020 13:57:16 /TELEPLOC a x:22 Y:82 Map:34
7/4/2020 13:57:17 /TELEPLOC a x:16 Y:81 Map:34
7/4/2020 13:57:18 /TELEPLOC a x:17 Y:78 Map:34
7/4/2020 13:57:18 /TELEPLOC a x:17 Y:81 Map:34
7/4/2020 13:57:19 Transporto a i hacia Mapa49 X:50 Y:50
7/4/2020 13:57:21 /TELEPLOC a x:44 Y:45 Map:49
7/4/2020 13:57:22 /INVISIBLE
7/4/2020 13:57:23 /INVISIBLE
7/4/2020 13:57:24 /INVISIBLE
7/4/2020 13:57:28 /INVISIBLE
7/4/2020 13:57:29 /INVISIBLE
7/4/2020 13:57:30 /INVISIBLE
7/4/2020 13:57:30 /INVISIBLE
7/4/2020 13:57:31 /INVISIBLE
7/4/2020 13:57:33 /INVISIBLE
7/4/2020 13:57:34 /INVISIBLE
7/4/2020 13:57:36 /TELEPLOC a x:44 Y:53 Map:34
7/4/2020 13:57:37 /TELEPLOC a x:38 Y:55 Map:34
7/4/2020 13:57:37 /TELEPLOC a x:35 Y:58 Map:34
7/4/2020 13:57:38 /TELEPLOC a x:32 Y:62 Map:34
7/4/2020 13:57:38 /TELEPLOC a x:30 Y:66 Map:34
7/4/2020 13:57:39 /TELEPLOC a x:27 Y:71 Map:34
7/4/2020 13:57:40 /TELEPLOC a x:22 Y:76 Map:34
7/4/2020 13:57:42 /TELEPLOC a x:24 Y:78 Map:34
7/4/2020 13:58:51 /TELEPLOC a x:23 Y:75 Map:34
7/4/2020 13:58:52 /TELEPLOC a x:26 Y:72 Map:34
7/4/2020 13:58:53 /TELEPLOC a x:24 Y:75 Map:34
7/4/2020 13:58:54 /TELEPLOC a x:20 Y:78 Map:34
7/4/2020 13:58:56 /TELEPLOC a x:18 Y:78 Map:34
7/4/2020 13:58:59 /TELEPLOC a x:15 Y:76 Map:34
7/4/2020 13:59:02 /IRA Astarte Mapa:34 X:31 Y:62
7/4/2020 13:59:04 /TELEPLOC a x:29 Y:60 Map:34
7/4/2020 13:59:12 /TELEPLOC a x:34 Y:72 Map:34
7/4/2020 13:59:14 /IRA Astarte Mapa:34 X:31 Y:54
7/4/2020 13:59:17 /TELEPLOC a x:34 Y:55 Map:34
7/4/2020 13:59:17 /TELEPLOC a x:28 Y:56 Map:34
7/4/2020 13:59:21 /TELEPLOC a x:28 Y:52 Map:34
7/4/2020 13:59:21 /TELEPLOC a x:30 Y:48 Map:34
7/4/2020 13:59:21 /TELEPLOC a x:32 Y:46 Map:34
7/4/2020 13:59:21 /TELEPLOC a x:33 Y:48 Map:34
7/4/2020 13:59:22 /TELEPLOC a x:34 Y:51 Map:34
7/4/2020 13:59:22 /TELEPLOC a x:34 Y:55 Map:34
7/4/2020 13:59:22 /TELEPLOC a x:34 Y:59 Map:34
7/4/2020 13:59:22 /TELEPLOC a x:34 Y:64 Map:34
7/4/2020 13:59:22 /TELEPLOC a x:34 Y:69 Map:34
7/4/2020 13:59:23 /TELEPLOC a x:34 Y:72 Map:34
7/4/2020 13:59:24 /TELEPLOC a x:34 Y:76 Map:34
7/4/2020 13:59:24 /TELEPLOC a x:33 Y:79 Map:34
7/4/2020 13:59:26 /TELEPLOC a x:31 Y:78 Map:34
7/4/2020 13:59:27 /TELEPLOC a x:24 Y:78 Map:34
7/4/2020 13:59:57 /TELEPLOC a x:22 Y:77 Map:34
7/4/2020 14:00:00 /TELEPLOC a x:26 Y:73 Map:34
7/4/2020 14:00:00 /TELEPLOC a x:28 Y:68 Map:34
7/4/2020 14:00:01 /TELEPLOC a x:28 Y:64 Map:34
8/4/2020 01:09:38 Se conecto con ip:181.47.237.170 SE: 340950676
8/4/2020 01:09:43 /INVISIBLE
8/4/2020 01:09:44 /INVISIBLE
8/4/2020 01:09:45 /INVISIBLE
8/4/2020 01:09:49 /TELEPLOC a x:46 Y:47 Map:49
8/4/2020 01:09:50 /TELEPLOC a x:43 Y:46 Map:49
8/4/2020 01:10:28 /TELEPLOC a x:49 Y:46 Map:49
8/4/2020 01:10:28 /TELEPLOC a x:50 Y:47 Map:49
8/4/2020 01:10:28 /TELEPLOC a x:50 Y:47 Map:49
8/4/2020 01:10:28 /TELEPLOC a x:56 Y:47 Map:49
8/4/2020 01:10:28 /TELEPLOC a x:60 Y:45 Map:49
8/4/2020 01:10:29 /TELEPLOC a x:65 Y:43 Map:49
8/4/2020 01:10:34 /SUM Mefisto Map:30 X:53 Y:51
8/4/2020 01:10:38 /INVISIBLE
8/4/2020 01:11:56 /INVISIBLE
8/4/2020 01:12:17 /UNBAN a sylvanas
8/4/2020 01:12:29 /UNBAN a jaerz
8/4/2020 01:12:46 /TELEPLOC a x:38 Y:49 Map:30
8/4/2020 01:12:46 /TELEPLOC a x:42 Y:47 Map:30
8/4/2020 01:12:49 Transporto a i hacia Mapa49 X:50 Y:50
8/4/2020 01:12:50 /TELEPLOC a x:45 Y:45 Map:49
8/4/2020 01:13:23 /TELEPLOC a x:44 Y:50 Map:49
8/4/2020 01:13:24 /TELEPLOC a x:39 Y:50 Map:49
8/4/2020 01:13:25 /TELEPLOC a x:37 Y:49 Map:49
8/4/2020 01:14:08 /TELEPLOC a x:37 Y:53 Map:49
8/4/2020 01:15:19 /INVISIBLE
8/4/2020 01:16:26 /INVISIBLE
8/4/2020 01:16:40 /INVISIBLE
8/4/2020 01:17:01 /DEV Jacky Map:34 X:26 Y:69
8/4/2020 01:17:12 /INVISIBLE
8/4/2020 01:18:15 /TELEPLOC a x:38 Y:48 Map:49
8/4/2020 01:18:17 /TELEPLOC a x:39 Y:50 Map:49
8/4/2020 01:18:18 /TELEPLOC a x:39 Y:52 Map:49
8/4/2020 01:18:19 /TELEPLOC a x:38 Y:54 Map:49
8/4/2020 01:21:25 /TELEPLOC a x:19 Y:62 Map:49
8/4/2020 01:21:51 /IRA Hellboy Mapa:167 X:28 Y:65
8/4/2020 01:21:53 /TELEPLOC a x:25 Y:67 Map:167
8/4/2020 01:22:01 /TELEPLOC a x:27 Y:67 Map:167
8/4/2020 01:22:02 /TELEPLOC a x:29 Y:64 Map:167
8/4/2020 01:22:02 /TELEPLOC a x:31 Y:62 Map:167
8/4/2020 01:22:03 /TELEPLOC a x:34 Y:58 Map:167
8/4/2020 01:22:04 /TELEPLOC a x:36 Y:59 Map:167
8/4/2020 01:22:04 /TELEPLOC a x:33 Y:60 Map:167
8/4/2020 01:22:06 /TELEPLOC a x:32 Y:62 Map:167
8/4/2020 01:22:06 /TELEPLOC a x:34 Y:65 Map:167
8/4/2020 01:22:10 /TELEPLOC a x:30 Y:64 Map:167
8/4/2020 01:22:11 /TELEPLOC a x:29 Y:67 Map:167
8/4/2020 01:22:13 /TELEPLOC a x:33 Y:65 Map:167
8/4/2020 01:22:14 /TELEPLOC a x:30 Y:67 Map:167
8/4/2020 01:22:15 /TELEPLOC a x:26 Y:69 Map:167
8/4/2020 01:22:19 /TELEPLOC a x:28 Y:67 Map:167
8/4/2020 01:22:20 /TELEPLOC a x:28 Y:64 Map:167
8/4/2020 01:22:21 /TELEPLOC a x:28 Y:68 Map:167
8/4/2020 01:22:24 /TELEPLOC a x:25 Y:69 Map:167
8/4/2020 01:22:52 /TELEPLOC a x:26 Y:67 Map:167
8/4/2020 01:22:54 /TELEPLOC a x:26 Y:67 Map:167
8/4/2020 01:23:48 /TELEPLOC a x:26 Y:68 Map:167
8/4/2020 01:24:03 /IRA Hellboy Mapa:34 X:32 Y:42
8/4/2020 01:24:05 /TELEPLOC a x:31 Y:46 Map:34
8/4/2020 01:24:07 /TELEPLOC a x:31 Y:47 Map:34
8/4/2020 01:24:07 /TELEPLOC a x:31 Y:49 Map:34
8/4/2020 01:24:08 /TELEPLOC a x:30 Y:54 Map:34
8/4/2020 01:24:09 /TELEPLOC a x:37 Y:53 Map:34
8/4/2020 01:24:11 /TELEPLOC a x:38 Y:47 Map:34
8/4/2020 01:24:12 /TELEPLOC a x:43 Y:45 Map:34
8/4/2020 01:24:13 /TELEPLOC a x:45 Y:47 Map:34
8/4/2020 01:24:14 /TELEPLOC a x:47 Y:49 Map:34
8/4/2020 01:24:15 /TELEPLOC a x:48 Y:53 Map:34
8/4/2020 01:24:15 /TELEPLOC a x:49 Y:58 Map:34
8/4/2020 01:24:16 /TELEPLOC a x:49 Y:63 Map:34
8/4/2020 01:24:17 /TELEPLOC a x:46 Y:63 Map:34
8/4/2020 01:24:17 /TELEPLOC a x:43 Y:65 Map:34
8/4/2020 01:24:23 /TELEPLOC a x:47 Y:63 Map:34
8/4/2020 01:24:27 /TELEPLOC a x:43 Y:64 Map:34
8/4/2020 01:25:00 /TELEPLOC a x:46 Y:66 Map:34
8/4/2020 01:25:00 /TELEPLOC a x:49 Y:69 Map:34
8/4/2020 01:25:00 /TELEPLOC a x:49 Y:72 Map:34
8/4/2020 01:25:01 /TELEPLOC a x:45 Y:74 Map:34
8/4/2020 01:25:01 /TELEPLOC a x:41 Y:76 Map:34
8/4/2020 01:25:09 /TELEPLOC a x:36 Y:72 Map:34
8/4/2020 01:25:11 /TELEPLOC a x:32 Y:73 Map:34
8/4/2020 01:25:13 /TELEPLOC a x:30 Y:68 Map:34
8/4/2020 01:25:16 /TELEPLOC a x:30 Y:67 Map:34
8/4/2020 01:25:16 /TELEPLOC a x:30 Y:67 Map:34
8/4/2020 01:29:07 /TELEPLOC a x:30 Y:64 Map:34
8/4/2020 01:29:08 /TELEPLOC a x:27 Y:61 Map:34
8/4/2020 01:29:08 /TELEPLOC a x:24 Y:58 Map:34
8/4/2020 01:29:08 /TELEPLOC a x:21 Y:55 Map:34
8/4/2020 01:29:08 /TELEPLOC a x:18 Y:52 Map:34
8/4/2020 01:29:08 /TELEPLOC a x:18 Y:48 Map:34
8/4/2020 01:29:08 /TELEPLOC a x:18 Y:48 Map:34
8/4/2020 01:29:09 /TELEPLOC a x:18 Y:44 Map:34
8/4/2020 01:29:10 /TELEPLOC a x:19 Y:40 Map:34
8/4/2020 01:29:10 /TELEPLOC a x:18 Y:40 Map:34
8/4/2020 01:29:10 /TELEPLOC a x:18 Y:36 Map:34
8/4/2020 01:29:10 /TELEPLOC a x:18 Y:31 Map:34
8/4/2020 01:29:11 /TELEPLOC a x:19 Y:27 Map:34
8/4/2020 01:29:11 /TELEPLOC a x:18 Y:23 Map:34
8/4/2020 01:29:11 /TELEPLOC a x:17 Y:19 Map:34
8/4/2020 01:29:11 /TELEPLOC a x:16 Y:15 Map:34
8/4/2020 01:29:13 /TELEPLOC a x:14 Y:11 Map:34
8/4/2020 01:29:14 /TELEPLOC a x:15 Y:10 Map:34
8/4/2020 02:57:04 Se conecto con ip:181.47.237.170 SE: 340950676
8/4/2020 02:57:07 /INVISIBLE
8/4/2020 02:57:12 /TELEPLOC a x:21 Y:14 Map:34
8/4/2020 02:57:12 /TELEPLOC a x:23 Y:18 Map:34
8/4/2020 02:57:13 /TELEPLOC a x:22 Y:22 Map:34
8/4/2020 02:57:13 /TELEPLOC a x:22 Y:26 Map:34
8/4/2020 02:57:14 /TELEPLOC a x:25 Y:27 Map:34
8/4/2020 02:57:14 /TELEPLOC a x:27 Y:30 Map:34
8/4/2020 02:57:14 /TELEPLOC a x:29 Y:34 Map:34
8/4/2020 02:57:15 /TELEPLOC a x:30 Y:38 Map:34
8/4/2020 02:57:15 /TELEPLOC a x:29 Y:42 Map:34
8/4/2020 02:57:15 /TELEPLOC a x:28 Y:46 Map:34
8/4/2020 02:57:16 /TELEPLOC a x:28 Y:52 Map:34
8/4/2020 02:57:17 /TELEPLOC a x:29 Y:57 Map:34
8/4/2020 02:57:17 /TELEPLOC a x:29 Y:62 Map:34
8/4/2020 02:57:18 /TELEPLOC a x:28 Y:66 Map:34
8/4/2020 02:57:20 /TELEPLOC a x:26 Y:69 Map:34
8/4/2020 02:57:21 /TELEPLOC a x:27 Y:75 Map:34
8/4/2020 02:57:22 /TELEPLOC a x:27 Y:78 Map:34
8/4/2020 02:59:21 /IRA LoCkeT Mapa:62 X:32 Y:86
8/4/2020 02:59:25 /TELEPLOC a x:39 Y:86 Map:62
8/4/2020 02:59:25 /TELEPLOC a x:44 Y:86 Map:62
8/4/2020 02:59:26 /TELEPLOC a x:49 Y:87 Map:62
8/4/2020 02:59:26 /TELEPLOC a x:53 Y:91 Map:62
8/4/2020 02:59:27 /TELEPLOC a x:56 Y:94 Map:62
8/4/2020 02:59:31 Transporto a i hacia Mapa34 X:50 Y:50
8/4/2020 02:59:33 Transporto a i hacia Mapa49 X:50 Y:50
8/4/2020 02:59:35 /TELEPLOC a x:45 Y:47 Map:49
8/4/2020 02:59:37 /TELEPLOC a x:40 Y:49 Map:49
