4/27/2020 9:36:40 PM LC69,51
4/27/2020 9:36:40 PM LC69,51
4/27/2020 9:36:41 PM ª1
4/27/2020 9:36:41 PM *
4/27/2020 9:36:41 PM SS
4/27/2020 9:36:44 PM TI6,333
4/27/2020 9:36:44 PM ª4
4/27/2020 9:36:44 PM M
4/27/2020 9:36:45 PM AG
4/27/2020 9:36:45 PM M
4/27/2020 9:36:46 PM M
4/27/2020 9:36:46 PM SS
4/27/2020 9:36:46 PM M
4/27/2020 9:36:46 PM M
4/27/2020 9:36:47 PM ª3
4/27/2020 9:36:47 PM =
4/27/2020 9:36:47 PM =
4/27/2020 9:36:47 PM USA2
4/27/2020 9:36:50 PM CNC553
4/27/2020 9:36:51 PM SS
4/27/2020 9:36:54 PM ª4
4/27/2020 9:36:54 PM M
4/27/2020 9:36:54 PM M
4/27/2020 9:36:54 PM M
4/27/2020 9:36:54 PM M
4/27/2020 9:36:54 PM M
4/27/2020 9:36:55 PM M
4/27/2020 9:36:55 PM M
4/27/2020 9:36:56 PM SS
4/27/2020 9:36:57 PM TI11,999
4/27/2020 9:36:58 PM M
4/27/2020 9:37:01 PM SS
4/27/2020 9:37:02 PM TI3,8888
4/27/2020 9:37:02 PM M
4/27/2020 9:37:03 PM M
4/27/2020 9:37:06 PM UK3
4/27/2020 9:37:06 PM SS
