5/11/2020 8:05:43 PM Se conecto con ip:181.164.198.122 SE: 885570270
5/11/2020 8:06:09 PM /TELEPLOC a x:43 Y:48 Map:49
5/11/2020 8:17:45 PM Se conecto con ip:181.164.198.122 SE: 885570270
5/11/2020 8:19:03 PM /mod head logan 11
5/11/2020 8:19:10 PM /mod logan head 11
5/11/2020 8:20:11 PM /mod Logan objetox 1286
5/11/2020 8:20:23 PM /DEST: 1286/1000
5/11/2020 8:20:38 PM /mod Logan objetox 1285
5/11/2020 8:20:41 PM Agarro:1000 Objeto:Armadura Perseus (Bajo/as)
5/11/2020 8:21:51 PM /mod Logan objetox 1235
5/11/2020 8:24:40 PM Se conecto con ip:181.164.198.122 SE: 885570270
5/11/2020 8:25:01 PM /mod logan head 11
5/11/2020 8:25:18 PM /mod logan exp 100000000
5/11/2020 8:25:25 PM /mod logan exp 100000000
5/11/2020 8:25:27 PM /mod logan exp 100000000
5/11/2020 8:25:30 PM /mod logan exp 100000000
5/11/2020 8:25:31 PM /mod logan exp 100000000
5/11/2020 8:25:34 PM /mod logan exp 100000000
5/11/2020 8:25:36 PM /mod logan exp 100000000
5/11/2020 8:25:39 PM /mod logan exp 100000000
5/11/2020 8:25:41 PM /mod logan exp 100000000
5/11/2020 8:25:43 PM /mod logan exp 100000000
5/11/2020 8:25:46 PM /mod logan exp 100000000
5/11/2020 8:25:48 PM /mod logan exp 100000000
5/11/2020 8:25:50 PM /mod logan exp 100000000
5/11/2020 8:25:54 PM /mod logan exp 100000000
5/11/2020 8:26:05 PM /TELEPLOC a x:43 Y:47 Map:49
5/11/2020 8:26:42 PM /mod logan exp 100000000
5/11/2020 8:26:44 PM /mod logan exp 100000000
5/11/2020 8:26:45 PM /mod logan exp 100000000
5/11/2020 8:26:48 PM /mod logan exp 100000000
5/11/2020 8:26:50 PM /mod logan exp 100000000
5/11/2020 8:26:54 PM /mod logan exp 100000000
5/11/2020 8:26:56 PM /mod logan exp 100000000
5/11/2020 8:26:58 PM /mod logan exp 100000000
5/11/2020 8:27:00 PM /mod logan exp 100000000
5/11/2020 8:27:03 PM /mod logan exp 100000000
5/11/2020 8:27:43 PM /DEST: 1235/1000
5/11/2020 8:30:59 PM Se conecto con ip:181.164.198.122 SE: 885570270
5/11/2020 8:31:16 PM /mod logan head 11
5/11/2020 8:36:03 PM Se conecto con ip:181.164.198.122 SE: 885570270
5/11/2020 8:43:03 PM Se conecto con ip:181.164.198.122 SE: 885570270
5/11/2020 8:47:21 PM Se conecto con ip:181.164.198.122 SE: 885570270
5/11/2020 8:48:33 PM /TELEPLOC a x:36 Y:50 Map:49
5/11/2020 8:48:44 PM /TELEPLOC a x:31 Y:47 Map:49
5/11/2020 8:48:59 PM /mod logan head 11
5/11/2020 8:49:25 PM /mod Logan objetox 941
5/11/2020 8:49:28 PM Agarro:1000 Objeto:A. del Dragón Legendaria (Altos)
5/11/2020 8:50:52 PM /TELEPLOC a x:36 Y:50 Map:49
5/11/2020 8:50:56 PM /TELEPLOC a x:37 Y:47 Map:49
5/11/2020 8:52:14 PM /mod scylla exp 100000000
5/11/2020 8:52:14 PM /mod scylla exp 100000000
5/11/2020 8:52:15 PM /TELEPLOC a x:30 Y:46 Map:49
5/11/2020 8:58:29 PM Se conecto con ip:181.164.198.122 SE: 885570270
5/11/2020 8:58:33 PM /TELEPLOC a x:26 Y:46 Map:49
5/11/2020 9:04:06 PM Se conecto con ip:181.164.198.122 SE: 885570270
5/11/2020 9:05:47 PM /TELEPLOC a x:37 Y:45 Map:49
