5/5/2020 2:59:05 AM Se conecto con ip:190.247.139.112 SE: -1341433603
5/5/2020 2:59:09 AM /TELEPLOC a x:28 Y:34 Map:266
5/5/2020 2:59:10 AM /TELEPLOC a x:29 Y:34 Map:266
5/5/2020 2:59:10 AM /TELEPLOC a x:32 Y:32 Map:266
5/5/2020 2:59:10 AM /TELEPLOC a x:36 Y:32 Map:266
5/5/2020 2:59:11 AM /TELEPLOC a x:37 Y:35 Map:266
5/5/2020 2:59:15 AM /IRA Joker Mapa:34 X:41 Y:64
5/5/2020 2:59:19 AM /TELEPLOC a x:41 Y:63 Map:34
5/5/2020 2:59:24 AM /INVISIBLE
5/5/2020 2:59:26 AM /TELEPLOC a x:39 Y:64 Map:34
5/5/2020 2:59:26 AM /TELEPLOC a x:34 Y:67 Map:34
5/5/2020 2:59:28 AM /TELEPLOC a x:33 Y:70 Map:34
5/5/2020 2:59:29 AM /TELEPLOC a x:29 Y:71 Map:34
5/5/2020 3:00:33 AM /IRA Joker Mapa:34 X:22 Y:78
5/5/2020 3:00:40 AM /TELEPLOC a x:15 Y:80 Map:34
5/5/2020 3:00:42 AM /TELEPLOC a x:10 Y:79 Map:34
5/5/2020 3:00:43 AM /TELEPLOC a x:9 Y:79 Map:34
5/5/2020 3:00:43 AM /TELEPLOC a x:9 Y:79 Map:34
5/5/2020 3:00:43 AM /TELEPLOC a x:9 Y:79 Map:34
5/5/2020 3:00:43 AM /TELEPLOC a x:9 Y:79 Map:34
5/5/2020 3:00:43 AM /TELEPLOC a x:9 Y:79 Map:34
5/5/2020 3:00:44 AM /TELEPLOC a x:9 Y:79 Map:34
5/5/2020 3:00:44 AM /TELEPLOC a x:11 Y:75 Map:34
5/5/2020 3:00:44 AM /TELEPLOC a x:13 Y:75 Map:34
5/5/2020 3:00:45 AM /TELEPLOC a x:16 Y:72 Map:34
5/5/2020 3:00:45 AM /TELEPLOC a x:17 Y:75 Map:34
5/5/2020 3:00:45 AM /TELEPLOC a x:20 Y:73 Map:34
5/5/2020 3:00:46 AM /TELEPLOC a x:24 Y:71 Map:34
5/5/2020 3:00:46 AM /TELEPLOC a x:28 Y:72 Map:34
5/5/2020 3:00:58 AM /TELEPLOC a x:33 Y:59 Map:34
5/5/2020 3:01:06 AM /TELEPLOC a x:33 Y:51 Map:34
5/5/2020 3:01:07 AM /TELEPLOC a x:32 Y:46 Map:34
5/5/2020 3:01:07 AM /TELEPLOC a x:31 Y:41 Map:34
5/5/2020 3:02:04 AM Transporto a luuRy hacia Mapa90 X:50 Y:50
5/5/2020 3:02:07 AM /TELEPLOC a x:49 Y:49 Map:90
5/5/2020 3:02:07 AM /TELEPLOC a x:48 Y:49 Map:90
5/5/2020 3:02:07 AM /TELEPLOC a x:49 Y:48 Map:90
5/5/2020 3:02:08 AM /TELEPLOC a x:50 Y:49 Map:90
5/5/2020 3:02:08 AM /TELEPLOC a x:49 Y:51 Map:90
5/5/2020 3:02:08 AM /TELEPLOC a x:50 Y:52 Map:90
5/5/2020 3:02:08 AM /TELEPLOC a x:49 Y:55 Map:90
5/5/2020 3:02:08 AM /TELEPLOC a x:49 Y:55 Map:90
5/5/2020 3:02:09 AM /TELEPLOC a x:47 Y:58 Map:90
5/5/2020 3:02:09 AM /TELEPLOC a x:49 Y:58 Map:90
5/5/2020 3:02:12 AM /IRA Joker Mapa:34 X:23 Y:77
5/5/2020 3:03:47 AM /IRA Mefisto Mapa:49 X:38 Y:49
5/5/2020 3:03:49 AM /INVISIBLE
5/5/2020 3:03:51 AM /TELEPLOC a x:39 Y:48 Map:49
5/5/2020 3:05:02 AM /TELEPLOC a x:38 Y:46 Map:49
5/5/2020 3:05:03 AM /TELEPLOC a x:38 Y:45 Map:49
5/5/2020 3:05:16 AM /TELEPLOC a x:41 Y:47 Map:49
5/5/2020 3:05:16 AM /TELEPLOC a x:41 Y:46 Map:49
5/5/2020 3:05:17 AM /TELEPLOC a x:43 Y:46 Map:49
5/5/2020 3:05:17 AM /TELEPLOC a x:43 Y:45 Map:49
5/5/2020 3:05:52 AM Se conecto con ip:190.247.139.112 SE: -1341433603
5/5/2020 3:06:32 AM /mod luuRy objetox 55
5/5/2020 3:06:35 AM /DEST: 0/0
5/5/2020 3:06:45 AM /DEST: 0/0
5/5/2020 3:11:33 AM /mod luuRy objetox 42
5/5/2020 3:11:35 AM Agarro:1000 Objeto:Vino
5/5/2020 3:13:31 AM /mod luuRy objetox 1286
5/5/2020 3:13:33 AM Agarro:1000 Objeto:Armadura Perseus (Alto/as)
5/5/2020 3:13:42 AM Tiro cantidad:985 Objeto:Vino
5/5/2020 3:14:06 AM /mod luuRy objetox 1233
5/5/2020 3:14:09 AM Agarro:1000 Objeto:Escudo Troyano +3Fu/+2Ag
5/5/2020 3:14:39 AM /mod luuRy objetox 1166
5/5/2020 3:14:41 AM Agarro:1000 Objeto:Espada de Oro (Armada Real) Ónice
5/5/2020 3:14:56 AM /mod luuRy objetox 889
5/5/2020 3:14:59 AM Agarro:1000 Objeto:Caballo
5/5/2020 3:15:59 AM Tiro cantidad:1 Objeto:Caballo
5/5/2020 3:16:32 AM /mod luuRy objetox 1037
5/5/2020 3:16:34 AM Agarro:1000 Objeto:Báculo del Dragón (+35 DM)
5/5/2020 3:16:57 AM /TELEPLOC a x:47 Y:44 Map:49
5/5/2020 3:16:57 AM /TELEPLOC a x:47 Y:44 Map:49
5/5/2020 3:16:58 AM /TELEPLOC a x:43 Y:44 Map:49
5/5/2020 3:17:00 AM /TELEPLOC a x:46 Y:44 Map:49
5/5/2020 3:17:01 AM /TELEPLOC a x:44 Y:44 Map:49
5/5/2020 3:17:03 AM /TELEPLOC a x:46 Y:44 Map:49
5/5/2020 3:17:04 AM /TELEPLOC a x:44 Y:44 Map:49
5/5/2020 3:19:48 AM /INVISIBLE
5/5/2020 3:20:11 AM /INVISIBLE
5/5/2020 3:20:44 AM /TELEPLOC a x:44 Y:44 Map:49
5/5/2020 3:20:46 AM /TELEPLOC a x:44 Y:46 Map:49
5/5/2020 3:20:49 AM /TELEPLOC a x:43 Y:47 Map:49
5/5/2020 3:21:26 AM /INVISIBLE
5/5/2020 3:21:28 AM Transporto a luuRy hacia Mapa2 X:50 Y:50
5/5/2020 3:21:30 AM /TELEPLOC a x:51 Y:53 Map:2
5/5/2020 3:21:30 AM /TELEPLOC a x:48 Y:53 Map:2
5/5/2020 3:21:31 AM /TELEPLOC a x:53 Y:56 Map:2
5/5/2020 3:21:31 AM /TELEPLOC a x:45 Y:55 Map:2
5/5/2020 3:21:31 AM /TELEPLOC a x:53 Y:60 Map:2
5/5/2020 3:21:31 AM /TELEPLOC a x:43 Y:58 Map:2
5/5/2020 3:21:31 AM /TELEPLOC a x:52 Y:63 Map:2
5/5/2020 3:21:32 AM /TELEPLOC a x:45 Y:60 Map:2
5/5/2020 3:21:32 AM /TELEPLOC a x:53 Y:65 Map:2
5/5/2020 3:21:32 AM /TELEPLOC a x:48 Y:62 Map:2
5/5/2020 3:21:32 AM /TELEPLOC a x:50 Y:68 Map:2
5/5/2020 3:21:32 AM /TELEPLOC a x:49 Y:65 Map:2
5/5/2020 3:21:33 AM /TELEPLOC a x:45 Y:71 Map:2
5/5/2020 3:21:33 AM /TELEPLOC a x:47 Y:68 Map:2
5/5/2020 3:21:33 AM /TELEPLOC a x:45 Y:72 Map:2
5/5/2020 3:21:33 AM /TELEPLOC a x:44 Y:70 Map:2
5/5/2020 3:21:33 AM /TELEPLOC a x:44 Y:74 Map:2
5/5/2020 3:21:34 AM /TELEPLOC a x:44 Y:73 Map:2
5/5/2020 3:21:34 AM /TELEPLOC a x:41 Y:77 Map:2
5/5/2020 3:21:34 AM /TELEPLOC a x:43 Y:77 Map:2
5/5/2020 3:21:34 AM /TELEPLOC a x:38 Y:81 Map:2
5/5/2020 3:21:34 AM /TELEPLOC a x:43 Y:81 Map:2
5/5/2020 3:21:35 AM /TELEPLOC a x:34 Y:85 Map:2
5/5/2020 3:21:35 AM /TELEPLOC a x:42 Y:85 Map:2
5/5/2020 3:21:35 AM /TELEPLOC a x:29 Y:88 Map:2
5/5/2020 3:21:35 AM /TELEPLOC a x:40 Y:89 Map:2
5/5/2020 3:21:35 AM /TELEPLOC a x:23 Y:91 Map:2
5/5/2020 3:21:36 AM /TELEPLOC a x:39 Y:93 Map:2
5/5/2020 3:21:36 AM /TELEPLOC a x:23 Y:94 Map:2
5/5/2020 3:21:36 AM /TELEPLOC a x:23 Y:94 Map:2
5/5/2020 3:21:36 AM /TELEPLOC a x:23 Y:94 Map:2
5/5/2020 3:21:37 AM /TELEPLOC a x:23 Y:94 Map:2
5/5/2020 3:21:37 AM /TELEPLOC a x:23 Y:94 Map:2
5/5/2020 3:21:40 AM Transporto a luuRy hacia Mapa34 X:50 Y:50
5/5/2020 3:21:41 AM /TELEPLOC a x:47 Y:51 Map:34
5/5/2020 3:21:41 AM /TELEPLOC a x:47 Y:54 Map:34
5/5/2020 3:21:41 AM /TELEPLOC a x:41 Y:56 Map:34
5/5/2020 3:21:41 AM /TELEPLOC a x:43 Y:58 Map:34
5/5/2020 3:21:42 AM /TELEPLOC a x:34 Y:58 Map:34
5/5/2020 3:21:42 AM /TELEPLOC a x:41 Y:62 Map:34
5/5/2020 3:21:42 AM /TELEPLOC a x:30 Y:60 Map:34
5/5/2020 3:21:42 AM /TELEPLOC a x:39 Y:65 Map:34
5/5/2020 3:21:42 AM /TELEPLOC a x:41 Y:67 Map:34
5/5/2020 3:21:43 AM /TELEPLOC a x:35 Y:66 Map:34
5/5/2020 3:21:43 AM /TELEPLOC a x:31 Y:68 Map:34
5/5/2020 3:21:43 AM /TELEPLOC a x:25 Y:67 Map:34
5/5/2020 3:21:43 AM /TELEPLOC a x:21 Y:67 Map:34
5/5/2020 3:21:44 AM /TELEPLOC a x:25 Y:67 Map:34
5/5/2020 3:21:44 AM /TELEPLOC a x:22 Y:65 Map:34
5/5/2020 3:21:44 AM /TELEPLOC a x:24 Y:69 Map:34
5/5/2020 3:21:44 AM /TELEPLOC a x:25 Y:73 Map:34
5/5/2020 3:21:44 AM /TELEPLOC a x:27 Y:74 Map:34
5/5/2020 3:21:45 AM /TELEPLOC a x:27 Y:73 Map:34
5/5/2020 3:21:46 AM /TELEPLOC a x:27 Y:72 Map:34
5/5/2020 3:22:09 AM /TELEPLOC a x:26 Y:71 Map:34
5/5/2020 3:22:10 AM /TELEPLOC a x:26 Y:70 Map:34
5/5/2020 3:22:10 AM /TELEPLOC a x:27 Y:70 Map:34
5/5/2020 3:22:10 AM /TELEPLOC a x:30 Y:70 Map:34
5/5/2020 3:26:27 AM /INVISIBLE
5/5/2020 3:27:15 AM /INVISIBLE
5/5/2020 3:30:05 AM /TELEPLOC a x:25 Y:77 Map:34
5/5/2020 3:30:13 AM /INVISIBLE
5/5/2020 3:30:13 AM Agarro:100 Objeto:Bolsa Oro
5/5/2020 3:31:24 AM /INVISIBLE
5/5/2020 3:31:27 AM Transporto a luuRy hacia Mapa34 X:50 Y:50
5/5/2020 3:31:28 AM /TELEPLOC a x:47 Y:55 Map:34
5/5/2020 3:31:28 AM /TELEPLOC a x:43 Y:58 Map:34
5/5/2020 3:31:28 AM /TELEPLOC a x:42 Y:60 Map:34
5/5/2020 3:31:28 AM /TELEPLOC a x:40 Y:62 Map:34
5/5/2020 3:31:29 AM /TELEPLOC a x:41 Y:63 Map:34
5/5/2020 3:31:29 AM /TELEPLOC a x:38 Y:66 Map:34
5/5/2020 3:31:29 AM /TELEPLOC a x:39 Y:67 Map:34
5/5/2020 3:31:29 AM /TELEPLOC a x:37 Y:72 Map:34
5/5/2020 3:31:30 AM /TELEPLOC a x:36 Y:71 Map:34
5/5/2020 3:31:30 AM /TELEPLOC a x:33 Y:75 Map:34
5/5/2020 3:31:33 AM /TELEPLOC a x:28 Y:76 Map:34
5/5/2020 3:31:34 AM /TELEPLOC a x:24 Y:77 Map:34
5/5/2020 3:32:46 AM /TELEPLOC a x:23 Y:77 Map:34
5/5/2020 3:32:47 AM /TELEPLOC a x:24 Y:78 Map:34
5/5/2020 3:32:48 AM /TELEPLOC a x:24 Y:77 Map:34
5/5/2020 3:32:49 AM /TELEPLOC a x:23 Y:77 Map:34
5/5/2020 3:32:51 AM /TELEPLOC a x:24 Y:78 Map:34
5/5/2020 3:32:52 AM /TELEPLOC a x:24 Y:77 Map:34
5/5/2020 3:32:53 AM /TELEPLOC a x:24 Y:79 Map:34
5/5/2020 3:32:54 AM /TELEPLOC a x:24 Y:78 Map:34
5/5/2020 3:32:55 AM /TELEPLOC a x:24 Y:77 Map:34
5/5/2020 3:32:56 AM /TELEPLOC a x:24 Y:78 Map:34
5/5/2020 3:32:58 AM /TELEPLOC a x:24 Y:77 Map:34
5/5/2020 3:32:59 AM /TELEPLOC a x:24 Y:79 Map:34
5/5/2020 3:32:59 AM /TELEPLOC a x:24 Y:79 Map:34
5/5/2020 3:33:01 AM /TELEPLOC a x:24 Y:78 Map:34
5/5/2020 3:33:01 AM /TELEPLOC a x:24 Y:77 Map:34
5/5/2020 3:33:03 AM /TELEPLOC a x:24 Y:78 Map:34
5/5/2020 3:33:08 AM /TELEPLOC a x:26 Y:75 Map:34
5/5/2020 3:33:22 AM /TELEPLOC a x:24 Y:77 Map:34
5/5/2020 3:33:27 AM /TELEPLOC a x:22 Y:81 Map:34
5/5/2020 3:33:28 AM /TELEPLOC a x:23 Y:82 Map:34
5/5/2020 3:33:28 AM /TELEPLOC a x:20 Y:86 Map:34
5/5/2020 3:33:29 AM /TELEPLOC a x:16 Y:86 Map:34
5/5/2020 3:33:30 AM /TELEPLOC a x:17 Y:89 Map:34
5/5/2020 3:33:34 AM /TELEPLOC a x:19 Y:73 Map:45
5/5/2020 3:33:34 AM /TELEPLOC a x:19 Y:73 Map:45
5/5/2020 3:33:34 AM /TELEPLOC a x:25 Y:74 Map:45
5/5/2020 3:33:34 AM /TELEPLOC a x:25 Y:73 Map:45
5/5/2020 3:33:35 AM /TELEPLOC a x:30 Y:74 Map:45
5/5/2020 3:33:35 AM /TELEPLOC a x:31 Y:72 Map:45
5/5/2020 3:33:35 AM /TELEPLOC a x:35 Y:74 Map:45
5/5/2020 3:33:37 AM /TELEPLOC a x:37 Y:73 Map:45
5/5/2020 3:33:37 AM /TELEPLOC a x:39 Y:74 Map:45
5/5/2020 3:33:37 AM /TELEPLOC a x:41 Y:73 Map:45
5/5/2020 3:33:38 AM /TELEPLOC a x:44 Y:74 Map:45
5/5/2020 3:33:38 AM /TELEPLOC a x:46 Y:73 Map:45
5/5/2020 3:33:38 AM /TELEPLOC a x:50 Y:73 Map:45
5/5/2020 3:33:38 AM /TELEPLOC a x:50 Y:73 Map:45
5/5/2020 3:33:39 AM /TELEPLOC a x:55 Y:73 Map:45
5/5/2020 3:33:39 AM /TELEPLOC a x:60 Y:73 Map:45
5/5/2020 3:33:40 AM /TELEPLOC a x:65 Y:74 Map:45
5/5/2020 3:33:40 AM /TELEPLOC a x:66 Y:74 Map:45
5/5/2020 3:33:40 AM /TELEPLOC a x:71 Y:75 Map:45
5/5/2020 3:33:40 AM /TELEPLOC a x:72 Y:74 Map:45
5/5/2020 3:33:40 AM /TELEPLOC a x:74 Y:72 Map:45
5/5/2020 3:33:41 AM /TELEPLOC a x:73 Y:70 Map:45
5/5/2020 3:33:41 AM /TELEPLOC a x:74 Y:69 Map:45
5/5/2020 3:33:41 AM /TELEPLOC a x:73 Y:67 Map:45
5/5/2020 3:33:41 AM /TELEPLOC a x:74 Y:66 Map:45
5/5/2020 3:33:42 AM /TELEPLOC a x:74 Y:63 Map:45
5/5/2020 3:33:42 AM /TELEPLOC a x:74 Y:63 Map:45
5/5/2020 3:33:42 AM /TELEPLOC a x:72 Y:58 Map:45
5/5/2020 3:33:43 AM /TELEPLOC a x:71 Y:59 Map:45
5/5/2020 3:33:43 AM /TELEPLOC a x:68 Y:54 Map:45
5/5/2020 3:33:43 AM /TELEPLOC a x:66 Y:55 Map:45
5/5/2020 3:33:43 AM /TELEPLOC a x:61 Y:52 Map:45
5/5/2020 3:33:43 AM /TELEPLOC a x:60 Y:53 Map:45
5/5/2020 3:33:44 AM /TELEPLOC a x:55 Y:50 Map:45
5/5/2020 3:33:44 AM /TELEPLOC a x:49 Y:48 Map:45
5/5/2020 3:33:44 AM /TELEPLOC a x:43 Y:47 Map:45
5/5/2020 3:33:44 AM /TELEPLOC a x:43 Y:47 Map:45
5/5/2020 3:33:45 AM /TELEPLOC a x:37 Y:46 Map:45
5/5/2020 3:33:45 AM /TELEPLOC a x:41 Y:46 Map:45
5/5/2020 3:33:45 AM /TELEPLOC a x:41 Y:46 Map:45
5/5/2020 3:33:45 AM /TELEPLOC a x:44 Y:46 Map:45
5/5/2020 3:33:46 AM /TELEPLOC a x:46 Y:47 Map:45
5/5/2020 3:33:46 AM /TELEPLOC a x:49 Y:48 Map:45
5/5/2020 3:33:46 AM /TELEPLOC a x:52 Y:49 Map:45
5/5/2020 3:33:46 AM /TELEPLOC a x:54 Y:50 Map:45
5/5/2020 3:33:46 AM /TELEPLOC a x:53 Y:53 Map:45
5/5/2020 3:33:47 AM /TELEPLOC a x:55 Y:54 Map:45
5/5/2020 3:33:47 AM /TELEPLOC a x:52 Y:57 Map:45
5/5/2020 3:33:47 AM /TELEPLOC a x:54 Y:58 Map:45
5/5/2020 3:33:47 AM /TELEPLOC a x:50 Y:61 Map:45
5/5/2020 3:33:47 AM /TELEPLOC a x:52 Y:62 Map:45
5/5/2020 3:33:48 AM /TELEPLOC a x:47 Y:65 Map:45
5/5/2020 3:33:48 AM /TELEPLOC a x:48 Y:66 Map:45
5/5/2020 3:33:48 AM /TELEPLOC a x:42 Y:68 Map:45
5/5/2020 3:33:48 AM /TELEPLOC a x:42 Y:69 Map:45
5/5/2020 3:33:49 AM /TELEPLOC a x:36 Y:71 Map:45
5/5/2020 3:33:49 AM /TELEPLOC a x:37 Y:72 Map:45
5/5/2020 3:33:49 AM /TELEPLOC a x:33 Y:73 Map:45
5/5/2020 3:33:49 AM /TELEPLOC a x:34 Y:73 Map:45
5/5/2020 3:33:49 AM /TELEPLOC a x:28 Y:73 Map:45
5/5/2020 3:33:50 AM /TELEPLOC a x:29 Y:73 Map:45
5/5/2020 3:33:50 AM /TELEPLOC a x:22 Y:72 Map:45
5/5/2020 3:33:50 AM /TELEPLOC a x:23 Y:72 Map:45
5/5/2020 3:33:50 AM /TELEPLOC a x:17 Y:71 Map:45
5/5/2020 3:33:50 AM /TELEPLOC a x:17 Y:71 Map:45
5/5/2020 3:33:51 AM /TELEPLOC a x:11 Y:72 Map:45
5/5/2020 3:33:51 AM /TELEPLOC a x:11 Y:72 Map:45
5/5/2020 3:33:51 AM /TELEPLOC a x:11 Y:72 Map:45
5/5/2020 3:33:52 AM /TELEPLOC a x:11 Y:72 Map:45
5/5/2020 3:33:53 AM /TELEPLOC a x:12 Y:74 Map:45
5/5/2020 3:33:59 AM /TELEPLOC a x:22 Y:78 Map:34
5/5/2020 3:34:04 AM /TELEPLOC a x:24 Y:75 Map:34
5/5/2020 3:34:04 AM /TELEPLOC a x:27 Y:74 Map:34
5/5/2020 3:34:05 AM /TELEPLOC a x:28 Y:73 Map:34
5/5/2020 3:34:05 AM /TELEPLOC a x:27 Y:73 Map:34
5/5/2020 3:34:05 AM /TELEPLOC a x:28 Y:72 Map:34
5/5/2020 3:34:05 AM /TELEPLOC a x:28 Y:71 Map:34
5/5/2020 3:34:06 AM /TELEPLOC a x:29 Y:70 Map:34
5/5/2020 3:34:06 AM /TELEPLOC a x:31 Y:69 Map:34
5/5/2020 3:34:06 AM /TELEPLOC a x:32 Y:69 Map:34
5/5/2020 3:34:06 AM /TELEPLOC a x:33 Y:68 Map:34
5/5/2020 3:34:06 AM /TELEPLOC a x:32 Y:68 Map:34
5/5/2020 3:34:07 AM /TELEPLOC a x:33 Y:67 Map:34
5/5/2020 3:34:50 AM /TELEPLOC a x:27 Y:74 Map:34
5/5/2020 3:34:50 AM /TELEPLOC a x:30 Y:74 Map:34
5/5/2020 3:34:51 AM /TELEPLOC a x:29 Y:74 Map:34
5/5/2020 3:34:51 AM /TELEPLOC a x:31 Y:74 Map:34
5/5/2020 3:34:51 AM /TELEPLOC a x:31 Y:74 Map:34
5/5/2020 3:34:52 AM /TELEPLOC a x:31 Y:73 Map:34
5/5/2020 3:34:52 AM /TELEPLOC a x:33 Y:74 Map:34
5/5/2020 3:34:52 AM /TELEPLOC a x:33 Y:73 Map:34
5/5/2020 3:34:52 AM /TELEPLOC a x:35 Y:72 Map:34
5/5/2020 3:34:52 AM /TELEPLOC a x:34 Y:71 Map:34
5/5/2020 3:34:53 AM /TELEPLOC a x:33 Y:70 Map:34
5/5/2020 3:34:53 AM /TELEPLOC a x:32 Y:71 Map:34
5/5/2020 3:34:53 AM /TELEPLOC a x:31 Y:71 Map:34
5/5/2020 3:34:53 AM /TELEPLOC a x:31 Y:72 Map:34
5/5/2020 3:34:54 AM /TELEPLOC a x:30 Y:73 Map:34
5/5/2020 3:34:54 AM /TELEPLOC a x:29 Y:74 Map:34
5/5/2020 3:34:56 AM /TELEPLOC a x:25 Y:74 Map:34
5/5/2020 3:35:23 AM /TELEPLOC a x:23 Y:78 Map:34
5/5/2020 3:35:25 AM /TELEPLOC a x:23 Y:77 Map:34
5/5/2020 3:35:59 AM /TELEPLOC a x:25 Y:75 Map:34
5/5/2020 3:36:07 AM /TELEPLOC a x:24 Y:76 Map:34
5/5/2020 3:36:36 AM /TELEPLOC a x:23 Y:77 Map:34
5/5/2020 3:38:19 AM /TELEPLOC a x:28 Y:77 Map:34
5/5/2020 3:39:06 AM /TELEPLOC a x:22 Y:75 Map:34
5/5/2020 3:39:07 AM /TELEPLOC a x:22 Y:77 Map:34
5/5/2020 3:39:10 AM /TELEPLOC a x:21 Y:76 Map:34
5/5/2020 3:39:12 AM /TELEPLOC a x:22 Y:79 Map:34
5/5/2020 3:39:19 AM /TELEPLOC a x:23 Y:78 Map:34
5/5/2020 3:39:20 AM /TELEPLOC a x:23 Y:77 Map:34
5/5/2020 3:39:21 AM /TELEPLOC a x:23 Y:78 Map:34
5/5/2020 3:39:22 AM /TELEPLOC a x:23 Y:77 Map:34
5/5/2020 3:39:23 AM /TELEPLOC a x:23 Y:79 Map:34
5/5/2020 3:39:23 AM /TELEPLOC a x:23 Y:79 Map:34
5/5/2020 3:39:24 AM /TELEPLOC a x:23 Y:78 Map:34
5/5/2020 3:39:25 AM /TELEPLOC a x:23 Y:78 Map:34
5/5/2020 3:39:26 AM /TELEPLOC a x:23 Y:78 Map:34
5/5/2020 3:39:27 AM /TELEPLOC a x:22 Y:79 Map:34
5/5/2020 3:39:27 AM /TELEPLOC a x:23 Y:79 Map:34
5/5/2020 3:39:28 AM /TELEPLOC a x:23 Y:78 Map:34
5/5/2020 3:39:29 AM /TELEPLOC a x:24 Y:77 Map:34
5/5/2020 3:39:30 AM /TELEPLOC a x:22 Y:78 Map:34
5/5/2020 3:39:30 AM /TELEPLOC a x:21 Y:79 Map:34
5/5/2020 3:39:31 AM /TELEPLOC a x:23 Y:79 Map:34
5/5/2020 3:39:31 AM /TELEPLOC a x:23 Y:78 Map:34
5/5/2020 3:39:32 AM /TELEPLOC a x:22 Y:78 Map:34
5/5/2020 3:39:33 AM /TELEPLOC a x:23 Y:79 Map:34
5/5/2020 3:39:34 AM /TELEPLOC a x:22 Y:79 Map:34
5/5/2020 3:39:35 AM /TELEPLOC a x:22 Y:79 Map:34
5/5/2020 3:39:36 AM /TELEPLOC a x:23 Y:79 Map:34
5/5/2020 3:39:36 AM /TELEPLOC a x:22 Y:78 Map:34
5/5/2020 3:39:37 AM /TELEPLOC a x:22 Y:78 Map:34
5/5/2020 3:39:38 AM /TELEPLOC a x:23 Y:78 Map:34
5/5/2020 3:39:39 AM /TELEPLOC a x:23 Y:78 Map:34
5/5/2020 3:39:40 AM /TELEPLOC a x:22 Y:77 Map:34
5/5/2020 3:44:50 AM /TELEPLOC a x:23 Y:74 Map:34
5/5/2020 3:45:26 AM /TELEPLOC a x:21 Y:77 Map:34
5/5/2020 3:47:53 AM /TELEPLOC a x:27 Y:73 Map:34
5/5/2020 3:47:54 AM /TELEPLOC a x:34 Y:69 Map:34
5/5/2020 3:47:54 AM /TELEPLOC a x:34 Y:68 Map:34
5/5/2020 3:47:55 AM /TELEPLOC a x:34 Y:63 Map:34
5/5/2020 3:47:56 AM /TELEPLOC a x:35 Y:59 Map:34
5/5/2020 3:48:08 AM /TELEPLOC a x:40 Y:58 Map:34
5/5/2020 3:48:08 AM /TELEPLOC a x:41 Y:58 Map:34
5/5/2020 3:48:08 AM /TELEPLOC a x:46 Y:57 Map:34
5/5/2020 3:48:09 AM /TELEPLOC a x:49 Y:60 Map:34
5/5/2020 3:48:09 AM /TELEPLOC a x:50 Y:61 Map:34
5/5/2020 3:48:09 AM /TELEPLOC a x:54 Y:64 Map:34
5/5/2020 3:48:10 AM /TELEPLOC a x:60 Y:66 Map:34
5/5/2020 3:48:22 AM /TELEPLOC a x:56 Y:67 Map:34
5/5/2020 3:48:22 AM /TELEPLOC a x:56 Y:67 Map:34
5/5/2020 3:48:22 AM /TELEPLOC a x:51 Y:68 Map:34
5/5/2020 3:48:26 AM /TELEPLOC a x:46 Y:69 Map:34
5/5/2020 3:48:27 AM /TELEPLOC a x:42 Y:70 Map:34
5/5/2020 3:48:27 AM /TELEPLOC a x:37 Y:71 Map:34
5/5/2020 3:48:28 AM /TELEPLOC a x:39 Y:72 Map:34
5/5/2020 3:48:28 AM /TELEPLOC a x:35 Y:74 Map:34
5/5/2020 3:48:28 AM /TELEPLOC a x:36 Y:75 Map:34
5/5/2020 3:48:28 AM /TELEPLOC a x:31 Y:77 Map:34
5/5/2020 3:48:28 AM /TELEPLOC a x:27 Y:79 Map:34
5/5/2020 3:48:29 AM /TELEPLOC a x:26 Y:79 Map:34
5/5/2020 3:48:29 AM /TELEPLOC a x:23 Y:80 Map:34
5/5/2020 3:48:29 AM /TELEPLOC a x:22 Y:79 Map:34
5/5/2020 3:48:29 AM /TELEPLOC a x:19 Y:79 Map:34
5/5/2020 3:49:39 AM /TELEPLOC a x:22 Y:76 Map:34
5/5/2020 3:49:40 AM /TELEPLOC a x:28 Y:73 Map:34
5/5/2020 3:49:40 AM /TELEPLOC a x:27 Y:74 Map:34
5/5/2020 3:49:40 AM /TELEPLOC a x:32 Y:72 Map:34
5/5/2020 3:49:40 AM /TELEPLOC a x:31 Y:71 Map:34
5/5/2020 3:49:41 AM /TELEPLOC a x:35 Y:67 Map:34
5/5/2020 3:49:41 AM /TELEPLOC a x:32 Y:66 Map:34
5/5/2020 3:49:41 AM /TELEPLOC a x:36 Y:62 Map:34
5/5/2020 3:49:41 AM /TELEPLOC a x:37 Y:57 Map:34
5/5/2020 3:49:42 AM /TELEPLOC a x:37 Y:57 Map:34
5/5/2020 3:49:42 AM /TELEPLOC a x:36 Y:51 Map:34
5/5/2020 3:49:42 AM /TELEPLOC a x:36 Y:45 Map:34
5/5/2020 3:49:42 AM /TELEPLOC a x:36 Y:46 Map:34
5/5/2020 3:49:42 AM /TELEPLOC a x:36 Y:40 Map:34
5/5/2020 3:49:43 AM /TELEPLOC a x:35 Y:35 Map:34
5/5/2020 3:49:43 AM /TELEPLOC a x:36 Y:35 Map:34
5/5/2020 3:49:43 AM /TELEPLOC a x:35 Y:31 Map:34
5/5/2020 3:49:44 AM /TELEPLOC a x:33 Y:28 Map:34
5/5/2020 3:49:44 AM /TELEPLOC a x:35 Y:29 Map:34
5/5/2020 3:49:44 AM /TELEPLOC a x:31 Y:27 Map:34
5/5/2020 3:49:44 AM /TELEPLOC a x:34 Y:28 Map:34
5/5/2020 3:49:45 AM /TELEPLOC a x:31 Y:25 Map:34
5/5/2020 3:49:45 AM /TELEPLOC a x:34 Y:25 Map:34
5/5/2020 3:49:45 AM /TELEPLOC a x:31 Y:21 Map:34
5/5/2020 3:49:45 AM /TELEPLOC a x:34 Y:21 Map:34
5/5/2020 3:49:46 AM /TELEPLOC a x:34 Y:17 Map:34
5/5/2020 3:49:46 AM /TELEPLOC a x:34 Y:13 Map:34
5/5/2020 3:49:46 AM /TELEPLOC a x:35 Y:13 Map:34
5/5/2020 3:49:47 AM /TELEPLOC a x:35 Y:16 Map:34
5/5/2020 3:49:48 AM /TELEPLOC a x:35 Y:19 Map:34
5/5/2020 3:49:48 AM /TELEPLOC a x:35 Y:19 Map:34
5/5/2020 3:49:48 AM /TELEPLOC a x:35 Y:22 Map:34
5/5/2020 3:49:48 AM /TELEPLOC a x:35 Y:26 Map:34
5/5/2020 3:49:49 AM /TELEPLOC a x:35 Y:26 Map:34
5/5/2020 3:49:49 AM /TELEPLOC a x:35 Y:30 Map:34
5/5/2020 3:49:49 AM /TELEPLOC a x:35 Y:34 Map:34
5/5/2020 3:49:50 AM /TELEPLOC a x:35 Y:34 Map:34
5/5/2020 3:49:50 AM /TELEPLOC a x:35 Y:38 Map:34
5/5/2020 3:49:50 AM /TELEPLOC a x:35 Y:42 Map:34
5/5/2020 3:49:51 AM /TELEPLOC a x:35 Y:42 Map:34
5/5/2020 3:49:51 AM /TELEPLOC a x:35 Y:46 Map:34
5/5/2020 3:49:51 AM /TELEPLOC a x:34 Y:46 Map:34
5/5/2020 3:49:52 AM /TELEPLOC a x:34 Y:50 Map:34
5/5/2020 3:49:52 AM /TELEPLOC a x:34 Y:54 Map:34
5/5/2020 3:49:53 AM /TELEPLOC a x:33 Y:58 Map:34
5/5/2020 3:49:53 AM /TELEPLOC a x:33 Y:58 Map:34
5/5/2020 3:49:54 AM /TELEPLOC a x:32 Y:61 Map:34
5/5/2020 3:49:54 AM /TELEPLOC a x:32 Y:61 Map:34
5/5/2020 3:49:54 AM /TELEPLOC a x:31 Y:65 Map:34
5/5/2020 3:49:55 AM /TELEPLOC a x:29 Y:69 Map:34
5/5/2020 3:49:55 AM /TELEPLOC a x:29 Y:69 Map:34
5/5/2020 3:49:55 AM /TELEPLOC a x:27 Y:73 Map:34
5/5/2020 3:49:56 AM /TELEPLOC a x:28 Y:72 Map:34
5/5/2020 3:49:58 AM /TELEPLOC a x:25 Y:75 Map:34
5/5/2020 3:50:46 AM Transporto a luuRy hacia Mapa49 X:50 Y:50
5/5/2020 3:50:48 AM /TELEPLOC a x:46 Y:53 Map:49
5/5/2020 3:50:55 AM /TELEPLOC a x:48 Y:57 Map:49
5/5/2020 3:50:56 AM /TELEPLOC a x:43 Y:58 Map:49
5/5/2020 3:51:01 AM /TELEPLOC a x:40 Y:55 Map:49
5/5/2020 3:51:02 AM Agarro:1 Objeto:Túnica Oscura
5/5/2020 3:51:04 AM /TELEPLOC a x:42 Y:55 Map:49
5/5/2020 3:51:04 AM Agarro:1 Objeto:Túnica Oscura
5/5/2020 3:51:05 AM /TELEPLOC a x:42 Y:55 Map:49
5/5/2020 3:51:05 AM /TELEPLOC a x:41 Y:54 Map:49
5/5/2020 3:51:05 AM Agarro:1 Objeto:Túnica Oscura
5/5/2020 3:51:06 AM /TELEPLOC a x:41 Y:56 Map:49
5/5/2020 3:51:07 AM Agarro:1 Objeto:Túnica Oscura
5/5/2020 3:51:08 AM /TELEPLOC a x:42 Y:56 Map:49
5/5/2020 3:51:10 AM /TELEPLOC a x:42 Y:55 Map:49
5/5/2020 3:51:12 AM Tiro cantidad:1 Objeto:Espada de Oro (Armada Real) Ónice
5/5/2020 3:51:12 AM /TELEPLOC a x:41 Y:55 Map:49
5/5/2020 3:51:17 AM /TELEPLOC a x:41 Y:54 Map:49
5/5/2020 3:51:19 AM Tiro cantidad:1 Objeto:Espada de Oro (Armada Real) Ónice
5/5/2020 3:51:19 AM /TELEPLOC a x:40 Y:55 Map:49
5/5/2020 3:51:21 AM /TELEPLOC a x:41 Y:56 Map:49
5/5/2020 3:51:22 AM Tiro cantidad:1 Objeto:Espada de Oro (Armada Real) Ónice
5/5/2020 3:51:23 AM /TELEPLOC a x:40 Y:55 Map:49
5/5/2020 3:51:28 AM /TELEPLOC a x:43 Y:56 Map:49
5/5/2020 3:51:29 AM /TELEPLOC a x:43 Y:56 Map:49
5/5/2020 3:51:30 AM /TELEPLOC a x:40 Y:55 Map:49
5/5/2020 3:51:31 AM Tiro cantidad:1 Objeto:Espada de Oro (Armada Real) Ónice
5/5/2020 3:51:31 AM /TELEPLOC a x:42 Y:54 Map:49
5/5/2020 3:51:35 AM /TELEPLOC a x:42 Y:51 Map:49
5/5/2020 3:51:35 AM /TELEPLOC a x:42 Y:50 Map:49
5/5/2020 3:51:35 AM /TELEPLOC a x:42 Y:46 Map:49
5/5/2020 3:51:36 AM /TELEPLOC a x:42 Y:44 Map:49
5/5/2020 3:51:40 AM /INVISIBLE
5/5/2020 3:53:28 AM /mod luuRy objetox 1160
5/5/2020 3:53:29 AM Agarro:1000 Objeto:Espada MataDragones Ónice
5/5/2020 3:54:32 AM /mod luuRy objetox 402
5/5/2020 3:54:34 AM Agarro:1000 Objeto:Espada MataDragones
5/5/2020 3:55:16 AM /CC  Map:49 X:41 Y:43
5/5/2020 3:55:51 AM /INVISIBLE
5/5/2020 3:55:54 AM /IRA Lo Celso Mapa:247 X:18 Y:55
5/5/2020 3:56:32 AM /TELEPLOC a x:17 Y:55 Map:246
5/5/2020 3:56:32 AM /TELEPLOC a x:14 Y:54 Map:246
5/5/2020 3:56:33 AM /TELEPLOC a x:12 Y:50 Map:246
5/5/2020 3:56:33 AM /TELEPLOC a x:10 Y:51 Map:246
5/5/2020 3:56:33 AM /TELEPLOC a x:10 Y:51 Map:246
5/5/2020 3:56:33 AM /TELEPLOC a x:10 Y:51 Map:246
5/5/2020 3:56:34 AM /TELEPLOC a x:10 Y:51 Map:246
5/5/2020 3:56:34 AM /TELEPLOC a x:10 Y:51 Map:246
5/5/2020 3:56:34 AM /TELEPLOC a x:9 Y:47 Map:246
5/5/2020 3:56:34 AM /TELEPLOC a x:9 Y:47 Map:246
5/5/2020 3:56:34 AM /TELEPLOC a x:9 Y:47 Map:246
5/5/2020 3:56:35 AM /TELEPLOC a x:9 Y:47 Map:246
5/5/2020 3:56:36 AM /TELEPLOC a x:9 Y:47 Map:246
5/5/2020 3:56:37 AM /TELEPLOC a x:9 Y:47 Map:246
5/5/2020 3:56:37 AM /TELEPLOC a x:9 Y:51 Map:246
5/5/2020 3:56:37 AM /TELEPLOC a x:9 Y:50 Map:246
5/5/2020 3:56:38 AM /TELEPLOC a x:9 Y:56 Map:246
5/5/2020 3:56:38 AM /TELEPLOC a x:9 Y:56 Map:246
5/5/2020 3:56:39 AM /TELEPLOC a x:9 Y:56 Map:246
5/5/2020 3:56:39 AM /TELEPLOC a x:10 Y:61 Map:246
5/5/2020 3:56:39 AM /TELEPLOC a x:10 Y:61 Map:246
5/5/2020 3:56:40 AM /TELEPLOC a x:10 Y:61 Map:246
5/5/2020 3:56:41 AM /TELEPLOC a x:10 Y:61 Map:246
5/5/2020 3:56:41 AM /TELEPLOC a x:10 Y:61 Map:246
5/5/2020 3:56:41 AM /TELEPLOC a x:10 Y:61 Map:246
5/5/2020 3:56:41 AM /TELEPLOC a x:10 Y:61 Map:246
5/5/2020 3:56:43 AM /TELEPLOC a x:12 Y:65 Map:246
5/5/2020 3:56:44 AM /TELEPLOC a x:11 Y:66 Map:246
5/5/2020 3:56:44 AM /TELEPLOC a x:13 Y:71 Map:246
5/5/2020 3:56:44 AM /TELEPLOC a x:13 Y:72 Map:246
5/5/2020 3:56:44 AM /TELEPLOC a x:14 Y:78 Map:246
5/5/2020 3:56:45 AM /TELEPLOC a x:15 Y:78 Map:246
5/5/2020 3:59:06 AM Transporto a luuRy hacia Mapa90 X:50 Y:50
5/5/2020 3:59:10 AM Transporto a luuRy hacia Mapa34 X:50 Y:50
5/5/2020 3:59:11 AM /TELEPLOC a x:47 Y:54 Map:34
5/5/2020 3:59:11 AM /TELEPLOC a x:45 Y:56 Map:34
5/5/2020 3:59:11 AM /TELEPLOC a x:39 Y:62 Map:34
5/5/2020 3:59:12 AM /TELEPLOC a x:41 Y:60 Map:34
5/5/2020 3:59:12 AM /TELEPLOC a x:35 Y:64 Map:34
5/5/2020 3:59:12 AM /TELEPLOC a x:38 Y:65 Map:34
5/5/2020 3:59:12 AM /TELEPLOC a x:29 Y:69 Map:34
5/5/2020 3:59:13 AM /TELEPLOC a x:23 Y:72 Map:34
5/5/2020 3:59:15 AM /TELEPLOC a x:23 Y:78 Map:34
5/5/2020 3:59:17 AM /TELEPLOC a x:24 Y:77 Map:34
5/5/2020 3:59:18 AM /TELEPLOC a x:27 Y:77 Map:34
5/5/2020 3:59:19 AM /TELEPLOC a x:29 Y:77 Map:34
5/5/2020 3:59:20 AM /TELEPLOC a x:29 Y:76 Map:34
5/5/2020 3:59:31 AM /TELEPLOC a x:32 Y:71 Map:34
5/5/2020 3:59:32 AM /TELEPLOC a x:35 Y:66 Map:34
5/5/2020 3:59:32 AM /TELEPLOC a x:37 Y:61 Map:34
5/5/2020 3:59:32 AM /TELEPLOC a x:36 Y:61 Map:34
5/5/2020 3:59:32 AM /TELEPLOC a x:37 Y:56 Map:34
5/5/2020 3:59:33 AM /TELEPLOC a x:35 Y:53 Map:34
5/5/2020 3:59:34 AM /TELEPLOC a x:34 Y:49 Map:34
5/5/2020 3:59:35 AM /TELEPLOC a x:35 Y:45 Map:34
5/5/2020 3:59:36 AM /TELEPLOC a x:34 Y:50 Map:34
5/5/2020 3:59:36 AM /TELEPLOC a x:33 Y:55 Map:34
5/5/2020 3:59:37 AM /TELEPLOC a x:33 Y:51 Map:34
5/5/2020 3:59:38 AM /TELEPLOC a x:34 Y:47 Map:34
5/5/2020 3:59:39 AM /TELEPLOC a x:34 Y:51 Map:34
5/5/2020 3:59:40 AM /TELEPLOC a x:34 Y:54 Map:34
5/5/2020 3:59:41 AM /TELEPLOC a x:34 Y:59 Map:34
5/5/2020 3:59:42 AM /TELEPLOC a x:34 Y:64 Map:34
5/5/2020 3:59:45 AM /TELEPLOC a x:34 Y:68 Map:34
5/5/2020 3:59:45 AM /TELEPLOC a x:34 Y:72 Map:34
5/5/2020 3:59:46 AM /TELEPLOC a x:33 Y:74 Map:34
5/5/2020 3:59:49 AM /TELEPLOC a x:30 Y:76 Map:34
5/5/2020 3:59:51 AM /TELEPLOC a x:27 Y:76 Map:34
5/5/2020 3:59:52 AM /TELEPLOC a x:24 Y:76 Map:34
5/5/2020 3:59:53 AM /TELEPLOC a x:22 Y:76 Map:34
5/5/2020 3:59:54 AM /TELEPLOC a x:20 Y:76 Map:34
5/5/2020 3:59:55 AM /TELEPLOC a x:19 Y:75 Map:34
5/5/2020 3:59:55 AM /TELEPLOC a x:18 Y:74 Map:34
5/5/2020 3:59:56 AM /TELEPLOC a x:19 Y:72 Map:34
5/5/2020 3:59:57 AM /TELEPLOC a x:20 Y:70 Map:34
5/5/2020 3:59:59 AM /TELEPLOC a x:21 Y:71 Map:34
5/5/2020 4:00:00 AM /TELEPLOC a x:23 Y:72 Map:34
5/5/2020 4:00:11 AM /TELEPLOC a x:29 Y:68 Map:34
5/5/2020 4:00:14 AM /TELEPLOC a x:29 Y:67 Map:34
5/5/2020 4:00:17 AM /TELEPLOC a x:30 Y:68 Map:34
5/5/2020 4:00:54 AM /TELEPLOC a x:33 Y:64 Map:34
5/5/2020 4:00:54 AM /TELEPLOC a x:34 Y:60 Map:34
5/5/2020 4:00:55 AM /TELEPLOC a x:34 Y:61 Map:34
5/5/2020 4:00:55 AM /TELEPLOC a x:35 Y:57 Map:34
5/5/2020 4:00:55 AM /TELEPLOC a x:36 Y:62 Map:34
5/5/2020 4:00:56 AM /TELEPLOC a x:36 Y:61 Map:34
5/5/2020 4:00:57 AM /TELEPLOC a x:36 Y:65 Map:34
5/5/2020 4:00:58 AM /TELEPLOC a x:36 Y:71 Map:34
5/5/2020 4:00:59 AM /TELEPLOC a x:30 Y:75 Map:34
5/5/2020 4:01:01 AM /TELEPLOC a x:28 Y:76 Map:34
5/5/2020 4:01:02 AM /TELEPLOC a x:26 Y:76 Map:34
5/5/2020 4:01:03 AM /TELEPLOC a x:23 Y:72 Map:34
5/5/2020 4:01:21 AM /TELEPLOC a x:21 Y:77 Map:34
5/5/2020 4:01:42 AM /TELEPLOC a x:22 Y:76 Map:34
5/5/2020 4:01:44 AM /TELEPLOC a x:21 Y:78 Map:34
5/5/2020 4:02:05 AM /TELEPLOC a x:21 Y:77 Map:34
5/5/2020 4:02:06 AM /TELEPLOC a x:22 Y:76 Map:34
5/5/2020 4:02:07 AM /TELEPLOC a x:24 Y:76 Map:34
5/5/2020 4:02:08 AM /TELEPLOC a x:24 Y:78 Map:34
5/5/2020 4:02:09 AM /TELEPLOC a x:23 Y:79 Map:34
5/5/2020 4:02:10 AM /TELEPLOC a x:22 Y:77 Map:34
5/5/2020 4:02:11 AM /TELEPLOC a x:23 Y:76 Map:34
5/5/2020 4:02:11 AM /TELEPLOC a x:24 Y:77 Map:34
5/5/2020 4:02:12 AM /TELEPLOC a x:23 Y:79 Map:34
5/5/2020 4:02:13 AM /TELEPLOC a x:22 Y:78 Map:34
5/5/2020 4:02:13 AM /TELEPLOC a x:22 Y:75 Map:34
5/5/2020 4:02:14 AM /TELEPLOC a x:24 Y:76 Map:34
5/5/2020 4:02:16 AM /TELEPLOC a x:29 Y:71 Map:34
5/5/2020 4:02:17 AM /TELEPLOC a x:28 Y:73 Map:34
5/5/2020 4:02:18 AM /TELEPLOC a x:27 Y:74 Map:34
5/5/2020 4:02:19 AM /TELEPLOC a x:26 Y:75 Map:34
5/5/2020 4:03:07 AM /TELEPLOC a x:22 Y:77 Map:34
5/5/2020 4:03:59 AM /TELEPLOC a x:23 Y:76 Map:34
5/5/2020 4:04:00 AM /TELEPLOC a x:24 Y:76 Map:34
5/5/2020 4:04:01 AM /TELEPLOC a x:25 Y:76 Map:34
5/5/2020 4:04:01 AM /TELEPLOC a x:27 Y:76 Map:34
5/5/2020 4:04:02 AM /TELEPLOC a x:29 Y:76 Map:34
5/5/2020 4:04:03 AM /TELEPLOC a x:31 Y:76 Map:34
5/5/2020 4:04:04 AM /TELEPLOC a x:30 Y:76 Map:34
5/5/2020 4:04:04 AM /TELEPLOC a x:29 Y:76 Map:34
5/5/2020 4:04:05 AM /TELEPLOC a x:28 Y:76 Map:34
5/5/2020 4:04:07 AM /TELEPLOC a x:27 Y:76 Map:34
5/5/2020 4:04:08 AM /TELEPLOC a x:26 Y:76 Map:34
5/5/2020 4:06:13 AM /TELEPLOC a x:27 Y:75 Map:34
5/5/2020 4:06:59 AM /TELEPLOC a x:20 Y:67 Map:34
5/5/2020 4:06:59 AM /TELEPLOC a x:20 Y:65 Map:34
5/5/2020 4:07:02 AM /TELEPLOC a x:23 Y:66 Map:34
5/5/2020 4:07:03 AM /TELEPLOC a x:23 Y:67 Map:34
5/5/2020 4:07:41 AM /TELEPLOC a x:24 Y:72 Map:34
5/5/2020 4:07:42 AM /TELEPLOC a x:24 Y:76 Map:34
5/5/2020 4:07:42 AM /TELEPLOC a x:22 Y:78 Map:34
5/5/2020 4:07:49 AM /TELEPLOC a x:22 Y:77 Map:34
