12/3/2020 15:54:04 server iniciado 2.1.10
12/3/2020 15:56:20 server cerrado.
12/3/2020 15:58:30 server iniciado 2.1.10
12/3/2020 18:58:04 server cerrado.
12/3/2020 19:00:13 server iniciado 2.1.10
12/3/2020 19:10:25 server cerrado.
12/3/2020 19:13:23 server iniciado 2.1.10
12/3/2020 19:47:12 server iniciado 2.1.10
12/3/2020 20:52:27 server iniciado 2.1.10
12/3/2020 22:13:41 server cerrado.
12/3/2020 23:58:19 server iniciado 2.1.10
14/3/2020 02:51:05 server cerrado.
14/3/2020 04:02:52 server iniciado 2.1.10
14/3/2020 16:33:41 server iniciado 2.1.10
16/3/2020 00:25:29 server iniciado 2.1.10
16/3/2020 17:43:43 server cerrado.
16/3/2020 17:56:04 server iniciado 2.1.10
16/3/2020 18:03:59 server iniciado 2.1.10
16/3/2020 19:31:46 server iniciado 2.1.10
16/3/2020 19:37:07 server iniciado 2.1.10
16/3/2020 21:18:41 server iniciado 2.1.10
17/3/2020 21:25:57 server cerrado.
17/3/2020 21:27:49 server iniciado 2.1.10
17/3/2020 23:27:50 server iniciado 2.1.10
18/3/2020 00:25:09 server iniciado 2.1.10
18/3/2020 22:30:02 server cerrado.
18/3/2020 22:32:29 server iniciado 2.1.10
18/3/2020 23:47:00 server iniciado 2.1.10
18/3/2020 23:55:14 server iniciado 2.1.10
19/3/2020 04:35:54 server iniciado 2.1.10
19/3/2020 04:43:50 server iniciado 2.1.10
19/3/2020 17:53:44 server cerrado.
19/3/2020 17:56:51 server iniciado 2.1.10
20/3/2020 04:21:42 server cerrado.
20/3/2020 05:10:25 server iniciado 2.1.10
20/3/2020 21:57:22 server cerrado.
20/3/2020 22:03:04 server iniciado 2.1.10
20/3/2020 22:05:50 server cerrado.
20/3/2020 22:08:09 server iniciado 2.1.10
21/3/2020 01:14:49 server cerrado.
21/3/2020 01:17:34 server iniciado 2.1.10
23/3/2020 19:39:00 server cerrado.
23/3/2020 19:41:57 server iniciado 2.1.10
23/3/2020 19:44:13 server cerrado.
23/3/2020 19:49:29 server iniciado 2.1.10
23/3/2020 20:04:00 server cerrado.
23/3/2020 20:07:12 server iniciado 2.1.10
25/3/2020 03:29:51 server cerrado.
25/3/2020 03:32:41 server iniciado 2.1.10
25/3/2020 13:35:39 server cerrado.
25/3/2020 13:42:28 server iniciado 2.1.10
27/3/2020 05:42:36 server cerrado.
27/3/2020 05:45:21 server iniciado 2.1.10
27/3/2020 06:55:33 server cerrado.
27/3/2020 06:58:38 server iniciado 2.1.10
3/4/2020 03:35:59 server iniciado 2.1.10
3/4/2020 03:56:07 server cerrado.
3/4/2020 04:03:19 server iniciado 2.1.10
3/4/2020 04:15:26 server iniciado 2.1.10
6/4/2020 21:16:28 server cerrado.
6/4/2020 21:20:36 server iniciado 2.1.10
8/4/2020 02:23:25 server iniciado 2.1.10
8/4/2020 05:21:48 server cerrado.
8/4/2020 05:24:30 server iniciado 2.1.10
8/4/2020 21:28:31 server cerrado.
8/4/2020 21:30:48 server iniciado 2.1.10
9/4/2020 22:31:52 server cerrado.
9/4/2020 22:45:44 server iniciado 2.1.10
10/4/2020 14:57:48 server cerrado.
10/4/2020 14:59:57 server iniciado 2.1.10
12/4/2020 20:58:51 server cerrado.
12/4/2020 21:02:49 server iniciado 2.1.10
12/4/2020 21:44:00 server cerrado.
12/4/2020 21:48:54 server iniciado 2.1.10
14/4/2020 05:53:25 server cerrado.
4/15/2020 6:02:20 AM server iniciado 2.1.10
4/15/2020 6:08:43 AM server cerrado.
4/15/2020 6:14:59 AM server iniciado 2.1.10
4/15/2020 10:43:13 PM server cerrado.
4/15/2020 10:51:36 PM server iniciado 2.1.10
4/15/2020 11:49:21 PM server iniciado 2.1.10
4/16/2020 7:13:47 AM server cerrado.
4/16/2020 7:15:19 AM server iniciado 2.1.10
4/17/2020 1:18:17 AM server cerrado.
4/17/2020 1:19:51 AM server iniciado 2.1.10
4/17/2020 1:29:50 AM server cerrado.
4/17/2020 1:35:17 AM server iniciado 2.1.10
4/17/2020 1:54:05 AM server cerrado.
4/17/2020 1:55:59 AM server iniciado 2.1.10
4/19/2020 2:50:16 AM server cerrado.
4/19/2020 2:52:00 AM server iniciado 2.1.10
4/20/2020 1:45:22 AM server cerrado.
4/20/2020 1:46:45 AM server iniciado 2.1.10
4/24/2020 9:33:46 PM server cerrado.
4/24/2020 9:36:11 PM server iniciado 2.1.10
4/24/2020 11:13:12 PM server cerrado.
4/24/2020 11:15:21 PM server iniciado 2.1.10
4/24/2020 11:44:46 PM server cerrado.
4/24/2020 11:45:54 PM server iniciado 2.1.10
4/26/2020 3:28:08 AM server cerrado.
4/26/2020 3:32:23 AM server iniciado 2.1.10
5/4/2020 2:03:17 AM server cerrado.
5/4/2020 2:11:32 AM server iniciado 2.1.10
5/4/2020 2:12:25 AM server cerrado.
5/4/2020 2:13:48 AM server iniciado 2.1.10
5/4/2020 2:16:53 AM server cerrado.
5/4/2020 2:19:50 AM server iniciado 2.1.10
5/4/2020 2:21:07 AM server cerrado.
5/4/2020 2:22:34 AM server iniciado 2.1.10
5/4/2020 2:22:58 AM server cerrado.
5/4/2020 2:27:56 AM server iniciado 2.1.10
5/4/2020 2:28:36 AM server cerrado.
5/4/2020 2:30:38 AM server iniciado 2.1.10
5/4/2020 2:31:44 AM server cerrado.
5/4/2020 2:37:10 AM server iniciado 2.1.10
5/4/2020 2:39:15 AM server iniciado 2.1.10
5/4/2020 2:39:33 AM server cerrado.
5/4/2020 2:39:54 AM server cerrado.
5/4/2020 2:41:29 AM server iniciado 2.1.10
5/4/2020 2:42:00 AM server cerrado.
5/4/2020 2:51:14 AM server iniciado 2.1.10
5/4/2020 2:53:57 AM server cerrado.
5/4/2020 2:57:15 AM server iniciado 2.1.10
5/4/2020 6:07:03 AM server cerrado.
5/4/2020 6:12:30 AM server iniciado 2.1.10
5/4/2020 6:13:23 AM server cerrado.
5/4/2020 6:17:32 AM server iniciado 2.1.10
5/4/2020 6:19:07 AM server cerrado.
5/4/2020 6:22:52 AM server iniciado 2.1.10
5/4/2020 6:24:21 AM server cerrado.
5/4/2020 6:26:18 AM server iniciado 2.1.10
5/4/2020 6:28:20 AM server cerrado.
5/4/2020 6:30:13 AM server iniciado 2.1.10
5/4/2020 6:30:40 AM server cerrado.
5/4/2020 6:34:24 AM server iniciado 2.1.10
5/4/2020 6:35:03 AM server cerrado.
5/4/2020 6:36:02 AM server iniciado 2.1.10
5/4/2020 6:36:35 AM server cerrado.
5/4/2020 6:37:46 AM server iniciado 2.1.10
5/4/2020 6:38:13 AM server cerrado.
5/4/2020 6:42:11 AM server iniciado 2.1.10
5/4/2020 6:45:11 AM server iniciado 2.1.10
5/4/2020 6:47:07 AM server cerrado.
5/4/2020 6:47:17 AM server cerrado.
5/4/2020 7:00:12 AM server iniciado 2.1.10
5/4/2020 7:01:27 AM server cerrado.
5/4/2020 7:02:05 AM server iniciado 2.1.10
5/5/2020 2:50:08 AM server cerrado.
5/5/2020 2:51:30 AM server iniciado 2.1.10
5/9/2020 9:26:30 PM server cerrado.
5/9/2020 9:35:21 PM server iniciado 2.1.10
5/12/2020 4:59:12 AM server cerrado.
5/12/2020 5:27:40 AM server iniciado 2.1.10
5/12/2020 7:01:42 AM server cerrado.
5/12/2020 7:03:13 AM server iniciado 2.1.10
5/12/2020 5:05:23 PM server cerrado.
5/12/2020 5:07:14 PM server iniciado 2.1.10
5/12/2020 7:07:55 PM server iniciado 2.1.10
5/12/2020 8:16:36 PM server cerrado.
5/12/2020 8:52:19 PM server iniciado 2.1.10
5/13/2020 1:59:48 PM server iniciado 2.1.10
5/13/2020 3:34:46 PM server iniciado 2.1.10
5/13/2020 6:35:57 PM server iniciado 2.1.10
5/14/2020 12:45:02 AM server cerrado.
5/14/2020 12:47:42 AM server iniciado 2.1.10
5/14/2020 1:34:47 AM server iniciado 2.1.10
5/14/2020 5:26:52 AM server cerrado.
5/14/2020 6:23:10 AM server iniciado 2.1.10
5/15/2020 5:25:49 PM server cerrado.
5/15/2020 5:27:22 PM server iniciado 2.1.10
5/17/2020 4:13:01 AM server iniciado 2.1.10
5/17/2020 7:28:37 PM server iniciado 2.1.10
5/17/2020 9:37:44 PM server cerrado.
5/17/2020 9:44:05 PM server iniciado 2.1.10
5/19/2020 6:51:55 AM server cerrado.
5/19/2020 8:15:09 PM server iniciado 2.1.10
5/20/2020 12:04:54 AM server iniciado 2.1.10
5/20/2020 1:47:07 AM server iniciado 2.1.10
5/20/2020 6:31:31 AM server iniciado 2.1.10
5/21/2020 1:15:32 AM server iniciado 2.1.10
2/6/2020 03:56:30 server iniciado 2.1.10
2/6/2020 04:03:07 server cerrado.
2/6/2020 04:12:01 server iniciado 2.1.10
2/6/2020 04:26:55 server cerrado.
