4/23/2020 8:58:11 PM SS
4/23/2020 8:58:50 PM TI23,2
4/23/2020 8:58:51 PM SS
4/23/2020 8:58:51 PM USA23
4/23/2020 8:58:52 PM USA13
4/23/2020 8:58:52 PM EQUI13,O,0
4/23/2020 8:58:56 PM SS
4/23/2020 8:59:01 PM SS
4/23/2020 8:59:06 PM SS
4/23/2020 8:59:11 PM SS
4/23/2020 8:59:16 PM SS
4/23/2020 8:59:18 PM ª3
4/23/2020 8:59:18 PM =
4/23/2020 8:59:20 PM ª2
4/23/2020 8:59:20 PM ª2
4/23/2020 8:59:20 PM ª2
4/23/2020 8:59:21 PM SS
4/23/2020 8:59:26 PM SS
4/23/2020 8:59:30 PM ª4
4/23/2020 8:59:30 PM M
4/23/2020 8:59:30 PM LC53,44
4/23/2020 8:59:31 PM SS
4/23/2020 8:59:31 PM M
4/23/2020 8:59:32 PM USA11
4/23/2020 8:59:32 PM EQUI11,O,0
4/23/2020 8:59:32 PM USA11
4/23/2020 8:59:32 PM EQUI11,O,0
4/23/2020 8:59:32 PM USA11
4/23/2020 8:59:32 PM EQUI11,O,0
4/23/2020 8:59:34 PM TI6,1
4/23/2020 8:59:36 PM ª2
4/23/2020 8:59:36 PM +
4/23/2020 8:59:36 PM SS
4/23/2020 8:59:36 PM ª3
4/23/2020 8:59:36 PM =
4/23/2020 8:59:39 PM =
4/23/2020 8:59:41 PM SS
4/23/2020 8:59:46 PM SS
4/23/2020 8:59:46 PM ª1
4/23/2020 8:59:47 PM *
4/23/2020 8:59:47 PM *
4/23/2020 8:59:47 PM *
4/23/2020 8:59:48 PM AG
4/23/2020 8:59:48 PM ª2
4/23/2020 8:59:48 PM +
4/23/2020 8:59:48 PM AG
4/23/2020 8:59:48 PM AG
4/23/2020 8:59:49 PM AG
4/23/2020 8:59:51 PM SS
4/23/2020 8:59:56 PM SS
4/23/2020 8:59:57 PM USA13
4/23/2020 8:59:57 PM EQUI13,O,0
4/23/2020 8:59:58 PM USA13
4/23/2020 9:00:01 PM SS
4/23/2020 9:00:02 PM CER842
4/23/2020 9:00:06 PM SS
4/23/2020 9:00:06 PM CER753
4/23/2020 9:00:09 PM CER841
4/23/2020 9:00:11 PM SS
