27/3/2020 21:01:03 CER726
27/3/2020 21:01:05 CER726
27/3/2020 21:01:06 SS
27/3/2020 21:01:07 CER726
27/3/2020 21:01:11 SS
27/3/2020 21:01:12 ª1
27/3/2020 21:01:12 *
27/3/2020 21:01:12 *
27/3/2020 21:01:12 *
27/3/2020 21:01:15 ª3
27/3/2020 21:01:15 =
27/3/2020 21:01:15 =
27/3/2020 21:01:15 =
27/3/2020 21:01:15 =
27/3/2020 21:01:16 SS
27/3/2020 21:01:19 ª1
27/3/2020 21:01:19 *
27/3/2020 21:01:21 ª2
27/3/2020 21:01:21 +
27/3/2020 21:01:21 ª1
27/3/2020 21:01:21 *
27/3/2020 21:01:21 SS
27/3/2020 21:01:22 ª3
27/3/2020 21:01:22 =
27/3/2020 21:01:26 TI2,1000
27/3/2020 21:01:26 SS
27/3/2020 21:01:28 ª1
27/3/2020 21:01:28 *
27/3/2020 21:01:29 ª4
27/3/2020 21:01:29 M
27/3/2020 21:01:29 LC19,57
27/3/2020 21:01:29 LC20,56
27/3/2020 21:01:29 LC20,56
27/3/2020 21:01:29 LC21,56
27/3/2020 21:01:29 LC21,56
27/3/2020 21:01:29 ª2
27/3/2020 21:01:30 +
27/3/2020 21:01:30 +
27/3/2020 21:01:30 +
27/3/2020 21:01:30 +
27/3/2020 21:01:30 ª3
27/3/2020 21:01:30 =
27/3/2020 21:01:31 AG
27/3/2020 21:01:31 AG
27/3/2020 21:01:31 ª4
27/3/2020 21:01:31 M
27/3/2020 21:01:31 M
27/3/2020 21:01:31 SS
27/3/2020 21:01:31 ª1
27/3/2020 21:01:31 *
27/3/2020 21:01:32 ª4
27/3/2020 21:01:32 M
27/3/2020 21:01:32 M
27/3/2020 21:01:32 M
27/3/2020 21:01:36 TI11,1
27/3/2020 21:01:36 SS
27/3/2020 21:01:36 ª1
27/3/2020 21:01:36 ª1
27/3/2020 21:01:36 ª1
27/3/2020 21:01:37 ª1
27/3/2020 21:01:37 ª4
27/3/2020 21:01:37 M
27/3/2020 21:01:37 LC16,57
27/3/2020 21:01:37 LC16,57
27/3/2020 21:01:37 ª3
27/3/2020 21:01:37 =
27/3/2020 21:01:38 LC16,58
27/3/2020 21:01:38 ª1
27/3/2020 21:01:38 *
27/3/2020 21:01:38 ª2
27/3/2020 21:01:38 +
27/3/2020 21:01:38 +
27/3/2020 21:01:39 +
27/3/2020 21:01:40 LC21,58
27/3/2020 21:01:41 SS
27/3/2020 21:01:42 FINCOM
27/3/2020 21:01:43 USA5
27/3/2020 21:01:46 SS
27/3/2020 21:01:47 CER726
27/3/2020 21:01:48 CER726
27/3/2020 21:01:50 CER726
27/3/2020 21:01:52 SS
27/3/2020 21:01:52 CER726
27/3/2020 21:01:54 CER726
27/3/2020 21:01:56 CER726
27/3/2020 21:01:56 SS
27/3/2020 21:01:59 CER726
27/3/2020 21:02:00 CER726
27/3/2020 21:02:01 SS
27/3/2020 21:02:02 CER726
27/3/2020 21:02:04 CER726
27/3/2020 21:02:06 CER726
27/3/2020 21:02:06 SS
27/3/2020 21:02:08 CER726
27/3/2020 21:02:11 CER726
27/3/2020 21:02:11 SS
27/3/2020 21:02:12 CER726
27/3/2020 21:02:15 CER726
27/3/2020 21:02:16 SS
27/3/2020 21:02:17 CER726
27/3/2020 21:02:19 CER726
27/3/2020 21:02:21 CER726
27/3/2020 21:02:21 SS
27/3/2020 21:02:23 CER726
27/3/2020 21:02:25 CER726
27/3/2020 21:02:26 CER726
27/3/2020 21:02:27 SS
27/3/2020 21:02:29 CER726
27/3/2020 21:02:31 ª4
27/3/2020 21:02:31 M
27/3/2020 21:02:31 M
27/3/2020 21:02:32 SS
27/3/2020 21:02:32 M
27/3/2020 21:02:32 ª3
27/3/2020 21:02:32 =
27/3/2020 21:02:32 =
27/3/2020 21:02:36 TI11,22
27/3/2020 21:02:36 ª1
27/3/2020 21:02:36 *
27/3/2020 21:02:37 SS
27/3/2020 21:02:37 *
27/3/2020 21:02:39 LC18,62
27/3/2020 21:02:39 ª4
27/3/2020 21:02:39 ª4
27/3/2020 21:02:39 ª4
27/3/2020 21:02:41 ª3
27/3/2020 21:02:41 ª3
27/3/2020 21:02:42 SS
27/3/2020 21:02:42 ª2
27/3/2020 21:02:42 +
27/3/2020 21:02:42 +
27/3/2020 21:02:46 ª1
27/3/2020 21:02:46 *
27/3/2020 21:02:47 SS
27/3/2020 21:02:47 /p lo mejor wn
27/3/2020 21:02:48 ª3
27/3/2020 21:02:48 =
27/3/2020 21:02:48 ª4
27/3/2020 21:02:49 M
27/3/2020 21:02:50 ATRI
27/3/2020 21:02:50 FAMA
27/3/2020 21:02:50 ESTA
27/3/2020 21:02:52 SS
27/3/2020 21:02:57 SS
