5/4/2020 08:06:25 SS
5/4/2020 08:06:27 LC43,32
5/4/2020 08:06:28 ª4
5/4/2020 08:06:28 M
5/4/2020 08:06:28 M
5/4/2020 08:06:30 SS
5/4/2020 08:06:30 TI20,1
5/4/2020 08:06:31 M
5/4/2020 08:06:33 TI21,1
5/4/2020 08:06:34 M
5/4/2020 08:06:35 SS
5/4/2020 08:06:36 TI23,1
5/4/2020 08:06:36 ª3
5/4/2020 08:06:36 =
5/4/2020 08:06:40 SS
5/4/2020 08:06:40 TI24,1
5/4/2020 08:06:40 ª2
5/4/2020 08:06:40 +
5/4/2020 08:06:44 TI25,1
5/4/2020 08:06:44 ª4
5/4/2020 08:06:44 M
5/4/2020 08:06:45 SS
5/4/2020 08:06:46 M
5/4/2020 08:06:47 TI22,1
5/4/2020 08:06:48 ª2
5/4/2020 08:06:48 +
5/4/2020 08:06:48 +
5/4/2020 08:06:49 +
5/4/2020 08:06:50 ª3
5/4/2020 08:06:50 =
5/4/2020 08:06:50 SS
5/4/2020 08:06:51 TI15,1
5/4/2020 08:06:51 ª2
5/4/2020 08:06:51 +
5/4/2020 08:06:55 SS
5/4/2020 08:06:56 TI10,1
5/4/2020 08:06:57 EQUI9,O,0
5/4/2020 08:06:58 +
5/4/2020 08:06:59 TI9,1
5/4/2020 08:07:00 SS
5/4/2020 08:07:00 ª4
5/4/2020 08:07:00 M
5/4/2020 08:07:01 ª1
5/4/2020 08:07:01 *
5/4/2020 08:07:02 LC41,30
5/4/2020 08:07:03 FINCOM
5/4/2020 08:07:04 USA5
5/4/2020 08:07:05 SS
5/4/2020 08:07:05 WLC43,30,16
5/4/2020 08:07:06 *
5/4/2020 08:07:06 ª4
5/4/2020 08:07:07 M
5/4/2020 08:07:07 ª1
5/4/2020 08:07:07 ª1
5/4/2020 08:07:07 ª1
5/4/2020 08:07:07 ª1
5/4/2020 08:07:07 ª1
5/4/2020 08:07:08 USA5
5/4/2020 08:07:08 WLC43,29,16
5/4/2020 08:07:10 SS
5/4/2020 08:07:11 TI8,1
5/4/2020 08:07:12 ª2
5/4/2020 08:07:12 +
5/4/2020 08:07:13 USA5
5/4/2020 08:07:14 WLC43,29,16
5/4/2020 08:07:15 SS
5/4/2020 08:07:16 USA5
5/4/2020 08:07:16 WLC43,30,16
5/4/2020 08:07:20 SS
5/4/2020 08:09:59 TI24,1
5/4/2020 08:10:00 SS
5/4/2020 08:10:04 TI22,1
5/4/2020 08:10:05 SS
5/4/2020 08:10:08 TI21,1
5/4/2020 08:10:10 SS
5/4/2020 08:10:12 TI23,1
5/4/2020 08:10:15 TI25,1
5/4/2020 08:10:15 SS
5/4/2020 08:10:15 LC46,31
5/4/2020 08:10:20 SS
5/4/2020 08:10:20 TI20,1
5/4/2020 08:10:23 TI15,1
5/4/2020 08:10:25 SS
5/4/2020 08:10:28 TI14,1
5/4/2020 08:10:30 SS
5/4/2020 08:10:32 TI13,1
5/4/2020 08:10:33 LC41,30
5/4/2020 08:10:34 FINCOM
5/4/2020 08:10:35 SS
5/4/2020 08:10:36 USA5
5/4/2020 08:10:37 WLC43,30,16
5/4/2020 08:10:40 SS
5/4/2020 08:10:45 SS
5/4/2020 08:10:46 ª3
5/4/2020 08:10:46 =
5/4/2020 08:10:47 CNS1232
5/4/2020 08:10:50 SS
5/4/2020 08:10:50 ª1
5/4/2020 08:10:50 *
5/4/2020 08:10:51 EQUI13,O,0
5/4/2020 08:10:53 ª4
5/4/2020 08:10:53 M
5/4/2020 08:10:53 ª3
5/4/2020 08:10:54 =
5/4/2020 08:10:54 LC41,30
5/4/2020 08:10:55 SS
5/4/2020 08:10:55 FINCOM
5/4/2020 08:10:56 ª4
5/4/2020 08:10:56 M
5/4/2020 08:10:57 ª1
5/4/2020 08:10:57 *
5/4/2020 08:10:57 USA5
5/4/2020 08:10:57 ª2
5/4/2020 08:10:57 +
5/4/2020 08:10:58 WLC43,30,16
5/4/2020 08:10:59 USA5
5/4/2020 08:10:59 WLC43,29,16
5/4/2020 08:11:00 SS
5/4/2020 08:11:01 USA5
5/4/2020 08:11:02 WLC43,30,16
5/4/2020 08:11:03 USA5
5/4/2020 08:11:04 WLC43,30,16
5/4/2020 08:11:05 SS
5/4/2020 08:11:07 USA5
5/4/2020 08:11:08 WLC43,29,16
5/4/2020 08:11:09 +
5/4/2020 08:11:10 ª1
5/4/2020 08:11:10 ª1
5/4/2020 08:11:10 ª1
5/4/2020 08:11:10 ª1
5/4/2020 08:11:10 SS
5/4/2020 08:11:11 USA5
5/4/2020 08:11:11 WLC43,29,16
5/4/2020 08:11:12 USA5
5/4/2020 08:11:12 WLC43,30,16
5/4/2020 08:11:15 SS
5/4/2020 08:11:20 SS
