31/3/2020 19:27:19 CNS1056
31/3/2020 19:27:22 SS
31/3/2020 19:27:25 TI8,1
31/3/2020 19:27:25 LC47,31
31/3/2020 19:27:25 ª4
31/3/2020 19:27:26 M
31/3/2020 19:27:26 AG
31/3/2020 19:27:26 AG
31/3/2020 19:27:26 ª2
31/3/2020 19:27:26 +
31/3/2020 19:27:26 +
31/3/2020 19:27:27 AG
31/3/2020 19:27:27 AG
31/3/2020 19:27:27 AG
31/3/2020 19:27:27 SS
31/3/2020 19:27:28 ª4
31/3/2020 19:27:28 M
31/3/2020 19:27:29 USA5
31/3/2020 19:27:29 USA5
31/3/2020 19:27:30 WLC43,30,16
31/3/2020 19:27:34 SS
31/3/2020 19:27:34 CNS1056
31/3/2020 19:27:35 CNS1056
3/4/2020 15:24:43 SS
3/4/2020 15:24:44 WLC41,33,16
3/4/2020 15:24:45 LC41,33
3/4/2020 15:24:45 ª4
3/4/2020 15:24:46 M
3/4/2020 15:24:46 TI22,1
3/4/2020 15:24:47 LC45,32
3/4/2020 15:24:48 TI24,1
3/4/2020 15:24:49 LC45,31
3/4/2020 15:24:49 SS
3/4/2020 15:24:50 LC45,32
3/4/2020 15:24:51 TI23,1
3/4/2020 15:24:52 LC45,31
3/4/2020 15:24:52 LC45,31
3/4/2020 15:24:52 LC46,32
3/4/2020 15:24:54 SS
3/4/2020 15:24:54 LC45,31
3/4/2020 15:24:54 LC45,31
3/4/2020 15:24:56 LC45,31
3/4/2020 15:24:58 SS
3/4/2020 15:25:03 SS
3/4/2020 15:25:09 SS
3/4/2020 15:25:09 TI21,1
3/4/2020 15:25:09 LC45,31
3/4/2020 15:25:11 LC45,31
