Línea 80: la clase RichTextLib.RichTextBox del control RecTxt2 no era una clase de control cargada.
Línea 244: la clase RichTextLib.RichTextBox del control RecTxt3 no era una clase de control cargada.
Línea 273: la clase RichTextLib.RichTextBox del control RecTxt no era una clase de control cargada.
Línea 352: la clase RichTextLib.RichTextBox del control RecTxt4 no era una clase de control cargada.
Línea 89: el nombre de la propiedad _ExtentX de RecTxt2 no es válido.
Línea 90: el nombre de la propiedad _ExtentY de RecTxt2 no es válido.
Línea 91: el nombre de la propiedad _Version de RecTxt2 no es válido.
Línea 95: el nombre de la propiedad ReadOnly de RecTxt2 no es válido.
Línea 96: el nombre de la propiedad ScrollBars de RecTxt2 no es válido.
Línea 98: el nombre de la propiedad TextRTF de RecTxt2 no es válido.
Línea 253: el nombre de la propiedad _ExtentX de RecTxt3 no es válido.
Línea 254: el nombre de la propiedad _ExtentY de RecTxt3 no es válido.
Línea 255: el nombre de la propiedad _Version de RecTxt3 no es válido.
Línea 259: el nombre de la propiedad ReadOnly de RecTxt3 no es válido.
Línea 260: el nombre de la propiedad ScrollBars de RecTxt3 no es válido.
Línea 262: el nombre de la propiedad TextRTF de RecTxt3 no es válido.
Línea 281: el nombre de la propiedad _ExtentX de RecTxt no es válido.
Línea 282: el nombre de la propiedad _ExtentY de RecTxt no es válido.
Línea 283: el nombre de la propiedad _Version de RecTxt no es válido.
Línea 287: el nombre de la propiedad ReadOnly de RecTxt no es válido.
Línea 288: el nombre de la propiedad ScrollBars de RecTxt no es válido.
Línea 290: el nombre de la propiedad TextRTF de RecTxt no es válido.
Línea 361: el nombre de la propiedad _ExtentX de RecTxt4 no es válido.
Línea 362: el nombre de la propiedad _ExtentY de RecTxt4 no es válido.
Línea 363: el nombre de la propiedad _Version de RecTxt4 no es válido.
Línea 367: el nombre de la propiedad ReadOnly de RecTxt4 no es válido.
Línea 368: el nombre de la propiedad ScrollBars de RecTxt4 no es válido.
Línea 370: el nombre de la propiedad TextRTF de RecTxt4 no es válido.
