--------------------------------------------
Usuario:Lilith  Fecha:27/3/2020    Hora:16:17:53
BUG:
algun gm que vwenga
--------------------------------------------
Usuario:Lilith  Fecha:27/3/2020    Hora:18:37:36
BUG:
algun gm on
--------------------------------------------
Usuario:WhiteBros  Fecha:27/3/2020    Hora:22:51:28
BUG:
hablar con  EL  joker xquidez
--------------------------------------------
Usuario:WhiteBros  Fecha:30/3/2020    Hora:20:54:58
BUG:
estan llenaando nix de oro
--------------------------------------------
Usuario:WhiteBros  Fecha:30/3/2020    Hora:21:09:17
BUG:
chitero ese equi
--------------------------------------------
Usuario:WhiteBros  Fecha:30/3/2020    Hora:21:14:32
BUG:
esta usadno wpep ro
--------------------------------------------
Usuario:Lilith  Fecha:31/3/2020    Hora:00:23:41
BUG:
se me tildo el pj en carcel
--------------------------------------------
Usuario:Lilith  Fecha:31/3/2020    Hora:00:23:44
BUG:
algun gm,
--------------------------------------------
Usuario:WhiteBros  Fecha:31/3/2020    Hora:19:30:16
BUG:
revisda el equqi
--------------------------------------------
Usuario:WhiteBros  Fecha:31/3/2020    Hora:19:33:55
BUG:
revisen al el equi
--------------------------------------------
Usuario:WhiteBros  Fecha:1/4/2020    Hora:00:14:46
BUG:
dale loco como chitea el eequi debe tener wpepr pro
--------------------------------------------
Usuario:WhiteBros  Fecha:1/4/2020    Hora:00:14:57
BUG:
media pila con es eqyi
--------------------------------------------
Usuario:Lilith  Fecha:1/4/2020    Hora:20:08:28
BUG:
savitar usa algo lñocoo
--------------------------------------------
Usuario:WhiteBros  Fecha:7/4/2020    Hora:22:28:45
BUG:
dfonde esta el caba?
--------------------------------------------
Usuario:Kimmy  Fecha:8/4/2020    Hora:04:17:37
BUG:
ayuda
--------------------------------------------
Usuario:Savitar  Fecha:8/4/2020    Hora:05:08:27
BUG:
joker?
--------------------------------------------
Usuario:WhiteBros  Fecha:9/4/2020    Hora:14:49:59
BUG:
NO SUMAN APORTADOS
--------------------------------------------
Usuario:LiZa  Fecha:10/4/2020    Hora:19:41:29
BUG:
explinter veni!
--------------------------------------------
Usuario:LiZa  Fecha:11/4/2020    Hora:03:03:46
BUG:
ALGU GM
--------------------------------------------
Usuario:LiZa  Fecha:12/4/2020    Hora:15:14:23
BUG:
alkgun gm que venga
--------------------------------------------
Usuario:LiZa  Fecha:12/4/2020    Hora:16:24:32
BUG:
algun gm
--------------------------------------------
Usuario:LiZa  Fecha:12/4/2020    Hora:16:31:57
BUG:
llevame gm
--------------------------------------------
Usuario:LiZa  Fecha:12/4/2020    Hora:17:19:26
BUG:
PORQEU NO ME SUMA LSO APORTADOS EN CSTILOS
--------------------------------------------
Usuario:LiZa  Fecha:12/4/2020    Hora:22:47:20
BUG:
el eqi usa cheat loco
--------------------------------------------
Usuario:LiZa  Fecha:4/15/2020    Hora:3:14:34 PM
BUG:
anda medio lag..
--------------------------------------------
Usuario:LiZa  Fecha:4/15/2020    Hora:5:35:23 PM
BUG:
kidd keo usa algo revisa
--------------------------------------------
Usuario:LiZa  Fecha:4/15/2020    Hora:7:50:04 PM
BUG:
andaba mejor el tor
--------------------------------------------
Usuario:LiZa  Fecha:4/15/2020    Hora:8:09:29 PM
BUG:
que lke metan ficha viste como son los user van a dejar de jugar y no da..esta apleno
--------------------------------------------
Usuario:LiZa  Fecha:4/16/2020    Hora:7:12:28 PM
BUG:
hagan torneo 1vs1
--------------------------------------------
Usuario:La Fumona  Fecha:4/21/2020    Hora:3:58:43 PM
BUG:
algo usa ese ruby
--------------------------------------------
Usuario:LiZa  Fecha:4/22/2020    Hora:6:48:49 PM
BUG:
algum gm
--------------------------------------------
Usuario:LiZa  Fecha:4/22/2020    Hora:8:35:42 PM
BUG:
nico llevame
--------------------------------------------
Usuario:LiZa  Fecha:4/23/2020    Hora:1:01:16 PM
BUG:
dashita ve invi
--------------------------------------------
Usuario:Borussia  Fecha:4/24/2020    Hora:12:41:40 AM
BUG:
capo me podes sunmonear mefisto..
--------------------------------------------
Usuario:Borussia  Fecha:4/24/2020    Hora:12:43:35 AM
BUG:
mefisto me podes sunmonear capo
--------------------------------------------
Usuario:Borussia  Fecha:4/24/2020    Hora:12:53:31 AM
BUG:
dale mefisto atende
--------------------------------------------
Usuario:Borussia  Fecha:4/24/2020    Hora:12:56:15 AM
BUG:
dale capo atende consulta 
--------------------------------------------
Usuario:Borussia  Fecha:4/24/2020    Hora:12:56:47 AM
BUG:
DALE MEFISTO QE PASA
--------------------------------------------
Usuario:Borussia  Fecha:4/24/2020    Hora:1:33:51 AM
BUG:
ATENDEME GM
--------------------------------------------
Usuario:Borussia  Fecha:4/24/2020    Hora:3:01:07 AM
BUG:
JOKER ME ATENDES CONSULTA
--------------------------------------------
Usuario:Borussia  Fecha:4/24/2020    Hora:3:03:10 AM
BUG:
JOKER ME ATENDES CONSULTA
--------------------------------------------
Usuario:LiZa  Fecha:4/24/2020    Hora:2:09:26 PM
BUG:
enforce ve invi
--------------------------------------------
Usuario:LiZa  Fecha:4/24/2020    Hora:2:11:30 PM
BUG:

--------------------------------------------
Usuario:TinkeR  Fecha:4/24/2020    Hora:2:16:49 PM
BUG:
enforce cno programa
--------------------------------------------
Usuario:LiZa  Fecha:4/24/2020    Hora:2:18:17 PM
BUG:
EN OESTEUSAN CHEAT
--------------------------------------------
Usuario:LiZa  Fecha:4/24/2020    Hora:3:47:28 PM
BUG:
expliter estas
--------------------------------------------
Usuario:LiZa  Fecha:4/24/2020    Hora:7:29:03 PM
BUG:
JAMES VEINVII
--------------------------------------------
Usuario:LiZa  Fecha:4/24/2020    Hora:7:36:26 PM
BUG:
NO SE ESTAN DANDO CUENTA QEU 2 PERSOANS EN CASTILLO ESTAN MATTANDO A TODOS STAILER Y JAMES CON CHEAT!!!!!BAN YA HACEDIASS
--------------------------------------------
Usuario:LiZa  Fecha:4/24/2020    Hora:7:36:27 PM
BUG:
NO SE ESTAN DANDO CUENTA QEU 2 PERSOANS EN CASTILLO ESTAN MATTANDO A TODOS STAILER Y JAMES CON CHEAT!!!!!BAN YA HACEDIASS
--------------------------------------------
Usuario:LiZa  Fecha:4/24/2020    Hora:7:36:28 PM
BUG:
NO SE ESTAN DANDO CUENTA QEU 2 PERSOANS EN CASTILLO ESTAN MATTANDO A TODOS STAILER Y JAMES CON CHEAT!!!!!BAN YA HACEDIASS
--------------------------------------------
Usuario:LiZa  Fecha:4/24/2020    Hora:7:36:30 PM
BUG:
NO SE ESTAN DANDO CUENTA QEU 2 PERSOANS EN CASTILLO ESTAN MATTANDO A TODOS STAILER Y JAMES CON CHEAT!!!!!BAN YA HACEDIASS
--------------------------------------------
Usuario:LiZa  Fecha:4/24/2020    Hora:7:36:31 PM
BUG:
NO SE ESTAN DANDO CUENTA QEU 2 PERSOANS EN CASTILLO ESTAN MATTANDO A TODOS STAILER Y JAMES CON CHEAT!!!!!BAN YA HACEDIASS
--------------------------------------------
Usuario:LiZa  Fecha:4/24/2020    Hora:7:36:32 PM
BUG:
NO SE ESTAN DANDO CUENTA QEU 2 PERSOANS EN CASTILLO ESTAN MATTANDO A TODOS STAILER Y JAMES CON CHEAT!!!!!BAN YA HACEDIASS
--------------------------------------------
Usuario:LiZa  Fecha:4/24/2020    Hora:7:36:39 PM
BUG:
NO SE ESTAN DANDO CUENTA QEU 2 PERSOANS EN CASTILLO ESTAN MATTANDO A TODOS STAILER Y JAMES CON CHEAT!!!!!BAN YA HACEDIASS
--------------------------------------------
Usuario:LiZa  Fecha:4/26/2020    Hora:7:41:56 PM
BUG:
mira como pega ruseell
--------------------------------------------
Usuario:LiZa  Fecha:4/26/2020    Hora:10:13:11 PM
BUG:
me converti en algo
--------------------------------------------
Usuario:LiZa  Fecha:4/26/2020    Hora:10:24:23 PM
BUG:
buscame pareja
--------------------------------------------
Usuario:LiZa  Fecha:4/26/2020    Hora:11:56:02 PM
BUG:
re chitero ese
--------------------------------------------
Usuario:LiZa  Fecha:4/26/2020    Hora:11:57:58 PM
BUG:
1VS1
--------------------------------------------
Usuario:LiZa  Fecha:4/27/2020    Hora:11:40:16 AM
BUG:
algun gm
--------------------------------------------
Usuario:LiZa  Fecha:4/27/2020    Hora:5:26:38 PM
BUG:
areglen el invi es horrible jguar asi en casti
--------------------------------------------
Usuario:LiZa  Fecha:4/27/2020    Hora:5:56:10 PM
BUG:
aceme metrabajo
--------------------------------------------
Usuario:LiZa  Fecha:4/27/2020    Hora:5:56:14 PM
BUG:
veni nome dejsa salir
--------------------------------------------
Usuario:LiZa  Fecha:4/28/2020    Hora:7:39:47 PM
BUG:
algun gm
--------------------------------------------
Usuario:LiZa  Fecha:4/29/2020    Hora:1:48:06 PM
BUG:
nico estaS?
--------------------------------------------
Usuario:LiZa  Fecha:4/29/2020    Hora:6:35:27 PM
BUG:
algun gm
--------------------------------------------
Usuario:LiZa  Fecha:4/29/2020    Hora:6:40:41 PM
BUG:
nico estas?
--------------------------------------------
Usuario:LiZa  Fecha:5/1/2020    Hora:12:00:25 PM
BUG:
algum gm
--------------------------------------------
Usuario:LiZa  Fecha:5/1/2020    Hora:12:02:34 PM
BUG:
gm}
--------------------------------------------
Usuario:TinkeR  Fecha:5/1/2020    Hora:12:12:08 PM
BUG:
MEL LEVA GM
--------------------------------------------
Usuario:LiZa  Fecha:5/1/2020    Hora:12:12:20 PM
BUG:
gm veni
--------------------------------------------
Usuario:LiZa  Fecha:5/1/2020    Hora:12:12:23 PM
BUG:
algun gm veni
--------------------------------------------
Usuario:LiZa  Fecha:5/1/2020    Hora:12:12:37 PM
BUG:
algun gmque venga
--------------------------------------------
Usuario:LiZa  Fecha:5/1/2020    Hora:12:15:09 PM
BUG:
ALGUN GM
--------------------------------------------
Usuario:TinkeR  Fecha:5/1/2020    Hora:2:02:06 PM
BUG:
pone el minotauro qe no puedo liberar de ayer
--------------------------------------------
Usuario:TinkeR  Fecha:5/1/2020    Hora:11:19:48 PM
BUG:
me llevas
--------------------------------------------
Usuario:LiZa  Fecha:5/2/2020    Hora:9:38:28 PM
BUG:
dime donde esta el minotauro xd
--------------------------------------------
Usuario:LiZa  Fecha:5/3/2020    Hora:11:33:24 AM
BUG:
hinef ve invi
--------------------------------------------
Usuario:LiZa  Fecha:5/3/2020    Hora:11:33:27 AM
BUG:
hinef 
--------------------------------------------
Usuario:LiZa  Fecha:5/3/2020    Hora:11:33:34 AM
BUG:
hinef ve bien 
--------------------------------------------
Usuario:LiZa  Fecha:5/3/2020    Hora:8:36:31 PM
BUG:
algun gm
--------------------------------------------
Usuario:LiZa  Fecha:5/5/2020    Hora:5:57:31 PM
BUG:
detroit ve invi
--------------------------------------------
Usuario:StarWars  Fecha:5/5/2020    Hora:6:02:36 PM
BUG:
jokeer quien hablar con vos
--------------------------------------------
Usuario:StarWars  Fecha:5/5/2020    Hora:6:07:20 PM
BUG:
joker
--------------------------------------------
Usuario:StarWars  Fecha:5/5/2020    Hora:6:07:25 PM
BUG:
jaker
--------------------------------------------
Usuario:LiZa  Fecha:5/6/2020    Hora:5:04:47 AM
BUG:
pitagoras ve invi
--------------------------------------------
Usuario:LiZa  Fecha:5/6/2020    Hora:2:40:54 PM
BUG:
MIREN COMO CHITEAN
--------------------------------------------
Usuario:LiZa  Fecha:5/6/2020    Hora:2:49:23 PM
BUG:
ESTAS NICO
--------------------------------------------
Usuario:LiZa  Fecha:5/6/2020    Hora:2:54:26 PM
BUG:
nico.
--------------------------------------------
Usuario:LiZa  Fecha:5/6/2020    Hora:4:43:25 PM
BUG:
ya mande
--------------------------------------------
Usuario:LiZa  Fecha:5/6/2020    Hora:6:43:28 PM
BUG:
torneo
--------------------------------------------
Usuario:LiZa  Fecha:5/6/2020    Hora:6:58:21 PM
BUG:
NICOOOOOOOOOOOOOOOOOOO ESTAs?¡
--------------------------------------------
Usuario:LiZa  Fecha:5/6/2020    Hora:7:04:31 PM
BUG:
nico veni
--------------------------------------------
Usuario:LiZa  Fecha:5/6/2020    Hora:7:35:08 PM
BUG:
lupula miras como me mato
--------------------------------------------
Usuario:LiZa  Fecha:5/6/2020    Hora:7:57:01 PM
BUG:
VENI NICO
--------------------------------------------
Usuario:LiZa  Fecha:5/7/2020    Hora:2:24:09 AM
BUG:
luplo bigila
--------------------------------------------
Usuario:LiZa  Fecha:5/7/2020    Hora:2:24:41 AM
BUG:
troy... bigiila
--------------------------------------------
Usuario:LiZa  Fecha:5/7/2020    Hora:8:22:53 PM
BUG:
deos vist como me mato lupula tien el poder y esta re chitiaindo
--------------------------------------------
Usuario:LiZa  Fecha:5/8/2020    Hora:1:31:44 AM
BUG:
atenea ve invi
--------------------------------------------
Usuario:StarWars  Fecha:5/8/2020    Hora:1:43:15 AM
BUG:
algun gm
--------------------------------------------
Usuario:StarWars  Fecha:5/8/2020    Hora:1:43:18 AM
BUG:
algun gm
--------------------------------------------
Usuario:StarWars  Fecha:5/8/2020    Hora:1:43:36 AM
BUG:
algun gm/bug algun gm
--------------------------------------------
Usuario:StarWars  Fecha:5/8/2020    Hora:1:43:36 AM
BUG:
algun gm
--------------------------------------------
Usuario:StarWars  Fecha:5/8/2020    Hora:1:43:36 AM
BUG:
algun gm
--------------------------------------------
Usuario:StarWars  Fecha:5/8/2020    Hora:1:43:37 AM
BUG:
algun gm
--------------------------------------------
Usuario:StarWars  Fecha:5/8/2020    Hora:1:43:37 AM
BUG:
algun gm
--------------------------------------------
Usuario:StarWars  Fecha:5/8/2020    Hora:1:43:38 AM
BUG:
algun gm
--------------------------------------------
Usuario:StarWars  Fecha:5/8/2020    Hora:1:43:38 AM
BUG:
algun gm
--------------------------------------------
Usuario:StarWars  Fecha:5/8/2020    Hora:1:43:38 AM
BUG:
algun gm
--------------------------------------------
Usuario:StarWars  Fecha:5/8/2020    Hora:1:43:39 AM
BUG:
algun gm
--------------------------------------------
Usuario:StarWars  Fecha:5/8/2020    Hora:1:43:39 AM
BUG:
algun gm
--------------------------------------------
Usuario:StarWars  Fecha:5/8/2020    Hora:1:43:39 AM
BUG:
algun gm
--------------------------------------------
Usuario:StarWars  Fecha:5/8/2020    Hora:1:43:40 AM
BUG:
algun gm
--------------------------------------------
Usuario:StarWars  Fecha:5/8/2020    Hora:1:43:40 AM
BUG:
algun gm
--------------------------------------------
Usuario:StarWars  Fecha:5/8/2020    Hora:1:43:41 AM
BUG:
algun gm
--------------------------------------------
Usuario:StarWars  Fecha:5/8/2020    Hora:1:43:41 AM
BUG:
algun gm
--------------------------------------------
Usuario:StarWars  Fecha:5/8/2020    Hora:1:43:41 AM
BUG:
algun gm
--------------------------------------------
Usuario:StarWars  Fecha:5/8/2020    Hora:1:43:42 AM
BUG:
algun gm
--------------------------------------------
Usuario:StarWars  Fecha:5/8/2020    Hora:1:43:42 AM
BUG:
algun gm
--------------------------------------------
Usuario:Liza  Fecha:5/13/2020    Hora:8:29:36 PM
BUG:
algum gm,
